<?xml version="1.0" encoding="UTF-8"?>
<testsuite name="Driver_lab3bTest" tests="10" skipped="0" failures="0" errors="0" timestamp="2021-03-19T17:21:47" hostname="Alexs-Mac-mini" time="0.181">
  <properties/>
  <testcase name="test10()" classname="Driver_lab3bTest" time="0.008"/>
  <testcase name="test1()" classname="Driver_lab3bTest" time="0.0"/>
  <testcase name="test2()" classname="Driver_lab3bTest" time="0.041"/>
  <testcase name="test3()" classname="Driver_lab3bTest" time="0.12"/>
  <testcase name="test4()" classname="Driver_lab3bTest" time="0.002"/>
  <testcase name="test5()" classname="Driver_lab3bTest" time="0.001"/>
  <testcase name="test6()" classname="Driver_lab3bTest" time="0.001"/>
  <testcase name="test7()" classname="Driver_lab3bTest" time="0.001"/>
  <testcase name="test8()" classname="Driver_lab3bTest" time="0.001"/>
  <testcase name="test9()" classname="Driver_lab3bTest" time="0.001"/>
  <system-out><![CDATA[6E 26 59 36 
62 73 5E 64 
55 63 23 30 
4F 3E 25 43 
[[6E, 26, 59, 36], [62, 73, 5E, 64], [55, 63, 23, 30], [4F, 3E, 25, 43]]
nbUO&sc>Y^#%6d0C
Answer from Hex Matrix: 
[[6E, 26, 59, 36], [62, 73, 5E, 64], [55, 63, 23, 30], [4F, 3E, 25, 43]]

69 30 65 7B 
35 51 74 46 
26 70 7C 51 
7D 5B 51 2A 
[[69, 30, 65, 7B], [35, 51, 74, 46], [26, 70, 7C, 51], [7D, 5B, 51, 2A]]
i5&}0Qp[et|Q{FQ*
Answer from Hex Matrix: 
[[69, 30, 65, 7B], [35, 51, 74, 46], [26, 70, 7C, 51], [7D, 5B, 51, 2A]]

2D 77 6A 25 
6F 3E 22 38 
3F 58 32 39 
27 26 5E 6C 
[[2D, 77, 6A, 25], [6F, 3E, 22, 38], [3F, 58, 32, 39], [27, 26, 5E, 6C]]
-o?'w>X&j"2^%89l
Answer from Hex Matrix: 
[[2D, 77, 6A, 25], [6F, 3E, 22, 38], [3F, 58, 32, 39], [27, 26, 5E, 6C]]

74 79 2D 7B 
51 41 43 5D 
7D 55 3C 2D 
50 2C 67 24 
[[74, 79, 2D, 7B], [51, 41, 43, 5D], [7D, 55, 3C, 2D], [50, 2C, 67, 24]]
tQ}PyAU,-C<g{]-$
Answer from Hex Matrix: 
[[74, 79, 2D, 7B], [51, 41, 43, 5D], [7D, 55, 3C, 2D], [50, 2C, 67, 24]]

65 39 49 59 
55 30 5C 7B 
56 35 4B 53 
76 24 38 29 
[[65, 39, 49, 59], [55, 30, 5C, 7B], [56, 35, 4B, 53], [76, 24, 38, 29]]
eUVv905$I\K8Y{S)
Answer from Hex Matrix: 
[[65, 39, 49, 59], [55, 30, 5C, 7B], [56, 35, 4B, 53], [76, 24, 38, 29]]

72 22 70 4C 
3F 45 45 69 
23 33 68 58 
53 34 2D 27 
[[72, 22, 70, 4C], [3F, 45, 45, 69], [23, 33, 68, 58], [53, 34, 2D, 27]]
r?#S"E34pEh-LiX'
Answer from Hex Matrix: 
[[72, 22, 70, 4C], [3F, 45, 45, 69], [23, 33, 68, 58], [53, 34, 2D, 27]]

6A 38 55 72 
2C 56 28 67 
26 43 22 46 
39 4E 4A 49 
[[6A, 38, 55, 72], [2C, 56, 28, 67], [26, 43, 22, 46], [39, 4E, 4A, 49]]
j,&98VCNU("JrgFI
Answer from Hex Matrix: 
[[6A, 38, 55, 72], [2C, 56, 28, 67], [26, 43, 22, 46], [39, 4E, 4A, 49]]

60 64 29 23 
6A 38 21 69 
27 78 24 47 
62 22 65 74 
[[60, 64, 29, 23], [6A, 38, 21, 69], [27, 78, 24, 47], [62, 22, 65, 74]]
`j'bd8x")!$e#iGt
Answer from Hex Matrix: 
[[60, 64, 29, 23], [6A, 38, 21, 69], [27, 78, 24, 47], [62, 22, 65, 74]]

3A 64 61 50 
61 4F 35 59 
4A 41 3A 4A 
24 68 5D 4B 
[[3A, 64, 61, 50], [61, 4F, 35, 59], [4A, 41, 3A, 4A], [24, 68, 5D, 4B]]
:aJ$dOAha5:]PYJK
Answer from Hex Matrix: 
[[3A, 64, 61, 50], [61, 4F, 35, 59], [4A, 41, 3A, 4A], [24, 68, 5D, 4B]]

75 57 69 64 
70 64 69 69 
69 37 7A 43 
25 4B 2D 48 
[[75, 57, 69, 64], [70, 64, 69, 69], [69, 37, 7A, 43], [25, 4B, 2D, 48]]
upi%Wd7Kiiz-diCH
Answer from Hex Matrix: 
[[75, 57, 69, 64], [70, 64, 69, 69], [69, 37, 7A, 43], [25, 4B, 2D, 48]]

5E 56 24 70 
3A 33 38 7D 
48 4B 5D 3B 
5D 31 69 44 
[[5E, 56, 24, 70], [3A, 33, 38, 7D], [48, 4B, 5D, 3B], [5D, 31, 69, 44]]
^:H]V3K1$8]ip};D
Answer from Hex Matrix: 
[[5E, 56, 24, 70], [3A, 33, 38, 7D], [48, 4B, 5D, 3B], [5D, 31, 69, 44]]

29 60 51 6E 
52 70 40 6A 
33 70 3E 5A 
31 79 50 45 
[[29, 60, 51, 6E], [52, 70, 40, 6A], [33, 70, 3E, 5A], [31, 79, 50, 45]]
)R31`ppyQ@>PnjZE
Answer from Hex Matrix: 
[[29, 60, 51, 6E], [52, 70, 40, 6A], [33, 70, 3E, 5A], [31, 79, 50, 45]]

5F 48 41 70 
2B 68 78 65 
4A 3C 53 34 
67 71 6F 6A 
[[5F, 48, 41, 70], [2B, 68, 78, 65], [4A, 3C, 53, 34], [67, 71, 6F, 6A]]
_+JgHh<qAxSope4j
Answer from Hex Matrix: 
[[5F, 48, 41, 70], [2B, 68, 78, 65], [4A, 3C, 53, 34], [67, 71, 6F, 6A]]

74 28 74 64 
71 7C 71 56 
4E 25 3C 3D 
3C 30 43 78 
[[74, 28, 74, 64], [71, 7C, 71, 56], [4E, 25, 3C, 3D], [3C, 30, 43, 78]]
tqN<(|%0tq<CdV=x
Answer from Hex Matrix: 
[[74, 28, 74, 64], [71, 7C, 71, 56], [4E, 25, 3C, 3D], [3C, 30, 43, 78]]

6B 63 51 44 
48 2C 56 68 
60 36 5D 6D 
4C 41 57 43 
[[6B, 63, 51, 44], [48, 2C, 56, 68], [60, 36, 5D, 6D], [4C, 41, 57, 43]]
kH`Lc,6AQV]WDhmC
Answer from Hex Matrix: 
[[6B, 63, 51, 44], [48, 2C, 56, 68], [60, 36, 5D, 6D], [4C, 41, 57, 43]]

2A 6D 31 7B 
4A 32 5F 74 
3B 75 43 27 
6A 7C 73 28 
[[2A, 6D, 31, 7B], [4A, 32, 5F, 74], [3B, 75, 43, 27], [6A, 7C, 73, 28]]
*J;jm2u|1_Cs{t'(
Answer from Hex Matrix: 
[[2A, 6D, 31, 7B], [4A, 32, 5F, 74], [3B, 75, 43, 27], [6A, 7C, 73, 28]]

38 68 55 2C 
53 46 31 63 
4A 44 2C 5B 
41 2E 25 4F 
[[38, 68, 55, 2C], [53, 46, 31, 63], [4A, 44, 2C, 5B], [41, 2E, 25, 4F]]
8SJAhFD.U1,%,c[O
Answer from Hex Matrix: 
[[38, 68, 55, 2C], [53, 46, 31, 63], [4A, 44, 2C, 5B], [41, 2E, 25, 4F]]

67 6B 6D 62 
3C 46 79 6D 
2F 4D 6F 3E 
5F 34 33 31 
[[67, 6B, 6D, 62], [3C, 46, 79, 6D], [2F, 4D, 6F, 3E], [5F, 34, 33, 31]]
g</_kFM4myo3bm>1
Answer from Hex Matrix: 
[[67, 6B, 6D, 62], [3C, 46, 79, 6D], [2F, 4D, 6F, 3E], [5F, 34, 33, 31]]

2F 30 53 78 
2C 61 6D 5A 
37 4C 39 57 
47 76 62 58 
[[2F, 30, 53, 78], [2C, 61, 6D, 5A], [37, 4C, 39, 57], [47, 76, 62, 58]]
/,7G0aLvSm9bxZWX
Answer from Hex Matrix: 
[[2F, 30, 53, 78], [2C, 61, 6D, 5A], [37, 4C, 39, 57], [47, 76, 62, 58]]

34 6F 5E 5E 
6B 5E 77 35 
70 63 64 31 
43 2E 42 6A 
[[34, 6F, 5E, 5E], [6B, 5E, 77, 35], [70, 63, 64, 31], [43, 2E, 42, 6A]]
4kpCo^c.^wdB^51j
Answer from Hex Matrix: 
[[34, 6F, 5E, 5E], [6B, 5E, 77, 35], [70, 63, 64, 31], [43, 2E, 42, 6A]]

69 37 5B 68 
72 4F 21 50 
34 5D 6E 71 
37 55 67 70 
[[69, 37, 5B, 68], [72, 4F, 21, 50], [34, 5D, 6E, 71], [37, 55, 67, 70]]
ir477O]U[!nghPqp
Answer from Hex Matrix: 
[[69, 37, 5B, 68], [72, 4F, 21, 50], [34, 5D, 6E, 71], [37, 55, 67, 70]]

55 40 3C 57 
58 73 44 57 
7C 53 40 2B 
53 25 45 46 
[[55, 40, 3C, 57], [58, 73, 44, 57], [7C, 53, 40, 2B], [53, 25, 45, 46]]
UX|S@sS%<D@EWW+F
Answer from Hex Matrix: 
[[55, 40, 3C, 57], [58, 73, 44, 57], [7C, 53, 40, 2B], [53, 25, 45, 46]]

5B 3D 68 26 
36 28 69 2E 
6F 51 63 2D 
50 4D 47 6F 
[[5B, 3D, 68, 26], [36, 28, 69, 2E], [6F, 51, 63, 2D], [50, 4D, 47, 6F]]
[6oP=(QMhicG&.-o
Answer from Hex Matrix: 
[[5B, 3D, 68, 26], [36, 28, 69, 2E], [6F, 51, 63, 2D], [50, 4D, 47, 6F]]

5A 59 4D 75 
5F 72 5C 59 
38 3D 58 68 
51 7C 33 25 
[[5A, 59, 4D, 75], [5F, 72, 5C, 59], [38, 3D, 58, 68], [51, 7C, 33, 25]]
Z_8QYr=|M\X3uYh%
Answer from Hex Matrix: 
[[5A, 59, 4D, 75], [5F, 72, 5C, 59], [38, 3D, 58, 68], [51, 7C, 33, 25]]

3D 5F 2D 56 
34 4C 70 7A 
42 49 34 56 
63 4E 4F 4F 
[[3D, 5F, 2D, 56], [34, 4C, 70, 7A], [42, 49, 34, 56], [63, 4E, 4F, 4F]]
=4Bc_LIN-p4OVzVO
Answer from Hex Matrix: 
[[3D, 5F, 2D, 56], [34, 4C, 70, 7A], [42, 49, 34, 56], [63, 4E, 4F, 4F]]

35 4D 2F 4E 
59 3A 54 50 
6C 5A 24 7A 
38 66 54 38 
[[35, 4D, 2F, 4E], [59, 3A, 54, 50], [6C, 5A, 24, 7A], [38, 66, 54, 38]]
5Yl8M:Zf/T$TNPz8
Answer from Hex Matrix: 
[[35, 4D, 2F, 4E], [59, 3A, 54, 50], [6C, 5A, 24, 7A], [38, 66, 54, 38]]

78 74 34 71 
42 74 2C 57 
54 44 71 47 
46 67 61 2A 
[[78, 74, 34, 71], [42, 74, 2C, 57], [54, 44, 71, 47], [46, 67, 61, 2A]]
xBTFttDg4,qaqWG*
Answer from Hex Matrix: 
[[78, 74, 34, 71], [42, 74, 2C, 57], [54, 44, 71, 47], [46, 67, 61, 2A]]

34 22 46 6B 
69 4D 62 45 
62 53 51 2A 
7D 4E 3D 26 
[[34, 22, 46, 6B], [69, 4D, 62, 45], [62, 53, 51, 2A], [7D, 4E, 3D, 26]]
4ib}"MSNFbQ=kE*&
Answer from Hex Matrix: 
[[34, 22, 46, 6B], [69, 4D, 62, 45], [62, 53, 51, 2A], [7D, 4E, 3D, 26]]

55 2F 77 48 
31 45 4E 7C 
45 6B 79 44 
7C 46 67 5A 
[[55, 2F, 77, 48], [31, 45, 4E, 7C], [45, 6B, 79, 44], [7C, 46, 67, 5A]]
U1E|/EkFwNygH|DZ
Answer from Hex Matrix: 
[[55, 2F, 77, 48], [31, 45, 4E, 7C], [45, 6B, 79, 44], [7C, 46, 67, 5A]]

6D 6C 29 40 
75 6A 68 26 
73 2B 79 60 
5E 3D 28 7A 
[[6D, 6C, 29, 40], [75, 6A, 68, 26], [73, 2B, 79, 60], [5E, 3D, 28, 7A]]
mus^lj+=)hy(@&`z
Answer from Hex Matrix: 
[[6D, 6C, 29, 40], [75, 6A, 68, 26], [73, 2B, 79, 60], [5E, 3D, 28, 7A]]

6E 49 4B 23 
46 66 4A 46 
50 46 70 77 
5D 2A 2D 5E 
[[6E, 49, 4B, 23], [46, 66, 4A, 46], [50, 46, 70, 77], [5D, 2A, 2D, 5E]]
nFP]IfF*KJp-#Fw^
Answer from Hex Matrix: 
[[6E, 49, 4B, 23], [46, 66, 4A, 46], [50, 46, 70, 77], [5D, 2A, 2D, 5E]]

3F 2D 50 55 
2F 7A 3F 78 
4E 7A 58 42 
4F 4D 51 33 
[[3F, 2D, 50, 55], [2F, 7A, 3F, 78], [4E, 7A, 58, 42], [4F, 4D, 51, 33]]
?/NO-zzMP?XQUxB3
Answer from Hex Matrix: 
[[3F, 2D, 50, 55], [2F, 7A, 3F, 78], [4E, 7A, 58, 42], [4F, 4D, 51, 33]]

55 65 53 70 
60 2E 6F 6F 
59 65 53 56 
61 4F 4F 63 
[[55, 65, 53, 70], [60, 2E, 6F, 6F], [59, 65, 53, 56], [61, 4F, 4F, 63]]
U`Yae.eOSoSOpoVc
Answer from Hex Matrix: 
[[55, 65, 53, 70], [60, 2E, 6F, 6F], [59, 65, 53, 56], [61, 4F, 4F, 63]]

4D 24 41 5C 
6A 40 7D 29 
51 3D 57 27 
2C 65 63 4B 
[[4D, 24, 41, 5C], [6A, 40, 7D, 29], [51, 3D, 57, 27], [2C, 65, 63, 4B]]
MjQ,$@=eA}Wc\)'K
Answer from Hex Matrix: 
[[4D, 24, 41, 5C], [6A, 40, 7D, 29], [51, 3D, 57, 27], [2C, 65, 63, 4B]]

51 57 22 2D 
3C 3D 5A 73 
65 51 53 6D 
3D 54 5A 49 
[[51, 57, 22, 2D], [3C, 3D, 5A, 73], [65, 51, 53, 6D], [3D, 54, 5A, 49]]
Q<e=W=QT"ZSZ-smI
Answer from Hex Matrix: 
[[51, 57, 22, 2D], [3C, 3D, 5A, 73], [65, 51, 53, 6D], [3D, 54, 5A, 49]]

7A 4E 4D 22 
5F 34 54 75 
31 62 41 34 
43 57 5E 3E 
[[7A, 4E, 4D, 22], [5F, 34, 54, 75], [31, 62, 41, 34], [43, 57, 5E, 3E]]
z_1CN4bWMTA^"u4>
Answer from Hex Matrix: 
[[7A, 4E, 4D, 22], [5F, 34, 54, 75], [31, 62, 41, 34], [43, 57, 5E, 3E]]

22 65 4F 2C 
3F 5A 5B 37 
26 44 75 6B 
69 61 2B 31 
[[22, 65, 4F, 2C], [3F, 5A, 5B, 37], [26, 44, 75, 6B], [69, 61, 2B, 31]]
"?&ieZDaO[u+,7k1
Answer from Hex Matrix: 
[[22, 65, 4F, 2C], [3F, 5A, 5B, 37], [26, 44, 75, 6B], [69, 61, 2B, 31]]

69 22 59 25 
79 29 5A 52 
47 32 5A 5B 
23 46 2C 24 
[[69, 22, 59, 25], [79, 29, 5A, 52], [47, 32, 5A, 5B], [23, 46, 2C, 24]]
iyG#")2FYZZ,%R[$
Answer from Hex Matrix: 
[[69, 22, 59, 25], [79, 29, 5A, 52], [47, 32, 5A, 5B], [23, 46, 2C, 24]]

5F 3F 40 38 
59 27 4F 70 
30 39 55 3D 
65 42 29 4A 
[[5F, 3F, 40, 38], [59, 27, 4F, 70], [30, 39, 55, 3D], [65, 42, 29, 4A]]
_Y0e?'9B@OU)8p=J
Answer from Hex Matrix: 
[[5F, 3F, 40, 38], [59, 27, 4F, 70], [30, 39, 55, 3D], [65, 42, 29, 4A]]

7D 31 23 4A 
42 29 33 72 
70 5A 58 4E 
47 6C 26 31 
[[7D, 31, 23, 4A], [42, 29, 33, 72], [70, 5A, 58, 4E], [47, 6C, 26, 31]]
}BpG1)Zl#3X&JrN1
Answer from Hex Matrix: 
[[7D, 31, 23, 4A], [42, 29, 33, 72], [70, 5A, 58, 4E], [47, 6C, 26, 31]]

2D 79 24 5F 
42 2E 54 37 
66 36 3C 39 
63 6C 2C 3A 
[[2D, 79, 24, 5F], [42, 2E, 54, 37], [66, 36, 3C, 39], [63, 6C, 2C, 3A]]
-Bfcy.6l$T<,_79:
Answer from Hex Matrix: 
[[2D, 79, 24, 5F], [42, 2E, 54, 37], [66, 36, 3C, 39], [63, 6C, 2C, 3A]]

4C 4A 61 56 
37 32 5F 72 
4E 40 36 38 
39 37 6C 47 
[[4C, 4A, 61, 56], [37, 32, 5F, 72], [4E, 40, 36, 38], [39, 37, 6C, 47]]
L7N9J2@7a_6lVr8G
Answer from Hex Matrix: 
[[4C, 4A, 61, 56], [37, 32, 5F, 72], [4E, 40, 36, 38], [39, 37, 6C, 47]]

6B 7D 58 41 
2D 45 39 59 
32 4C 6C 68 
5B 37 34 78 
[[6B, 7D, 58, 41], [2D, 45, 39, 59], [32, 4C, 6C, 68], [5B, 37, 34, 78]]
k-2[}EL7X9l4AYhx
Answer from Hex Matrix: 
[[6B, 7D, 58, 41], [2D, 45, 39, 59], [32, 4C, 6C, 68], [5B, 37, 34, 78]]

73 25 62 78 
34 68 7C 5B 
48 29 5F 73 
5F 44 4F 22 
[[73, 25, 62, 78], [34, 68, 7C, 5B], [48, 29, 5F, 73], [5F, 44, 4F, 22]]
s4H_%h)Db|_Ox[s"
Answer from Hex Matrix: 
[[73, 25, 62, 78], [34, 68, 7C, 5B], [48, 29, 5F, 73], [5F, 44, 4F, 22]]

6D 79 42 3B 
36 31 64 5E 
67 75 30 61 
4B 37 7B 39 
[[6D, 79, 42, 3B], [36, 31, 64, 5E], [67, 75, 30, 61], [4B, 37, 7B, 39]]
m6gKy1u7Bd0{;^a9
Answer from Hex Matrix: 
[[6D, 79, 42, 3B], [36, 31, 64, 5E], [67, 75, 30, 61], [4B, 37, 7B, 39]]

7C 52 47 57 
5C 63 25 67 
47 6E 4B 70 
40 5C 45 4D 
[[7C, 52, 47, 57], [5C, 63, 25, 67], [47, 6E, 4B, 70], [40, 5C, 45, 4D]]
|\G@Rcn\G%KEWgpM
Answer from Hex Matrix: 
[[7C, 52, 47, 57], [5C, 63, 25, 67], [47, 6E, 4B, 70], [40, 5C, 45, 4D]]

24 38 71 6D 
44 73 7B 5A 
57 54 78 72 
67 6F 46 3F 
[[24, 38, 71, 6D], [44, 73, 7B, 5A], [57, 54, 78, 72], [67, 6F, 46, 3F]]
$DWg8sToq{xFmZr?
Answer from Hex Matrix: 
[[24, 38, 71, 6D], [44, 73, 7B, 5A], [57, 54, 78, 72], [67, 6F, 46, 3F]]

49 46 2E 6A 
38 68 49 69 
3B 2F 2F 5E 
27 2B 3B 52 
[[49, 46, 2E, 6A], [38, 68, 49, 69], [3B, 2F, 2F, 5E], [27, 2B, 3B, 52]]
I8;'Fh/+.I/;ji^R
Answer from Hex Matrix: 
[[49, 46, 2E, 6A], [38, 68, 49, 69], [3B, 2F, 2F, 5E], [27, 2B, 3B, 52]]

77 34 42 5E 
48 47 58 38 
25 6A 44 3A 
7B 65 22 49 
[[77, 34, 42, 5E], [48, 47, 58, 38], [25, 6A, 44, 3A], [7B, 65, 22, 49]]
wH%{4GjeBXD"^8:I
Answer from Hex Matrix: 
[[77, 34, 42, 5E], [48, 47, 58, 38], [25, 6A, 44, 3A], [7B, 65, 22, 49]]

63 79 70 32 
2E 33 39 5B 
62 51 33 78 
49 6E 2C 3D 
[[63, 79, 70, 32], [2E, 33, 39, 5B], [62, 51, 33, 78], [49, 6E, 2C, 3D]]
c.bIy3Qnp93,2[x=
Answer from Hex Matrix: 
[[63, 79, 70, 32], [2E, 33, 39, 5B], [62, 51, 33, 78], [49, 6E, 2C, 3D]]

4F 39 4F 4C 
23 46 25 64 
44 66 5A 76 
4A 6D 7A 4D 
[[4F, 39, 4F, 4C], [23, 46, 25, 64], [44, 66, 5A, 76], [4A, 6D, 7A, 4D]]
O#DJ9FfmO%ZzLdvM
Answer from Hex Matrix: 
[[4F, 39, 4F, 4C], [23, 46, 25, 64], [44, 66, 5A, 76], [4A, 6D, 7A, 4D]]

76 70 39 5F 
5D 2C 48 4F 
48 41 72 78 
60 3E 2F 2B 
[[76, 70, 39, 5F], [5D, 2C, 48, 4F], [48, 41, 72, 78], [60, 3E, 2F, 2B]]
v]H`p,A>9Hr/_Ox+
Answer from Hex Matrix: 
[[76, 70, 39, 5F], [5D, 2C, 48, 4F], [48, 41, 72, 78], [60, 3E, 2F, 2B]]

2F 6C 4D 28 
79 74 66 5A 
79 5E 48 53 
48 3F 22 27 
[[2F, 6C, 4D, 28], [79, 74, 66, 5A], [79, 5E, 48, 53], [48, 3F, 22, 27]]
/yyHlt^?MfH"(ZS'
Answer from Hex Matrix: 
[[2F, 6C, 4D, 28], [79, 74, 66, 5A], [79, 5E, 48, 53], [48, 3F, 22, 27]]

30 3D 3F 6C 
2B 40 74 3A 
75 24 4F 40 
6C 76 22 5A 
[[30, 3D, 3F, 6C], [2B, 40, 74, 3A], [75, 24, 4F, 40], [6C, 76, 22, 5A]]
0+ul=@$v?tO"l:@Z
Answer from Hex Matrix: 
[[30, 3D, 3F, 6C], [2B, 40, 74, 3A], [75, 24, 4F, 40], [6C, 76, 22, 5A]]

51 38 64 6D 
68 69 2B 58 
35 60 65 30 
79 35 42 3A 
[[51, 38, 64, 6D], [68, 69, 2B, 58], [35, 60, 65, 30], [79, 35, 42, 3A]]
Qh5y8i`5d+eBmX0:
Answer from Hex Matrix: 
[[51, 38, 64, 6D], [68, 69, 2B, 58], [35, 60, 65, 30], [79, 35, 42, 3A]]

63 43 58 6E 
65 2E 39 75 
79 3E 2E 53 
54 7A 63 76 
[[63, 43, 58, 6E], [65, 2E, 39, 75], [79, 3E, 2E, 53], [54, 7A, 63, 76]]
ceyTC.>zX9.cnuSv
Answer from Hex Matrix: 
[[63, 43, 58, 6E], [65, 2E, 39, 75], [79, 3E, 2E, 53], [54, 7A, 63, 76]]

2B 2E 5A 66 
76 21 48 58 
26 54 76 47 
70 7C 52 2F 
[[2B, 2E, 5A, 66], [76, 21, 48, 58], [26, 54, 76, 47], [70, 7C, 52, 2F]]
+v&p.!T|ZHvRfXG/
Answer from Hex Matrix: 
[[2B, 2E, 5A, 66], [76, 21, 48, 58], [26, 54, 76, 47], [70, 7C, 52, 2F]]

2F 31 28 3A 
56 59 23 3D 
69 35 5D 67 
75 39 78 36 
[[2F, 31, 28, 3A], [56, 59, 23, 3D], [69, 35, 5D, 67], [75, 39, 78, 36]]
/Viu1Y59(#]x:=g6
Answer from Hex Matrix: 
[[2F, 31, 28, 3A], [56, 59, 23, 3D], [69, 35, 5D, 67], [75, 39, 78, 36]]

35 73 36 75 
76 53 3F 5C 
31 43 31 6C 
48 7A 5E 48 
[[35, 73, 36, 75], [76, 53, 3F, 5C], [31, 43, 31, 6C], [48, 7A, 5E, 48]]
5v1HsSCz6?1^u\lH
Answer from Hex Matrix: 
[[35, 73, 36, 75], [76, 53, 3F, 5C], [31, 43, 31, 6C], [48, 7A, 5E, 48]]

4B 22 71 62 
36 3F 53 23 
26 3E 60 5E 
76 74 5D 54 
[[4B, 22, 71, 62], [36, 3F, 53, 23], [26, 3E, 60, 5E], [76, 74, 5D, 54]]
K6&v"?>tqS`]b#^T
Answer from Hex Matrix: 
[[4B, 22, 71, 62], [36, 3F, 53, 23], [26, 3E, 60, 5E], [76, 74, 5D, 54]]

3D 48 75 47 
37 47 60 6A 
77 4B 6A 36 
36 2D 6D 33 
[[3D, 48, 75, 47], [37, 47, 60, 6A], [77, 4B, 6A, 36], [36, 2D, 6D, 33]]
=7w6HGK-u`jmGj63
Answer from Hex Matrix: 
[[3D, 48, 75, 47], [37, 47, 60, 6A], [77, 4B, 6A, 36], [36, 2D, 6D, 33]]

49 72 7D 21 
5D 67 26 63 
23 39 7D 24 
47 3F 4D 64 
[[49, 72, 7D, 21], [5D, 67, 26, 63], [23, 39, 7D, 24], [47, 3F, 4D, 64]]
I]#Grg9?}&}M!c$d
Answer from Hex Matrix: 
[[49, 72, 7D, 21], [5D, 67, 26, 63], [23, 39, 7D, 24], [47, 3F, 4D, 64]]

57 57 22 21 
45 40 34 4F 
65 62 4A 63 
2D 43 70 77 
[[57, 57, 22, 21], [45, 40, 34, 4F], [65, 62, 4A, 63], [2D, 43, 70, 77]]
WEe-W@bC"4Jp!Ocw
Answer from Hex Matrix: 
[[57, 57, 22, 21], [45, 40, 34, 4F], [65, 62, 4A, 63], [2D, 43, 70, 77]]

2E 54 54 39 
5F 6B 58 5C 
24 3D 24 68 
77 46 69 7D 
[[2E, 54, 54, 39], [5F, 6B, 58, 5C], [24, 3D, 24, 68], [77, 46, 69, 7D]]
._$wTk=FTX$i9\h}
Answer from Hex Matrix: 
[[2E, 54, 54, 39], [5F, 6B, 58, 5C], [24, 3D, 24, 68], [77, 46, 69, 7D]]

66 56 5C 28 
34 5D 21 42 
7C 30 74 37 
75 5A 58 53 
[[66, 56, 5C, 28], [34, 5D, 21, 42], [7C, 30, 74, 37], [75, 5A, 58, 53]]
f4|uV]0Z\!tX(B7S
Answer from Hex Matrix: 
[[66, 56, 5C, 28], [34, 5D, 21, 42], [7C, 30, 74, 37], [75, 5A, 58, 53]]

46 5C 52 7B 
2C 67 68 47 
6F 30 66 4D 
32 5F 7B 31 
[[46, 5C, 52, 7B], [2C, 67, 68, 47], [6F, 30, 66, 4D], [32, 5F, 7B, 31]]
F,o2\g0_Rhf{{GM1
Answer from Hex Matrix: 
[[46, 5C, 52, 7B], [2C, 67, 68, 47], [6F, 30, 66, 4D], [32, 5F, 7B, 31]]

4E 4A 68 57 
48 4D 3D 62 
7D 71 75 46 
6E 49 6B 5D 
[[4E, 4A, 68, 57], [48, 4D, 3D, 62], [7D, 71, 75, 46], [6E, 49, 6B, 5D]]
NH}nJMqIh=ukWbF]
Answer from Hex Matrix: 
[[4E, 4A, 68, 57], [48, 4D, 3D, 62], [7D, 71, 75, 46], [6E, 49, 6B, 5D]]

43 35 24 2B 
7A 5C 24 66 
6D 44 40 72 
6D 5C 24 4E 
[[43, 35, 24, 2B], [7A, 5C, 24, 66], [6D, 44, 40, 72], [6D, 5C, 24, 4E]]
Czmm5\D\$$@$+frN
Answer from Hex Matrix: 
[[43, 35, 24, 2B], [7A, 5C, 24, 66], [6D, 44, 40, 72], [6D, 5C, 24, 4E]]

48 4C 3B 36 
56 2F 32 3B 
62 4F 35 54 
29 71 24 28 
[[48, 4C, 3B, 36], [56, 2F, 32, 3B], [62, 4F, 35, 54], [29, 71, 24, 28]]
HVb)L/Oq;25$6;T(
Answer from Hex Matrix: 
[[48, 4C, 3B, 36], [56, 2F, 32, 3B], [62, 4F, 35, 54], [29, 71, 24, 28]]

3D 4F 5C 6D 
67 66 29 76 
59 68 33 3C 
31 34 62 5B 
[[3D, 4F, 5C, 6D], [67, 66, 29, 76], [59, 68, 33, 3C], [31, 34, 62, 5B]]
=gY1Ofh4\)3bmv<[
Answer from Hex Matrix: 
[[3D, 4F, 5C, 6D], [67, 66, 29, 76], [59, 68, 33, 3C], [31, 34, 62, 5B]]

36 6B 3D 70 
39 7D 5A 34 
6E 5A 38 68 
4E 5F 3A 69 
[[36, 6B, 3D, 70], [39, 7D, 5A, 34], [6E, 5A, 38, 68], [4E, 5F, 3A, 69]]
69nNk}Z_=Z8:p4hi
Answer from Hex Matrix: 
[[36, 6B, 3D, 70], [39, 7D, 5A, 34], [6E, 5A, 38, 68], [4E, 5F, 3A, 69]]

77 54 42 2B 
59 63 60 5A 
7D 33 2A 27 
74 5E 3B 56 
[[77, 54, 42, 2B], [59, 63, 60, 5A], [7D, 33, 2A, 27], [74, 5E, 3B, 56]]
wY}tTc3^B`*;+Z'V
Answer from Hex Matrix: 
[[77, 54, 42, 2B], [59, 63, 60, 5A], [7D, 33, 2A, 27], [74, 5E, 3B, 56]]

65 2F 26 26 
26 69 79 71 
44 6D 51 4A 
4E 39 5E 60 
[[65, 2F, 26, 26], [26, 69, 79, 71], [44, 6D, 51, 4A], [4E, 39, 5E, 60]]
e&DN/im9&yQ^&qJ`
Answer from Hex Matrix: 
[[65, 2F, 26, 26], [26, 69, 79, 71], [44, 6D, 51, 4A], [4E, 39, 5E, 60]]

54 41 61 5A 
3E 6B 6F 70 
6A 7D 2B 67 
67 24 48 55 
[[54, 41, 61, 5A], [3E, 6B, 6F, 70], [6A, 7D, 2B, 67], [67, 24, 48, 55]]
T>jgAk}$ao+HZpgU
Answer from Hex Matrix: 
[[54, 41, 61, 5A], [3E, 6B, 6F, 70], [6A, 7D, 2B, 67], [67, 24, 48, 55]]

54 59 4E 73 
2C 28 2C 5F 
77 79 7C 2B 
78 64 7A 4E 
[[54, 59, 4E, 73], [2C, 28, 2C, 5F], [77, 79, 7C, 2B], [78, 64, 7A, 4E]]
T,wxY(ydN,|zs_+N
Answer from Hex Matrix: 
[[54, 59, 4E, 73], [2C, 28, 2C, 5F], [77, 79, 7C, 2B], [78, 64, 7A, 4E]]

77 48 3C 4B 
2A 72 33 5F 
33 6E 6F 62 
75 2D 6F 38 
[[77, 48, 3C, 4B], [2A, 72, 33, 5F], [33, 6E, 6F, 62], [75, 2D, 6F, 38]]
w*3uHrn-<3ooK_b8
Answer from Hex Matrix: 
[[77, 48, 3C, 4B], [2A, 72, 33, 5F], [33, 6E, 6F, 62], [75, 2D, 6F, 38]]

3F 6F 5A 74 
24 38 75 28 
33 65 31 28 
54 67 44 2D 
[[3F, 6F, 5A, 74], [24, 38, 75, 28], [33, 65, 31, 28], [54, 67, 44, 2D]]
?$3To8egZu1Dt((-
Answer from Hex Matrix: 
[[3F, 6F, 5A, 74], [24, 38, 75, 28], [33, 65, 31, 28], [54, 67, 44, 2D]]

2E 49 68 49 
5B 6A 69 75 
23 52 25 3D 
4D 46 2C 3B 
[[2E, 49, 68, 49], [5B, 6A, 69, 75], [23, 52, 25, 3D], [4D, 46, 2C, 3B]]
.[#MIjRFhi%,Iu=;
Answer from Hex Matrix: 
[[2E, 49, 68, 49], [5B, 6A, 69, 75], [23, 52, 25, 3D], [4D, 46, 2C, 3B]]

2A 70 3B 50 
2C 6A 48 4E 
28 47 6F 24 
6C 6E 4E 63 
[[2A, 70, 3B, 50], [2C, 6A, 48, 4E], [28, 47, 6F, 24], [6C, 6E, 4E, 63]]
*,(lpjGn;HoNPN$c
Answer from Hex Matrix: 
[[2A, 70, 3B, 50], [2C, 6A, 48, 4E], [28, 47, 6F, 24], [6C, 6E, 4E, 63]]

73 2D 59 78 
5B 6D 71 47 
52 56 53 68 
3F 23 5E 59 
[[73, 2D, 59, 78], [5B, 6D, 71, 47], [52, 56, 53, 68], [3F, 23, 5E, 59]]
s[R?-mV#YqS^xGhY
Answer from Hex Matrix: 
[[73, 2D, 59, 78], [5B, 6D, 71, 47], [52, 56, 53, 68], [3F, 23, 5E, 59]]

76 75 21 54 
48 57 72 37 
37 21 26 52 
61 34 3F 69 
[[76, 75, 21, 54], [48, 57, 72, 37], [37, 21, 26, 52], [61, 34, 3F, 69]]
vH7auW!4!r&?T7Ri
Answer from Hex Matrix: 
[[76, 75, 21, 54], [48, 57, 72, 37], [37, 21, 26, 52], [61, 34, 3F, 69]]

31 56 7D 67 
56 3E 5F 66 
64 49 62 37 
48 7C 5B 41 
[[31, 56, 7D, 67], [56, 3E, 5F, 66], [64, 49, 62, 37], [48, 7C, 5B, 41]]
1VdHV>I|}_b[gf7A
Answer from Hex Matrix: 
[[31, 56, 7D, 67], [56, 3E, 5F, 66], [64, 49, 62, 37], [48, 7C, 5B, 41]]

43 2E 5A 34 
79 74 69 4A 
51 32 4B 45 
22 4A 25 5E 
[[43, 2E, 5A, 34], [79, 74, 69, 4A], [51, 32, 4B, 45], [22, 4A, 25, 5E]]
CyQ".t2JZiK%4JE^
Answer from Hex Matrix: 
[[43, 2E, 5A, 34], [79, 74, 69, 4A], [51, 32, 4B, 45], [22, 4A, 25, 5E]]

46 54 2D 57 
4F 69 60 21 
46 69 5F 50 
2A 37 34 68 
[[46, 54, 2D, 57], [4F, 69, 60, 21], [46, 69, 5F, 50], [2A, 37, 34, 68]]
FOF*Tii7-`_4W!Ph
Answer from Hex Matrix: 
[[46, 54, 2D, 57], [4F, 69, 60, 21], [46, 69, 5F, 50], [2A, 37, 34, 68]]

52 5D 5A 3F 
26 6D 54 29 
41 4C 5D 41 
5F 33 57 59 
[[52, 5D, 5A, 3F], [26, 6D, 54, 29], [41, 4C, 5D, 41], [5F, 33, 57, 59]]
R&A_]mL3ZT]W?)AY
Answer from Hex Matrix: 
[[52, 5D, 5A, 3F], [26, 6D, 54, 29], [41, 4C, 5D, 41], [5F, 33, 57, 59]]

24 51 51 39 
73 35 77 2F 
5D 6C 50 6D 
2A 4C 7C 5A 
[[24, 51, 51, 39], [73, 35, 77, 2F], [5D, 6C, 50, 6D], [2A, 4C, 7C, 5A]]
$s]*Q5lLQwP|9/mZ
Answer from Hex Matrix: 
[[24, 51, 51, 39], [73, 35, 77, 2F], [5D, 6C, 50, 6D], [2A, 4C, 7C, 5A]]

7A 49 7A 37 
68 53 49 22 
6D 2B 3F 31 
66 76 6F 7B 
[[7A, 49, 7A, 37], [68, 53, 49, 22], [6D, 2B, 3F, 31], [66, 76, 6F, 7B]]
zhmfIS+vzI?o7"1{
Answer from Hex Matrix: 
[[7A, 49, 7A, 37], [68, 53, 49, 22], [6D, 2B, 3F, 31], [66, 76, 6F, 7B]]

78 63 3D 50 
5D 5A 30 79 
50 31 38 6E 
3D 69 71 23 
[[78, 63, 3D, 50], [5D, 5A, 30, 79], [50, 31, 38, 6E], [3D, 69, 71, 23]]
x]P=cZ1i=08qPyn#
Answer from Hex Matrix: 
[[78, 63, 3D, 50], [5D, 5A, 30, 79], [50, 31, 38, 6E], [3D, 69, 71, 23]]

75 65 5B 67 
34 39 6E 66 
72 30 2F 4E 
4A 51 4E 6E 
[[75, 65, 5B, 67], [34, 39, 6E, 66], [72, 30, 2F, 4E], [4A, 51, 4E, 6E]]
u4rJe90Q[n/NgfNn
Answer from Hex Matrix: 
[[75, 65, 5B, 67], [34, 39, 6E, 66], [72, 30, 2F, 4E], [4A, 51, 4E, 6E]]

4B 5D 4C 56 
79 38 65 6C 
33 55 33 7A 
24 47 36 33 
[[4B, 5D, 4C, 56], [79, 38, 65, 6C], [33, 55, 33, 7A], [24, 47, 36, 33]]
Ky3$]8UGLe36Vlz3
Answer from Hex Matrix: 
[[4B, 5D, 4C, 56], [79, 38, 65, 6C], [33, 55, 33, 7A], [24, 47, 36, 33]]

22 33 68 4A 
6A 6F 37 21 
3B 5A 3F 71 
45 43 56 5A 
[[22, 33, 68, 4A], [6A, 6F, 37, 21], [3B, 5A, 3F, 71], [45, 43, 56, 5A]]
"j;E3oZCh7?VJ!qZ
Answer from Hex Matrix: 
[[22, 33, 68, 4A], [6A, 6F, 37, 21], [3B, 5A, 3F, 71], [45, 43, 56, 5A]]

5D 2A 4A 5F 
64 22 73 7A 
4E 52 28 33 
5B 75 44 61 
[[5D, 2A, 4A, 5F], [64, 22, 73, 7A], [4E, 52, 28, 33], [5B, 75, 44, 61]]
]dN[*"RuJs(D_z3a
Answer from Hex Matrix: 
[[5D, 2A, 4A, 5F], [64, 22, 73, 7A], [4E, 52, 28, 33], [5B, 75, 44, 61]]

68 76 61 53 
3C 70 2C 58 
40 48 5F 50 
48 78 37 4A 
[[68, 76, 61, 53], [3C, 70, 2C, 58], [40, 48, 5F, 50], [48, 78, 37, 4A]]
h<@HvpHxa,_7SXPJ
Answer from Hex Matrix: 
[[68, 76, 61, 53], [3C, 70, 2C, 58], [40, 48, 5F, 50], [48, 78, 37, 4A]]

76 28 64 3F 
4C 39 43 21 
7C 46 5D 3B 
4D 4D 39 2C 
[[76, 28, 64, 3F], [4C, 39, 43, 21], [7C, 46, 5D, 3B], [4D, 4D, 39, 2C]]
vL|M(9FMdC]9?!;,
Answer from Hex Matrix: 
[[76, 28, 64, 3F], [4C, 39, 43, 21], [7C, 46, 5D, 3B], [4D, 4D, 39, 2C]]

67 4A 6C 50 
73 57 5C 29 
55 77 44 2A 
35 5B 49 2C 
[[67, 4A, 6C, 50], [73, 57, 5C, 29], [55, 77, 44, 2A], [35, 5B, 49, 2C]]
gsU5JWw[l\DIP)*,
Answer from Hex Matrix: 
[[67, 4A, 6C, 50], [73, 57, 5C, 29], [55, 77, 44, 2A], [35, 5B, 49, 2C]]

47 65 3D 68 
5C 5C 58 7C 
6C 36 56 40 
59 3D 74 32 
[[47, 65, 3D, 68], [5C, 5C, 58, 7C], [6C, 36, 56, 40], [59, 3D, 74, 32]]
G\lYe\6==XVth|@2
Answer from Hex Matrix: 
[[47, 65, 3D, 68], [5C, 5C, 58, 7C], [6C, 36, 56, 40], [59, 3D, 74, 32]]

38 68 2C 43 
39 23 61 48 
45 4F 46 68 
47 7B 3B 29 
[[38, 68, 2C, 43], [39, 23, 61, 48], [45, 4F, 46, 68], [47, 7B, 3B, 29]]
89EGh#O{,aF;CHh)
Answer from Hex Matrix: 
[[38, 68, 2C, 43], [39, 23, 61, 48], [45, 4F, 46, 68], [47, 7B, 3B, 29]]

24 60 79 35 
28 25 61 72 
40 6B 56 6B 
71 58 6E 75 
[[24, 60, 79, 35], [28, 25, 61, 72], [40, 6B, 56, 6B], [71, 58, 6E, 75]]
$(@q`%kXyaVn5rku
Answer from Hex Matrix: 
[[24, 60, 79, 35], [28, 25, 61, 72], [40, 6B, 56, 6B], [71, 58, 6E, 75]]

27 56 51 33 
3E 54 24 33 
72 68 6C 70 
22 33 60 2B 
[[27, 56, 51, 33], [3E, 54, 24, 33], [72, 68, 6C, 70], [22, 33, 60, 2B]]
'>r"VTh3Q$l`33p+
Answer from Hex Matrix: 
[[27, 56, 51, 33], [3E, 54, 24, 33], [72, 68, 6C, 70], [22, 33, 60, 2B]]

62 60 51 43 
52 77 78 71 
4D 44 7C 76 
35 32 65 21 
[[62, 60, 51, 43], [52, 77, 78, 71], [4D, 44, 7C, 76], [35, 32, 65, 21]]
bRM5`wD2Qx|eCqv!
Answer from Hex Matrix: 
[[62, 60, 51, 43], [52, 77, 78, 71], [4D, 44, 7C, 76], [35, 32, 65, 21]]

29 62 28 25 
76 3C 79 26 
74 54 3D 49 
56 68 30 28 
[[29, 62, 28, 25], [76, 3C, 79, 26], [74, 54, 3D, 49], [56, 68, 30, 28]]
)vtVb<Th(y=0%&I(
Answer from Hex Matrix: 
[[29, 62, 28, 25], [76, 3C, 79, 26], [74, 54, 3D, 49], [56, 68, 30, 28]]

37 5D 6A 63 
25 6E 57 7D 
2B 2B 36 23 
28 70 3F 6A 
[[37, 5D, 6A, 63], [25, 6E, 57, 7D], [2B, 2B, 36, 23], [28, 70, 3F, 6A]]
7%+(]n+pjW6?c}#j
Answer from Hex Matrix: 
[[37, 5D, 6A, 63], [25, 6E, 57, 7D], [2B, 2B, 36, 23], [28, 70, 3F, 6A]]

56 6A 33 2C 
6B 69 38 30 
4D 50 58 66 
68 25 36 61 
[[56, 6A, 33, 2C], [6B, 69, 38, 30], [4D, 50, 58, 66], [68, 25, 36, 61]]
VkMhjiP%38X6,0fa
Answer from Hex Matrix: 
[[56, 6A, 33, 2C], [6B, 69, 38, 30], [4D, 50, 58, 66], [68, 25, 36, 61]]

44 50 3F 79 
51 69 7D 78 
21 38 59 38 
61 6E 79 31 
[[44, 50, 3F, 79], [51, 69, 7D, 78], [21, 38, 59, 38], [61, 6E, 79, 31]]
DQ!aPi8n?}Yyyx81
Answer from Hex Matrix: 
[[44, 50, 3F, 79], [51, 69, 7D, 78], [21, 38, 59, 38], [61, 6E, 79, 31]]

47 4E 69 5F 
6A 69 75 31 
22 79 55 42 
44 2A 45 5B 
[[47, 4E, 69, 5F], [6A, 69, 75, 31], [22, 79, 55, 42], [44, 2A, 45, 5B]]
Gj"DNiy*iuUE_1B[
Answer from Hex Matrix: 
[[47, 4E, 69, 5F], [6A, 69, 75, 31], [22, 79, 55, 42], [44, 2A, 45, 5B]]

60 7A 48 2B 
4B 4A 45 3E 
3E 45 65 6F 
58 3B 73 41 
[[60, 7A, 48, 2B], [4B, 4A, 45, 3E], [3E, 45, 65, 6F], [58, 3B, 73, 41]]
`K>XzJE;HEes+>oA
Answer from Hex Matrix: 
[[60, 7A, 48, 2B], [4B, 4A, 45, 3E], [3E, 45, 65, 6F], [58, 3B, 73, 41]]

3D 5F 78 5E 
54 3F 54 7D 
65 63 4A 2F 
3F 6D 30 78 
[[3D, 5F, 78, 5E], [54, 3F, 54, 7D], [65, 63, 4A, 2F], [3F, 6D, 30, 78]]
=Te?_?cmxTJ0^}/x
Answer from Hex Matrix: 
[[3D, 5F, 78, 5E], [54, 3F, 54, 7D], [65, 63, 4A, 2F], [3F, 6D, 30, 78]]

4D 43 6D 2E 
59 48 52 50 
69 36 5A 46 
3F 79 58 5D 
[[4D, 43, 6D, 2E], [59, 48, 52, 50], [69, 36, 5A, 46], [3F, 79, 58, 5D]]
MYi?CH6ymRZX.PF]
Answer from Hex Matrix: 
[[4D, 43, 6D, 2E], [59, 48, 52, 50], [69, 36, 5A, 46], [3F, 79, 58, 5D]]

72 46 24 78 
6D 5B 2A 26 
61 2F 46 6F 
64 3E 54 38 
[[72, 46, 24, 78], [6D, 5B, 2A, 26], [61, 2F, 46, 6F], [64, 3E, 54, 38]]
rmadF[/>$*FTx&o8
Answer from Hex Matrix: 
[[72, 46, 24, 78], [6D, 5B, 2A, 26], [61, 2F, 46, 6F], [64, 3E, 54, 38]]

63 5E 32 6C 
5E 77 7D 64 
2B 2E 76 66 
6D 64 75 54 
[[63, 5E, 32, 6C], [5E, 77, 7D, 64], [2B, 2E, 76, 66], [6D, 64, 75, 54]]
c^+m^w.d2}vuldfT
Answer from Hex Matrix: 
[[63, 5E, 32, 6C], [5E, 77, 7D, 64], [2B, 2E, 76, 66], [6D, 64, 75, 54]]

36 5C 44 7B 
4A 4D 53 42 
6A 4F 65 37 
24 42 78 47 
[[36, 5C, 44, 7B], [4A, 4D, 53, 42], [6A, 4F, 65, 37], [24, 42, 78, 47]]
6Jj$\MOBDSex{B7G
Answer from Hex Matrix: 
[[36, 5C, 44, 7B], [4A, 4D, 53, 42], [6A, 4F, 65, 37], [24, 42, 78, 47]]

64 30 5D 44 
5F 41 32 7A 
49 5C 6D 66 
6C 28 5B 7A 
[[64, 30, 5D, 44], [5F, 41, 32, 7A], [49, 5C, 6D, 66], [6C, 28, 5B, 7A]]
d_Il0A\(]2m[Dzfz
Answer from Hex Matrix: 
[[64, 30, 5D, 44], [5F, 41, 32, 7A], [49, 5C, 6D, 66], [6C, 28, 5B, 7A]]

60 44 7D 64 
6E 7A 44 39 
21 57 68 6B 
65 38 7A 21 
[[60, 44, 7D, 64], [6E, 7A, 44, 39], [21, 57, 68, 6B], [65, 38, 7A, 21]]
`n!eDzW8}Dhzd9k!
Answer from Hex Matrix: 
[[60, 44, 7D, 64], [6E, 7A, 44, 39], [21, 57, 68, 6B], [65, 38, 7A, 21]]

2F 77 66 4C 
49 38 74 64 
2C 77 51 6D 
5C 64 75 28 
[[2F, 77, 66, 4C], [49, 38, 74, 64], [2C, 77, 51, 6D], [5C, 64, 75, 28]]
/I,\w8wdftQuLdm(
Answer from Hex Matrix: 
[[2F, 77, 66, 4C], [49, 38, 74, 64], [2C, 77, 51, 6D], [5C, 64, 75, 28]]

25 4C 3E 29 
54 2A 3D 3C 
26 5A 55 45 
29 4B 29 4E 
[[25, 4C, 3E, 29], [54, 2A, 3D, 3C], [26, 5A, 55, 45], [29, 4B, 29, 4E]]
%T&)L*ZK>=U))<EN
Answer from Hex Matrix: 
[[25, 4C, 3E, 29], [54, 2A, 3D, 3C], [26, 5A, 55, 45], [29, 4B, 29, 4E]]

70 39 55 5A 
53 36 7D 61 
2E 4B 58 33 
27 61 5D 63 
[[70, 39, 55, 5A], [53, 36, 7D, 61], [2E, 4B, 58, 33], [27, 61, 5D, 63]]
pS.'96KaU}X]Za3c
Answer from Hex Matrix: 
[[70, 39, 55, 5A], [53, 36, 7D, 61], [2E, 4B, 58, 33], [27, 61, 5D, 63]]

5C 2F 5D 2F 
68 6E 29 4E 
34 58 7D 5F 
5A 4C 75 39 
[[5C, 2F, 5D, 2F], [68, 6E, 29, 4E], [34, 58, 7D, 5F], [5A, 4C, 75, 39]]
\h4Z/nXL])}u/N_9
Answer from Hex Matrix: 
[[5C, 2F, 5D, 2F], [68, 6E, 29, 4E], [34, 58, 7D, 5F], [5A, 4C, 75, 39]]

72 4A 53 45 
4D 58 27 53 
76 62 31 4A 
28 58 79 51 
[[72, 4A, 53, 45], [4D, 58, 27, 53], [76, 62, 31, 4A], [28, 58, 79, 51]]
rMv(JXbXS'1yESJQ
Answer from Hex Matrix: 
[[72, 4A, 53, 45], [4D, 58, 27, 53], [76, 62, 31, 4A], [28, 58, 79, 51]]

6A 77 29 75 
77 30 61 23 
3A 6E 73 4C 
73 58 45 46 
[[6A, 77, 29, 75], [77, 30, 61, 23], [3A, 6E, 73, 4C], [73, 58, 45, 46]]
jw:sw0nX)asEu#LF
Answer from Hex Matrix: 
[[6A, 77, 29, 75], [77, 30, 61, 23], [3A, 6E, 73, 4C], [73, 58, 45, 46]]

33 4E 46 63 
79 52 40 59 
62 72 73 57 
41 4A 4C 50 
[[33, 4E, 46, 63], [79, 52, 40, 59], [62, 72, 73, 57], [41, 4A, 4C, 50]]
3ybANRrJF@sLcYWP
Answer from Hex Matrix: 
[[33, 4E, 46, 63], [79, 52, 40, 59], [62, 72, 73, 57], [41, 4A, 4C, 50]]

4F 44 43 3F 
59 61 66 6D 
67 26 52 21 
50 73 30 23 
[[4F, 44, 43, 3F], [59, 61, 66, 6D], [67, 26, 52, 21], [50, 73, 30, 23]]
OYgPDa&sCfR0?m!#
Answer from Hex Matrix: 
[[4F, 44, 43, 3F], [59, 61, 66, 6D], [67, 26, 52, 21], [50, 73, 30, 23]]

73 69 43 3C 
7D 65 66 48 
4B 22 46 7B 
66 44 79 5B 
[[73, 69, 43, 3C], [7D, 65, 66, 48], [4B, 22, 46, 7B], [66, 44, 79, 5B]]
s}Kfie"DCfFy<H{[
Answer from Hex Matrix: 
[[73, 69, 43, 3C], [7D, 65, 66, 48], [4B, 22, 46, 7B], [66, 44, 79, 5B]]

72 2C 6B 32 
2C 56 33 65 
3E 5F 58 4F 
46 4C 53 45 
[[72, 2C, 6B, 32], [2C, 56, 33, 65], [3E, 5F, 58, 4F], [46, 4C, 53, 45]]
r,>F,V_Lk3XS2eOE
Answer from Hex Matrix: 
[[72, 2C, 6B, 32], [2C, 56, 33, 65], [3E, 5F, 58, 4F], [46, 4C, 53, 45]]

70 6F 52 79 
4F 42 65 65 
54 33 41 33 
43 36 78 47 
[[70, 6F, 52, 79], [4F, 42, 65, 65], [54, 33, 41, 33], [43, 36, 78, 47]]
pOTCoB36ReAxye3G
Answer from Hex Matrix: 
[[70, 6F, 52, 79], [4F, 42, 65, 65], [54, 33, 41, 33], [43, 36, 78, 47]]

60 60 58 3B 
24 60 6F 4F 
79 47 6A 3E 
7D 4D 24 62 
[[60, 60, 58, 3B], [24, 60, 6F, 4F], [79, 47, 6A, 3E], [7D, 4D, 24, 62]]
`$y}``GMXoj$;O>b
Answer from Hex Matrix: 
[[60, 60, 58, 3B], [24, 60, 6F, 4F], [79, 47, 6A, 3E], [7D, 4D, 24, 62]]

3C 50 27 74 
29 78 7B 42 
22 76 78 68 
52 28 4B 2F 
[[3C, 50, 27, 74], [29, 78, 7B, 42], [22, 76, 78, 68], [52, 28, 4B, 2F]]
<)"RPxv('{xKtBh/
Answer from Hex Matrix: 
[[3C, 50, 27, 74], [29, 78, 7B, 42], [22, 76, 78, 68], [52, 28, 4B, 2F]]

36 73 6E 40 
65 3F 3A 64 
51 30 4F 45 
62 74 6D 60 
[[36, 73, 6E, 40], [65, 3F, 3A, 64], [51, 30, 4F, 45], [62, 74, 6D, 60]]
6eQbs?0tn:Om@dE`
Answer from Hex Matrix: 
[[36, 73, 6E, 40], [65, 3F, 3A, 64], [51, 30, 4F, 45], [62, 74, 6D, 60]]

6A 5C 49 59 
29 79 2C 6E 
54 5C 3B 26 
35 5F 26 3E 
[[6A, 5C, 49, 59], [29, 79, 2C, 6E], [54, 5C, 3B, 26], [35, 5F, 26, 3E]]
j)T5\y\_I,;&Yn&>
Answer from Hex Matrix: 
[[6A, 5C, 49, 59], [29, 79, 2C, 6E], [54, 5C, 3B, 26], [35, 5F, 26, 3E]]

69 51 75 61 
78 4B 5C 2F 
5A 33 65 3F 
30 36 59 62 
[[69, 51, 75, 61], [78, 4B, 5C, 2F], [5A, 33, 65, 3F], [30, 36, 59, 62]]
ixZ0QK36u\eYa/?b
Answer from Hex Matrix: 
[[69, 51, 75, 61], [78, 4B, 5C, 2F], [5A, 33, 65, 3F], [30, 36, 59, 62]]

38 57 63 64 
7D 47 31 7C 
62 7C 35 76 
4B 59 3A 3B 
[[38, 57, 63, 64], [7D, 47, 31, 7C], [62, 7C, 35, 76], [4B, 59, 3A, 3B]]
8}bKWG|Yc15:d|v;
Answer from Hex Matrix: 
[[38, 57, 63, 64], [7D, 47, 31, 7C], [62, 7C, 35, 76], [4B, 59, 3A, 3B]]

6D 72 75 6E 
23 2B 3B 2D 
5C 3C 4F 5F 
4E 7B 61 51 
[[6D, 72, 75, 6E], [23, 2B, 3B, 2D], [5C, 3C, 4F, 5F], [4E, 7B, 61, 51]]
m#\Nr+<{u;Oan-_Q
Answer from Hex Matrix: 
[[6D, 72, 75, 6E], [23, 2B, 3B, 2D], [5C, 3C, 4F, 5F], [4E, 7B, 61, 51]]

27 7B 7B 25 
7D 45 56 7D 
50 4F 5A 2B 
37 74 35 64 
[[27, 7B, 7B, 25], [7D, 45, 56, 7D], [50, 4F, 5A, 2B], [37, 74, 35, 64]]
'}P7{EOt{VZ5%}+d
Answer from Hex Matrix: 
[[27, 7B, 7B, 25], [7D, 45, 56, 7D], [50, 4F, 5A, 2B], [37, 74, 35, 64]]

23 73 7B 5A 
3E 72 7D 61 
78 42 39 31 
27 39 27 6A 
[[23, 73, 7B, 5A], [3E, 72, 7D, 61], [78, 42, 39, 31], [27, 39, 27, 6A]]
#>x'srB9{}9'Za1j
Answer from Hex Matrix: 
[[23, 73, 7B, 5A], [3E, 72, 7D, 61], [78, 42, 39, 31], [27, 39, 27, 6A]]

32 77 4E 24 
32 54 3D 3F 
7A 7A 57 24 
3B 26 30 4A 
[[32, 77, 4E, 24], [32, 54, 3D, 3F], [7A, 7A, 57, 24], [3B, 26, 30, 4A]]
22z;wTz&N=W0$?$J
Answer from Hex Matrix: 
[[32, 77, 4E, 24], [32, 54, 3D, 3F], [7A, 7A, 57, 24], [3B, 26, 30, 4A]]

3F 5A 33 5A 
2B 35 69 4F 
37 51 5B 73 
2E 7A 6B 77 
[[3F, 5A, 33, 5A], [2B, 35, 69, 4F], [37, 51, 5B, 73], [2E, 7A, 6B, 77]]
?+7.Z5Qz3i[kZOsw
Answer from Hex Matrix: 
[[3F, 5A, 33, 5A], [2B, 35, 69, 4F], [37, 51, 5B, 73], [2E, 7A, 6B, 77]]

5B 62 7D 6E 
2F 4C 41 35 
6A 5A 69 50 
23 2E 63 60 
[[5B, 62, 7D, 6E], [2F, 4C, 41, 35], [6A, 5A, 69, 50], [23, 2E, 63, 60]]
[/j#bLZ.}Aicn5P`
Answer from Hex Matrix: 
[[5B, 62, 7D, 6E], [2F, 4C, 41, 35], [6A, 5A, 69, 50], [23, 2E, 63, 60]]

39 7D 4D 35 
5F 76 34 24 
75 7B 6C 7B 
7B 36 47 37 
[[39, 7D, 4D, 35], [5F, 76, 34, 24], [75, 7B, 6C, 7B], [7B, 36, 47, 37]]
9_u{}v{6M4lG5${7
Answer from Hex Matrix: 
[[39, 7D, 4D, 35], [5F, 76, 34, 24], [75, 7B, 6C, 7B], [7B, 36, 47, 37]]

7C 43 63 3B 
22 3A 52 35 
44 22 32 21 
60 62 75 39 
[[7C, 43, 63, 3B], [22, 3A, 52, 35], [44, 22, 32, 21], [60, 62, 75, 39]]
|"D`C:"bcR2u;5!9
Answer from Hex Matrix: 
[[7C, 43, 63, 3B], [22, 3A, 52, 35], [44, 22, 32, 21], [60, 62, 75, 39]]

23 6D 30 61 
65 4A 26 4F 
36 64 48 29 
3E 66 7D 76 
[[23, 6D, 30, 61], [65, 4A, 26, 4F], [36, 64, 48, 29], [3E, 66, 7D, 76]]
#e6>mJdf0&H}aO)v
Answer from Hex Matrix: 
[[23, 6D, 30, 61], [65, 4A, 26, 4F], [36, 64, 48, 29], [3E, 66, 7D, 76]]

4F 63 47 2F 
7C 2F 46 4D 
6E 49 2F 5C 
59 5B 33 3C 
[[4F, 63, 47, 2F], [7C, 2F, 46, 4D], [6E, 49, 2F, 5C], [59, 5B, 33, 3C]]
O|nYc/I[GF/3/M\<
Answer from Hex Matrix: 
[[4F, 63, 47, 2F], [7C, 2F, 46, 4D], [6E, 49, 2F, 5C], [59, 5B, 33, 3C]]

54 56 6A 7B 
3F 70 6A 4B 
6B 4E 52 5E 
3C 57 6C 62 
[[54, 56, 6A, 7B], [3F, 70, 6A, 4B], [6B, 4E, 52, 5E], [3C, 57, 6C, 62]]
T?k<VpNWjjRl{K^b
Answer from Hex Matrix: 
[[54, 56, 6A, 7B], [3F, 70, 6A, 4B], [6B, 4E, 52, 5E], [3C, 57, 6C, 62]]

55 42 3B 46 
22 5F 7D 63 
68 79 2E 64 
23 76 55 5A 
[[55, 42, 3B, 46], [22, 5F, 7D, 63], [68, 79, 2E, 64], [23, 76, 55, 5A]]
U"h#B_yv;}.UFcdZ
Answer from Hex Matrix: 
[[55, 42, 3B, 46], [22, 5F, 7D, 63], [68, 79, 2E, 64], [23, 76, 55, 5A]]

23 7C 49 4D 
68 7A 76 24 
42 37 38 3D 
79 47 46 28 
[[23, 7C, 49, 4D], [68, 7A, 76, 24], [42, 37, 38, 3D], [79, 47, 46, 28]]
#hBy|z7GIv8FM$=(
Answer from Hex Matrix: 
[[23, 7C, 49, 4D], [68, 7A, 76, 24], [42, 37, 38, 3D], [79, 47, 46, 28]]

48 42 45 45 
26 6B 52 46 
28 75 38 78 
72 6A 48 39 
[[48, 42, 45, 45], [26, 6B, 52, 46], [28, 75, 38, 78], [72, 6A, 48, 39]]
H&(rBkujER8HEFx9
Answer from Hex Matrix: 
[[48, 42, 45, 45], [26, 6B, 52, 46], [28, 75, 38, 78], [72, 6A, 48, 39]]

35 79 21 68 
24 3F 78 49 
31 4F 5B 75 
48 21 3F 62 
[[35, 79, 21, 68], [24, 3F, 78, 49], [31, 4F, 5B, 75], [48, 21, 3F, 62]]
5$1Hy?O!!x[?hIub
Answer from Hex Matrix: 
[[35, 79, 21, 68], [24, 3F, 78, 49], [31, 4F, 5B, 75], [48, 21, 3F, 62]]

29 70 55 2A 
3F 64 30 59 
45 28 72 44 
21 6C 4F 55 
[[29, 70, 55, 2A], [3F, 64, 30, 59], [45, 28, 72, 44], [21, 6C, 4F, 55]]
)?E!pd(lU0rO*YDU
Answer from Hex Matrix: 
[[29, 70, 55, 2A], [3F, 64, 30, 59], [45, 28, 72, 44], [21, 6C, 4F, 55]]

33 67 38 44 
79 29 22 47 
66 6D 79 74 
2B 61 3B 71 
[[33, 67, 38, 44], [79, 29, 22, 47], [66, 6D, 79, 74], [2B, 61, 3B, 71]]
3yf+g)ma8"y;DGtq
Answer from Hex Matrix: 
[[33, 67, 38, 44], [79, 29, 22, 47], [66, 6D, 79, 74], [2B, 61, 3B, 71]]

4E 2B 50 74 
6B 51 2D 2D 
7C 6A 55 76 
38 3F 46 68 
[[4E, 2B, 50, 74], [6B, 51, 2D, 2D], [7C, 6A, 55, 76], [38, 3F, 46, 68]]
Nk|8+Qj?P-UFt-vh
Answer from Hex Matrix: 
[[4E, 2B, 50, 74], [6B, 51, 2D, 2D], [7C, 6A, 55, 76], [38, 3F, 46, 68]]

49 5B 62 71 
32 6A 78 70 
63 3A 3E 2E 
22 23 48 27 
[[49, 5B, 62, 71], [32, 6A, 78, 70], [63, 3A, 3E, 2E], [22, 23, 48, 27]]
I2c"[j:#bx>Hqp.'
Answer from Hex Matrix: 
[[49, 5B, 62, 71], [32, 6A, 78, 70], [63, 3A, 3E, 2E], [22, 23, 48, 27]]

69 6F 33 3C 
65 7D 47 2F 
23 29 4C 5F 
22 5F 22 73 
[[69, 6F, 33, 3C], [65, 7D, 47, 2F], [23, 29, 4C, 5F], [22, 5F, 22, 73]]
ie#"o})_3GL"</_s
Answer from Hex Matrix: 
[[69, 6F, 33, 3C], [65, 7D, 47, 2F], [23, 29, 4C, 5F], [22, 5F, 22, 73]]

41 48 5B 6E 
5A 25 43 4C 
4E 5B 73 38 
2D 26 58 5A 
[[41, 48, 5B, 6E], [5A, 25, 43, 4C], [4E, 5B, 73, 38], [2D, 26, 58, 5A]]
AZN-H%[&[CsXnL8Z
Answer from Hex Matrix: 
[[41, 48, 5B, 6E], [5A, 25, 43, 4C], [4E, 5B, 73, 38], [2D, 26, 58, 5A]]

46 2E 27 5C 
54 6C 68 61 
22 28 79 34 
39 3C 7D 5E 
[[46, 2E, 27, 5C], [54, 6C, 68, 61], [22, 28, 79, 34], [39, 3C, 7D, 5E]]
FT"9.l(<'hy}\a4^
Answer from Hex Matrix: 
[[46, 2E, 27, 5C], [54, 6C, 68, 61], [22, 28, 79, 34], [39, 3C, 7D, 5E]]

6D 29 5E 79 
48 54 5D 79 
5D 3D 3B 4B 
6C 6E 56 79 
[[6D, 29, 5E, 79], [48, 54, 5D, 79], [5D, 3D, 3B, 4B], [6C, 6E, 56, 79]]
mH]l)T=n^];VyyKy
Answer from Hex Matrix: 
[[6D, 29, 5E, 79], [48, 54, 5D, 79], [5D, 3D, 3B, 4B], [6C, 6E, 56, 79]]

45 29 43 50 
63 30 35 74 
25 23 6A 67 
70 75 6D 6E 
[[45, 29, 43, 50], [63, 30, 35, 74], [25, 23, 6A, 67], [70, 75, 6D, 6E]]
Ec%p)0#uC5jmPtgn
Answer from Hex Matrix: 
[[45, 29, 43, 50], [63, 30, 35, 74], [25, 23, 6A, 67], [70, 75, 6D, 6E]]

78 31 36 3E 
25 42 6B 47 
4E 40 63 51 
55 38 33 6D 
[[78, 31, 36, 3E], [25, 42, 6B, 47], [4E, 40, 63, 51], [55, 38, 33, 6D]]
x%NU1B@86kc3>GQm
Answer from Hex Matrix: 
[[78, 31, 36, 3E], [25, 42, 6B, 47], [4E, 40, 63, 51], [55, 38, 33, 6D]]

68 39 41 21 
72 2B 73 4D 
40 61 3F 6A 
36 7A 22 7D 
[[68, 39, 41, 21], [72, 2B, 73, 4D], [40, 61, 3F, 6A], [36, 7A, 22, 7D]]
hr@69+azAs?"!Mj}
Answer from Hex Matrix: 
[[68, 39, 41, 21], [72, 2B, 73, 4D], [40, 61, 3F, 6A], [36, 7A, 22, 7D]]

4F 6E 68 42 
37 2A 4E 36 
75 70 41 63 
64 21 76 37 
[[4F, 6E, 68, 42], [37, 2A, 4E, 36], [75, 70, 41, 63], [64, 21, 76, 37]]
O7udn*p!hNAvB6c7
Answer from Hex Matrix: 
[[4F, 6E, 68, 42], [37, 2A, 4E, 36], [75, 70, 41, 63], [64, 21, 76, 37]]

7D 5C 57 5D 
45 4D 7D 54 
53 62 5E 64 
6B 30 7C 40 
[[7D, 5C, 57, 5D], [45, 4D, 7D, 54], [53, 62, 5E, 64], [6B, 30, 7C, 40]]
}ESk\Mb0W}^|]Td@
Answer from Hex Matrix: 
[[7D, 5C, 57, 5D], [45, 4D, 7D, 54], [53, 62, 5E, 64], [6B, 30, 7C, 40]]

63 75 4A 71 
2E 37 70 57 
7B 76 37 57 
27 5F 4C 52 
[[63, 75, 4A, 71], [2E, 37, 70, 57], [7B, 76, 37, 57], [27, 5F, 4C, 52]]
c.{'u7v_Jp7LqWWR
Answer from Hex Matrix: 
[[63, 75, 4A, 71], [2E, 37, 70, 57], [7B, 76, 37, 57], [27, 5F, 4C, 52]]

7D 39 22 4A 
24 76 51 3A 
51 25 74 73 
47 50 74 32 
[[7D, 39, 22, 4A], [24, 76, 51, 3A], [51, 25, 74, 73], [47, 50, 74, 32]]
}$QG9v%P"QttJ:s2
Answer from Hex Matrix: 
[[7D, 39, 22, 4A], [24, 76, 51, 3A], [51, 25, 74, 73], [47, 50, 74, 32]]

50 61 75 7B 
2A 7C 7D 49 
63 7C 5E 23 
72 58 26 21 
[[50, 61, 75, 7B], [2A, 7C, 7D, 49], [63, 7C, 5E, 23], [72, 58, 26, 21]]
P*cra||Xu}^&{I#!
Answer from Hex Matrix: 
[[50, 61, 75, 7B], [2A, 7C, 7D, 49], [63, 7C, 5E, 23], [72, 58, 26, 21]]

41 75 65 2B 
5E 6F 5D 39 
3A 32 65 51 
63 3D 34 60 
[[41, 75, 65, 2B], [5E, 6F, 5D, 39], [3A, 32, 65, 51], [63, 3D, 34, 60]]
A^:cuo2=e]e4+9Q`
Answer from Hex Matrix: 
[[41, 75, 65, 2B], [5E, 6F, 5D, 39], [3A, 32, 65, 51], [63, 3D, 34, 60]]

31 42 28 54 
2B 3E 73 36 
46 60 50 5D 
47 71 79 56 
[[31, 42, 28, 54], [2B, 3E, 73, 36], [46, 60, 50, 5D], [47, 71, 79, 56]]
1+FGB>`q(sPyT6]V
Answer from Hex Matrix: 
[[31, 42, 28, 54], [2B, 3E, 73, 36], [46, 60, 50, 5D], [47, 71, 79, 56]]

7C 23 6D 66 
61 52 6D 7D 
64 3A 3E 21 
60 21 38 5D 
[[7C, 23, 6D, 66], [61, 52, 6D, 7D], [64, 3A, 3E, 21], [60, 21, 38, 5D]]
|ad`#R:!mm>8f}!]
Answer from Hex Matrix: 
[[7C, 23, 6D, 66], [61, 52, 6D, 7D], [64, 3A, 3E, 21], [60, 21, 38, 5D]]

36 6D 73 32 
79 32 69 24 
2C 4D 30 2C 
77 2B 35 2D 
[[36, 6D, 73, 32], [79, 32, 69, 24], [2C, 4D, 30, 2C], [77, 2B, 35, 2D]]
6y,wm2M+si052$,-
Answer from Hex Matrix: 
[[36, 6D, 73, 32], [79, 32, 69, 24], [2C, 4D, 30, 2C], [77, 2B, 35, 2D]]

39 47 53 36 
7C 51 7B 63 
5F 64 53 30 
4A 28 58 3A 
[[39, 47, 53, 36], [7C, 51, 7B, 63], [5F, 64, 53, 30], [4A, 28, 58, 3A]]
9|_JGQd(S{SX6c0:
Answer from Hex Matrix: 
[[39, 47, 53, 36], [7C, 51, 7B, 63], [5F, 64, 53, 30], [4A, 28, 58, 3A]]

21 27 3F 32 
72 2D 54 68 
75 5B 6F 39 
3E 32 33 70 
[[21, 27, 3F, 32], [72, 2D, 54, 68], [75, 5B, 6F, 39], [3E, 32, 33, 70]]
!ru>'-[2?To32h9p
Answer from Hex Matrix: 
[[21, 27, 3F, 32], [72, 2D, 54, 68], [75, 5B, 6F, 39], [3E, 32, 33, 70]]

4E 56 46 68 
53 5F 5A 42 
6F 55 6F 3D 
38 59 60 42 
[[4E, 56, 46, 68], [53, 5F, 5A, 42], [6F, 55, 6F, 3D], [38, 59, 60, 42]]
NSo8V_UYFZo`hB=B
Answer from Hex Matrix: 
[[4E, 56, 46, 68], [53, 5F, 5A, 42], [6F, 55, 6F, 3D], [38, 59, 60, 42]]

28 3B 5D 5C 
4A 7C 7B 42 
46 76 3A 35 
72 6B 29 3C 
[[28, 3B, 5D, 5C], [4A, 7C, 7B, 42], [46, 76, 3A, 35], [72, 6B, 29, 3C]]
(JFr;|vk]{:)\B5<
Answer from Hex Matrix: 
[[28, 3B, 5D, 5C], [4A, 7C, 7B, 42], [46, 76, 3A, 35], [72, 6B, 29, 3C]]

3C 32 6F 59 
31 3C 63 74 
22 4F 67 6A 
46 23 27 4E 
[[3C, 32, 6F, 59], [31, 3C, 63, 74], [22, 4F, 67, 6A], [46, 23, 27, 4E]]
<1"F2<O#ocg'YtjN
Answer from Hex Matrix: 
[[3C, 32, 6F, 59], [31, 3C, 63, 74], [22, 4F, 67, 6A], [46, 23, 27, 4E]]

25 6C 25 5D 
7A 4E 31 28 
41 3A 4F 78 
71 3C 2C 65 
[[25, 6C, 25, 5D], [7A, 4E, 31, 28], [41, 3A, 4F, 78], [71, 3C, 2C, 65]]
%zAqlN:<%1O,](xe
Answer from Hex Matrix: 
[[25, 6C, 25, 5D], [7A, 4E, 31, 28], [41, 3A, 4F, 78], [71, 3C, 2C, 65]]

37 73 46 39 
22 65 4D 26 
64 51 3C 75 
23 39 71 3E 
[[37, 73, 46, 39], [22, 65, 4D, 26], [64, 51, 3C, 75], [23, 39, 71, 3E]]
7"d#seQ9FM<q9&u>
Answer from Hex Matrix: 
[[37, 73, 46, 39], [22, 65, 4D, 26], [64, 51, 3C, 75], [23, 39, 71, 3E]]

42 27 37 7D 
4B 3B 42 5F 
6B 7B 4A 3F 
4C 6B 29 5C 
[[42, 27, 37, 7D], [4B, 3B, 42, 5F], [6B, 7B, 4A, 3F], [4C, 6B, 29, 5C]]
BKkL';{k7BJ)}_?\
Answer from Hex Matrix: 
[[42, 27, 37, 7D], [4B, 3B, 42, 5F], [6B, 7B, 4A, 3F], [4C, 6B, 29, 5C]]

23 27 59 7A 
69 35 74 5D 
48 79 54 3D 
48 5B 5B 6B 
[[23, 27, 59, 7A], [69, 35, 74, 5D], [48, 79, 54, 3D], [48, 5B, 5B, 6B]]
#iHH'5y[YtT[z]=k
Answer from Hex Matrix: 
[[23, 27, 59, 7A], [69, 35, 74, 5D], [48, 79, 54, 3D], [48, 5B, 5B, 6B]]

33 2B 3D 30 
23 39 47 2F 
4A 5F 3A 37 
51 5C 35 59 
[[33, 2B, 3D, 30], [23, 39, 47, 2F], [4A, 5F, 3A, 37], [51, 5C, 35, 59]]
3#JQ+9_\=G:50/7Y
Answer from Hex Matrix: 
[[33, 2B, 3D, 30], [23, 39, 47, 2F], [4A, 5F, 3A, 37], [51, 5C, 35, 59]]

3D 3F 4C 55 
4D 4B 7B 5A 
4A 56 29 59 
58 52 2C 3D 
[[3D, 3F, 4C, 55], [4D, 4B, 7B, 5A], [4A, 56, 29, 59], [58, 52, 2C, 3D]]
=MJX?KVRL{),UZY=
Answer from Hex Matrix: 
[[3D, 3F, 4C, 55], [4D, 4B, 7B, 5A], [4A, 56, 29, 59], [58, 52, 2C, 3D]]

6A 79 55 49 
60 75 26 2D 
53 79 6A 33 
55 34 75 3B 
[[6A, 79, 55, 49], [60, 75, 26, 2D], [53, 79, 6A, 33], [55, 34, 75, 3B]]
j`SUyuy4U&juI-3;
Answer from Hex Matrix: 
[[6A, 79, 55, 49], [60, 75, 26, 2D], [53, 79, 6A, 33], [55, 34, 75, 3B]]

40 37 60 68 
66 5B 51 5E 
36 33 42 35 
36 39 2C 70 
[[40, 37, 60, 68], [66, 5B, 51, 5E], [36, 33, 42, 35], [36, 39, 2C, 70]]
@f667[39`QB,h^5p
Answer from Hex Matrix: 
[[40, 37, 60, 68], [66, 5B, 51, 5E], [36, 33, 42, 35], [36, 39, 2C, 70]]

5E 4C 2D 7D 
66 58 41 5E 
3A 3C 2D 66 
3D 3B 2B 76 
[[5E, 4C, 2D, 7D], [66, 58, 41, 5E], [3A, 3C, 2D, 66], [3D, 3B, 2B, 76]]
^f:=LX<;-A-+}^fv
Answer from Hex Matrix: 
[[5E, 4C, 2D, 7D], [66, 58, 41, 5E], [3A, 3C, 2D, 66], [3D, 3B, 2B, 76]]

32 31 4D 44 
4F 48 50 6C 
49 33 35 46 
50 66 36 3D 
[[32, 31, 4D, 44], [4F, 48, 50, 6C], [49, 33, 35, 46], [50, 66, 36, 3D]]
2OIP1H3fMP56DlF=
Answer from Hex Matrix: 
[[32, 31, 4D, 44], [4F, 48, 50, 6C], [49, 33, 35, 46], [50, 66, 36, 3D]]

25 74 4F 69 
6D 79 4C 32 
3D 23 6E 62 
4A 59 2E 4E 
[[25, 74, 4F, 69], [6D, 79, 4C, 32], [3D, 23, 6E, 62], [4A, 59, 2E, 4E]]
%m=Jty#YOLn.i2bN
Answer from Hex Matrix: 
[[25, 74, 4F, 69], [6D, 79, 4C, 32], [3D, 23, 6E, 62], [4A, 59, 2E, 4E]]

40 44 68 3D 
7B 5A 39 67 
30 6C 44 23 
45 23 5B 45 
[[40, 44, 68, 3D], [7B, 5A, 39, 67], [30, 6C, 44, 23], [45, 23, 5B, 45]]
@{0EDZl#h9D[=g#E
Answer from Hex Matrix: 
[[40, 44, 68, 3D], [7B, 5A, 39, 67], [30, 6C, 44, 23], [45, 23, 5B, 45]]

24 62 3A 2F 
3D 74 54 32 
79 2D 2C 2F 
3D 74 5D 32 
[[24, 62, 3A, 2F], [3D, 74, 54, 32], [79, 2D, 2C, 2F], [3D, 74, 5D, 32]]
$=y=bt-t:T,]/2/2
Answer from Hex Matrix: 
[[24, 62, 3A, 2F], [3D, 74, 54, 32], [79, 2D, 2C, 2F], [3D, 74, 5D, 32]]

28 78 64 3A 
52 7B 39 56 
30 59 2F 5F 
65 72 69 2D 
[[28, 78, 64, 3A], [52, 7B, 39, 56], [30, 59, 2F, 5F], [65, 72, 69, 2D]]
(R0ex{Yrd9/i:V_-
Answer from Hex Matrix: 
[[28, 78, 64, 3A], [52, 7B, 39, 56], [30, 59, 2F, 5F], [65, 72, 69, 2D]]

7A 48 53 36 
70 29 4C 21 
56 61 5E 4F 
7B 40 55 63 
[[7A, 48, 53, 36], [70, 29, 4C, 21], [56, 61, 5E, 4F], [7B, 40, 55, 63]]
zpV{H)a@SL^U6!Oc
Answer from Hex Matrix: 
[[7A, 48, 53, 36], [70, 29, 4C, 21], [56, 61, 5E, 4F], [7B, 40, 55, 63]]

3C 36 69 71 
7B 47 48 7A 
32 2E 37 4C 
67 6B 46 64 
[[3C, 36, 69, 71], [7B, 47, 48, 7A], [32, 2E, 37, 4C], [67, 6B, 46, 64]]
<{2g6G.kiH7FqzLd
Answer from Hex Matrix: 
[[3C, 36, 69, 71], [7B, 47, 48, 7A], [32, 2E, 37, 4C], [67, 6B, 46, 64]]

71 3F 7B 67 
65 7A 79 68 
37 6F 69 54 
69 62 42 69 
[[71, 3F, 7B, 67], [65, 7A, 79, 68], [37, 6F, 69, 54], [69, 62, 42, 69]]
qe7i?zob{yiBghTi
Answer from Hex Matrix: 
[[71, 3F, 7B, 67], [65, 7A, 79, 68], [37, 6F, 69, 54], [69, 62, 42, 69]]

66 6C 64 56 
7B 74 7C 65 
6B 38 68 56 
72 58 3F 75 
[[66, 6C, 64, 56], [7B, 74, 7C, 65], [6B, 38, 68, 56], [72, 58, 3F, 75]]
f{krlt8Xd|h?VeVu
Answer from Hex Matrix: 
[[66, 6C, 64, 56], [7B, 74, 7C, 65], [6B, 38, 68, 56], [72, 58, 3F, 75]]

3A 7A 7B 6D 
23 47 52 5F 
69 5A 4B 24 
4B 43 52 5F 
[[3A, 7A, 7B, 6D], [23, 47, 52, 5F], [69, 5A, 4B, 24], [4B, 43, 52, 5F]]
:#iKzGZC{RKRm_$_
Answer from Hex Matrix: 
[[3A, 7A, 7B, 6D], [23, 47, 52, 5F], [69, 5A, 4B, 24], [4B, 43, 52, 5F]]

6C 48 3A 39 
22 21 79 50 
21 75 30 34 
77 56 5B 2A 
[[6C, 48, 3A, 39], [22, 21, 79, 50], [21, 75, 30, 34], [77, 56, 5B, 2A]]
l"!wH!uV:y0[9P4*
Answer from Hex Matrix: 
[[6C, 48, 3A, 39], [22, 21, 79, 50], [21, 75, 30, 34], [77, 56, 5B, 2A]]

6E 60 59 2A 
6E 68 3E 5D 
6B 51 77 37 
4A 6E 61 65 
[[6E, 60, 59, 2A], [6E, 68, 3E, 5D], [6B, 51, 77, 37], [4A, 6E, 61, 65]]
nnkJ`hQnY>wa*]7e
Answer from Hex Matrix: 
[[6E, 60, 59, 2A], [6E, 68, 3E, 5D], [6B, 51, 77, 37], [4A, 6E, 61, 65]]

35 65 49 37 
56 67 40 2E 
25 5E 6D 54 
79 55 57 4A 
[[35, 65, 49, 37], [56, 67, 40, 2E], [25, 5E, 6D, 54], [79, 55, 57, 4A]]
5V%yeg^UI@mW7.TJ
Answer from Hex Matrix: 
[[35, 65, 49, 37], [56, 67, 40, 2E], [25, 5E, 6D, 54], [79, 55, 57, 4A]]

50 38 57 59 
26 2B 3F 57 
6C 77 5F 25 
77 38 6E 74 
[[50, 38, 57, 59], [26, 2B, 3F, 57], [6C, 77, 5F, 25], [77, 38, 6E, 74]]
P&lw8+w8W?_nYW%t
Answer from Hex Matrix: 
[[50, 38, 57, 59], [26, 2B, 3F, 57], [6C, 77, 5F, 25], [77, 38, 6E, 74]]

54 6F 69 37 
66 3F 24 5D 
2C 2E 48 63 
5E 57 3A 30 
[[54, 6F, 69, 37], [66, 3F, 24, 5D], [2C, 2E, 48, 63], [5E, 57, 3A, 30]]
Tf,^o?.Wi$H:7]c0
Answer from Hex Matrix: 
[[54, 6F, 69, 37], [66, 3F, 24, 5D], [2C, 2E, 48, 63], [5E, 57, 3A, 30]]

2B 3D 28 2D 
70 25 60 52 
4D 26 57 30 
5C 5F 35 5A 
[[2B, 3D, 28, 2D], [70, 25, 60, 52], [4D, 26, 57, 30], [5C, 5F, 35, 5A]]
+pM\=%&_(`W5-R0Z
Answer from Hex Matrix: 
[[2B, 3D, 28, 2D], [70, 25, 60, 52], [4D, 26, 57, 30], [5C, 5F, 35, 5A]]

34 67 56 67 
2A 5C 43 6A 
3B 64 4D 4E 
5B 34 56 79 
[[34, 67, 56, 67], [2A, 5C, 43, 6A], [3B, 64, 4D, 4E], [5B, 34, 56, 79]]
4*;[g\d4VCMVgjNy
Answer from Hex Matrix: 
[[34, 67, 56, 67], [2A, 5C, 43, 6A], [3B, 64, 4D, 4E], [5B, 34, 56, 79]]

6F 7B 2C 4E 
2A 61 24 54 
5A 57 79 42 
60 70 60 42 
[[6F, 7B, 2C, 4E], [2A, 61, 24, 54], [5A, 57, 79, 42], [60, 70, 60, 42]]
o*Z`{aWp,$y`NTBB
Answer from Hex Matrix: 
[[6F, 7B, 2C, 4E], [2A, 61, 24, 54], [5A, 57, 79, 42], [60, 70, 60, 42]]

2A 55 4E 4B 
4E 65 2D 2C 
2D 5C 7C 52 
53 58 2E 26 
[[2A, 55, 4E, 4B], [4E, 65, 2D, 2C], [2D, 5C, 7C, 52], [53, 58, 2E, 26]]
*N-SUe\XN-|.K,R&
Answer from Hex Matrix: 
[[2A, 55, 4E, 4B], [4E, 65, 2D, 2C], [2D, 5C, 7C, 52], [53, 58, 2E, 26]]

40 43 70 26 
74 51 22 71 
31 21 52 45 
28 2A 38 73 
[[40, 43, 70, 26], [74, 51, 22, 71], [31, 21, 52, 45], [28, 2A, 38, 73]]
@t1(CQ!*p"R8&qEs
Answer from Hex Matrix: 
[[40, 43, 70, 26], [74, 51, 22, 71], [31, 21, 52, 45], [28, 2A, 38, 73]]

50 68 6B 5D 
43 43 37 6A 
5C 5D 5F 68 
6F 58 51 64 
[[50, 68, 6B, 5D], [43, 43, 37, 6A], [5C, 5D, 5F, 68], [6F, 58, 51, 64]]
PC\ohC]Xk7_Q]jhd
Answer from Hex Matrix: 
[[50, 68, 6B, 5D], [43, 43, 37, 6A], [5C, 5D, 5F, 68], [6F, 58, 51, 64]]

7D 56 23 62 
60 54 2F 30 
23 4E 25 3E 
25 66 71 59 
[[7D, 56, 23, 62], [60, 54, 2F, 30], [23, 4E, 25, 3E], [25, 66, 71, 59]]
}`#%VTNf#/%qb0>Y
Answer from Hex Matrix: 
[[7D, 56, 23, 62], [60, 54, 2F, 30], [23, 4E, 25, 3E], [25, 66, 71, 59]]

62 22 63 25 
4E 48 38 40 
5C 71 44 2A 
6C 5E 6F 30 
[[62, 22, 63, 25], [4E, 48, 38, 40], [5C, 71, 44, 2A], [6C, 5E, 6F, 30]]
bN\l"Hq^c8Do%@*0
Answer from Hex Matrix: 
[[62, 22, 63, 25], [4E, 48, 38, 40], [5C, 71, 44, 2A], [6C, 5E, 6F, 30]]

38 45 6C 7A 
48 6A 30 6E 
46 4B 7D 69 
7D 51 50 65 
[[38, 45, 6C, 7A], [48, 6A, 30, 6E], [46, 4B, 7D, 69], [7D, 51, 50, 65]]
8HF}EjKQl0}Pznie
Answer from Hex Matrix: 
[[38, 45, 6C, 7A], [48, 6A, 30, 6E], [46, 4B, 7D, 69], [7D, 51, 50, 65]]

75 47 31 4E 
23 44 29 46 
63 4B 5B 45 
40 72 40 34 
[[75, 47, 31, 4E], [23, 44, 29, 46], [63, 4B, 5B, 45], [40, 72, 40, 34]]
u#c@GDKr1)[@NFE4
Answer from Hex Matrix: 
[[75, 47, 31, 4E], [23, 44, 29, 46], [63, 4B, 5B, 45], [40, 72, 40, 34]]

5C 47 2B 75 
7B 35 41 41 
4D 31 3C 5A 
58 2D 26 6F 
[[5C, 47, 2B, 75], [7B, 35, 41, 41], [4D, 31, 3C, 5A], [58, 2D, 26, 6F]]
\{MXG51-+A<&uAZo
Answer from Hex Matrix: 
[[5C, 47, 2B, 75], [7B, 35, 41, 41], [4D, 31, 3C, 5A], [58, 2D, 26, 6F]]

59 6B 53 4A 
51 37 40 26 
33 2A 26 66 
5D 5F 3F 2B 
[[59, 6B, 53, 4A], [51, 37, 40, 26], [33, 2A, 26, 66], [5D, 5F, 3F, 2B]]
YQ3]k7*_S@&?J&f+
Answer from Hex Matrix: 
[[59, 6B, 53, 4A], [51, 37, 40, 26], [33, 2A, 26, 66], [5D, 5F, 3F, 2B]]

4D 3D 36 6B 
53 4C 54 38 
6E 60 2A 6B 
56 79 6B 2F 
[[4D, 3D, 36, 6B], [53, 4C, 54, 38], [6E, 60, 2A, 6B], [56, 79, 6B, 2F]]
MSnV=L`y6T*kk8k/
Answer from Hex Matrix: 
[[4D, 3D, 36, 6B], [53, 4C, 54, 38], [6E, 60, 2A, 6B], [56, 79, 6B, 2F]]

2E 23 5D 63 
28 75 27 36 
5C 69 73 65 
64 5A 65 5D 
[[2E, 23, 5D, 63], [28, 75, 27, 36], [5C, 69, 73, 65], [64, 5A, 65, 5D]]
.(\d#uiZ]'sec6e]
Answer from Hex Matrix: 
[[2E, 23, 5D, 63], [28, 75, 27, 36], [5C, 69, 73, 65], [64, 5A, 65, 5D]]

5F 25 6C 55 
68 74 3E 79 
48 6D 5F 39 
5D 50 7A 2D 
[[5F, 25, 6C, 55], [68, 74, 3E, 79], [48, 6D, 5F, 39], [5D, 50, 7A, 2D]]
_hH]%tmPl>_zUy9-
Answer from Hex Matrix: 
[[5F, 25, 6C, 55], [68, 74, 3E, 79], [48, 6D, 5F, 39], [5D, 50, 7A, 2D]]

70 53 45 53 
4C 49 6F 48 
51 69 45 40 
2F 6F 4D 48 
[[70, 53, 45, 53], [4C, 49, 6F, 48], [51, 69, 45, 40], [2F, 6F, 4D, 48]]
pLQ/SIioEoEMSH@H
Answer from Hex Matrix: 
[[70, 53, 45, 53], [4C, 49, 6F, 48], [51, 69, 45, 40], [2F, 6F, 4D, 48]]

58 3F 5E 51 
72 49 75 53 
47 7D 3B 77 
2D 42 2B 5F 
[[58, 3F, 5E, 51], [72, 49, 75, 53], [47, 7D, 3B, 77], [2D, 42, 2B, 5F]]
XrG-?I}B^u;+QSw_
Answer from Hex Matrix: 
[[58, 3F, 5E, 51], [72, 49, 75, 53], [47, 7D, 3B, 77], [2D, 42, 2B, 5F]]

27 59 71 73 
2B 59 66 5B 
32 66 31 25 
30 70 70 72 
[[27, 59, 71, 73], [2B, 59, 66, 5B], [32, 66, 31, 25], [30, 70, 70, 72]]
'+20YYfpqf1ps[%r
Answer from Hex Matrix: 
[[27, 59, 71, 73], [2B, 59, 66, 5B], [32, 66, 31, 25], [30, 70, 70, 72]]

54 5A 22 5F 
21 61 6E 23 
2B 74 56 48 
3E 7D 2E 7B 
[[54, 5A, 22, 5F], [21, 61, 6E, 23], [2B, 74, 56, 48], [3E, 7D, 2E, 7B]]
T!+>Zat}"nV._#H{
Answer from Hex Matrix: 
[[54, 5A, 22, 5F], [21, 61, 6E, 23], [2B, 74, 56, 48], [3E, 7D, 2E, 7B]]

53 48 31 41 
60 6C 7D 50 
7A 76 6F 71 
2B 7D 75 24 
[[53, 48, 31, 41], [60, 6C, 7D, 50], [7A, 76, 6F, 71], [2B, 7D, 75, 24]]
S`z+Hlv}1}ouAPq$
Answer from Hex Matrix: 
[[53, 48, 31, 41], [60, 6C, 7D, 50], [7A, 76, 6F, 71], [2B, 7D, 75, 24]]

5D 2A 35 72 
5E 2B 72 50 
3E 5B 67 59 
6B 40 50 38 
[[5D, 2A, 35, 72], [5E, 2B, 72, 50], [3E, 5B, 67, 59], [6B, 40, 50, 38]]
]^>k*+[@5rgPrPY8
Answer from Hex Matrix: 
[[5D, 2A, 35, 72], [5E, 2B, 72, 50], [3E, 5B, 67, 59], [6B, 40, 50, 38]]

24 77 26 3D 
2D 26 28 5F 
62 3C 6A 37 
47 51 4F 34 
[[24, 77, 26, 3D], [2D, 26, 28, 5F], [62, 3C, 6A, 37], [47, 51, 4F, 34]]
$-bGw&<Q&(jO=_74
Answer from Hex Matrix: 
[[24, 77, 26, 3D], [2D, 26, 28, 5F], [62, 3C, 6A, 37], [47, 51, 4F, 34]]

51 74 71 45 
33 6D 2D 7C 
67 49 27 43 
46 69 28 38 
[[51, 74, 71, 45], [33, 6D, 2D, 7C], [67, 49, 27, 43], [46, 69, 28, 38]]
Q3gFtmIiq-'(E|C8
Answer from Hex Matrix: 
[[51, 74, 71, 45], [33, 6D, 2D, 7C], [67, 49, 27, 43], [46, 69, 28, 38]]

37 24 55 7B 
6D 74 72 7B 
22 37 32 56 
43 47 6F 6C 
[[37, 24, 55, 7B], [6D, 74, 72, 7B], [22, 37, 32, 56], [43, 47, 6F, 6C]]
7m"C$t7GUr2o{{Vl
Answer from Hex Matrix: 
[[37, 24, 55, 7B], [6D, 74, 72, 7B], [22, 37, 32, 56], [43, 47, 6F, 6C]]

27 30 70 24 
39 48 3A 5B 
59 7D 25 27 
35 4C 4A 6A 
[[27, 30, 70, 24], [39, 48, 3A, 5B], [59, 7D, 25, 27], [35, 4C, 4A, 6A]]
'9Y50H}Lp:%J$['j
Answer from Hex Matrix: 
[[27, 30, 70, 24], [39, 48, 3A, 5B], [59, 7D, 25, 27], [35, 4C, 4A, 6A]]

5E 3B 4E 44 
24 6E 61 74 
56 48 35 5B 
52 3B 37 66 
[[5E, 3B, 4E, 44], [24, 6E, 61, 74], [56, 48, 35, 5B], [52, 3B, 37, 66]]
^$VR;nH;Na57Dt[f
Answer from Hex Matrix: 
[[5E, 3B, 4E, 44], [24, 6E, 61, 74], [56, 48, 35, 5B], [52, 3B, 37, 66]]

3D 4B 51 5E 
5E 65 32 7B 
7C 36 49 42 
2E 24 52 65 
[[3D, 4B, 51, 5E], [5E, 65, 32, 7B], [7C, 36, 49, 42], [2E, 24, 52, 65]]
=^|.Ke6$Q2IR^{Be
Answer from Hex Matrix: 
[[3D, 4B, 51, 5E], [5E, 65, 32, 7B], [7C, 36, 49, 42], [2E, 24, 52, 65]]

5F 2E 76 7A 
33 68 70 56 
44 7C 24 47 
41 66 2D 7D 
[[5F, 2E, 76, 7A], [33, 68, 70, 56], [44, 7C, 24, 47], [41, 66, 2D, 7D]]
_3DA.h|fvp$-zVG}
Answer from Hex Matrix: 
[[5F, 2E, 76, 7A], [33, 68, 70, 56], [44, 7C, 24, 47], [41, 66, 2D, 7D]]

74 41 2B 3F 
36 46 74 54 
68 69 36 40 
40 37 58 60 
[[74, 41, 2B, 3F], [36, 46, 74, 54], [68, 69, 36, 40], [40, 37, 58, 60]]
t6h@AFi7+t6X?T@`
Answer from Hex Matrix: 
[[74, 41, 2B, 3F], [36, 46, 74, 54], [68, 69, 36, 40], [40, 37, 58, 60]]

73 5A 47 49 
38 6A 43 41 
4E 6C 72 3E 
2D 21 77 6C 
[[73, 5A, 47, 49], [38, 6A, 43, 41], [4E, 6C, 72, 3E], [2D, 21, 77, 6C]]
s8N-Zjl!GCrwIA>l
Answer from Hex Matrix: 
[[73, 5A, 47, 49], [38, 6A, 43, 41], [4E, 6C, 72, 3E], [2D, 21, 77, 6C]]

6A 4C 4E 77 
72 55 73 2C 
2B 2E 7C 4A 
28 3E 77 72 
[[6A, 4C, 4E, 77], [72, 55, 73, 2C], [2B, 2E, 7C, 4A], [28, 3E, 77, 72]]
jr+(LU.>Ns|ww,Jr
Answer from Hex Matrix: 
[[6A, 4C, 4E, 77], [72, 55, 73, 2C], [2B, 2E, 7C, 4A], [28, 3E, 77, 72]]

4B 21 6A 28 
35 4C 2C 3B 
43 6D 40 39 
56 2B 5C 6F 
[[4B, 21, 6A, 28], [35, 4C, 2C, 3B], [43, 6D, 40, 39], [56, 2B, 5C, 6F]]
K5CV!Lm+j,@\(;9o
Answer from Hex Matrix: 
[[4B, 21, 6A, 28], [35, 4C, 2C, 3B], [43, 6D, 40, 39], [56, 2B, 5C, 6F]]

3D 43 3A 32 
5F 5B 3C 53 
4B 28 47 3E 
26 43 6A 44 
[[3D, 43, 3A, 32], [5F, 5B, 3C, 53], [4B, 28, 47, 3E], [26, 43, 6A, 44]]
=_K&C[(C:<Gj2S>D
Answer from Hex Matrix: 
[[3D, 43, 3A, 32], [5F, 5B, 3C, 53], [4B, 28, 47, 3E], [26, 43, 6A, 44]]

35 70 69 44 
54 50 73 42 
31 58 79 3F 
2B 74 5B 77 
[[35, 70, 69, 44], [54, 50, 73, 42], [31, 58, 79, 3F], [2B, 74, 5B, 77]]
5T1+pPXtisy[DB?w
Answer from Hex Matrix: 
[[35, 70, 69, 44], [54, 50, 73, 42], [31, 58, 79, 3F], [2B, 74, 5B, 77]]

21 30 6A 64 
53 74 24 6C 
57 69 4F 67 
3E 74 6D 53 
[[21, 30, 6A, 64], [53, 74, 24, 6C], [57, 69, 4F, 67], [3E, 74, 6D, 53]]
!SW>0titj$OmdlgS
Answer from Hex Matrix: 
[[21, 30, 6A, 64], [53, 74, 24, 6C], [57, 69, 4F, 67], [3E, 74, 6D, 53]]

7D 7A 2C 52 
7C 5A 52 47 
76 55 55 76 
44 27 3B 70 
[[7D, 7A, 2C, 52], [7C, 5A, 52, 47], [76, 55, 55, 76], [44, 27, 3B, 70]]
}|vDzZU',RU;RGvp
Answer from Hex Matrix: 
[[7D, 7A, 2C, 52], [7C, 5A, 52, 47], [76, 55, 55, 76], [44, 27, 3B, 70]]

51 55 7A 2E 
56 43 43 2C 
6A 62 33 77 
71 7D 45 48 
[[51, 55, 7A, 2E], [56, 43, 43, 2C], [6A, 62, 33, 77], [71, 7D, 45, 48]]
QVjqUCb}zC3E.,wH
Answer from Hex Matrix: 
[[51, 55, 7A, 2E], [56, 43, 43, 2C], [6A, 62, 33, 77], [71, 7D, 45, 48]]

33 4B 6E 2A 
4F 33 48 2C 
4C 44 35 29 
30 6C 51 40 
[[33, 4B, 6E, 2A], [4F, 33, 48, 2C], [4C, 44, 35, 29], [30, 6C, 51, 40]]
3OL0K3DlnH5Q*,)@
Answer from Hex Matrix: 
[[33, 4B, 6E, 2A], [4F, 33, 48, 2C], [4C, 44, 35, 29], [30, 6C, 51, 40]]

32 29 77 21 
3D 42 37 44 
71 3A 55 74 
38 43 45 51 
[[32, 29, 77, 21], [3D, 42, 37, 44], [71, 3A, 55, 74], [38, 43, 45, 51]]
2=q8)B:Cw7UE!DtQ
Answer from Hex Matrix: 
[[32, 29, 77, 21], [3D, 42, 37, 44], [71, 3A, 55, 74], [38, 43, 45, 51]]

53 77 77 65 
7B 2E 2A 2B 
61 5A 5E 57 
2D 60 3E 46 
[[53, 77, 77, 65], [7B, 2E, 2A, 2B], [61, 5A, 5E, 57], [2D, 60, 3E, 46]]
S{a-w.Z`w*^>e+WF
Answer from Hex Matrix: 
[[53, 77, 77, 65], [7B, 2E, 2A, 2B], [61, 5A, 5E, 57], [2D, 60, 3E, 46]]

7D 4E 72 45 
5D 68 60 49 
23 74 3F 62 
4E 76 62 7C 
[[7D, 4E, 72, 45], [5D, 68, 60, 49], [23, 74, 3F, 62], [4E, 76, 62, 7C]]
}]#NNhtvr`?bEIb|
Answer from Hex Matrix: 
[[7D, 4E, 72, 45], [5D, 68, 60, 49], [23, 74, 3F, 62], [4E, 76, 62, 7C]]

65 78 26 69 
30 68 56 33 
36 46 60 7B 
6B 51 43 27 
[[65, 78, 26, 69], [30, 68, 56, 33], [36, 46, 60, 7B], [6B, 51, 43, 27]]
e06kxhFQ&V`Ci3{'
Answer from Hex Matrix: 
[[65, 78, 26, 69], [30, 68, 56, 33], [36, 46, 60, 7B], [6B, 51, 43, 27]]

66 24 52 63 
3A 3A 66 70 
35 2E 4C 73 
73 65 6A 78 
[[66, 24, 52, 63], [3A, 3A, 66, 70], [35, 2E, 4C, 73], [73, 65, 6A, 78]]
f:5s$:.eRfLjcpsx
Answer from Hex Matrix: 
[[66, 24, 52, 63], [3A, 3A, 66, 70], [35, 2E, 4C, 73], [73, 65, 6A, 78]]

48 5C 21 34 
22 73 4F 35 
70 40 40 42 
4A 41 4E 74 
[[48, 5C, 21, 34], [22, 73, 4F, 35], [70, 40, 40, 42], [4A, 41, 4E, 74]]
H"pJ\s@A!O@N45Bt
Answer from Hex Matrix: 
[[48, 5C, 21, 34], [22, 73, 4F, 35], [70, 40, 40, 42], [4A, 41, 4E, 74]]

31 53 40 4A 
6D 63 7A 46 
38 51 29 7B 
2B 41 7B 48 
[[31, 53, 40, 4A], [6D, 63, 7A, 46], [38, 51, 29, 7B], [2B, 41, 7B, 48]]
1m8+ScQA@z){JF{H
Answer from Hex Matrix: 
[[31, 53, 40, 4A], [6D, 63, 7A, 46], [38, 51, 29, 7B], [2B, 41, 7B, 48]]

64 44 4C 6A 
69 4C 2D 31 
66 30 56 6D 
62 36 5B 5D 
[[64, 44, 4C, 6A], [69, 4C, 2D, 31], [66, 30, 56, 6D], [62, 36, 5B, 5D]]
difbDL06L-V[j1m]
Answer from Hex Matrix: 
[[64, 44, 4C, 6A], [69, 4C, 2D, 31], [66, 30, 56, 6D], [62, 36, 5B, 5D]]

41 68 3E 6C 
69 23 70 4B 
42 32 30 3D 
2D 68 53 51 
[[41, 68, 3E, 6C], [69, 23, 70, 4B], [42, 32, 30, 3D], [2D, 68, 53, 51]]
AiB-h#2h>p0SlK=Q
Answer from Hex Matrix: 
[[41, 68, 3E, 6C], [69, 23, 70, 4B], [42, 32, 30, 3D], [2D, 68, 53, 51]]

36 62 2D 35 
29 78 58 69 
4F 4A 67 3E 
53 37 30 2C 
[[36, 62, 2D, 35], [29, 78, 58, 69], [4F, 4A, 67, 3E], [53, 37, 30, 2C]]
6)OSbxJ7-Xg05i>,
Answer from Hex Matrix: 
[[36, 62, 2D, 35], [29, 78, 58, 69], [4F, 4A, 67, 3E], [53, 37, 30, 2C]]

22 47 46 62 
35 31 53 24 
2C 5F 2C 30 
43 5E 34 50 
[[22, 47, 46, 62], [35, 31, 53, 24], [2C, 5F, 2C, 30], [43, 5E, 34, 50]]
"5,CG1_^FS,4b$0P
Answer from Hex Matrix: 
[[22, 47, 46, 62], [35, 31, 53, 24], [2C, 5F, 2C, 30], [43, 5E, 34, 50]]

36 47 53 3E 
65 78 56 27 
30 65 61 5F 
7C 37 33 3E 
[[36, 47, 53, 3E], [65, 78, 56, 27], [30, 65, 61, 5F], [7C, 37, 33, 3E]]
6e0|Gxe7SVa3>'_>
Answer from Hex Matrix: 
[[36, 47, 53, 3E], [65, 78, 56, 27], [30, 65, 61, 5F], [7C, 37, 33, 3E]]

47 70 70 56 
72 59 7B 7A 
66 61 55 39 
46 49 51 29 
[[47, 70, 70, 56], [72, 59, 7B, 7A], [66, 61, 55, 39], [46, 49, 51, 29]]
GrfFpYaIp{UQVz9)
Answer from Hex Matrix: 
[[47, 70, 70, 56], [72, 59, 7B, 7A], [66, 61, 55, 39], [46, 49, 51, 29]]

7B 33 33 5E 
79 54 3F 77 
38 35 38 66 
34 5B 56 53 
[[7B, 33, 33, 5E], [79, 54, 3F, 77], [38, 35, 38, 66], [34, 5B, 56, 53]]
{y843T5[3?8V^wfS
Answer from Hex Matrix: 
[[7B, 33, 33, 5E], [79, 54, 3F, 77], [38, 35, 38, 66], [34, 5B, 56, 53]]

4D 6B 68 5B 
31 3C 52 50 
58 3E 47 2D 
24 27 60 43 
[[4D, 6B, 68, 5B], [31, 3C, 52, 50], [58, 3E, 47, 2D], [24, 27, 60, 43]]
M1X$k<>'hRG`[P-C
Answer from Hex Matrix: 
[[4D, 6B, 68, 5B], [31, 3C, 52, 50], [58, 3E, 47, 2D], [24, 27, 60, 43]]

38 3F 28 60 
22 66 26 33 
70 46 36 6A 
72 21 4B 79 
[[38, 3F, 28, 60], [22, 66, 26, 33], [70, 46, 36, 6A], [72, 21, 4B, 79]]
8"pr?fF!(&6K`3jy
Answer from Hex Matrix: 
[[38, 3F, 28, 60], [22, 66, 26, 33], [70, 46, 36, 6A], [72, 21, 4B, 79]]

4A 74 5B 3C 
3B 4F 41 3F 
78 52 5E 55 
30 78 3B 60 
[[4A, 74, 5B, 3C], [3B, 4F, 41, 3F], [78, 52, 5E, 55], [30, 78, 3B, 60]]
J;x0tORx[A^;<?U`
Answer from Hex Matrix: 
[[4A, 74, 5B, 3C], [3B, 4F, 41, 3F], [78, 52, 5E, 55], [30, 78, 3B, 60]]

69 6E 39 72 
4A 35 37 45 
7B 23 73 51 
33 4A 37 5A 
[[69, 6E, 39, 72], [4A, 35, 37, 45], [7B, 23, 73, 51], [33, 4A, 37, 5A]]
iJ{3n5#J97s7rEQZ
Answer from Hex Matrix: 
[[69, 6E, 39, 72], [4A, 35, 37, 45], [7B, 23, 73, 51], [33, 4A, 37, 5A]]

34 2A 5A 3F 
38 79 4B 2D 
42 77 5F 44 
46 44 43 35 
[[34, 2A, 5A, 3F], [38, 79, 4B, 2D], [42, 77, 5F, 44], [46, 44, 43, 35]]
48BF*ywDZK_C?-D5
Answer from Hex Matrix: 
[[34, 2A, 5A, 3F], [38, 79, 4B, 2D], [42, 77, 5F, 44], [46, 44, 43, 35]]

44 3E 53 26 
5A 28 5C 58 
5F 6A 74 60 
44 31 54 70 
[[44, 3E, 53, 26], [5A, 28, 5C, 58], [5F, 6A, 74, 60], [44, 31, 54, 70]]
DZ_D>(j1S\tT&X`p
Answer from Hex Matrix: 
[[44, 3E, 53, 26], [5A, 28, 5C, 58], [5F, 6A, 74, 60], [44, 31, 54, 70]]

4D 58 60 3F 
2D 29 79 76 
53 34 66 6D 
61 71 43 73 
[[4D, 58, 60, 3F], [2D, 29, 79, 76], [53, 34, 66, 6D], [61, 71, 43, 73]]
M-SaX)4q`yfC?vms
Answer from Hex Matrix: 
[[4D, 58, 60, 3F], [2D, 29, 79, 76], [53, 34, 66, 6D], [61, 71, 43, 73]]

3C 3E 2A 33 
21 3F 34 23 
25 61 30 38 
32 32 57 21 
[[3C, 3E, 2A, 33], [21, 3F, 34, 23], [25, 61, 30, 38], [32, 32, 57, 21]]
<!%2>?a2*40W3#8!
Answer from Hex Matrix: 
[[3C, 3E, 2A, 33], [21, 3F, 34, 23], [25, 61, 30, 38], [32, 32, 57, 21]]

42 5E 39 7B 
3E 4E 2E 78 
75 35 79 4A 
4E 62 5C 26 
[[42, 5E, 39, 7B], [3E, 4E, 2E, 78], [75, 35, 79, 4A], [4E, 62, 5C, 26]]
B>uN^N5b9.y\{xJ&
Answer from Hex Matrix: 
[[42, 5E, 39, 7B], [3E, 4E, 2E, 78], [75, 35, 79, 4A], [4E, 62, 5C, 26]]

4B 69 2B 57 
27 3C 53 48 
40 60 29 50 
68 6F 75 50 
[[4B, 69, 2B, 57], [27, 3C, 53, 48], [40, 60, 29, 50], [68, 6F, 75, 50]]
K'@hi<`o+S)uWHPP
Answer from Hex Matrix: 
[[4B, 69, 2B, 57], [27, 3C, 53, 48], [40, 60, 29, 50], [68, 6F, 75, 50]]

79 31 33 24 
5A 62 5F 3F 
37 59 78 56 
57 3E 5F 41 
[[79, 31, 33, 24], [5A, 62, 5F, 3F], [37, 59, 78, 56], [57, 3E, 5F, 41]]
yZ7W1bY>3_x_$?VA
Answer from Hex Matrix: 
[[79, 31, 33, 24], [5A, 62, 5F, 3F], [37, 59, 78, 56], [57, 3E, 5F, 41]]

4D 2B 52 57 
70 5C 4A 56 
3E 44 43 33 
46 6A 53 6F 
[[4D, 2B, 52, 57], [70, 5C, 4A, 56], [3E, 44, 43, 33], [46, 6A, 53, 6F]]
Mp>F+\DjRJCSWV3o
Answer from Hex Matrix: 
[[4D, 2B, 52, 57], [70, 5C, 4A, 56], [3E, 44, 43, 33], [46, 6A, 53, 6F]]

46 4F 2C 23 
6A 25 45 5E 
4D 37 27 68 
22 62 61 61 
[[46, 4F, 2C, 23], [6A, 25, 45, 5E], [4D, 37, 27, 68], [22, 62, 61, 61]]
FjM"O%7b,E'a#^ha
Answer from Hex Matrix: 
[[46, 4F, 2C, 23], [6A, 25, 45, 5E], [4D, 37, 27, 68], [22, 62, 61, 61]]

42 45 41 6B 
3D 51 62 78 
43 49 31 45 
21 2A 42 69 
[[42, 45, 41, 6B], [3D, 51, 62, 78], [43, 49, 31, 45], [21, 2A, 42, 69]]
B=C!EQI*Ab1BkxEi
Answer from Hex Matrix: 
[[42, 45, 41, 6B], [3D, 51, 62, 78], [43, 49, 31, 45], [21, 2A, 42, 69]]

42 31 4C 67 
30 6B 64 6B 
4E 43 62 68 
43 4A 6A 32 
[[42, 31, 4C, 67], [30, 6B, 64, 6B], [4E, 43, 62, 68], [43, 4A, 6A, 32]]
B0NC1kCJLdbjgkh2
Answer from Hex Matrix: 
[[42, 31, 4C, 67], [30, 6B, 64, 6B], [4E, 43, 62, 68], [43, 4A, 6A, 32]]

6B 67 76 47 
33 71 2A 53 
51 7D 49 4B 
4A 33 7A 73 
[[6B, 67, 76, 47], [33, 71, 2A, 53], [51, 7D, 49, 4B], [4A, 33, 7A, 73]]
k3QJgq}3v*IzGSKs
Answer from Hex Matrix: 
[[6B, 67, 76, 47], [33, 71, 2A, 53], [51, 7D, 49, 4B], [4A, 33, 7A, 73]]

46 65 45 47 
58 7A 66 21 
47 2E 6C 67 
56 5A 7C 3F 
[[46, 65, 45, 47], [58, 7A, 66, 21], [47, 2E, 6C, 67], [56, 5A, 7C, 3F]]
FXGVez.ZEfl|G!g?
Answer from Hex Matrix: 
[[46, 65, 45, 47], [58, 7A, 66, 21], [47, 2E, 6C, 67], [56, 5A, 7C, 3F]]

51 72 5A 32 
2F 24 43 2F 
51 26 62 47 
58 39 61 7D 
[[51, 72, 5A, 32], [2F, 24, 43, 2F], [51, 26, 62, 47], [58, 39, 61, 7D]]
Q/QXr$&9ZCba2/G}
Answer from Hex Matrix: 
[[51, 72, 5A, 32], [2F, 24, 43, 2F], [51, 26, 62, 47], [58, 39, 61, 7D]]

3D 33 4B 40 
58 40 78 51 
30 3D 5B 77 
34 65 3F 40 
[[3D, 33, 4B, 40], [58, 40, 78, 51], [30, 3D, 5B, 77], [34, 65, 3F, 40]]
=X043@=eKx[?@Qw@
Answer from Hex Matrix: 
[[3D, 33, 4B, 40], [58, 40, 78, 51], [30, 3D, 5B, 77], [34, 65, 3F, 40]]

5F 6A 43 56 
28 6D 40 58 
7A 44 71 71 
28 40 54 5E 
[[5F, 6A, 43, 56], [28, 6D, 40, 58], [7A, 44, 71, 71], [28, 40, 54, 5E]]
_(z(jmD@C@qTVXq^
Answer from Hex Matrix: 
[[5F, 6A, 43, 56], [28, 6D, 40, 58], [7A, 44, 71, 71], [28, 40, 54, 5E]]

41 71 5A 4B 
5A 78 34 56 
2E 3A 33 5F 
6B 5E 7C 7C 
[[41, 71, 5A, 4B], [5A, 78, 34, 56], [2E, 3A, 33, 5F], [6B, 5E, 7C, 7C]]
AZ.kqx:^Z43|KV_|
Answer from Hex Matrix: 
[[41, 71, 5A, 4B], [5A, 78, 34, 56], [2E, 3A, 33, 5F], [6B, 5E, 7C, 7C]]

50 31 3F 77 
2E 46 6A 5C 
6C 70 39 3A 
7C 35 2D 21 
[[50, 31, 3F, 77], [2E, 46, 6A, 5C], [6C, 70, 39, 3A], [7C, 35, 2D, 21]]
P.l|1Fp5?j9-w\:!
Answer from Hex Matrix: 
[[50, 31, 3F, 77], [2E, 46, 6A, 5C], [6C, 70, 39, 3A], [7C, 35, 2D, 21]]

3D 30 5B 67 
2F 45 34 39 
4A 65 34 2D 
25 54 30 2B 
[[3D, 30, 5B, 67], [2F, 45, 34, 39], [4A, 65, 34, 2D], [25, 54, 30, 2B]]
=/J%0EeT[440g9-+
Answer from Hex Matrix: 
[[3D, 30, 5B, 67], [2F, 45, 34, 39], [4A, 65, 34, 2D], [25, 54, 30, 2B]]

37 3F 38 25 
38 2D 61 66 
58 49 62 24 
48 48 43 42 
[[37, 3F, 38, 25], [38, 2D, 61, 66], [58, 49, 62, 24], [48, 48, 43, 42]]
78XH?-IH8abC%f$B
Answer from Hex Matrix: 
[[37, 3F, 38, 25], [38, 2D, 61, 66], [58, 49, 62, 24], [48, 48, 43, 42]]

71 27 2D 77 
5B 5C 40 4F 
54 45 30 38 
53 4C 71 67 
[[71, 27, 2D, 77], [5B, 5C, 40, 4F], [54, 45, 30, 38], [53, 4C, 71, 67]]
q[TS'\EL-@0qwO8g
Answer from Hex Matrix: 
[[71, 27, 2D, 77], [5B, 5C, 40, 4F], [54, 45, 30, 38], [53, 4C, 71, 67]]

2C 5E 5C 50 
3B 65 22 56 
3E 25 3F 7B 
54 3A 35 52 
[[2C, 5E, 5C, 50], [3B, 65, 22, 56], [3E, 25, 3F, 7B], [54, 3A, 35, 52]]
,;>T^e%:\"?5PV{R
Answer from Hex Matrix: 
[[2C, 5E, 5C, 50], [3B, 65, 22, 56], [3E, 25, 3F, 7B], [54, 3A, 35, 52]]

21 5D 7C 65 
24 63 6C 23 
74 74 61 2D 
5D 53 65 43 
[[21, 5D, 7C, 65], [24, 63, 6C, 23], [74, 74, 61, 2D], [5D, 53, 65, 43]]
!$t]]ctS|laee#-C
Answer from Hex Matrix: 
[[21, 5D, 7C, 65], [24, 63, 6C, 23], [74, 74, 61, 2D], [5D, 53, 65, 43]]

44 69 53 21 
66 5A 36 6B 
32 4A 45 2E 
7C 64 71 44 
[[44, 69, 53, 21], [66, 5A, 36, 6B], [32, 4A, 45, 2E], [7C, 64, 71, 44]]
Df2|iZJdS6Eq!k.D
Answer from Hex Matrix: 
[[44, 69, 53, 21], [66, 5A, 36, 6B], [32, 4A, 45, 2E], [7C, 64, 71, 44]]

3F 32 37 41 
4B 52 3F 74 
2B 28 65 70 
41 53 49 6C 
[[3F, 32, 37, 41], [4B, 52, 3F, 74], [2B, 28, 65, 70], [41, 53, 49, 6C]]
?K+A2R(S7?eIAtpl
Answer from Hex Matrix: 
[[3F, 32, 37, 41], [4B, 52, 3F, 74], [2B, 28, 65, 70], [41, 53, 49, 6C]]

2A 39 39 57 
5E 3C 45 74 
30 4A 46 77 
51 43 23 7A 
[[2A, 39, 39, 57], [5E, 3C, 45, 74], [30, 4A, 46, 77], [51, 43, 23, 7A]]
*^0Q9<JC9EF#Wtwz
Answer from Hex Matrix: 
[[2A, 39, 39, 57], [5E, 3C, 45, 74], [30, 4A, 46, 77], [51, 43, 23, 7A]]

25 75 54 45 
4F 76 2D 68 
23 48 61 61 
52 76 2B 51 
[[25, 75, 54, 45], [4F, 76, 2D, 68], [23, 48, 61, 61], [52, 76, 2B, 51]]
%O#RuvHvT-a+EhaQ
Answer from Hex Matrix: 
[[25, 75, 54, 45], [4F, 76, 2D, 68], [23, 48, 61, 61], [52, 76, 2B, 51]]

4C 2F 55 24 
6E 77 5C 70 
52 5C 54 7B 
36 3B 79 25 
[[4C, 2F, 55, 24], [6E, 77, 5C, 70], [52, 5C, 54, 7B], [36, 3B, 79, 25]]
LnR6/w\;U\Ty$p{%
Answer from Hex Matrix: 
[[4C, 2F, 55, 24], [6E, 77, 5C, 70], [52, 5C, 54, 7B], [36, 3B, 79, 25]]

64 7C 51 6A 
4E 70 33 66 
67 6B 51 58 
72 78 23 2A 
[[64, 7C, 51, 6A], [4E, 70, 33, 66], [67, 6B, 51, 58], [72, 78, 23, 2A]]
dNgr|pkxQ3Q#jfX*
Answer from Hex Matrix: 
[[64, 7C, 51, 6A], [4E, 70, 33, 66], [67, 6B, 51, 58], [72, 78, 23, 2A]]

4D 59 25 33 
27 3B 58 29 
5E 6A 4F 4E 
38 3D 66 55 
[[4D, 59, 25, 33], [27, 3B, 58, 29], [5E, 6A, 4F, 4E], [38, 3D, 66, 55]]
M'^8Y;j=%XOf3)NU
Answer from Hex Matrix: 
[[4D, 59, 25, 33], [27, 3B, 58, 29], [5E, 6A, 4F, 4E], [38, 3D, 66, 55]]

6E 35 3E 31 
36 2D 4A 69 
57 51 6F 29 
5A 73 53 44 
[[6E, 35, 3E, 31], [36, 2D, 4A, 69], [57, 51, 6F, 29], [5A, 73, 53, 44]]
n6WZ5-Qs>JoS1i)D
Answer from Hex Matrix: 
[[6E, 35, 3E, 31], [36, 2D, 4A, 69], [57, 51, 6F, 29], [5A, 73, 53, 44]]

46 72 69 23 
25 3D 31 51 
67 54 55 6B 
65 68 36 2D 
[[46, 72, 69, 23], [25, 3D, 31, 51], [67, 54, 55, 6B], [65, 68, 36, 2D]]
F%ger=Thi1U6#Qk-
Answer from Hex Matrix: 
[[46, 72, 69, 23], [25, 3D, 31, 51], [67, 54, 55, 6B], [65, 68, 36, 2D]]

50 52 5F 26 
6C 54 66 7D 
64 6F 37 24 
36 6A 34 62 
[[50, 52, 5F, 26], [6C, 54, 66, 7D], [64, 6F, 37, 24], [36, 6A, 34, 62]]
Pld6RToj_f74&}$b
Answer from Hex Matrix: 
[[50, 52, 5F, 26], [6C, 54, 66, 7D], [64, 6F, 37, 24], [36, 6A, 34, 62]]

2F 38 76 33 
79 41 5B 6F 
62 6E 6A 2F 
78 45 7D 27 
[[2F, 38, 76, 33], [79, 41, 5B, 6F], [62, 6E, 6A, 2F], [78, 45, 7D, 27]]
/ybx8AnEv[j}3o/'
Answer from Hex Matrix: 
[[2F, 38, 76, 33], [79, 41, 5B, 6F], [62, 6E, 6A, 2F], [78, 45, 7D, 27]]

24 3D 23 2D 
2E 7B 33 73 
40 71 47 74 
56 71 32 38 
[[24, 3D, 23, 2D], [2E, 7B, 33, 73], [40, 71, 47, 74], [56, 71, 32, 38]]
$.@V={qq#3G2-st8
Answer from Hex Matrix: 
[[24, 3D, 23, 2D], [2E, 7B, 33, 73], [40, 71, 47, 74], [56, 71, 32, 38]]

46 38 2F 78 
6E 49 74 42 
3E 74 63 43 
24 43 4F 59 
[[46, 38, 2F, 78], [6E, 49, 74, 42], [3E, 74, 63, 43], [24, 43, 4F, 59]]
Fn>$8ItC/tcOxBCY
Answer from Hex Matrix: 
[[46, 38, 2F, 78], [6E, 49, 74, 42], [3E, 74, 63, 43], [24, 43, 4F, 59]]

51 69 75 7D 
43 7C 22 78 
2B 70 7C 40 
21 4F 26 4C 
[[51, 69, 75, 7D], [43, 7C, 22, 78], [2B, 70, 7C, 40], [21, 4F, 26, 4C]]
QC+!i|pOu"|&}x@L
Answer from Hex Matrix: 
[[51, 69, 75, 7D], [43, 7C, 22, 78], [2B, 70, 7C, 40], [21, 4F, 26, 4C]]

5C 39 7C 67 
42 34 73 5E 
5B 22 42 59 
7A 73 35 2C 
[[5C, 39, 7C, 67], [42, 34, 73, 5E], [5B, 22, 42, 59], [7A, 73, 35, 2C]]
\B[z94"s|sB5g^Y,
Answer from Hex Matrix: 
[[5C, 39, 7C, 67], [42, 34, 73, 5E], [5B, 22, 42, 59], [7A, 73, 35, 2C]]

4B 3D 5E 32 
4C 25 24 41 
57 77 2C 21 
68 33 55 43 
[[4B, 3D, 5E, 32], [4C, 25, 24, 41], [57, 77, 2C, 21], [68, 33, 55, 43]]
KLWh=%w3^$,U2A!C
Answer from Hex Matrix: 
[[4B, 3D, 5E, 32], [4C, 25, 24, 41], [57, 77, 2C, 21], [68, 33, 55, 43]]

44 35 39 26 
74 54 28 78 
46 69 5B 4B 
2D 50 68 34 
[[44, 35, 39, 26], [74, 54, 28, 78], [46, 69, 5B, 4B], [2D, 50, 68, 34]]
DtF-5TiP9([h&xK4
Answer from Hex Matrix: 
[[44, 35, 39, 26], [74, 54, 28, 78], [46, 69, 5B, 4B], [2D, 50, 68, 34]]

5A 42 6E 7C 
69 72 46 36 
65 35 27 6D 
7C 57 4A 3A 
[[5A, 42, 6E, 7C], [69, 72, 46, 36], [65, 35, 27, 6D], [7C, 57, 4A, 3A]]
Zie|Br5WnF'J|6m:
Answer from Hex Matrix: 
[[5A, 42, 6E, 7C], [69, 72, 46, 36], [65, 35, 27, 6D], [7C, 57, 4A, 3A]]

30 37 2F 48 
43 52 5E 2F 
37 2F 32 67 
44 46 6E 76 
[[30, 37, 2F, 48], [43, 52, 5E, 2F], [37, 2F, 32, 67], [44, 46, 6E, 76]]
0C7D7R/F/^2nH/gv
Answer from Hex Matrix: 
[[30, 37, 2F, 48], [43, 52, 5E, 2F], [37, 2F, 32, 67], [44, 46, 6E, 76]]

43 38 31 30 
66 64 46 7C 
32 52 3E 21 
26 33 25 6A 
[[43, 38, 31, 30], [66, 64, 46, 7C], [32, 52, 3E, 21], [26, 33, 25, 6A]]
Cf2&8dR31F>%0|!j
Answer from Hex Matrix: 
[[43, 38, 31, 30], [66, 64, 46, 7C], [32, 52, 3E, 21], [26, 33, 25, 6A]]

4B 6E 33 45 
6F 53 75 76 
26 41 49 4A 
5C 27 44 54 
[[4B, 6E, 33, 45], [6F, 53, 75, 76], [26, 41, 49, 4A], [5C, 27, 44, 54]]
Ko&\nSA'3uIDEvJT
Answer from Hex Matrix: 
[[4B, 6E, 33, 45], [6F, 53, 75, 76], [26, 41, 49, 4A], [5C, 27, 44, 54]]

39 3B 69 32 
63 72 6E 5D 
3B 3A 3E 7D 
46 7D 3A 5B 
[[39, 3B, 69, 32], [63, 72, 6E, 5D], [3B, 3A, 3E, 7D], [46, 7D, 3A, 5B]]
9c;F;r:}in>:2]}[
Answer from Hex Matrix: 
[[39, 3B, 69, 32], [63, 72, 6E, 5D], [3B, 3A, 3E, 7D], [46, 7D, 3A, 5B]]

79 56 3B 25 
4B 61 79 57 
63 67 39 6A 
60 38 5A 35 
[[79, 56, 3B, 25], [4B, 61, 79, 57], [63, 67, 39, 6A], [60, 38, 5A, 35]]
yKc`Vag8;y9Z%Wj5
Answer from Hex Matrix: 
[[79, 56, 3B, 25], [4B, 61, 79, 57], [63, 67, 39, 6A], [60, 38, 5A, 35]]

3D 5F 4E 3F 
72 44 31 59 
59 4E 57 54 
3B 50 2C 76 
[[3D, 5F, 4E, 3F], [72, 44, 31, 59], [59, 4E, 57, 54], [3B, 50, 2C, 76]]
=rY;_DNPN1W,?YTv
Answer from Hex Matrix: 
[[3D, 5F, 4E, 3F], [72, 44, 31, 59], [59, 4E, 57, 54], [3B, 50, 2C, 76]]

7A 35 68 59 
4A 78 27 38 
2D 5A 46 48 
31 62 31 2A 
[[7A, 35, 68, 59], [4A, 78, 27, 38], [2D, 5A, 46, 48], [31, 62, 31, 2A]]
zJ-15xZbh'F1Y8H*
Answer from Hex Matrix: 
[[7A, 35, 68, 59], [4A, 78, 27, 38], [2D, 5A, 46, 48], [31, 62, 31, 2A]]

48 43 7D 51 
73 65 7D 48 
4D 2D 44 37 
32 79 3D 2D 
[[48, 43, 7D, 51], [73, 65, 7D, 48], [4D, 2D, 44, 37], [32, 79, 3D, 2D]]
HsM2Ce-y}}D=QH7-
Answer from Hex Matrix: 
[[48, 43, 7D, 51], [73, 65, 7D, 48], [4D, 2D, 44, 37], [32, 79, 3D, 2D]]

39 35 68 6A 
70 7C 24 75 
48 26 29 27 
76 52 35 42 
[[39, 35, 68, 6A], [70, 7C, 24, 75], [48, 26, 29, 27], [76, 52, 35, 42]]
9pHv5|&Rh$)5ju'B
Answer from Hex Matrix: 
[[39, 35, 68, 6A], [70, 7C, 24, 75], [48, 26, 29, 27], [76, 52, 35, 42]]

73 56 2C 28 
79 3A 28 72 
3B 68 52 69 
6F 2D 50 6F 
[[73, 56, 2C, 28], [79, 3A, 28, 72], [3B, 68, 52, 69], [6F, 2D, 50, 6F]]
sy;oV:h-,(RP(rio
Answer from Hex Matrix: 
[[73, 56, 2C, 28], [79, 3A, 28, 72], [3B, 68, 52, 69], [6F, 2D, 50, 6F]]

4F 57 74 41 
36 73 27 34 
55 39 71 41 
24 65 69 28 
[[4F, 57, 74, 41], [36, 73, 27, 34], [55, 39, 71, 41], [24, 65, 69, 28]]
O6U$Ws9et'qiA4A(
Answer from Hex Matrix: 
[[4F, 57, 74, 41], [36, 73, 27, 34], [55, 39, 71, 41], [24, 65, 69, 28]]

45 35 31 75 
2C 61 2D 3A 
6D 73 35 43 
4C 75 63 31 
[[45, 35, 31, 75], [2C, 61, 2D, 3A], [6D, 73, 35, 43], [4C, 75, 63, 31]]
E,mL5asu1-5cu:C1
Answer from Hex Matrix: 
[[45, 35, 31, 75], [2C, 61, 2D, 3A], [6D, 73, 35, 43], [4C, 75, 63, 31]]

6B 22 62 31 
6C 78 4D 3F 
35 35 3F 27 
5D 6B 41 62 
[[6B, 22, 62, 31], [6C, 78, 4D, 3F], [35, 35, 3F, 27], [5D, 6B, 41, 62]]
kl5]"x5kbM?A1?'b
Answer from Hex Matrix: 
[[6B, 22, 62, 31], [6C, 78, 4D, 3F], [35, 35, 3F, 27], [5D, 6B, 41, 62]]

7A 6F 77 69 
47 49 71 5F 
3F 2F 5D 5F 
70 43 3F 36 
[[7A, 6F, 77, 69], [47, 49, 71, 5F], [3F, 2F, 5D, 5F], [70, 43, 3F, 36]]
zG?poI/Cwq]?i__6
Answer from Hex Matrix: 
[[7A, 6F, 77, 69], [47, 49, 71, 5F], [3F, 2F, 5D, 5F], [70, 43, 3F, 36]]

42 2A 76 55 
40 3D 71 41 
69 47 29 50 
34 31 3F 40 
[[42, 2A, 76, 55], [40, 3D, 71, 41], [69, 47, 29, 50], [34, 31, 3F, 40]]
B@i4*=G1vq)?UAP@
Answer from Hex Matrix: 
[[42, 2A, 76, 55], [40, 3D, 71, 41], [69, 47, 29, 50], [34, 31, 3F, 40]]

3D 76 6B 49 
3A 3B 2B 79 
43 39 59 4F 
65 47 2B 29 
[[3D, 76, 6B, 49], [3A, 3B, 2B, 79], [43, 39, 59, 4F], [65, 47, 2B, 29]]
=:Cev;9Gk+Y+IyO)
Answer from Hex Matrix: 
[[3D, 76, 6B, 49], [3A, 3B, 2B, 79], [43, 39, 59, 4F], [65, 47, 2B, 29]]

66 35 5F 5B 
29 4F 7C 67 
24 2C 57 4D 
2F 23 3A 41 
[[66, 35, 5F, 5B], [29, 4F, 7C, 67], [24, 2C, 57, 4D], [2F, 23, 3A, 41]]
f)$/5O,#_|W:[gMA
Answer from Hex Matrix: 
[[66, 35, 5F, 5B], [29, 4F, 7C, 67], [24, 2C, 57, 4D], [2F, 23, 3A, 41]]

38 68 60 33 
2F 54 32 67 
4E 2D 77 53 
78 75 40 32 
[[38, 68, 60, 33], [2F, 54, 32, 67], [4E, 2D, 77, 53], [78, 75, 40, 32]]
8/NxhT-u`2w@3gS2
Answer from Hex Matrix: 
[[38, 68, 60, 33], [2F, 54, 32, 67], [4E, 2D, 77, 53], [78, 75, 40, 32]]

41 3E 61 38 
28 5B 52 59 
24 72 29 69 
5B 38 3F 5A 
[[41, 3E, 61, 38], [28, 5B, 52, 59], [24, 72, 29, 69], [5B, 38, 3F, 5A]]
A($[>[r8aR)?8YiZ
Answer from Hex Matrix: 
[[41, 3E, 61, 38], [28, 5B, 52, 59], [24, 72, 29, 69], [5B, 38, 3F, 5A]]

73 2B 63 59 
6B 62 40 76 
43 40 38 43 
44 40 76 3E 
[[73, 2B, 63, 59], [6B, 62, 40, 76], [43, 40, 38, 43], [44, 40, 76, 3E]]
skCD+b@@c@8vYvC>
Answer from Hex Matrix: 
[[73, 2B, 63, 59], [6B, 62, 40, 76], [43, 40, 38, 43], [44, 40, 76, 3E]]

4F 5E 7A 5A 
51 6E 65 2B 
73 63 45 6C 
38 4B 6D 41 
[[4F, 5E, 7A, 5A], [51, 6E, 65, 2B], [73, 63, 45, 6C], [38, 4B, 6D, 41]]
OQs8^ncKzeEmZ+lA
Answer from Hex Matrix: 
[[4F, 5E, 7A, 5A], [51, 6E, 65, 2B], [73, 63, 45, 6C], [38, 4B, 6D, 41]]

55 5C 6C 64 
5C 68 33 26 
76 53 67 21 
36 5D 46 66 
[[55, 5C, 6C, 64], [5C, 68, 33, 26], [76, 53, 67, 21], [36, 5D, 46, 66]]
U\v6\hS]l3gFd&!f
Answer from Hex Matrix: 
[[55, 5C, 6C, 64], [5C, 68, 33, 26], [76, 53, 67, 21], [36, 5D, 46, 66]]

42 2A 7C 75 
79 56 5D 56 
65 28 57 5B 
2E 71 6A 24 
[[42, 2A, 7C, 75], [79, 56, 5D, 56], [65, 28, 57, 5B], [2E, 71, 6A, 24]]
Bye.*V(q|]WjuV[$
Answer from Hex Matrix: 
[[42, 2A, 7C, 75], [79, 56, 5D, 56], [65, 28, 57, 5B], [2E, 71, 6A, 24]]

53 43 49 6D 
23 21 41 21 
69 25 40 40 
26 4B 42 73 
[[53, 43, 49, 6D], [23, 21, 41, 21], [69, 25, 40, 40], [26, 4B, 42, 73]]
S#i&C!%KIA@Bm!@s
Answer from Hex Matrix: 
[[53, 43, 49, 6D], [23, 21, 41, 21], [69, 25, 40, 40], [26, 4B, 42, 73]]

2A 48 77 56 
2F 71 58 7A 
7C 68 3F 62 
7B 39 6F 4F 
[[2A, 48, 77, 56], [2F, 71, 58, 7A], [7C, 68, 3F, 62], [7B, 39, 6F, 4F]]
*/|{Hqh9wX?oVzbO
Answer from Hex Matrix: 
[[2A, 48, 77, 56], [2F, 71, 58, 7A], [7C, 68, 3F, 62], [7B, 39, 6F, 4F]]

63 54 4C 59 
6F 47 42 4F 
43 4C 28 57 
28 2B 29 6D 
[[63, 54, 4C, 59], [6F, 47, 42, 4F], [43, 4C, 28, 57], [28, 2B, 29, 6D]]
coC(TGL+LB()YOWm
Answer from Hex Matrix: 
[[63, 54, 4C, 59], [6F, 47, 42, 4F], [43, 4C, 28, 57], [28, 2B, 29, 6D]]

57 36 7A 52 
33 77 5E 6B 
4C 68 74 49 
53 4F 71 7B 
[[57, 36, 7A, 52], [33, 77, 5E, 6B], [4C, 68, 74, 49], [53, 4F, 71, 7B]]
W3LS6whOz^tqRkI{
Answer from Hex Matrix: 
[[57, 36, 7A, 52], [33, 77, 5E, 6B], [4C, 68, 74, 49], [53, 4F, 71, 7B]]

28 67 2C 58 
43 70 33 4B 
34 53 7C 25 
42 67 47 4A 
[[28, 67, 2C, 58], [43, 70, 33, 4B], [34, 53, 7C, 25], [42, 67, 47, 4A]]
(C4BgpSg,3|GXK%J
Answer from Hex Matrix: 
[[28, 67, 2C, 58], [43, 70, 33, 4B], [34, 53, 7C, 25], [42, 67, 47, 4A]]

68 35 55 28 
39 2E 64 65 
39 26 22 55 
30 61 2F 5A 
[[68, 35, 55, 28], [39, 2E, 64, 65], [39, 26, 22, 55], [30, 61, 2F, 5A]]
h9905.&aUd"/(eUZ
Answer from Hex Matrix: 
[[68, 35, 55, 28], [39, 2E, 64, 65], [39, 26, 22, 55], [30, 61, 2F, 5A]]

2C 4A 7B 3A 
37 68 62 49 
29 76 44 79 
64 5D 6B 61 
[[2C, 4A, 7B, 3A], [37, 68, 62, 49], [29, 76, 44, 79], [64, 5D, 6B, 61]]
,7)dJhv]{bDk:Iya
Answer from Hex Matrix: 
[[2C, 4A, 7B, 3A], [37, 68, 62, 49], [29, 76, 44, 79], [64, 5D, 6B, 61]]

77 4E 2C 52 
75 44 3B 56 
62 36 23 31 
71 45 24 30 
[[77, 4E, 2C, 52], [75, 44, 3B, 56], [62, 36, 23, 31], [71, 45, 24, 30]]
wubqND6E,;#$RV10
Answer from Hex Matrix: 
[[77, 4E, 2C, 52], [75, 44, 3B, 56], [62, 36, 23, 31], [71, 45, 24, 30]]

31 71 37 75 
2D 7C 41 67 
72 71 65 30 
7B 6E 5F 36 
[[31, 71, 37, 75], [2D, 7C, 41, 67], [72, 71, 65, 30], [7B, 6E, 5F, 36]]
1-r{q|qn7Ae_ug06
Answer from Hex Matrix: 
[[31, 71, 37, 75], [2D, 7C, 41, 67], [72, 71, 65, 30], [7B, 6E, 5F, 36]]

26 4B 34 52 
4D 3F 79 73 
36 28 3E 43 
68 75 6B 76 
[[26, 4B, 34, 52], [4D, 3F, 79, 73], [36, 28, 3E, 43], [68, 75, 6B, 76]]
&M6hK?(u4y>kRsCv
Answer from Hex Matrix: 
[[26, 4B, 34, 52], [4D, 3F, 79, 73], [36, 28, 3E, 43], [68, 75, 6B, 76]]

27 74 31 57 
77 6E 6F 69 
3E 2A 2B 2A 
68 47 6B 5F 
[[27, 74, 31, 57], [77, 6E, 6F, 69], [3E, 2A, 2B, 2A], [68, 47, 6B, 5F]]
'w>htn*G1o+kWi*_
Answer from Hex Matrix: 
[[27, 74, 31, 57], [77, 6E, 6F, 69], [3E, 2A, 2B, 2A], [68, 47, 6B, 5F]]

26 6C 2D 55 
50 57 7B 50 
54 49 22 35 
62 4F 23 66 
[[26, 6C, 2D, 55], [50, 57, 7B, 50], [54, 49, 22, 35], [62, 4F, 23, 66]]
&PTblWIO-{"#UP5f
Answer from Hex Matrix: 
[[26, 6C, 2D, 55], [50, 57, 7B, 50], [54, 49, 22, 35], [62, 4F, 23, 66]]

26 28 5B 68 
57 6C 35 44 
23 2D 22 45 
71 23 39 38 
[[26, 28, 5B, 68], [57, 6C, 35, 44], [23, 2D, 22, 45], [71, 23, 39, 38]]
&W#q(l-#[5"9hDE8
Answer from Hex Matrix: 
[[26, 28, 5B, 68], [57, 6C, 35, 44], [23, 2D, 22, 45], [71, 23, 39, 38]]

5E 54 6A 37 
46 59 37 52 
6A 5D 77 60 
52 62 6E 7A 
[[5E, 54, 6A, 37], [46, 59, 37, 52], [6A, 5D, 77, 60], [52, 62, 6E, 7A]]
^FjRTY]bj7wn7R`z
Answer from Hex Matrix: 
[[5E, 54, 6A, 37], [46, 59, 37, 52], [6A, 5D, 77, 60], [52, 62, 6E, 7A]]

51 6A 2E 78 
24 40 62 57 
66 6D 30 7A 
2F 70 5E 27 
[[51, 6A, 2E, 78], [24, 40, 62, 57], [66, 6D, 30, 7A], [2F, 70, 5E, 27]]
Q$f/j@mp.b0^xWz'
Answer from Hex Matrix: 
[[51, 6A, 2E, 78], [24, 40, 62, 57], [66, 6D, 30, 7A], [2F, 70, 5E, 27]]

41 71 4F 23 
5B 56 32 64 
60 52 3D 63 
34 76 34 64 
[[41, 71, 4F, 23], [5B, 56, 32, 64], [60, 52, 3D, 63], [34, 76, 34, 64]]
A[`4qVRvO2=4#dcd
Answer from Hex Matrix: 
[[41, 71, 4F, 23], [5B, 56, 32, 64], [60, 52, 3D, 63], [34, 76, 34, 64]]

7D 73 27 53 
39 66 65 68 
2F 52 5D 22 
7A 63 3A 58 
[[7D, 73, 27, 53], [39, 66, 65, 68], [2F, 52, 5D, 22], [7A, 63, 3A, 58]]
}9/zsfRc'e]:Sh"X
Answer from Hex Matrix: 
[[7D, 73, 27, 53], [39, 66, 65, 68], [2F, 52, 5D, 22], [7A, 63, 3A, 58]]

5D 74 2A 52 
46 6E 4F 46 
39 6C 41 5D 
37 7B 42 3C 
[[5D, 74, 2A, 52], [46, 6E, 4F, 46], [39, 6C, 41, 5D], [37, 7B, 42, 3C]]
]F97tnl{*OABRF]<
Answer from Hex Matrix: 
[[5D, 74, 2A, 52], [46, 6E, 4F, 46], [39, 6C, 41, 5D], [37, 7B, 42, 3C]]

43 5C 63 3D 
7C 3A 22 41 
5F 56 77 76 
29 6E 23 77 
[[43, 5C, 63, 3D], [7C, 3A, 22, 41], [5F, 56, 77, 76], [29, 6E, 23, 77]]
C|_)\:Vnc"w#=Avw
Answer from Hex Matrix: 
[[43, 5C, 63, 3D], [7C, 3A, 22, 41], [5F, 56, 77, 76], [29, 6E, 23, 77]]

6B 58 5F 56 
75 70 4E 44 
3C 4D 41 34 
58 28 30 26 
[[6B, 58, 5F, 56], [75, 70, 4E, 44], [3C, 4D, 41, 34], [58, 28, 30, 26]]
ku<XXpM(_NA0VD4&
Answer from Hex Matrix: 
[[6B, 58, 5F, 56], [75, 70, 4E, 44], [3C, 4D, 41, 34], [58, 28, 30, 26]]

5F 3D 41 6E 
3B 68 72 56 
22 7A 31 62 
42 2F 60 62 
[[5F, 3D, 41, 6E], [3B, 68, 72, 56], [22, 7A, 31, 62], [42, 2F, 60, 62]]
_;"B=hz/Ar1`nVbb
Answer from Hex Matrix: 
[[5F, 3D, 41, 6E], [3B, 68, 72, 56], [22, 7A, 31, 62], [42, 2F, 60, 62]]

73 52 7D 77 
52 65 49 61 
4D 3A 4B 72 
73 54 55 3B 
[[73, 52, 7D, 77], [52, 65, 49, 61], [4D, 3A, 4B, 72], [73, 54, 55, 3B]]
sRMsRe:T}IKUwar;
Answer from Hex Matrix: 
[[73, 52, 7D, 77], [52, 65, 49, 61], [4D, 3A, 4B, 72], [73, 54, 55, 3B]]

57 3C 29 61 
41 59 70 5A 
44 37 62 32 
2B 5F 29 5C 
[[57, 3C, 29, 61], [41, 59, 70, 5A], [44, 37, 62, 32], [2B, 5F, 29, 5C]]
WAD+<Y7_)pb)aZ2\
Answer from Hex Matrix: 
[[57, 3C, 29, 61], [41, 59, 70, 5A], [44, 37, 62, 32], [2B, 5F, 29, 5C]]

79 34 78 71 
24 58 24 4B 
6C 37 2A 6D 
2E 5F 34 55 
[[79, 34, 78, 71], [24, 58, 24, 4B], [6C, 37, 2A, 6D], [2E, 5F, 34, 55]]
y$l.4X7_x$*4qKmU
Answer from Hex Matrix: 
[[79, 34, 78, 71], [24, 58, 24, 4B], [6C, 37, 2A, 6D], [2E, 5F, 34, 55]]

24 5C 46 4B 
79 3F 26 5B 
4A 48 6B 26 
6D 70 5E 39 
[[24, 5C, 46, 4B], [79, 3F, 26, 5B], [4A, 48, 6B, 26], [6D, 70, 5E, 39]]
$yJm\?HpF&k^K[&9
Answer from Hex Matrix: 
[[24, 5C, 46, 4B], [79, 3F, 26, 5B], [4A, 48, 6B, 26], [6D, 70, 5E, 39]]

37 67 53 26 
3D 79 25 5C 
74 43 53 60 
65 47 6E 30 
[[37, 67, 53, 26], [3D, 79, 25, 5C], [74, 43, 53, 60], [65, 47, 6E, 30]]
7=tegyCGS%Sn&\`0
Answer from Hex Matrix: 
[[37, 67, 53, 26], [3D, 79, 25, 5C], [74, 43, 53, 60], [65, 47, 6E, 30]]

7C 25 5B 2B 
5A 28 42 4F 
2D 5E 21 6F 
77 4C 68 41 
[[7C, 25, 5B, 2B], [5A, 28, 42, 4F], [2D, 5E, 21, 6F], [77, 4C, 68, 41]]
|Z-w%(^L[B!h+OoA
Answer from Hex Matrix: 
[[7C, 25, 5B, 2B], [5A, 28, 42, 4F], [2D, 5E, 21, 6F], [77, 4C, 68, 41]]

70 2F 79 77 
6E 57 30 32 
40 60 2D 6F 
68 44 2F 54 
[[70, 2F, 79, 77], [6E, 57, 30, 32], [40, 60, 2D, 6F], [68, 44, 2F, 54]]
pn@h/W`Dy0-/w2oT
Answer from Hex Matrix: 
[[70, 2F, 79, 77], [6E, 57, 30, 32], [40, 60, 2D, 6F], [68, 44, 2F, 54]]

48 50 4A 3B 
23 62 6D 77 
35 4B 63 2B 
36 75 2D 28 
[[48, 50, 4A, 3B], [23, 62, 6D, 77], [35, 4B, 63, 2B], [36, 75, 2D, 28]]
H#56PbKuJmc-;w+(
Answer from Hex Matrix: 
[[48, 50, 4A, 3B], [23, 62, 6D, 77], [35, 4B, 63, 2B], [36, 75, 2D, 28]]

46 2B 29 79 
35 54 58 2F 
76 34 3D 72 
31 3D 71 66 
[[46, 2B, 29, 79], [35, 54, 58, 2F], [76, 34, 3D, 72], [31, 3D, 71, 66]]
F5v1+T4=)X=qy/rf
Answer from Hex Matrix: 
[[46, 2B, 29, 79], [35, 54, 58, 2F], [76, 34, 3D, 72], [31, 3D, 71, 66]]

3E 7C 3E 6A 
62 69 5E 48 
44 70 36 7C 
2D 53 52 50 
[[3E, 7C, 3E, 6A], [62, 69, 5E, 48], [44, 70, 36, 7C], [2D, 53, 52, 50]]
>bD-|ipS>^6RjH|P
Answer from Hex Matrix: 
[[3E, 7C, 3E, 6A], [62, 69, 5E, 48], [44, 70, 36, 7C], [2D, 53, 52, 50]]

6A 3C 74 6E 
60 38 4E 3F 
7B 3F 29 3E 
3F 43 76 2C 
[[6A, 3C, 74, 6E], [60, 38, 4E, 3F], [7B, 3F, 29, 3E], [3F, 43, 76, 2C]]
j`{?<8?CtN)vn?>,
Answer from Hex Matrix: 
[[6A, 3C, 74, 6E], [60, 38, 4E, 3F], [7B, 3F, 29, 3E], [3F, 43, 76, 2C]]

30 24 5D 35 
51 73 29 33 
6C 68 5D 4C 
38 5E 4F 36 
[[30, 24, 5D, 35], [51, 73, 29, 33], [6C, 68, 5D, 4C], [38, 5E, 4F, 36]]
0Ql8$sh^])]O53L6
Answer from Hex Matrix: 
[[30, 24, 5D, 35], [51, 73, 29, 33], [6C, 68, 5D, 4C], [38, 5E, 4F, 36]]

39 32 3E 38 
72 4B 7C 42 
59 25 57 3A 
2E 2F 72 2B 
[[39, 32, 3E, 38], [72, 4B, 7C, 42], [59, 25, 57, 3A], [2E, 2F, 72, 2B]]
9rY.2K%/>|Wr8B:+
Answer from Hex Matrix: 
[[39, 32, 3E, 38], [72, 4B, 7C, 42], [59, 25, 57, 3A], [2E, 2F, 72, 2B]]

7C 48 23 2C 
37 39 30 3A 
69 51 66 26 
4B 4F 3A 56 
[[7C, 48, 23, 2C], [37, 39, 30, 3A], [69, 51, 66, 26], [4B, 4F, 3A, 56]]
|7iKH9QO#0f:,:&V
Answer from Hex Matrix: 
[[7C, 48, 23, 2C], [37, 39, 30, 3A], [69, 51, 66, 26], [4B, 4F, 3A, 56]]

54 28 41 47 
30 2D 70 52 
51 73 49 7A 
75 49 46 48 
[[54, 28, 41, 47], [30, 2D, 70, 52], [51, 73, 49, 7A], [75, 49, 46, 48]]
T0Qu(-sIApIFGRzH
Answer from Hex Matrix: 
[[54, 28, 41, 47], [30, 2D, 70, 52], [51, 73, 49, 7A], [75, 49, 46, 48]]

35 23 65 41 
50 3A 5E 74 
22 37 58 4E 
51 54 32 5F 
[[35, 23, 65, 41], [50, 3A, 5E, 74], [22, 37, 58, 4E], [51, 54, 32, 5F]]
5P"Q#:7Te^X2AtN_
Answer from Hex Matrix: 
[[35, 23, 65, 41], [50, 3A, 5E, 74], [22, 37, 58, 4E], [51, 54, 32, 5F]]

2F 68 64 6E 
62 2D 40 41 
76 25 72 4C 
52 64 6E 7A 
[[2F, 68, 64, 6E], [62, 2D, 40, 41], [76, 25, 72, 4C], [52, 64, 6E, 7A]]
/bvRh-%dd@rnnALz
Answer from Hex Matrix: 
[[2F, 68, 64, 6E], [62, 2D, 40, 41], [76, 25, 72, 4C], [52, 64, 6E, 7A]]

7C 2B 3D 52 
67 21 73 73 
31 3A 23 6E 
5A 69 28 2B 
[[7C, 2B, 3D, 52], [67, 21, 73, 73], [31, 3A, 23, 6E], [5A, 69, 28, 2B]]
|g1Z+!:i=s#(Rsn+
Answer from Hex Matrix: 
[[7C, 2B, 3D, 52], [67, 21, 73, 73], [31, 3A, 23, 6E], [5A, 69, 28, 2B]]

28 79 2F 79 
2B 5D 6D 34 
31 63 76 2F 
51 43 25 70 
[[28, 79, 2F, 79], [2B, 5D, 6D, 34], [31, 63, 76, 2F], [51, 43, 25, 70]]
(+1Qy]cC/mv%y4/p
Answer from Hex Matrix: 
[[28, 79, 2F, 79], [2B, 5D, 6D, 34], [31, 63, 76, 2F], [51, 43, 25, 70]]

63 40 36 38 
21 6A 45 63 
38 34 61 6C 
4B 22 6B 28 
[[63, 40, 36, 38], [21, 6A, 45, 63], [38, 34, 61, 6C], [4B, 22, 6B, 28]]
c!8K@j4"6Eak8cl(
Answer from Hex Matrix: 
[[63, 40, 36, 38], [21, 6A, 45, 63], [38, 34, 61, 6C], [4B, 22, 6B, 28]]

27 7C 61 5E 
27 78 22 30 
6A 6A 56 3D 
42 58 64 44 
[[27, 7C, 61, 5E], [27, 78, 22, 30], [6A, 6A, 56, 3D], [42, 58, 64, 44]]
''jB|xjXa"Vd^0=D
Answer from Hex Matrix: 
[[27, 7C, 61, 5E], [27, 78, 22, 30], [6A, 6A, 56, 3D], [42, 58, 64, 44]]

4F 6A 55 42 
2B 37 49 4C 
58 2B 3E 40 
49 25 30 5C 
[[4F, 6A, 55, 42], [2B, 37, 49, 4C], [58, 2B, 3E, 40], [49, 25, 30, 5C]]
O+XIj7+%UI>0BL@\
Answer from Hex Matrix: 
[[4F, 6A, 55, 42], [2B, 37, 49, 4C], [58, 2B, 3E, 40], [49, 25, 30, 5C]]

70 2E 66 72 
36 4A 55 5E 
5C 22 5F 70 
2C 42 6E 6B 
[[70, 2E, 66, 72], [36, 4A, 55, 5E], [5C, 22, 5F, 70], [2C, 42, 6E, 6B]]
p6\,.J"BfU_nr^pk
Answer from Hex Matrix: 
[[70, 2E, 66, 72], [36, 4A, 55, 5E], [5C, 22, 5F, 70], [2C, 42, 6E, 6B]]

41 26 35 57 
37 7A 39 2F 
32 3D 5E 7B 
68 32 29 2F 
[[41, 26, 35, 57], [37, 7A, 39, 2F], [32, 3D, 5E, 7B], [68, 32, 29, 2F]]
A72h&z=259^)W/{/
Answer from Hex Matrix: 
[[41, 26, 35, 57], [37, 7A, 39, 2F], [32, 3D, 5E, 7B], [68, 32, 29, 2F]]

4E 5F 6A 4F 
69 6B 76 29 
2C 7D 3F 5F 
44 53 6D 22 
[[4E, 5F, 6A, 4F], [69, 6B, 76, 29], [2C, 7D, 3F, 5F], [44, 53, 6D, 22]]
Ni,D_k}Sjv?mO)_"
Answer from Hex Matrix: 
[[4E, 5F, 6A, 4F], [69, 6B, 76, 29], [2C, 7D, 3F, 5F], [44, 53, 6D, 22]]

67 61 47 2E 
66 54 7B 6E 
62 55 4D 5E 
4B 28 6E 74 
[[67, 61, 47, 2E], [66, 54, 7B, 6E], [62, 55, 4D, 5E], [4B, 28, 6E, 74]]
gfbKaTU(G{Mn.n^t
Answer from Hex Matrix: 
[[67, 61, 47, 2E], [66, 54, 7B, 6E], [62, 55, 4D, 5E], [4B, 28, 6E, 74]]

34 25 57 56 
27 5B 24 2D 
7D 44 65 71 
6D 61 2C 34 
[[34, 25, 57, 56], [27, 5B, 24, 2D], [7D, 44, 65, 71], [6D, 61, 2C, 34]]
4'}m%[DaW$e,V-q4
Answer from Hex Matrix: 
[[34, 25, 57, 56], [27, 5B, 24, 2D], [7D, 44, 65, 71], [6D, 61, 2C, 34]]

60 49 23 56 
4B 5C 35 7C 
4F 33 2A 35 
4D 21 48 72 
[[60, 49, 23, 56], [4B, 5C, 35, 7C], [4F, 33, 2A, 35], [4D, 21, 48, 72]]
`KOMI\3!#5*HV|5r
Answer from Hex Matrix: 
[[60, 49, 23, 56], [4B, 5C, 35, 7C], [4F, 33, 2A, 35], [4D, 21, 48, 72]]

6D 3D 54 4F 
38 57 32 3F 
47 25 4E 66 
71 25 38 33 
[[6D, 3D, 54, 4F], [38, 57, 32, 3F], [47, 25, 4E, 66], [71, 25, 38, 33]]
m8Gq=W%%T2N8O?f3
Answer from Hex Matrix: 
[[6D, 3D, 54, 4F], [38, 57, 32, 3F], [47, 25, 4E, 66], [71, 25, 38, 33]]

64 24 4C 45 
76 6E 76 6F 
4C 4A 79 33 
40 6B 2E 29 
[[64, 24, 4C, 45], [76, 6E, 76, 6F], [4C, 4A, 79, 33], [40, 6B, 2E, 29]]
dvL@$nJkLvy.Eo3)
Answer from Hex Matrix: 
[[64, 24, 4C, 45], [76, 6E, 76, 6F], [4C, 4A, 79, 33], [40, 6B, 2E, 29]]

65 2A 53 72 
49 68 3F 6C 
28 34 2D 3B 
57 54 4E 49 
[[65, 2A, 53, 72], [49, 68, 3F, 6C], [28, 34, 2D, 3B], [57, 54, 4E, 49]]
eI(W*h4TS?-Nrl;I
Answer from Hex Matrix: 
[[65, 2A, 53, 72], [49, 68, 3F, 6C], [28, 34, 2D, 3B], [57, 54, 4E, 49]]

33 4F 69 6F 
45 7B 32 5A 
55 47 62 6A 
49 48 7C 36 
[[33, 4F, 69, 6F], [45, 7B, 32, 5A], [55, 47, 62, 6A], [49, 48, 7C, 36]]
3EUIO{GHi2b|oZj6
Answer from Hex Matrix: 
[[33, 4F, 69, 6F], [45, 7B, 32, 5A], [55, 47, 62, 6A], [49, 48, 7C, 36]]

74 2D 65 61 
72 78 50 5C 
24 2C 70 50 
42 7C 4E 3B 
[[74, 2D, 65, 61], [72, 78, 50, 5C], [24, 2C, 70, 50], [42, 7C, 4E, 3B]]
tr$B-x,|ePpNa\P;
Answer from Hex Matrix: 
[[74, 2D, 65, 61], [72, 78, 50, 5C], [24, 2C, 70, 50], [42, 7C, 4E, 3B]]

41 3F 59 7C 
53 25 53 2E 
5B 7B 25 30 
46 6D 58 5C 
[[41, 3F, 59, 7C], [53, 25, 53, 2E], [5B, 7B, 25, 30], [46, 6D, 58, 5C]]
AS[F?%{mYS%X|.0\
Answer from Hex Matrix: 
[[41, 3F, 59, 7C], [53, 25, 53, 2E], [5B, 7B, 25, 30], [46, 6D, 58, 5C]]

2F 79 66 69 
7B 39 53 52 
23 77 2E 6F 
21 2B 6F 63 
[[2F, 79, 66, 69], [7B, 39, 53, 52], [23, 77, 2E, 6F], [21, 2B, 6F, 63]]
/{#!y9w+fS.oiRoc
Answer from Hex Matrix: 
[[2F, 79, 66, 69], [7B, 39, 53, 52], [23, 77, 2E, 6F], [21, 2B, 6F, 63]]

42 5C 69 70 
26 47 7B 63 
2D 49 3B 56 
47 59 4A 6D 
[[42, 5C, 69, 70], [26, 47, 7B, 63], [2D, 49, 3B, 56], [47, 59, 4A, 6D]]
B&-G\GIYi{;JpcVm
Answer from Hex Matrix: 
[[42, 5C, 69, 70], [26, 47, 7B, 63], [2D, 49, 3B, 56], [47, 59, 4A, 6D]]

41 5B 34 2D 
4B 3B 65 2B 
23 73 34 29 
68 6A 39 68 
[[41, 5B, 34, 2D], [4B, 3B, 65, 2B], [23, 73, 34, 29], [68, 6A, 39, 68]]
AK#h[;sj4e49-+)h
Answer from Hex Matrix: 
[[41, 5B, 34, 2D], [4B, 3B, 65, 2B], [23, 73, 34, 29], [68, 6A, 39, 68]]

79 6D 6B 55 
7A 3E 65 59 
3A 37 65 35 
6A 23 69 7A 
[[79, 6D, 6B, 55], [7A, 3E, 65, 59], [3A, 37, 65, 35], [6A, 23, 69, 7A]]
yz:jm>7#keeiUY5z
Answer from Hex Matrix: 
[[79, 6D, 6B, 55], [7A, 3E, 65, 59], [3A, 37, 65, 35], [6A, 23, 69, 7A]]

60 66 32 22 
23 40 51 43 
72 34 6E 72 
4B 22 4E 36 
[[60, 66, 32, 22], [23, 40, 51, 43], [72, 34, 6E, 72], [4B, 22, 4E, 36]]
`#rKf@4"2QnN"Cr6
Answer from Hex Matrix: 
[[60, 66, 32, 22], [23, 40, 51, 43], [72, 34, 6E, 72], [4B, 22, 4E, 36]]

6B 2D 27 6A 
6A 6F 74 33 
40 5E 3D 53 
21 3B 39 2D 
[[6B, 2D, 27, 6A], [6A, 6F, 74, 33], [40, 5E, 3D, 53], [21, 3B, 39, 2D]]
kj@!-o^;'t=9j3S-
Answer from Hex Matrix: 
[[6B, 2D, 27, 6A], [6A, 6F, 74, 33], [40, 5E, 3D, 53], [21, 3B, 39, 2D]]

3B 52 48 49 
6A 49 3B 76 
6A 3A 53 32 
47 2E 41 44 
[[3B, 52, 48, 49], [6A, 49, 3B, 76], [6A, 3A, 53, 32], [47, 2E, 41, 44]]
;jjGRI:.H;SAIv2D
Answer from Hex Matrix: 
[[3B, 52, 48, 49], [6A, 49, 3B, 76], [6A, 3A, 53, 32], [47, 2E, 41, 44]]

52 33 79 59 
61 2A 5B 6E 
53 62 31 5C 
32 31 72 66 
[[52, 33, 79, 59], [61, 2A, 5B, 6E], [53, 62, 31, 5C], [32, 31, 72, 66]]
RaS23*b1y[1rYn\f
Answer from Hex Matrix: 
[[52, 33, 79, 59], [61, 2A, 5B, 6E], [53, 62, 31, 5C], [32, 31, 72, 66]]

7A 6B 7B 79 
7A 67 23 51 
70 3D 7B 30 
4B 7C 4B 67 
[[7A, 6B, 7B, 79], [7A, 67, 23, 51], [70, 3D, 7B, 30], [4B, 7C, 4B, 67]]
zzpKkg=|{#{KyQ0g
Answer from Hex Matrix: 
[[7A, 6B, 7B, 79], [7A, 67, 23, 51], [70, 3D, 7B, 30], [4B, 7C, 4B, 67]]

5C 31 75 43 
5E 63 61 7B 
37 70 56 5D 
28 4F 41 3F 
[[5C, 31, 75, 43], [5E, 63, 61, 7B], [37, 70, 56, 5D], [28, 4F, 41, 3F]]
\^7(1cpOuaVAC{]?
Answer from Hex Matrix: 
[[5C, 31, 75, 43], [5E, 63, 61, 7B], [37, 70, 56, 5D], [28, 4F, 41, 3F]]

2D 7C 34 58 
43 5B 65 21 
39 2F 4E 6D 
2A 70 57 35 
[[2D, 7C, 34, 58], [43, 5B, 65, 21], [39, 2F, 4E, 6D], [2A, 70, 57, 35]]
-C9*|[/p4eNWX!m5
Answer from Hex Matrix: 
[[2D, 7C, 34, 58], [43, 5B, 65, 21], [39, 2F, 4E, 6D], [2A, 70, 57, 35]]

2A 74 38 5A 
60 71 54 58 
73 58 77 55 
67 5B 5B 68 
[[2A, 74, 38, 5A], [60, 71, 54, 58], [73, 58, 77, 55], [67, 5B, 5B, 68]]
*`sgtqX[8Tw[ZXUh
Answer from Hex Matrix: 
[[2A, 74, 38, 5A], [60, 71, 54, 58], [73, 58, 77, 55], [67, 5B, 5B, 68]]

52 54 44 2E 
47 39 59 51 
68 37 45 6C 
36 35 75 24 
[[52, 54, 44, 2E], [47, 39, 59, 51], [68, 37, 45, 6C], [36, 35, 75, 24]]
RGh6T975DYEu.Ql$
Answer from Hex Matrix: 
[[52, 54, 44, 2E], [47, 39, 59, 51], [68, 37, 45, 6C], [36, 35, 75, 24]]

63 71 32 6D 
78 54 7B 3D 
36 66 3A 70 
34 5F 74 4D 
[[63, 71, 32, 6D], [78, 54, 7B, 3D], [36, 66, 3A, 70], [34, 5F, 74, 4D]]
cx64qTf_2{:tm=pM
Answer from Hex Matrix: 
[[63, 71, 32, 6D], [78, 54, 7B, 3D], [36, 66, 3A, 70], [34, 5F, 74, 4D]]

49 78 3F 65 
4F 6E 51 5C 
65 6F 29 6A 
62 6A 70 54 
[[49, 78, 3F, 65], [4F, 6E, 51, 5C], [65, 6F, 29, 6A], [62, 6A, 70, 54]]
IOebxnoj?Q)pe\jT
Answer from Hex Matrix: 
[[49, 78, 3F, 65], [4F, 6E, 51, 5C], [65, 6F, 29, 6A], [62, 6A, 70, 54]]

33 34 3E 39 
2C 2A 70 35 
4A 31 65 32 
66 46 26 72 
[[33, 34, 3E, 39], [2C, 2A, 70, 35], [4A, 31, 65, 32], [66, 46, 26, 72]]
3,Jf4*1F>pe&952r
Answer from Hex Matrix: 
[[33, 34, 3E, 39], [2C, 2A, 70, 35], [4A, 31, 65, 32], [66, 46, 26, 72]]

22 4A 4D 50 
6B 35 4C 31 
5A 3B 35 45 
24 6D 5C 4B 
[[22, 4A, 4D, 50], [6B, 35, 4C, 31], [5A, 3B, 35, 45], [24, 6D, 5C, 4B]]
"kZ$J5;mML5\P1EK
Answer from Hex Matrix: 
[[22, 4A, 4D, 50], [6B, 35, 4C, 31], [5A, 3B, 35, 45], [24, 6D, 5C, 4B]]

43 4B 3B 27 
48 5C 65 2B 
75 60 2C 6D 
41 47 48 64 
[[43, 4B, 3B, 27], [48, 5C, 65, 2B], [75, 60, 2C, 6D], [41, 47, 48, 64]]
CHuAK\`G;e,H'+md
Answer from Hex Matrix: 
[[43, 4B, 3B, 27], [48, 5C, 65, 2B], [75, 60, 2C, 6D], [41, 47, 48, 64]]

25 7A 23 24 
24 37 76 45 
22 31 25 64 
5C 56 26 3E 
[[25, 7A, 23, 24], [24, 37, 76, 45], [22, 31, 25, 64], [5C, 56, 26, 3E]]
%$"\z71V#v%&$Ed>
Answer from Hex Matrix: 
[[25, 7A, 23, 24], [24, 37, 76, 45], [22, 31, 25, 64], [5C, 56, 26, 3E]]

3A 63 5C 31 
25 4C 72 2F 
61 39 4C 4D 
49 75 67 4B 
[[3A, 63, 5C, 31], [25, 4C, 72, 2F], [61, 39, 4C, 4D], [49, 75, 67, 4B]]
:%aIcL9u\rLg1/MK
Answer from Hex Matrix: 
[[3A, 63, 5C, 31], [25, 4C, 72, 2F], [61, 39, 4C, 4D], [49, 75, 67, 4B]]

22 58 4A 59 
70 63 27 54 
38 76 72 77 
26 21 60 2D 
[[22, 58, 4A, 59], [70, 63, 27, 54], [38, 76, 72, 77], [26, 21, 60, 2D]]
"p8&Xcv!J'r`YTw-
Answer from Hex Matrix: 
[[22, 58, 4A, 59], [70, 63, 27, 54], [38, 76, 72, 77], [26, 21, 60, 2D]]

79 69 6F 71 
2C 40 63 27 
2F 35 79 48 
6C 6F 3E 53 
[[79, 69, 6F, 71], [2C, 40, 63, 27], [2F, 35, 79, 48], [6C, 6F, 3E, 53]]
y,/li@5oocy>q'HS
Answer from Hex Matrix: 
[[79, 69, 6F, 71], [2C, 40, 63, 27], [2F, 35, 79, 48], [6C, 6F, 3E, 53]]

71 29 51 4B 
5F 51 49 2E 
2B 64 2A 7A 
77 54 26 3B 
[[71, 29, 51, 4B], [5F, 51, 49, 2E], [2B, 64, 2A, 7A], [77, 54, 26, 3B]]
q_+w)QdTQI*&K.z;
Answer from Hex Matrix: 
[[71, 29, 51, 4B], [5F, 51, 49, 2E], [2B, 64, 2A, 7A], [77, 54, 26, 3B]]

2F 26 45 5D 
6E 37 26 7C 
41 51 7D 41 
61 21 41 75 
[[2F, 26, 45, 5D], [6E, 37, 26, 7C], [41, 51, 7D, 41], [61, 21, 41, 75]]
/nAa&7Q!E&}A]|Au
Answer from Hex Matrix: 
[[2F, 26, 45, 5D], [6E, 37, 26, 7C], [41, 51, 7D, 41], [61, 21, 41, 75]]

3A 6B 26 37 
65 67 3C 2F 
3E 7B 24 63 
30 26 5C 2C 
[[3A, 6B, 26, 37], [65, 67, 3C, 2F], [3E, 7B, 24, 63], [30, 26, 5C, 2C]]
:e>0kg{&&<$\7/c,
Answer from Hex Matrix: 
[[3A, 6B, 26, 37], [65, 67, 3C, 2F], [3E, 7B, 24, 63], [30, 26, 5C, 2C]]

6A 67 37 3B 
6B 62 6D 48 
2E 35 43 45 
3A 48 59 39 
[[6A, 67, 37, 3B], [6B, 62, 6D, 48], [2E, 35, 43, 45], [3A, 48, 59, 39]]
jk.:gb5H7mCY;HE9
Answer from Hex Matrix: 
[[6A, 67, 37, 3B], [6B, 62, 6D, 48], [2E, 35, 43, 45], [3A, 48, 59, 39]]

58 32 21 31 
7D 6A 6F 3E 
60 68 52 38 
30 77 50 3E 
[[58, 32, 21, 31], [7D, 6A, 6F, 3E], [60, 68, 52, 38], [30, 77, 50, 3E]]
X}`02jhw!oRP1>8>
Answer from Hex Matrix: 
[[58, 32, 21, 31], [7D, 6A, 6F, 3E], [60, 68, 52, 38], [30, 77, 50, 3E]]

54 2E 57 45 
7B 6E 31 4C 
28 60 68 5D 
2F 53 42 61 
[[54, 2E, 57, 45], [7B, 6E, 31, 4C], [28, 60, 68, 5D], [2F, 53, 42, 61]]
T{(/.n`SW1hBEL]a
Answer from Hex Matrix: 
[[54, 2E, 57, 45], [7B, 6E, 31, 4C], [28, 60, 68, 5D], [2F, 53, 42, 61]]

2F 34 2F 46 
70 26 66 7A 
32 47 3E 54 
2A 6B 53 5E 
[[2F, 34, 2F, 46], [70, 26, 66, 7A], [32, 47, 3E, 54], [2A, 6B, 53, 5E]]
/p2*4&Gk/f>SFzT^
Answer from Hex Matrix: 
[[2F, 34, 2F, 46], [70, 26, 66, 7A], [32, 47, 3E, 54], [2A, 6B, 53, 5E]]

57 54 30 79 
23 64 44 42 
39 69 39 50 
30 4C 49 77 
[[57, 54, 30, 79], [23, 64, 44, 42], [39, 69, 39, 50], [30, 4C, 49, 77]]
W#90TdiL0D9IyBPw
Answer from Hex Matrix: 
[[57, 54, 30, 79], [23, 64, 44, 42], [39, 69, 39, 50], [30, 4C, 49, 77]]

3A 60 3A 31 
7C 45 3E 53 
69 77 2F 7B 
5D 51 4E 6D 
[[3A, 60, 3A, 31], [7C, 45, 3E, 53], [69, 77, 2F, 7B], [5D, 51, 4E, 6D]]
:|i]`EwQ:>/N1S{m
Answer from Hex Matrix: 
[[3A, 60, 3A, 31], [7C, 45, 3E, 53], [69, 77, 2F, 7B], [5D, 51, 4E, 6D]]

37 57 5D 45 
5D 68 60 2D 
27 6B 23 44 
47 6F 69 41 
[[37, 57, 5D, 45], [5D, 68, 60, 2D], [27, 6B, 23, 44], [47, 6F, 69, 41]]
7]'GWhko]`#iE-DA
Answer from Hex Matrix: 
[[37, 57, 5D, 45], [5D, 68, 60, 2D], [27, 6B, 23, 44], [47, 6F, 69, 41]]

5B 4F 42 31 
31 47 59 4B 
35 56 5C 3A 
78 44 47 6E 
[[5B, 4F, 42, 31], [31, 47, 59, 4B], [35, 56, 5C, 3A], [78, 44, 47, 6E]]
[15xOGVDBY\G1K:n
Answer from Hex Matrix: 
[[5B, 4F, 42, 31], [31, 47, 59, 4B], [35, 56, 5C, 3A], [78, 44, 47, 6E]]

4A 7C 68 43 
6E 25 76 65 
63 60 69 24 
47 2B 7D 7D 
[[4A, 7C, 68, 43], [6E, 25, 76, 65], [63, 60, 69, 24], [47, 2B, 7D, 7D]]
JncG|%`+hvi}Ce$}
Answer from Hex Matrix: 
[[4A, 7C, 68, 43], [6E, 25, 76, 65], [63, 60, 69, 24], [47, 2B, 7D, 7D]]

6A 33 27 4C 
2A 4F 3F 7C 
47 2E 5E 3E 
67 2A 77 67 
[[6A, 33, 27, 4C], [2A, 4F, 3F, 7C], [47, 2E, 5E, 3E], [67, 2A, 77, 67]]
j*Gg3O.*'?^wL|>g
Answer from Hex Matrix: 
[[6A, 33, 27, 4C], [2A, 4F, 3F, 7C], [47, 2E, 5E, 3E], [67, 2A, 77, 67]]

31 5B 24 55 
6F 3E 6C 74 
5C 45 39 6D 
46 4A 4B 21 
[[31, 5B, 24, 55], [6F, 3E, 6C, 74], [5C, 45, 39, 6D], [46, 4A, 4B, 21]]
1o\F[>EJ$l9KUtm!
Answer from Hex Matrix: 
[[31, 5B, 24, 55], [6F, 3E, 6C, 74], [5C, 45, 39, 6D], [46, 4A, 4B, 21]]

3B 25 47 6E 
58 3A 22 58 
67 7D 5B 45 
65 71 59 77 
[[3B, 25, 47, 6E], [58, 3A, 22, 58], [67, 7D, 5B, 45], [65, 71, 59, 77]]
;Xge%:}qG"[YnXEw
Answer from Hex Matrix: 
[[3B, 25, 47, 6E], [58, 3A, 22, 58], [67, 7D, 5B, 45], [65, 71, 59, 77]]

5F 6A 34 58 
51 2D 60 4C 
66 2D 44 6E 
67 5F 31 5C 
[[5F, 6A, 34, 58], [51, 2D, 60, 4C], [66, 2D, 44, 6E], [67, 5F, 31, 5C]]
_Qfgj--_4`D1XLn\
Answer from Hex Matrix: 
[[5F, 6A, 34, 58], [51, 2D, 60, 4C], [66, 2D, 44, 6E], [67, 5F, 31, 5C]]

2D 7D 6E 5F 
7C 61 6C 40 
52 2B 59 24 
74 4B 5D 62 
[[2D, 7D, 6E, 5F], [7C, 61, 6C, 40], [52, 2B, 59, 24], [74, 4B, 5D, 62]]
-|Rt}a+KnlY]_@$b
Answer from Hex Matrix: 
[[2D, 7D, 6E, 5F], [7C, 61, 6C, 40], [52, 2B, 59, 24], [74, 4B, 5D, 62]]

43 74 46 69 
26 48 28 47 
35 3A 30 3F 
73 69 5B 5B 
[[43, 74, 46, 69], [26, 48, 28, 47], [35, 3A, 30, 3F], [73, 69, 5B, 5B]]
C&5stH:iF(0[iG?[
Answer from Hex Matrix: 
[[43, 74, 46, 69], [26, 48, 28, 47], [35, 3A, 30, 3F], [73, 69, 5B, 5B]]

45 3D 34 4B 
41 62 4F 6F 
72 4D 47 4E 
33 38 4F 4D 
[[45, 3D, 34, 4B], [41, 62, 4F, 6F], [72, 4D, 47, 4E], [33, 38, 4F, 4D]]
EAr3=bM84OGOKoNM
Answer from Hex Matrix: 
[[45, 3D, 34, 4B], [41, 62, 4F, 6F], [72, 4D, 47, 4E], [33, 38, 4F, 4D]]

67 33 6E 42 
2F 7D 5D 2B 
46 6D 7A 76 
77 2F 37 4B 
[[67, 33, 6E, 42], [2F, 7D, 5D, 2B], [46, 6D, 7A, 76], [77, 2F, 37, 4B]]
g/Fw3}m/n]z7B+vK
Answer from Hex Matrix: 
[[67, 33, 6E, 42], [2F, 7D, 5D, 2B], [46, 6D, 7A, 76], [77, 2F, 37, 4B]]

34 76 41 57 
43 72 28 6E 
65 71 5B 67 
38 6D 22 22 
[[34, 76, 41, 57], [43, 72, 28, 6E], [65, 71, 5B, 67], [38, 6D, 22, 22]]
4Ce8vrqmA(["Wng"
Answer from Hex Matrix: 
[[34, 76, 41, 57], [43, 72, 28, 6E], [65, 71, 5B, 67], [38, 6D, 22, 22]]

60 7B 3E 70 
44 74 48 3B 
5D 31 3F 7C 
68 2E 79 58 
[[60, 7B, 3E, 70], [44, 74, 48, 3B], [5D, 31, 3F, 7C], [68, 2E, 79, 58]]
`D]h{t1.>H?yp;|X
Answer from Hex Matrix: 
[[60, 7B, 3E, 70], [44, 74, 48, 3B], [5D, 31, 3F, 7C], [68, 2E, 79, 58]]

7A 49 3E 64 
66 4A 31 69 
7C 43 6C 63 
61 41 36 5F 
[[7A, 49, 3E, 64], [66, 4A, 31, 69], [7C, 43, 6C, 63], [61, 41, 36, 5F]]
zf|aIJCA>1l6dic_
Answer from Hex Matrix: 
[[7A, 49, 3E, 64], [66, 4A, 31, 69], [7C, 43, 6C, 63], [61, 41, 36, 5F]]

4B 39 63 4B 
3F 2A 3C 27 
26 4D 2B 35 
22 2F 60 4D 
[[4B, 39, 63, 4B], [3F, 2A, 3C, 27], [26, 4D, 2B, 35], [22, 2F, 60, 4D]]
K?&"9*M/c<+`K'5M
Answer from Hex Matrix: 
[[4B, 39, 63, 4B], [3F, 2A, 3C, 27], [26, 4D, 2B, 35], [22, 2F, 60, 4D]]

64 46 50 62 
22 69 5D 35 
6E 2F 6C 7D 
2E 31 50 27 
[[64, 46, 50, 62], [22, 69, 5D, 35], [6E, 2F, 6C, 7D], [2E, 31, 50, 27]]
d"n.Fi/1P]lPb5}'
Answer from Hex Matrix: 
[[64, 46, 50, 62], [22, 69, 5D, 35], [6E, 2F, 6C, 7D], [2E, 31, 50, 27]]

42 2D 7D 28 
3B 60 37 71 
25 65 6B 69 
27 49 48 78 
[[42, 2D, 7D, 28], [3B, 60, 37, 71], [25, 65, 6B, 69], [27, 49, 48, 78]]
B;%'-`eI}7kH(qix
Answer from Hex Matrix: 
[[42, 2D, 7D, 28], [3B, 60, 37, 71], [25, 65, 6B, 69], [27, 49, 48, 78]]

34 45 41 6C 
60 3F 4A 4F 
70 6C 7D 29 
51 4A 56 78 
[[34, 45, 41, 6C], [60, 3F, 4A, 4F], [70, 6C, 7D, 29], [51, 4A, 56, 78]]
4`pQE?lJAJ}VlO)x
Answer from Hex Matrix: 
[[34, 45, 41, 6C], [60, 3F, 4A, 4F], [70, 6C, 7D, 29], [51, 4A, 56, 78]]

64 7D 22 42 
49 61 24 4D 
3E 2E 60 2D 
6E 33 6F 3E 
[[64, 7D, 22, 42], [49, 61, 24, 4D], [3E, 2E, 60, 2D], [6E, 33, 6F, 3E]]
dI>n}a.3"$`oBM->
Answer from Hex Matrix: 
[[64, 7D, 22, 42], [49, 61, 24, 4D], [3E, 2E, 60, 2D], [6E, 33, 6F, 3E]]

27 5B 2A 6A 
3C 78 4A 60 
47 7B 5B 44 
72 25 67 68 
[[27, 5B, 2A, 6A], [3C, 78, 4A, 60], [47, 7B, 5B, 44], [72, 25, 67, 68]]
'<Gr[x{%*J[gj`Dh
Answer from Hex Matrix: 
[[27, 5B, 2A, 6A], [3C, 78, 4A, 60], [47, 7B, 5B, 44], [72, 25, 67, 68]]

39 3A 2A 38 
36 3C 64 6A 
38 48 77 79 
47 2F 28 6E 
[[39, 3A, 2A, 38], [36, 3C, 64, 6A], [38, 48, 77, 79], [47, 2F, 28, 6E]]
968G:<H/*dw(8jyn
Answer from Hex Matrix: 
[[39, 3A, 2A, 38], [36, 3C, 64, 6A], [38, 48, 77, 79], [47, 2F, 28, 6E]]

77 2B 55 48 
3C 65 77 2B 
69 23 75 6E 
29 7B 5C 63 
[[77, 2B, 55, 48], [3C, 65, 77, 2B], [69, 23, 75, 6E], [29, 7B, 5C, 63]]
w<i)+e#{Uwu\H+nc
Answer from Hex Matrix: 
[[77, 2B, 55, 48], [3C, 65, 77, 2B], [69, 23, 75, 6E], [29, 7B, 5C, 63]]

67 49 45 6E 
3D 23 3A 2F 
47 5F 63 41 
27 57 2F 39 
[[67, 49, 45, 6E], [3D, 23, 3A, 2F], [47, 5F, 63, 41], [27, 57, 2F, 39]]
g=G'I#_WE:c/n/A9
Answer from Hex Matrix: 
[[67, 49, 45, 6E], [3D, 23, 3A, 2F], [47, 5F, 63, 41], [27, 57, 2F, 39]]

63 6B 32 67 
67 44 24 76 
62 41 27 44 
47 37 7C 75 
[[63, 6B, 32, 67], [67, 44, 24, 76], [62, 41, 27, 44], [47, 37, 7C, 75]]
cgbGkDA72$'|gvDu
Answer from Hex Matrix: 
[[63, 6B, 32, 67], [67, 44, 24, 76], [62, 41, 27, 44], [47, 37, 7C, 75]]

79 77 22 34 
4F 6A 46 72 
36 39 49 4B 
56 49 67 45 
[[79, 77, 22, 34], [4F, 6A, 46, 72], [36, 39, 49, 4B], [56, 49, 67, 45]]
yO6Vwj9I"FIg4rKE
Answer from Hex Matrix: 
[[79, 77, 22, 34], [4F, 6A, 46, 72], [36, 39, 49, 4B], [56, 49, 67, 45]]

63 3B 65 2F 
5B 76 59 6F 
23 78 4D 6C 
4E 3E 3F 73 
[[63, 3B, 65, 2F], [5B, 76, 59, 6F], [23, 78, 4D, 6C], [4E, 3E, 3F, 73]]
c[#N;vx>eYM?/ols
Answer from Hex Matrix: 
[[63, 3B, 65, 2F], [5B, 76, 59, 6F], [23, 78, 4D, 6C], [4E, 3E, 3F, 73]]

32 27 52 42 
6B 54 3A 43 
28 27 21 54 
56 3B 3C 42 
[[32, 27, 52, 42], [6B, 54, 3A, 43], [28, 27, 21, 54], [56, 3B, 3C, 42]]
2k(V'T';R:!<BCTB
Answer from Hex Matrix: 
[[32, 27, 52, 42], [6B, 54, 3A, 43], [28, 27, 21, 54], [56, 3B, 3C, 42]]

30 44 7B 6A 
54 4F 69 39 
4B 24 78 44 
68 63 63 72 
[[30, 44, 7B, 6A], [54, 4F, 69, 39], [4B, 24, 78, 44], [68, 63, 63, 72]]
0TKhDO$c{ixcj9Dr
Answer from Hex Matrix: 
[[30, 44, 7B, 6A], [54, 4F, 69, 39], [4B, 24, 78, 44], [68, 63, 63, 72]]

48 2A 76 63 
74 6B 6E 5B 
45 50 57 52 
3C 7A 32 5C 
[[48, 2A, 76, 63], [74, 6B, 6E, 5B], [45, 50, 57, 52], [3C, 7A, 32, 5C]]
HtE<*kPzvnW2c[R\
Answer from Hex Matrix: 
[[48, 2A, 76, 63], [74, 6B, 6E, 5B], [45, 50, 57, 52], [3C, 7A, 32, 5C]]

78 2A 77 60 
34 5B 61 5F 
51 5D 56 70 
2B 5A 77 27 
[[78, 2A, 77, 60], [34, 5B, 61, 5F], [51, 5D, 56, 70], [2B, 5A, 77, 27]]
x4Q+*[]ZwaVw`_p'
Answer from Hex Matrix: 
[[78, 2A, 77, 60], [34, 5B, 61, 5F], [51, 5D, 56, 70], [2B, 5A, 77, 27]]

61 73 31 39 
6E 4F 6C 50 
4D 68 47 36 
31 55 65 55 
[[61, 73, 31, 39], [6E, 4F, 6C, 50], [4D, 68, 47, 36], [31, 55, 65, 55]]
anM1sOhU1lGe9P6U
Answer from Hex Matrix: 
[[61, 73, 31, 39], [6E, 4F, 6C, 50], [4D, 68, 47, 36], [31, 55, 65, 55]]

42 6A 67 49 
78 47 63 22 
6D 5A 26 75 
6C 37 58 26 
[[42, 6A, 67, 49], [78, 47, 63, 22], [6D, 5A, 26, 75], [6C, 37, 58, 26]]
BxmljGZ7gc&XI"u&
Answer from Hex Matrix: 
[[42, 6A, 67, 49], [78, 47, 63, 22], [6D, 5A, 26, 75], [6C, 37, 58, 26]]

3B 62 33 4E 
46 2A 35 3D 
53 2E 2C 4B 
41 73 6A 48 
[[3B, 62, 33, 4E], [46, 2A, 35, 3D], [53, 2E, 2C, 4B], [41, 73, 6A, 48]]
;FSAb*.s35,jN=KH
Answer from Hex Matrix: 
[[3B, 62, 33, 4E], [46, 2A, 35, 3D], [53, 2E, 2C, 4B], [41, 73, 6A, 48]]

55 78 6C 4E 
3D 49 72 2E 
2F 64 77 59 
6F 22 37 61 
[[55, 78, 6C, 4E], [3D, 49, 72, 2E], [2F, 64, 77, 59], [6F, 22, 37, 61]]
U=/oxId"lrw7N.Ya
Answer from Hex Matrix: 
[[55, 78, 6C, 4E], [3D, 49, 72, 2E], [2F, 64, 77, 59], [6F, 22, 37, 61]]

32 6E 5C 7C 
59 7A 76 3B 
76 2F 2A 65 
79 5C 22 54 
[[32, 6E, 5C, 7C], [59, 7A, 76, 3B], [76, 2F, 2A, 65], [79, 5C, 22, 54]]
2Yvynz/\\v*"|;eT
Answer from Hex Matrix: 
[[32, 6E, 5C, 7C], [59, 7A, 76, 3B], [76, 2F, 2A, 65], [79, 5C, 22, 54]]

21 6B 34 55 
64 29 76 52 
5D 48 46 6D 
41 5D 45 6B 
[[21, 6B, 34, 55], [64, 29, 76, 52], [5D, 48, 46, 6D], [41, 5D, 45, 6B]]
!d]Ak)H]4vFEURmk
Answer from Hex Matrix: 
[[21, 6B, 34, 55], [64, 29, 76, 52], [5D, 48, 46, 6D], [41, 5D, 45, 6B]]

28 58 4A 50 
59 7A 26 75 
67 4D 30 6A 
37 58 79 32 
[[28, 58, 4A, 50], [59, 7A, 26, 75], [67, 4D, 30, 6A], [37, 58, 79, 32]]
(Yg7XzMXJ&0yPuj2
Answer from Hex Matrix: 
[[28, 58, 4A, 50], [59, 7A, 26, 75], [67, 4D, 30, 6A], [37, 58, 79, 32]]

4D 5C 29 45 
40 36 79 56 
6B 28 2E 28 
7D 66 26 71 
[[4D, 5C, 29, 45], [40, 36, 79, 56], [6B, 28, 2E, 28], [7D, 66, 26, 71]]
M@k}\6(f)y.&EV(q
Answer from Hex Matrix: 
[[4D, 5C, 29, 45], [40, 36, 79, 56], [6B, 28, 2E, 28], [7D, 66, 26, 71]]

52 65 4B 5F 
68 76 48 34 
71 49 74 48 
70 40 2A 51 
[[52, 65, 4B, 5F], [68, 76, 48, 34], [71, 49, 74, 48], [70, 40, 2A, 51]]
RhqpevI@KHt*_4HQ
Answer from Hex Matrix: 
[[52, 65, 4B, 5F], [68, 76, 48, 34], [71, 49, 74, 48], [70, 40, 2A, 51]]

55 64 62 27 
32 49 74 68 
32 6F 47 3D 
2C 62 56 4D 
[[55, 64, 62, 27], [32, 49, 74, 68], [32, 6F, 47, 3D], [2C, 62, 56, 4D]]
U22,dIobbtGV'h=M
Answer from Hex Matrix: 
[[55, 64, 62, 27], [32, 49, 74, 68], [32, 6F, 47, 3D], [2C, 62, 56, 4D]]

62 22 45 77 
6A 31 43 29 
71 6E 70 29 
44 7C 2C 45 
[[62, 22, 45, 77], [6A, 31, 43, 29], [71, 6E, 70, 29], [44, 7C, 2C, 45]]
bjqD"1n|ECp,w))E
Answer from Hex Matrix: 
[[62, 22, 45, 77], [6A, 31, 43, 29], [71, 6E, 70, 29], [44, 7C, 2C, 45]]

60 39 37 4B 
3F 78 75 61 
62 79 49 74 
7C 23 79 2C 
[[60, 39, 37, 4B], [3F, 78, 75, 61], [62, 79, 49, 74], [7C, 23, 79, 2C]]
`?b|9xy#7uIyKat,
Answer from Hex Matrix: 
[[60, 39, 37, 4B], [3F, 78, 75, 61], [62, 79, 49, 74], [7C, 23, 79, 2C]]

6F 32 6F 3D 
55 38 4F 26 
24 66 67 35 
4E 54 59 60 
[[6F, 32, 6F, 3D], [55, 38, 4F, 26], [24, 66, 67, 35], [4E, 54, 59, 60]]
oU$N28fToOgY=&5`
Answer from Hex Matrix: 
[[6F, 32, 6F, 3D], [55, 38, 4F, 26], [24, 66, 67, 35], [4E, 54, 59, 60]]

78 24 76 2D 
58 66 42 55 
6F 4F 75 6F 
27 2D 5C 60 
[[78, 24, 76, 2D], [58, 66, 42, 55], [6F, 4F, 75, 6F], [27, 2D, 5C, 60]]
xXo'$fO-vBu\-Uo`
Answer from Hex Matrix: 
[[78, 24, 76, 2D], [58, 66, 42, 55], [6F, 4F, 75, 6F], [27, 2D, 5C, 60]]

40 3E 71 7D 
35 2C 5C 25 
76 2A 6D 54 
4A 26 49 38 
[[40, 3E, 71, 7D], [35, 2C, 5C, 25], [76, 2A, 6D, 54], [4A, 26, 49, 38]]
@5vJ>,*&q\mI}%T8
Answer from Hex Matrix: 
[[40, 3E, 71, 7D], [35, 2C, 5C, 25], [76, 2A, 6D, 54], [4A, 26, 49, 38]]

21 58 6D 29 
74 3E 32 54 
42 67 45 22 
52 25 26 3F 
[[21, 58, 6D, 29], [74, 3E, 32, 54], [42, 67, 45, 22], [52, 25, 26, 3F]]
!tBRX>g%m2E&)T"?
Answer from Hex Matrix: 
[[21, 58, 6D, 29], [74, 3E, 32, 54], [42, 67, 45, 22], [52, 25, 26, 3F]]

49 60 63 66 
6C 22 78 54 
5E 66 55 45 
69 2A 24 62 
[[49, 60, 63, 66], [6C, 22, 78, 54], [5E, 66, 55, 45], [69, 2A, 24, 62]]
Il^i`"f*cxU$fTEb
Answer from Hex Matrix: 
[[49, 60, 63, 66], [6C, 22, 78, 54], [5E, 66, 55, 45], [69, 2A, 24, 62]]

48 73 58 78 
40 3D 69 75 
64 77 60 3A 
3E 53 63 61 
[[48, 73, 58, 78], [40, 3D, 69, 75], [64, 77, 60, 3A], [3E, 53, 63, 61]]
H@d>s=wSXi`cxu:a
Answer from Hex Matrix: 
[[48, 73, 58, 78], [40, 3D, 69, 75], [64, 77, 60, 3A], [3E, 53, 63, 61]]

2C 31 6F 57 
53 4E 3A 64 
3A 47 42 50 
6D 3A 78 6B 
[[2C, 31, 6F, 57], [53, 4E, 3A, 64], [3A, 47, 42, 50], [6D, 3A, 78, 6B]]
,S:m1NG:o:BxWdPk
Answer from Hex Matrix: 
[[2C, 31, 6F, 57], [53, 4E, 3A, 64], [3A, 47, 42, 50], [6D, 3A, 78, 6B]]

5D 69 6B 44 
52 5F 5F 32 
68 60 4F 70 
28 55 7C 77 
[[5D, 69, 6B, 44], [52, 5F, 5F, 32], [68, 60, 4F, 70], [28, 55, 7C, 77]]
]Rh(i_`Uk_O|D2pw
Answer from Hex Matrix: 
[[5D, 69, 6B, 44], [52, 5F, 5F, 32], [68, 60, 4F, 70], [28, 55, 7C, 77]]

4B 51 61 25 
7C 79 6E 2E 
2F 59 3E 7D 
5F 36 29 2F 
[[4B, 51, 61, 25], [7C, 79, 6E, 2E], [2F, 59, 3E, 7D], [5F, 36, 29, 2F]]
K|/_QyY6an>)%.}/
Answer from Hex Matrix: 
[[4B, 51, 61, 25], [7C, 79, 6E, 2E], [2F, 59, 3E, 7D], [5F, 36, 29, 2F]]

2D 37 4E 4C 
63 63 59 52 
4B 7C 3F 3C 
70 7D 68 4F 
[[2D, 37, 4E, 4C], [63, 63, 59, 52], [4B, 7C, 3F, 3C], [70, 7D, 68, 4F]]
-cKp7c|}NY?hLR<O
Answer from Hex Matrix: 
[[2D, 37, 4E, 4C], [63, 63, 59, 52], [4B, 7C, 3F, 3C], [70, 7D, 68, 4F]]

7B 56 22 5D 
53 39 48 29 
5F 47 68 22 
5E 6C 3C 42 
[[7B, 56, 22, 5D], [53, 39, 48, 29], [5F, 47, 68, 22], [5E, 6C, 3C, 42]]
{S_^V9Gl"Hh<])"B
Answer from Hex Matrix: 
[[7B, 56, 22, 5D], [53, 39, 48, 29], [5F, 47, 68, 22], [5E, 6C, 3C, 42]]

2C 50 70 4B 
55 22 3F 69 
7D 60 3A 73 
6F 6C 7C 27 
[[2C, 50, 70, 4B], [55, 22, 3F, 69], [7D, 60, 3A, 73], [6F, 6C, 7C, 27]]
,U}oP"`lp?:|Kis'
Answer from Hex Matrix: 
[[2C, 50, 70, 4B], [55, 22, 3F, 69], [7D, 60, 3A, 73], [6F, 6C, 7C, 27]]

56 60 78 36 
55 51 2D 5F 
30 59 55 3A 
59 26 2B 67 
[[56, 60, 78, 36], [55, 51, 2D, 5F], [30, 59, 55, 3A], [59, 26, 2B, 67]]
VU0Y`QY&x-U+6_:g
Answer from Hex Matrix: 
[[56, 60, 78, 36], [55, 51, 2D, 5F], [30, 59, 55, 3A], [59, 26, 2B, 67]]

77 3D 2E 4D 
40 53 5B 23 
71 4D 29 30 
33 5C 75 55 
[[77, 3D, 2E, 4D], [40, 53, 5B, 23], [71, 4D, 29, 30], [33, 5C, 75, 55]]
w@q3=SM\.[)uM#0U
Answer from Hex Matrix: 
[[77, 3D, 2E, 4D], [40, 53, 5B, 23], [71, 4D, 29, 30], [33, 5C, 75, 55]]

4E 3D 55 5F 
70 59 46 27 
3A 42 6E 7B 
3F 36 2E 4A 
[[4E, 3D, 55, 5F], [70, 59, 46, 27], [3A, 42, 6E, 7B], [3F, 36, 2E, 4A]]
Np:?=YB6UFn._'{J
Answer from Hex Matrix: 
[[4E, 3D, 55, 5F], [70, 59, 46, 27], [3A, 42, 6E, 7B], [3F, 36, 2E, 4A]]

63 23 6D 36 
7A 2D 6A 46 
41 3A 69 68 
39 45 50 28 
[[63, 23, 6D, 36], [7A, 2D, 6A, 46], [41, 3A, 69, 68], [39, 45, 50, 28]]
czA9#-:EmjiP6Fh(
Answer from Hex Matrix: 
[[63, 23, 6D, 36], [7A, 2D, 6A, 46], [41, 3A, 69, 68], [39, 45, 50, 28]]

44 75 3E 3E 
61 79 32 5C 
36 35 33 6C 
26 75 41 6B 
[[44, 75, 3E, 3E], [61, 79, 32, 5C], [36, 35, 33, 6C], [26, 75, 41, 6B]]
Da6&uy5u>23A>\lk
Answer from Hex Matrix: 
[[44, 75, 3E, 3E], [61, 79, 32, 5C], [36, 35, 33, 6C], [26, 75, 41, 6B]]

6F 5C 67 57 
6F 5F 5C 3C 
6D 6C 3E 71 
76 26 72 64 
[[6F, 5C, 67, 57], [6F, 5F, 5C, 3C], [6D, 6C, 3E, 71], [76, 26, 72, 64]]
oomv\_l&g\>rW<qd
Answer from Hex Matrix: 
[[6F, 5C, 67, 57], [6F, 5F, 5C, 3C], [6D, 6C, 3E, 71], [76, 26, 72, 64]]

58 37 21 72 
2A 62 44 22 
4D 31 3C 4C 
5A 58 68 2B 
[[58, 37, 21, 72], [2A, 62, 44, 22], [4D, 31, 3C, 4C], [5A, 58, 68, 2B]]
X*MZ7b1X!D<hr"L+
Answer from Hex Matrix: 
[[58, 37, 21, 72], [2A, 62, 44, 22], [4D, 31, 3C, 4C], [5A, 58, 68, 2B]]

3B 6F 6D 42 
37 5C 24 53 
23 2E 71 5C 
68 73 4A 78 
[[3B, 6F, 6D, 42], [37, 5C, 24, 53], [23, 2E, 71, 5C], [68, 73, 4A, 78]]
;7#ho\.sm$qJBS\x
Answer from Hex Matrix: 
[[3B, 6F, 6D, 42], [37, 5C, 24, 53], [23, 2E, 71, 5C], [68, 73, 4A, 78]]

4C 2F 73 26 
4A 2C 38 3A 
31 25 24 23 
37 3B 2F 34 
[[4C, 2F, 73, 26], [4A, 2C, 38, 3A], [31, 25, 24, 23], [37, 3B, 2F, 34]]
LJ17/,%;s8$/&:#4
Answer from Hex Matrix: 
[[4C, 2F, 73, 26], [4A, 2C, 38, 3A], [31, 25, 24, 23], [37, 3B, 2F, 34]]

33 27 41 43 
3E 3A 3E 78 
40 28 56 76 
37 56 49 78 
[[33, 27, 41, 43], [3E, 3A, 3E, 78], [40, 28, 56, 76], [37, 56, 49, 78]]
3>@7':(VA>VICxvx
Answer from Hex Matrix: 
[[33, 27, 41, 43], [3E, 3A, 3E, 78], [40, 28, 56, 76], [37, 56, 49, 78]]

6E 55 42 4A 
40 5D 53 39 
6C 7B 2F 53 
7A 73 3A 69 
[[6E, 55, 42, 4A], [40, 5D, 53, 39], [6C, 7B, 2F, 53], [7A, 73, 3A, 69]]
n@lzU]{sBS/:J9Si
Answer from Hex Matrix: 
[[6E, 55, 42, 4A], [40, 5D, 53, 39], [6C, 7B, 2F, 53], [7A, 73, 3A, 69]]

7B 77 30 74 
31 5E 24 33 
58 53 47 6C 
2A 4C 43 33 
[[7B, 77, 30, 74], [31, 5E, 24, 33], [58, 53, 47, 6C], [2A, 4C, 43, 33]]
{1X*w^SL0$GCt3l3
Answer from Hex Matrix: 
[[7B, 77, 30, 74], [31, 5E, 24, 33], [58, 53, 47, 6C], [2A, 4C, 43, 33]]

67 6B 3C 4A 
5D 5E 56 76 
7D 58 33 58 
53 4D 67 69 
[[67, 6B, 3C, 4A], [5D, 5E, 56, 76], [7D, 58, 33, 58], [53, 4D, 67, 69]]
g]}Sk^XM<V3gJvXi
Answer from Hex Matrix: 
[[67, 6B, 3C, 4A], [5D, 5E, 56, 76], [7D, 58, 33, 58], [53, 4D, 67, 69]]

4B 3E 28 4E 
42 69 39 56 
47 78 2A 37 
25 58 76 60 
[[4B, 3E, 28, 4E], [42, 69, 39, 56], [47, 78, 2A, 37], [25, 58, 76, 60]]
KBG%>ixX(9*vNV7`
Answer from Hex Matrix: 
[[4B, 3E, 28, 4E], [42, 69, 39, 56], [47, 78, 2A, 37], [25, 58, 76, 60]]

30 72 5E 2F 
38 72 21 5A 
6E 6D 24 50 
61 5D 5B 5F 
[[30, 72, 5E, 2F], [38, 72, 21, 5A], [6E, 6D, 24, 50], [61, 5D, 5B, 5F]]
08narrm]^!$[/ZP_
Answer from Hex Matrix: 
[[30, 72, 5E, 2F], [38, 72, 21, 5A], [6E, 6D, 24, 50], [61, 5D, 5B, 5F]]

37 76 3F 6F 
63 4C 68 7B 
45 3D 3B 42 
6C 22 70 2C 
[[37, 76, 3F, 6F], [63, 4C, 68, 7B], [45, 3D, 3B, 42], [6C, 22, 70, 2C]]
7cElvL="?h;po{B,
Answer from Hex Matrix: 
[[37, 76, 3F, 6F], [63, 4C, 68, 7B], [45, 3D, 3B, 42], [6C, 22, 70, 2C]]

66 78 62 2A 
44 59 77 78 
2F 6B 2F 51 
68 2D 22 50 
[[66, 78, 62, 2A], [44, 59, 77, 78], [2F, 6B, 2F, 51], [68, 2D, 22, 50]]
fD/hxYk-bw/"*xQP
Answer from Hex Matrix: 
[[66, 78, 62, 2A], [44, 59, 77, 78], [2F, 6B, 2F, 51], [68, 2D, 22, 50]]

62 59 29 31 
29 43 37 59 
5E 3B 6C 71 
54 34 35 25 
[[62, 59, 29, 31], [29, 43, 37, 59], [5E, 3B, 6C, 71], [54, 34, 35, 25]]
b)^TYC;4)7l51Yq%
Answer from Hex Matrix: 
[[62, 59, 29, 31], [29, 43, 37, 59], [5E, 3B, 6C, 71], [54, 34, 35, 25]]

6E 31 73 5B 
42 21 35 66 
23 2C 2E 2B 
7C 36 55 3A 
[[6E, 31, 73, 5B], [42, 21, 35, 66], [23, 2C, 2E, 2B], [7C, 36, 55, 3A]]
nB#|1!,6s5.U[f+:
Answer from Hex Matrix: 
[[6E, 31, 73, 5B], [42, 21, 35, 66], [23, 2C, 2E, 2B], [7C, 36, 55, 3A]]

31 49 2B 5B 
65 2D 77 76 
29 5B 5F 50 
6D 63 46 26 
[[31, 49, 2B, 5B], [65, 2D, 77, 76], [29, 5B, 5F, 50], [6D, 63, 46, 26]]
1e)mI-[c+w_F[vP&
Answer from Hex Matrix: 
[[31, 49, 2B, 5B], [65, 2D, 77, 76], [29, 5B, 5F, 50], [6D, 63, 46, 26]]

2E 47 63 27 
62 3A 5A 58 
2C 69 58 22 
2F 36 55 2A 
[[2E, 47, 63, 27], [62, 3A, 5A, 58], [2C, 69, 58, 22], [2F, 36, 55, 2A]]
.b,/G:i6cZXU'X"*
Answer from Hex Matrix: 
[[2E, 47, 63, 27], [62, 3A, 5A, 58], [2C, 69, 58, 22], [2F, 36, 55, 2A]]

22 74 76 50 
5F 4F 3A 4B 
7B 6B 3D 76 
75 40 41 47 
[[22, 74, 76, 50], [5F, 4F, 3A, 4B], [7B, 6B, 3D, 76], [75, 40, 41, 47]]
"_{utOk@v:=APKvG
Answer from Hex Matrix: 
[[22, 74, 76, 50], [5F, 4F, 3A, 4B], [7B, 6B, 3D, 76], [75, 40, 41, 47]]

3D 3C 34 5E 
55 4B 3F 67 
3D 6B 56 29 
3D 77 49 4C 
[[3D, 3C, 34, 5E], [55, 4B, 3F, 67], [3D, 6B, 56, 29], [3D, 77, 49, 4C]]
=U==<Kkw4?VI^g)L
Answer from Hex Matrix: 
[[3D, 3C, 34, 5E], [55, 4B, 3F, 67], [3D, 6B, 56, 29], [3D, 77, 49, 4C]]

69 38 78 3B 
2A 64 5E 63 
3F 65 29 4A 
33 56 6A 67 
[[69, 38, 78, 3B], [2A, 64, 5E, 63], [3F, 65, 29, 4A], [33, 56, 6A, 67]]
i*?38deVx^)j;cJg
Answer from Hex Matrix: 
[[69, 38, 78, 3B], [2A, 64, 5E, 63], [3F, 65, 29, 4A], [33, 56, 6A, 67]]

77 3A 75 5F 
21 37 75 6B 
4C 2C 76 5C 
4C 48 74 31 
[[77, 3A, 75, 5F], [21, 37, 75, 6B], [4C, 2C, 76, 5C], [4C, 48, 74, 31]]
w!LL:7,Huuvt_k\1
Answer from Hex Matrix: 
[[77, 3A, 75, 5F], [21, 37, 75, 6B], [4C, 2C, 76, 5C], [4C, 48, 74, 31]]

2C 39 77 2C 
66 7C 36 33 
57 65 41 2F 
5F 36 49 49 
[[2C, 39, 77, 2C], [66, 7C, 36, 33], [57, 65, 41, 2F], [5F, 36, 49, 49]]
,fW_9|e6w6AI,3/I
Answer from Hex Matrix: 
[[2C, 39, 77, 2C], [66, 7C, 36, 33], [57, 65, 41, 2F], [5F, 36, 49, 49]]

5B 42 53 51 
5B 54 2C 77 
79 6C 4B 5C 
2E 2D 5E 42 
[[5B, 42, 53, 51], [5B, 54, 2C, 77], [79, 6C, 4B, 5C], [2E, 2D, 5E, 42]]
[[y.BTl-S,K^Qw\B
Answer from Hex Matrix: 
[[5B, 42, 53, 51], [5B, 54, 2C, 77], [79, 6C, 4B, 5C], [2E, 2D, 5E, 42]]

3D 2C 31 58 
6C 4E 2D 4C 
61 67 3E 3E 
5E 7A 58 21 
[[3D, 2C, 31, 58], [6C, 4E, 2D, 4C], [61, 67, 3E, 3E], [5E, 7A, 58, 21]]
=la^,Ngz1->XXL>!
Answer from Hex Matrix: 
[[3D, 2C, 31, 58], [6C, 4E, 2D, 4C], [61, 67, 3E, 3E], [5E, 7A, 58, 21]]

4D 6E 44 72 
47 6D 44 68 
69 4B 40 5C 
3B 41 4A 33 
[[4D, 6E, 44, 72], [47, 6D, 44, 68], [69, 4B, 40, 5C], [3B, 41, 4A, 33]]
MGi;nmKADD@Jrh\3
Answer from Hex Matrix: 
[[4D, 6E, 44, 72], [47, 6D, 44, 68], [69, 4B, 40, 5C], [3B, 41, 4A, 33]]

44 44 4E 4A 
34 72 68 51 
29 73 38 65 
34 23 2A 4E 
[[44, 44, 4E, 4A], [34, 72, 68, 51], [29, 73, 38, 65], [34, 23, 2A, 4E]]
D4)4Drs#Nh8*JQeN
Answer from Hex Matrix: 
[[44, 44, 4E, 4A], [34, 72, 68, 51], [29, 73, 38, 65], [34, 23, 2A, 4E]]

51 60 22 7C 
4D 78 39 75 
54 48 71 7C 
7C 3C 53 5B 
[[51, 60, 22, 7C], [4D, 78, 39, 75], [54, 48, 71, 7C], [7C, 3C, 53, 5B]]
QMT|`xH<"9qS|u|[
Answer from Hex Matrix: 
[[51, 60, 22, 7C], [4D, 78, 39, 75], [54, 48, 71, 7C], [7C, 3C, 53, 5B]]

63 78 4F 46 
25 39 28 5D 
29 66 6D 3F 
45 59 70 67 
[[63, 78, 4F, 46], [25, 39, 28, 5D], [29, 66, 6D, 3F], [45, 59, 70, 67]]
c%)Ex9fYO(mpF]?g
Answer from Hex Matrix: 
[[63, 78, 4F, 46], [25, 39, 28, 5D], [29, 66, 6D, 3F], [45, 59, 70, 67]]

4C 27 41 74 
64 6F 46 63 
74 33 55 79 
55 7A 2A 65 
[[4C, 27, 41, 74], [64, 6F, 46, 63], [74, 33, 55, 79], [55, 7A, 2A, 65]]
LdtU'o3zAFU*tcye
Answer from Hex Matrix: 
[[4C, 27, 41, 74], [64, 6F, 46, 63], [74, 33, 55, 79], [55, 7A, 2A, 65]]

3E 76 48 67 
42 29 53 65 
40 35 4B 31 
27 60 2C 63 
[[3E, 76, 48, 67], [42, 29, 53, 65], [40, 35, 4B, 31], [27, 60, 2C, 63]]
>B@'v)5`HSK,ge1c
Answer from Hex Matrix: 
[[3E, 76, 48, 67], [42, 29, 53, 65], [40, 35, 4B, 31], [27, 60, 2C, 63]]

64 3E 78 7D 
78 57 49 75 
59 52 2B 3A 
73 35 54 42 
[[64, 3E, 78, 7D], [78, 57, 49, 75], [59, 52, 2B, 3A], [73, 35, 54, 42]]
dxYs>WR5xI+T}u:B
Answer from Hex Matrix: 
[[64, 3E, 78, 7D], [78, 57, 49, 75], [59, 52, 2B, 3A], [73, 35, 54, 42]]

64 75 58 49 
30 5D 41 74 
59 65 40 76 
26 6E 2D 5C 
[[64, 75, 58, 49], [30, 5D, 41, 74], [59, 65, 40, 76], [26, 6E, 2D, 5C]]
d0Y&u]enXA@-Itv\
Answer from Hex Matrix: 
[[64, 75, 58, 49], [30, 5D, 41, 74], [59, 65, 40, 76], [26, 6E, 2D, 5C]]

33 65 6D 3C 
65 38 72 72 
5C 49 65 54 
47 7A 5D 64 
[[33, 65, 6D, 3C], [65, 38, 72, 72], [5C, 49, 65, 54], [47, 7A, 5D, 64]]
3e\Ge8Izmre]<rTd
Answer from Hex Matrix: 
[[33, 65, 6D, 3C], [65, 38, 72, 72], [5C, 49, 65, 54], [47, 7A, 5D, 64]]

63 40 49 50 
35 3A 35 45 
7C 5E 74 3F 
4E 6C 4E 3A 
[[63, 40, 49, 50], [35, 3A, 35, 45], [7C, 5E, 74, 3F], [4E, 6C, 4E, 3A]]
c5|N@:^lI5tNPE?:
Answer from Hex Matrix: 
[[63, 40, 49, 50], [35, 3A, 35, 45], [7C, 5E, 74, 3F], [4E, 6C, 4E, 3A]]

67 4B 63 3A 
37 38 2E 64 
25 7A 72 23 
74 67 3F 43 
[[67, 4B, 63, 3A], [37, 38, 2E, 64], [25, 7A, 72, 23], [74, 67, 3F, 43]]
g7%tK8zgc.r?:d#C
Answer from Hex Matrix: 
[[67, 4B, 63, 3A], [37, 38, 2E, 64], [25, 7A, 72, 23], [74, 67, 3F, 43]]

5C 5A 4D 6D 
6E 27 56 60 
4D 71 2C 47 
49 64 59 28 
[[5C, 5A, 4D, 6D], [6E, 27, 56, 60], [4D, 71, 2C, 47], [49, 64, 59, 28]]
\nMIZ'qdMV,Ym`G(
Answer from Hex Matrix: 
[[5C, 5A, 4D, 6D], [6E, 27, 56, 60], [4D, 71, 2C, 47], [49, 64, 59, 28]]

5C 68 48 5E 
31 40 39 39 
47 2F 59 33 
34 79 29 63 
[[5C, 68, 48, 5E], [31, 40, 39, 39], [47, 2F, 59, 33], [34, 79, 29, 63]]
\1G4h@/yH9Y)^93c
Answer from Hex Matrix: 
[[5C, 68, 48, 5E], [31, 40, 39, 39], [47, 2F, 59, 33], [34, 79, 29, 63]]

64 52 47 78 
2D 7B 5C 66 
68 38 56 47 
79 39 7D 7A 
[[64, 52, 47, 78], [2D, 7B, 5C, 66], [68, 38, 56, 47], [79, 39, 7D, 7A]]
d-hyR{89G\V}xfGz
Answer from Hex Matrix: 
[[64, 52, 47, 78], [2D, 7B, 5C, 66], [68, 38, 56, 47], [79, 39, 7D, 7A]]

65 3E 57 76 
70 5E 49 28 
74 68 6F 33 
55 6B 48 32 
[[65, 3E, 57, 76], [70, 5E, 49, 28], [74, 68, 6F, 33], [55, 6B, 48, 32]]
eptU>^hkWIoHv(32
Answer from Hex Matrix: 
[[65, 3E, 57, 76], [70, 5E, 49, 28], [74, 68, 6F, 33], [55, 6B, 48, 32]]

7A 39 79 4A 
77 7A 75 77 
3E 6B 74 33 
5C 6F 7A 61 
[[7A, 39, 79, 4A], [77, 7A, 75, 77], [3E, 6B, 74, 33], [5C, 6F, 7A, 61]]
zw>\9zkoyutzJw3a
Answer from Hex Matrix: 
[[7A, 39, 79, 4A], [77, 7A, 75, 77], [3E, 6B, 74, 33], [5C, 6F, 7A, 61]]

4F 2F 31 4E 
4E 50 54 63 
41 21 7A 5F 
77 56 5E 5F 
[[4F, 2F, 31, 4E], [4E, 50, 54, 63], [41, 21, 7A, 5F], [77, 56, 5E, 5F]]
ONAw/P!V1Tz^Nc__
Answer from Hex Matrix: 
[[4F, 2F, 31, 4E], [4E, 50, 54, 63], [41, 21, 7A, 5F], [77, 56, 5E, 5F]]

2D 5C 21 3A 
7C 46 67 70 
2F 4C 3A 27 
56 40 30 3F 
[[2D, 5C, 21, 3A], [7C, 46, 67, 70], [2F, 4C, 3A, 27], [56, 40, 30, 3F]]
-|/V\FL@!g:0:p'?
Answer from Hex Matrix: 
[[2D, 5C, 21, 3A], [7C, 46, 67, 70], [2F, 4C, 3A, 27], [56, 40, 30, 3F]]

6C 3A 4F 44 
58 74 32 3D 
2B 2C 35 26 
4D 40 59 35 
[[6C, 3A, 4F, 44], [58, 74, 32, 3D], [2B, 2C, 35, 26], [4D, 40, 59, 35]]
lX+M:t,@O25YD=&5
Answer from Hex Matrix: 
[[6C, 3A, 4F, 44], [58, 74, 32, 3D], [2B, 2C, 35, 26], [4D, 40, 59, 35]]

71 38 3F 55 
6A 7D 2D 5C 
6C 62 47 4D 
49 65 62 47 
[[71, 38, 3F, 55], [6A, 7D, 2D, 5C], [6C, 62, 47, 4D], [49, 65, 62, 47]]
qjlI8}be?-GbU\MG
Answer from Hex Matrix: 
[[71, 38, 3F, 55], [6A, 7D, 2D, 5C], [6C, 62, 47, 4D], [49, 65, 62, 47]]

7B 63 4E 3A 
53 7C 35 69 
3B 38 5C 2D 
5C 31 38 2A 
[[7B, 63, 4E, 3A], [53, 7C, 35, 69], [3B, 38, 5C, 2D], [5C, 31, 38, 2A]]
{S;\c|81N5\8:i-*
Answer from Hex Matrix: 
[[7B, 63, 4E, 3A], [53, 7C, 35, 69], [3B, 38, 5C, 2D], [5C, 31, 38, 2A]]

29 77 74 2E 
79 3C 5B 46 
29 58 37 2E 
2B 74 28 3A 
[[29, 77, 74, 2E], [79, 3C, 5B, 46], [29, 58, 37, 2E], [2B, 74, 28, 3A]]
)y)+w<Xtt[7(.F.:
Answer from Hex Matrix: 
[[29, 77, 74, 2E], [79, 3C, 5B, 46], [29, 58, 37, 2E], [2B, 74, 28, 3A]]

61 6F 3D 4D 
62 39 47 6A 
61 6B 5E 7C 
25 76 7B 69 
[[61, 6F, 3D, 4D], [62, 39, 47, 6A], [61, 6B, 5E, 7C], [25, 76, 7B, 69]]
aba%o9kv=G^{Mj|i
Answer from Hex Matrix: 
[[61, 6F, 3D, 4D], [62, 39, 47, 6A], [61, 6B, 5E, 7C], [25, 76, 7B, 69]]

59 4C 21 73 
3F 79 22 29 
29 5A 24 71 
39 5C 5F 52 
[[59, 4C, 21, 73], [3F, 79, 22, 29], [29, 5A, 24, 71], [39, 5C, 5F, 52]]
Y?)9LyZ\!"$_s)qR
Answer from Hex Matrix: 
[[59, 4C, 21, 73], [3F, 79, 22, 29], [29, 5A, 24, 71], [39, 5C, 5F, 52]]

27 6E 30 4D 
34 6B 5B 4E 
43 41 3A 29 
3D 3D 32 34 
[[27, 6E, 30, 4D], [34, 6B, 5B, 4E], [43, 41, 3A, 29], [3D, 3D, 32, 34]]
'4C=nkA=0[:2MN)4
Answer from Hex Matrix: 
[[27, 6E, 30, 4D], [34, 6B, 5B, 4E], [43, 41, 3A, 29], [3D, 3D, 32, 34]]

77 22 7A 40 
62 36 5E 3B 
37 50 23 5C 
4C 2B 24 4B 
[[77, 22, 7A, 40], [62, 36, 5E, 3B], [37, 50, 23, 5C], [4C, 2B, 24, 4B]]
wb7L"6P+z^#$@;\K
Answer from Hex Matrix: 
[[77, 22, 7A, 40], [62, 36, 5E, 3B], [37, 50, 23, 5C], [4C, 2B, 24, 4B]]

2B 2B 73 48 
28 4F 59 72 
22 2C 34 65 
36 56 65 6A 
[[2B, 2B, 73, 48], [28, 4F, 59, 72], [22, 2C, 34, 65], [36, 56, 65, 6A]]
+("6+O,VsY4eHrej
Answer from Hex Matrix: 
[[2B, 2B, 73, 48], [28, 4F, 59, 72], [22, 2C, 34, 65], [36, 56, 65, 6A]]

39 50 5D 69 
28 2C 49 65 
31 3E 54 54 
42 63 57 67 
[[39, 50, 5D, 69], [28, 2C, 49, 65], [31, 3E, 54, 54], [42, 63, 57, 67]]
9(1BP,>c]ITWieTg
Answer from Hex Matrix: 
[[39, 50, 5D, 69], [28, 2C, 49, 65], [31, 3E, 54, 54], [42, 63, 57, 67]]

60 29 4D 42 
45 21 3F 55 
53 68 36 36 
64 2E 73 29 
[[60, 29, 4D, 42], [45, 21, 3F, 55], [53, 68, 36, 36], [64, 2E, 73, 29]]
`ESd)!h.M?6sBU6)
Answer from Hex Matrix: 
[[60, 29, 4D, 42], [45, 21, 3F, 55], [53, 68, 36, 36], [64, 2E, 73, 29]]

3A 54 25 58 
56 42 6C 3E 
31 3E 7D 53 
3F 31 7C 4B 
[[3A, 54, 25, 58], [56, 42, 6C, 3E], [31, 3E, 7D, 53], [3F, 31, 7C, 4B]]
:V1?TB>1%l}|X>SK
Answer from Hex Matrix: 
[[3A, 54, 25, 58], [56, 42, 6C, 3E], [31, 3E, 7D, 53], [3F, 31, 7C, 4B]]

2B 70 6C 55 
48 41 35 4C 
3E 6F 70 7B 
37 40 55 5E 
[[2B, 70, 6C, 55], [48, 41, 35, 4C], [3E, 6F, 70, 7B], [37, 40, 55, 5E]]
+H>7pAo@l5pUUL{^
Answer from Hex Matrix: 
[[2B, 70, 6C, 55], [48, 41, 35, 4C], [3E, 6F, 70, 7B], [37, 40, 55, 5E]]

52 29 72 53 
30 78 58 26 
73 5B 3C 42 
5A 47 23 50 
[[52, 29, 72, 53], [30, 78, 58, 26], [73, 5B, 3C, 42], [5A, 47, 23, 50]]
R0sZ)x[GrX<#S&BP
Answer from Hex Matrix: 
[[52, 29, 72, 53], [30, 78, 58, 26], [73, 5B, 3C, 42], [5A, 47, 23, 50]]

73 34 3A 65 
53 35 59 69 
2B 5A 52 33 
2B 32 31 22 
[[73, 34, 3A, 65], [53, 35, 59, 69], [2B, 5A, 52, 33], [2B, 32, 31, 22]]
sS++45Z2:YR1ei3"
Answer from Hex Matrix: 
[[73, 34, 3A, 65], [53, 35, 59, 69], [2B, 5A, 52, 33], [2B, 32, 31, 22]]

41 56 32 45 
55 73 49 4E 
31 5B 38 34 
5D 35 29 42 
[[41, 56, 32, 45], [55, 73, 49, 4E], [31, 5B, 38, 34], [5D, 35, 29, 42]]
AU1]Vs[52I8)EN4B
Answer from Hex Matrix: 
[[41, 56, 32, 45], [55, 73, 49, 4E], [31, 5B, 38, 34], [5D, 35, 29, 42]]

56 6A 2E 47 
2A 6D 30 53 
31 65 7D 32 
51 73 64 5E 
[[56, 6A, 2E, 47], [2A, 6D, 30, 53], [31, 65, 7D, 32], [51, 73, 64, 5E]]
V*1Qjmes.0}dGS2^
Answer from Hex Matrix: 
[[56, 6A, 2E, 47], [2A, 6D, 30, 53], [31, 65, 7D, 32], [51, 73, 64, 5E]]

52 29 27 6F 
4E 51 30 6F 
73 6C 2E 54 
74 4C 63 38 
[[52, 29, 27, 6F], [4E, 51, 30, 6F], [73, 6C, 2E, 54], [74, 4C, 63, 38]]
RNst)QlL'0.cooT8
Answer from Hex Matrix: 
[[52, 29, 27, 6F], [4E, 51, 30, 6F], [73, 6C, 2E, 54], [74, 4C, 63, 38]]

6E 66 33 48 
6D 57 23 3B 
3F 63 62 55 
73 77 67 79 
[[6E, 66, 33, 48], [6D, 57, 23, 3B], [3F, 63, 62, 55], [73, 77, 67, 79]]
nm?sfWcw3#bgH;Uy
Answer from Hex Matrix: 
[[6E, 66, 33, 48], [6D, 57, 23, 3B], [3F, 63, 62, 55], [73, 77, 67, 79]]

58 57 7D 38 
55 4D 38 48 
50 48 64 5E 
59 74 5C 55 
[[58, 57, 7D, 38], [55, 4D, 38, 48], [50, 48, 64, 5E], [59, 74, 5C, 55]]
XUPYWMHt}8d\8H^U
Answer from Hex Matrix: 
[[58, 57, 7D, 38], [55, 4D, 38, 48], [50, 48, 64, 5E], [59, 74, 5C, 55]]

6C 34 71 2C 
44 2F 67 72 
64 5A 73 26 
3B 22 3C 27 
[[6C, 34, 71, 2C], [44, 2F, 67, 72], [64, 5A, 73, 26], [3B, 22, 3C, 27]]
lDd;4/Z"qgs<,r&'
Answer from Hex Matrix: 
[[6C, 34, 71, 2C], [44, 2F, 67, 72], [64, 5A, 73, 26], [3B, 22, 3C, 27]]

25 31 25 48 
61 22 75 32 
39 26 64 60 
23 30 52 7A 
[[25, 31, 25, 48], [61, 22, 75, 32], [39, 26, 64, 60], [23, 30, 52, 7A]]
%a9#1"&0%udRH2`z
Answer from Hex Matrix: 
[[25, 31, 25, 48], [61, 22, 75, 32], [39, 26, 64, 60], [23, 30, 52, 7A]]

27 59 63 26 
3B 36 62 55 
51 7B 51 49 
3F 4D 70 70 
[[27, 59, 63, 26], [3B, 36, 62, 55], [51, 7B, 51, 49], [3F, 4D, 70, 70]]
';Q?Y6{McbQp&UIp
Answer from Hex Matrix: 
[[27, 59, 63, 26], [3B, 36, 62, 55], [51, 7B, 51, 49], [3F, 4D, 70, 70]]

2F 78 30 23 
49 42 41 55 
59 5E 62 75 
2E 40 52 3C 
[[2F, 78, 30, 23], [49, 42, 41, 55], [59, 5E, 62, 75], [2E, 40, 52, 3C]]
/IY.xB^@0AbR#Uu<
Answer from Hex Matrix: 
[[2F, 78, 30, 23], [49, 42, 41, 55], [59, 5E, 62, 75], [2E, 40, 52, 3C]]

5C 57 73 4B 
35 3E 26 64 
71 33 3E 51 
35 62 2C 58 
[[5C, 57, 73, 4B], [35, 3E, 26, 64], [71, 33, 3E, 51], [35, 62, 2C, 58]]
\5q5W>3bs&>,KdQX
Answer from Hex Matrix: 
[[5C, 57, 73, 4B], [35, 3E, 26, 64], [71, 33, 3E, 51], [35, 62, 2C, 58]]

3D 6C 70 32 
64 63 4D 7D 
39 77 65 22 
63 24 5E 45 
[[3D, 6C, 70, 32], [64, 63, 4D, 7D], [39, 77, 65, 22], [63, 24, 5E, 45]]
=d9clcw$pMe^2}"E
Answer from Hex Matrix: 
[[3D, 6C, 70, 32], [64, 63, 4D, 7D], [39, 77, 65, 22], [63, 24, 5E, 45]]

68 3A 5A 39 
3A 6A 53 52 
59 68 26 61 
7A 6B 5C 2A 
[[68, 3A, 5A, 39], [3A, 6A, 53, 52], [59, 68, 26, 61], [7A, 6B, 5C, 2A]]
h:Yz:jhkZS&\9Ra*
Answer from Hex Matrix: 
[[68, 3A, 5A, 39], [3A, 6A, 53, 52], [59, 68, 26, 61], [7A, 6B, 5C, 2A]]

5B 53 64 3E 
60 33 43 77 
32 63 67 22 
6A 6A 47 37 
[[5B, 53, 64, 3E], [60, 33, 43, 77], [32, 63, 67, 22], [6A, 6A, 47, 37]]
[`2jS3cjdCgG>w"7
Answer from Hex Matrix: 
[[5B, 53, 64, 3E], [60, 33, 43, 77], [32, 63, 67, 22], [6A, 6A, 47, 37]]

2B 22 39 46 
6E 51 4A 68 
43 5C 45 78 
71 25 3C 4F 
[[2B, 22, 39, 46], [6E, 51, 4A, 68], [43, 5C, 45, 78], [71, 25, 3C, 4F]]
+nCq"Q\%9JE<FhxO
Answer from Hex Matrix: 
[[2B, 22, 39, 46], [6E, 51, 4A, 68], [43, 5C, 45, 78], [71, 25, 3C, 4F]]

70 57 28 2C 
4D 75 23 7C 
72 27 79 53 
56 42 3D 5A 
[[70, 57, 28, 2C], [4D, 75, 23, 7C], [72, 27, 79, 53], [56, 42, 3D, 5A]]
pMrVWu'B(#y=,|SZ
Answer from Hex Matrix: 
[[70, 57, 28, 2C], [4D, 75, 23, 7C], [72, 27, 79, 53], [56, 42, 3D, 5A]]

56 3D 32 4C 
39 42 39 6C 
21 44 66 52 
47 78 77 43 
[[56, 3D, 32, 4C], [39, 42, 39, 6C], [21, 44, 66, 52], [47, 78, 77, 43]]
V9!G=BDx29fwLlRC
Answer from Hex Matrix: 
[[56, 3D, 32, 4C], [39, 42, 39, 6C], [21, 44, 66, 52], [47, 78, 77, 43]]

64 33 5A 68 
63 39 45 31 
47 23 31 73 
6E 42 5C 2E 
[[64, 33, 5A, 68], [63, 39, 45, 31], [47, 23, 31, 73], [6E, 42, 5C, 2E]]
dcGn39#BZE1\h1s.
Answer from Hex Matrix: 
[[64, 33, 5A, 68], [63, 39, 45, 31], [47, 23, 31, 73], [6E, 42, 5C, 2E]]

30 7B 2B 51 
36 78 63 38 
6B 53 38 2C 
36 47 37 2E 
[[30, 7B, 2B, 51], [36, 78, 63, 38], [6B, 53, 38, 2C], [36, 47, 37, 2E]]
06k6{xSG+c87Q8,.
Answer from Hex Matrix: 
[[30, 7B, 2B, 51], [36, 78, 63, 38], [6B, 53, 38, 2C], [36, 47, 37, 2E]]

7A 31 60 5A 
4E 4A 46 49 
4D 53 27 52 
78 5F 4F 70 
[[7A, 31, 60, 5A], [4E, 4A, 46, 49], [4D, 53, 27, 52], [78, 5F, 4F, 70]]
zNMx1JS_`F'OZIRp
Answer from Hex Matrix: 
[[7A, 31, 60, 5A], [4E, 4A, 46, 49], [4D, 53, 27, 52], [78, 5F, 4F, 70]]

4D 27 77 42 
28 46 70 7D 
35 24 49 58 
32 2F 4C 4D 
[[4D, 27, 77, 42], [28, 46, 70, 7D], [35, 24, 49, 58], [32, 2F, 4C, 4D]]
M(52'F$/wpILB}XM
Answer from Hex Matrix: 
[[4D, 27, 77, 42], [28, 46, 70, 7D], [35, 24, 49, 58], [32, 2F, 4C, 4D]]

35 75 48 31 
32 3E 5B 2B 
69 4F 47 33 
2E 35 61 56 
[[35, 75, 48, 31], [32, 3E, 5B, 2B], [69, 4F, 47, 33], [2E, 35, 61, 56]]
52i.u>O5H[Ga1+3V
Answer from Hex Matrix: 
[[35, 75, 48, 31], [32, 3E, 5B, 2B], [69, 4F, 47, 33], [2E, 35, 61, 56]]

40 2F 22 69 
46 27 42 4C 
51 62 47 67 
49 34 28 26 
[[40, 2F, 22, 69], [46, 27, 42, 4C], [51, 62, 47, 67], [49, 34, 28, 26]]
@FQI/'b4"BG(iLg&
Answer from Hex Matrix: 
[[40, 2F, 22, 69], [46, 27, 42, 4C], [51, 62, 47, 67], [49, 34, 28, 26]]

27 74 54 2A 
50 79 6C 24 
7C 76 53 56 
23 66 2C 63 
[[27, 74, 54, 2A], [50, 79, 6C, 24], [7C, 76, 53, 56], [23, 66, 2C, 63]]
'P|#tyvfTlS,*$Vc
Answer from Hex Matrix: 
[[27, 74, 54, 2A], [50, 79, 6C, 24], [7C, 76, 53, 56], [23, 66, 2C, 63]]

6B 47 79 52 
4F 6E 65 59 
25 28 25 53 
71 76 76 37 
[[6B, 47, 79, 52], [4F, 6E, 65, 59], [25, 28, 25, 53], [71, 76, 76, 37]]
kO%qGn(vye%vRYS7
Answer from Hex Matrix: 
[[6B, 47, 79, 52], [4F, 6E, 65, 59], [25, 28, 25, 53], [71, 76, 76, 37]]

34 72 7D 78 
7B 69 2F 5D 
76 71 79 2B 
66 22 57 48 
[[34, 72, 7D, 78], [7B, 69, 2F, 5D], [76, 71, 79, 2B], [66, 22, 57, 48]]
4{vfriq"}/yWx]+H
Answer from Hex Matrix: 
[[34, 72, 7D, 78], [7B, 69, 2F, 5D], [76, 71, 79, 2B], [66, 22, 57, 48]]

22 44 40 78 
37 49 65 6C 
35 40 57 28 
27 75 31 56 
[[22, 44, 40, 78], [37, 49, 65, 6C], [35, 40, 57, 28], [27, 75, 31, 56]]
"75'DI@u@eW1xl(V
Answer from Hex Matrix: 
[[22, 44, 40, 78], [37, 49, 65, 6C], [35, 40, 57, 28], [27, 75, 31, 56]]

3D 2B 68 37 
58 6C 66 46 
66 57 5E 5B 
3C 49 5E 56 
[[3D, 2B, 68, 37], [58, 6C, 66, 46], [66, 57, 5E, 5B], [3C, 49, 5E, 56]]
=Xf<+lWIhf^^7F[V
Answer from Hex Matrix: 
[[3D, 2B, 68, 37], [58, 6C, 66, 46], [66, 57, 5E, 5B], [3C, 49, 5E, 56]]

53 40 58 57 
58 6D 34 67 
34 38 34 4E 
61 56 6E 34 
[[53, 40, 58, 57], [58, 6D, 34, 67], [34, 38, 34, 4E], [61, 56, 6E, 34]]
SX4a@m8VX44nWgN4
Answer from Hex Matrix: 
[[53, 40, 58, 57], [58, 6D, 34, 67], [34, 38, 34, 4E], [61, 56, 6E, 34]]

3C 61 23 3D 
58 67 41 30 
41 31 2E 57 
3B 55 32 40 
[[3C, 61, 23, 3D], [58, 67, 41, 30], [41, 31, 2E, 57], [3B, 55, 32, 40]]
<XA;ag1U#A.2=0W@
Answer from Hex Matrix: 
[[3C, 61, 23, 3D], [58, 67, 41, 30], [41, 31, 2E, 57], [3B, 55, 32, 40]]

63 5B 22 5D 
6D 47 62 7B 
42 3D 7D 6A 
5D 7B 3F 5E 
[[63, 5B, 22, 5D], [6D, 47, 62, 7B], [42, 3D, 7D, 6A], [5D, 7B, 3F, 5E]]
cmB][G={"b}?]{j^
Answer from Hex Matrix: 
[[63, 5B, 22, 5D], [6D, 47, 62, 7B], [42, 3D, 7D, 6A], [5D, 7B, 3F, 5E]]

66 5F 39 54 
70 52 24 34 
58 3F 44 3A 
50 48 67 5D 
[[66, 5F, 39, 54], [70, 52, 24, 34], [58, 3F, 44, 3A], [50, 48, 67, 5D]]
fpXP_R?H9$DgT4:]
Answer from Hex Matrix: 
[[66, 5F, 39, 54], [70, 52, 24, 34], [58, 3F, 44, 3A], [50, 48, 67, 5D]]

4A 4B 27 4B 
29 38 76 60 
74 5A 38 6F 
3E 72 23 30 
[[4A, 4B, 27, 4B], [29, 38, 76, 60], [74, 5A, 38, 6F], [3E, 72, 23, 30]]
J)t>K8Zr'v8#K`o0
Answer from Hex Matrix: 
[[4A, 4B, 27, 4B], [29, 38, 76, 60], [74, 5A, 38, 6F], [3E, 72, 23, 30]]

28 74 50 63 
2B 4D 77 5B 
74 46 50 5E 
5E 2B 73 4F 
[[28, 74, 50, 63], [2B, 4D, 77, 5B], [74, 46, 50, 5E], [5E, 2B, 73, 4F]]
(+t^tMF+PwPsc[^O
Answer from Hex Matrix: 
[[28, 74, 50, 63], [2B, 4D, 77, 5B], [74, 46, 50, 5E], [5E, 2B, 73, 4F]]

46 23 49 49 
48 2A 22 47 
4E 7B 23 54 
58 64 55 3E 
[[46, 23, 49, 49], [48, 2A, 22, 47], [4E, 7B, 23, 54], [58, 64, 55, 3E]]
FHNX#*{dI"#UIGT>
Answer from Hex Matrix: 
[[46, 23, 49, 49], [48, 2A, 22, 47], [4E, 7B, 23, 54], [58, 64, 55, 3E]]

28 77 69 55 
34 57 7D 66 
74 4D 67 2E 
6F 45 53 44 
[[28, 77, 69, 55], [34, 57, 7D, 66], [74, 4D, 67, 2E], [6F, 45, 53, 44]]
(4towWMEi}gSUf.D
Answer from Hex Matrix: 
[[28, 77, 69, 55], [34, 57, 7D, 66], [74, 4D, 67, 2E], [6F, 45, 53, 44]]

5A 3C 62 63 
36 27 28 33 
74 25 6E 62 
39 37 32 45 
[[5A, 3C, 62, 63], [36, 27, 28, 33], [74, 25, 6E, 62], [39, 37, 32, 45]]
Z6t9<'%7b(n2c3bE
Answer from Hex Matrix: 
[[5A, 3C, 62, 63], [36, 27, 28, 33], [74, 25, 6E, 62], [39, 37, 32, 45]]

6D 56 37 26 
6E 59 4F 4F 
71 58 2B 7C 
53 69 4F 21 
[[6D, 56, 37, 26], [6E, 59, 4F, 4F], [71, 58, 2B, 7C], [53, 69, 4F, 21]]
mnqSVYXi7O+O&O|!
Answer from Hex Matrix: 
[[6D, 56, 37, 26], [6E, 59, 4F, 4F], [71, 58, 2B, 7C], [53, 69, 4F, 21]]

46 44 62 60 
5B 5F 6C 59 
25 40 32 3B 
32 6F 35 6D 
[[46, 44, 62, 60], [5B, 5F, 6C, 59], [25, 40, 32, 3B], [32, 6F, 35, 6D]]
F[%2D_@obl25`Y;m
Answer from Hex Matrix: 
[[46, 44, 62, 60], [5B, 5F, 6C, 59], [25, 40, 32, 3B], [32, 6F, 35, 6D]]

5E 39 49 31 
2C 24 42 55 
6F 76 52 2F 
43 4B 3B 41 
[[5E, 39, 49, 31], [2C, 24, 42, 55], [6F, 76, 52, 2F], [43, 4B, 3B, 41]]
^,oC9$vKIBR;1U/A
Answer from Hex Matrix: 
[[5E, 39, 49, 31], [2C, 24, 42, 55], [6F, 76, 52, 2F], [43, 4B, 3B, 41]]

42 2A 74 65 
6B 79 53 34 
4B 54 47 30 
57 7B 2F 65 
[[42, 2A, 74, 65], [6B, 79, 53, 34], [4B, 54, 47, 30], [57, 7B, 2F, 65]]
BkKW*yT{tSG/e40e
Answer from Hex Matrix: 
[[42, 2A, 74, 65], [6B, 79, 53, 34], [4B, 54, 47, 30], [57, 7B, 2F, 65]]

69 71 71 45 
3F 56 52 7A 
6E 49 54 36 
7D 65 5C 79 
[[69, 71, 71, 45], [3F, 56, 52, 7A], [6E, 49, 54, 36], [7D, 65, 5C, 79]]
i?n}qVIeqRT\Ez6y
Answer from Hex Matrix: 
[[69, 71, 71, 45], [3F, 56, 52, 7A], [6E, 49, 54, 36], [7D, 65, 5C, 79]]

2A 50 54 40 
21 55 3A 37 
23 24 26 50 
27 67 50 59 
[[2A, 50, 54, 40], [21, 55, 3A, 37], [23, 24, 26, 50], [27, 67, 50, 59]]
*!#'PU$gT:&P@7PY
Answer from Hex Matrix: 
[[2A, 50, 54, 40], [21, 55, 3A, 37], [23, 24, 26, 50], [27, 67, 50, 59]]

6B 6C 6C 44 
59 70 54 21 
64 54 7D 63 
3D 5A 79 41 
[[6B, 6C, 6C, 44], [59, 70, 54, 21], [64, 54, 7D, 63], [3D, 5A, 79, 41]]
kYd=lpTZlT}yD!cA
Answer from Hex Matrix: 
[[6B, 6C, 6C, 44], [59, 70, 54, 21], [64, 54, 7D, 63], [3D, 5A, 79, 41]]

41 4B 32 5E 
6B 7C 5F 27 
4A 2B 6D 28 
33 68 78 4D 
[[41, 4B, 32, 5E], [6B, 7C, 5F, 27], [4A, 2B, 6D, 28], [33, 68, 78, 4D]]
AkJ3K|+h2_mx^'(M
Answer from Hex Matrix: 
[[41, 4B, 32, 5E], [6B, 7C, 5F, 27], [4A, 2B, 6D, 28], [33, 68, 78, 4D]]

68 5C 3A 40 
6D 65 2F 65 
6B 56 30 60 
7C 38 74 6C 
[[68, 5C, 3A, 40], [6D, 65, 2F, 65], [6B, 56, 30, 60], [7C, 38, 74, 6C]]
hmk|\eV8:/0t@e`l
Answer from Hex Matrix: 
[[68, 5C, 3A, 40], [6D, 65, 2F, 65], [6B, 56, 30, 60], [7C, 38, 74, 6C]]

4D 48 79 3C 
5B 49 66 7A 
3D 7C 67 34 
2D 67 79 74 
[[4D, 48, 79, 3C], [5B, 49, 66, 7A], [3D, 7C, 67, 34], [2D, 67, 79, 74]]
M[=-HI|gyfgy<z4t
Answer from Hex Matrix: 
[[4D, 48, 79, 3C], [5B, 49, 66, 7A], [3D, 7C, 67, 34], [2D, 67, 79, 74]]

78 3A 33 3C 
21 66 22 45 
7B 39 4A 26 
79 63 50 79 
[[78, 3A, 33, 3C], [21, 66, 22, 45], [7B, 39, 4A, 26], [79, 63, 50, 79]]
x!{y:f9c3"JP<E&y
Answer from Hex Matrix: 
[[78, 3A, 33, 3C], [21, 66, 22, 45], [7B, 39, 4A, 26], [79, 63, 50, 79]]

2A 63 55 33 
70 32 5B 63 
7D 2A 4C 71 
58 29 54 25 
[[2A, 63, 55, 33], [70, 32, 5B, 63], [7D, 2A, 4C, 71], [58, 29, 54, 25]]
*p}Xc2*)U[LT3cq%
Answer from Hex Matrix: 
[[2A, 63, 55, 33], [70, 32, 5B, 63], [7D, 2A, 4C, 71], [58, 29, 54, 25]]

69 6C 26 4A 
79 71 42 6F 
74 3E 2B 43 
6B 73 42 34 
[[69, 6C, 26, 4A], [79, 71, 42, 6F], [74, 3E, 2B, 43], [6B, 73, 42, 34]]
iytklq>s&B+BJoC4
Answer from Hex Matrix: 
[[69, 6C, 26, 4A], [79, 71, 42, 6F], [74, 3E, 2B, 43], [6B, 73, 42, 34]]

2A 47 70 2C 
21 30 43 3D 
61 79 72 66 
57 67 33 3A 
[[2A, 47, 70, 2C], [21, 30, 43, 3D], [61, 79, 72, 66], [57, 67, 33, 3A]]
*!aWG0ygpCr3,=f:
Answer from Hex Matrix: 
[[2A, 47, 70, 2C], [21, 30, 43, 3D], [61, 79, 72, 66], [57, 67, 33, 3A]]

36 42 4C 2B 
4F 6C 5F 4C 
2B 29 5E 72 
5C 4B 63 68 
[[36, 42, 4C, 2B], [4F, 6C, 5F, 4C], [2B, 29, 5E, 72], [5C, 4B, 63, 68]]
6O+\Bl)KL_^c+Lrh
Answer from Hex Matrix: 
[[36, 42, 4C, 2B], [4F, 6C, 5F, 4C], [2B, 29, 5E, 72], [5C, 4B, 63, 68]]

6A 2F 66 6B 
3F 5D 6B 48 
62 25 75 45 
36 38 3F 78 
[[6A, 2F, 66, 6B], [3F, 5D, 6B, 48], [62, 25, 75, 45], [36, 38, 3F, 78]]
j?b6/]%8fku?kHEx
Answer from Hex Matrix: 
[[6A, 2F, 66, 6B], [3F, 5D, 6B, 48], [62, 25, 75, 45], [36, 38, 3F, 78]]

21 3F 6B 27 
53 31 2F 25 
78 35 66 4E 
46 2A 2D 43 
[[21, 3F, 6B, 27], [53, 31, 2F, 25], [78, 35, 66, 4E], [46, 2A, 2D, 43]]
!SxF?15*k/f-'%NC
Answer from Hex Matrix: 
[[21, 3F, 6B, 27], [53, 31, 2F, 25], [78, 35, 66, 4E], [46, 2A, 2D, 43]]

65 59 60 41 
5C 6D 68 4F 
3A 49 72 76 
2A 65 65 21 
[[65, 59, 60, 41], [5C, 6D, 68, 4F], [3A, 49, 72, 76], [2A, 65, 65, 21]]
e\:*YmIe`hreAOv!
Answer from Hex Matrix: 
[[65, 59, 60, 41], [5C, 6D, 68, 4F], [3A, 49, 72, 76], [2A, 65, 65, 21]]

41 7B 29 56 
6A 32 4C 5F 
4F 73 3B 2F 
37 51 47 24 
[[41, 7B, 29, 56], [6A, 32, 4C, 5F], [4F, 73, 3B, 2F], [37, 51, 47, 24]]
AjO7{2sQ)L;GV_/$
Answer from Hex Matrix: 
[[41, 7B, 29, 56], [6A, 32, 4C, 5F], [4F, 73, 3B, 2F], [37, 51, 47, 24]]

23 71 40 61 
64 67 4C 73 
59 3A 36 77 
34 53 59 73 
[[23, 71, 40, 61], [64, 67, 4C, 73], [59, 3A, 36, 77], [34, 53, 59, 73]]
#dY4qg:S@L6Yasws
Answer from Hex Matrix: 
[[23, 71, 40, 61], [64, 67, 4C, 73], [59, 3A, 36, 77], [34, 53, 59, 73]]

2C 35 78 31 
30 5E 65 32 
5A 29 47 58 
24 2A 70 6E 
[[2C, 35, 78, 31], [30, 5E, 65, 32], [5A, 29, 47, 58], [24, 2A, 70, 6E]]
,0Z$5^)*xeGp12Xn
Answer from Hex Matrix: 
[[2C, 35, 78, 31], [30, 5E, 65, 32], [5A, 29, 47, 58], [24, 2A, 70, 6E]]

57 52 6E 33 
6E 76 57 6C 
5E 49 27 58 
6F 37 37 32 
[[57, 52, 6E, 33], [6E, 76, 57, 6C], [5E, 49, 27, 58], [6F, 37, 37, 32]]
Wn^oRvI7nW'73lX2
Answer from Hex Matrix: 
[[57, 52, 6E, 33], [6E, 76, 57, 6C], [5E, 49, 27, 58], [6F, 37, 37, 32]]

6B 6C 39 3C 
5F 66 38 24 
78 3A 72 79 
77 53 58 51 
[[6B, 6C, 39, 3C], [5F, 66, 38, 24], [78, 3A, 72, 79], [77, 53, 58, 51]]
k_xwlf:S98rX<$yQ
Answer from Hex Matrix: 
[[6B, 6C, 39, 3C], [5F, 66, 38, 24], [78, 3A, 72, 79], [77, 53, 58, 51]]

62 42 6E 67 
26 70 79 3C 
5E 4C 7B 3A 
63 4E 31 53 
[[62, 42, 6E, 67], [26, 70, 79, 3C], [5E, 4C, 7B, 3A], [63, 4E, 31, 53]]
b&^cBpLNny{1g<:S
Answer from Hex Matrix: 
[[62, 42, 6E, 67], [26, 70, 79, 3C], [5E, 4C, 7B, 3A], [63, 4E, 31, 53]]

70 2B 47 4F 
3C 5B 70 3F 
5D 3B 65 6C 
69 5E 2D 32 
[[70, 2B, 47, 4F], [3C, 5B, 70, 3F], [5D, 3B, 65, 6C], [69, 5E, 2D, 32]]
p<]i+[;^Gpe-O?l2
Answer from Hex Matrix: 
[[70, 2B, 47, 4F], [3C, 5B, 70, 3F], [5D, 3B, 65, 6C], [69, 5E, 2D, 32]]

78 26 46 6A 
2A 28 2A 79 
6F 7A 45 36 
35 62 2D 6C 
[[78, 26, 46, 6A], [2A, 28, 2A, 79], [6F, 7A, 45, 36], [35, 62, 2D, 6C]]
x*o5&(zbF*E-jy6l
Answer from Hex Matrix: 
[[78, 26, 46, 6A], [2A, 28, 2A, 79], [6F, 7A, 45, 36], [35, 62, 2D, 6C]]

6C 6E 70 26 
6D 36 4A 3E 
4D 60 26 3F 
22 5B 6A 4A 
[[6C, 6E, 70, 26], [6D, 36, 4A, 3E], [4D, 60, 26, 3F], [22, 5B, 6A, 4A]]
lmM"n6`[pJ&j&>?J
Answer from Hex Matrix: 
[[6C, 6E, 70, 26], [6D, 36, 4A, 3E], [4D, 60, 26, 3F], [22, 5B, 6A, 4A]]

6A 6C 60 27 
6E 3C 6F 76 
6C 25 6F 57 
2E 22 44 64 
[[6A, 6C, 60, 27], [6E, 3C, 6F, 76], [6C, 25, 6F, 57], [2E, 22, 44, 64]]
jnl.l<%"`ooD'vWd
Answer from Hex Matrix: 
[[6A, 6C, 60, 27], [6E, 3C, 6F, 76], [6C, 25, 6F, 57], [2E, 22, 44, 64]]

29 54 61 5F 
6D 42 67 21 
7D 73 47 3D 
3C 2B 40 46 
[[29, 54, 61, 5F], [6D, 42, 67, 21], [7D, 73, 47, 3D], [3C, 2B, 40, 46]]
)m}<TBs+agG@_!=F
Answer from Hex Matrix: 
[[29, 54, 61, 5F], [6D, 42, 67, 21], [7D, 73, 47, 3D], [3C, 2B, 40, 46]]

35 22 66 27 
32 3C 24 30 
28 56 37 2F 
2B 50 2E 51 
[[35, 22, 66, 27], [32, 3C, 24, 30], [28, 56, 37, 2F], [2B, 50, 2E, 51]]
52(+"<VPf$7.'0/Q
Answer from Hex Matrix: 
[[35, 22, 66, 27], [32, 3C, 24, 30], [28, 56, 37, 2F], [2B, 50, 2E, 51]]

55 50 4C 62 
38 48 75 5B 
44 24 78 31 
79 39 22 79 
[[55, 50, 4C, 62], [38, 48, 75, 5B], [44, 24, 78, 31], [79, 39, 22, 79]]
U8DyPH$9Lux"b[1y
Answer from Hex Matrix: 
[[55, 50, 4C, 62], [38, 48, 75, 5B], [44, 24, 78, 31], [79, 39, 22, 79]]

21 34 71 52 
4C 3B 2E 43 
23 45 32 3A 
4A 5A 51 45 
[[21, 34, 71, 52], [4C, 3B, 2E, 43], [23, 45, 32, 3A], [4A, 5A, 51, 45]]
!L#J4;EZq.2QRC:E
Answer from Hex Matrix: 
[[21, 34, 71, 52], [4C, 3B, 2E, 43], [23, 45, 32, 3A], [4A, 5A, 51, 45]]

63 3D 5C 2F 
5C 36 60 58 
32 2C 40 55 
79 64 24 22 
[[63, 3D, 5C, 2F], [5C, 36, 60, 58], [32, 2C, 40, 55], [79, 64, 24, 22]]
c\2y=6,d\`@$/XU"
Answer from Hex Matrix: 
[[63, 3D, 5C, 2F], [5C, 36, 60, 58], [32, 2C, 40, 55], [79, 64, 24, 22]]

64 3C 3A 67 
31 53 3E 24 
76 50 67 68 
40 73 75 68 
[[64, 3C, 3A, 67], [31, 53, 3E, 24], [76, 50, 67, 68], [40, 73, 75, 68]]
d1v@<SPs:>gug$hh
Answer from Hex Matrix: 
[[64, 3C, 3A, 67], [31, 53, 3E, 24], [76, 50, 67, 68], [40, 73, 75, 68]]

51 31 69 64 
29 47 50 44 
60 6A 49 31 
7C 54 4F 71 
[[51, 31, 69, 64], [29, 47, 50, 44], [60, 6A, 49, 31], [7C, 54, 4F, 71]]
Q)`|1GjTiPIOdD1q
Answer from Hex Matrix: 
[[51, 31, 69, 64], [29, 47, 50, 44], [60, 6A, 49, 31], [7C, 54, 4F, 71]]

4B 2F 60 53 
45 63 71 7D 
51 77 7A 43 
47 31 2C 75 
[[4B, 2F, 60, 53], [45, 63, 71, 7D], [51, 77, 7A, 43], [47, 31, 2C, 75]]
KEQG/cw1`qz,S}Cu
Answer from Hex Matrix: 
[[4B, 2F, 60, 53], [45, 63, 71, 7D], [51, 77, 7A, 43], [47, 31, 2C, 75]]

59 40 47 57 
6A 2F 56 2D 
30 32 75 3F 
2F 4D 36 34 
[[59, 40, 47, 57], [6A, 2F, 56, 2D], [30, 32, 75, 3F], [2F, 4D, 36, 34]]
Yj0/@/2MGVu6W-?4
Answer from Hex Matrix: 
[[59, 40, 47, 57], [6A, 2F, 56, 2D], [30, 32, 75, 3F], [2F, 4D, 36, 34]]

38 3C 75 67 
34 4A 60 61 
56 72 47 61 
27 78 4F 3C 
[[38, 3C, 75, 67], [34, 4A, 60, 61], [56, 72, 47, 61], [27, 78, 4F, 3C]]
84V'<Jrxu`GOgaa<
Answer from Hex Matrix: 
[[38, 3C, 75, 67], [34, 4A, 60, 61], [56, 72, 47, 61], [27, 78, 4F, 3C]]

3C 48 34 2F 
55 24 30 5A 
6A 7C 6F 55 
27 59 40 64 
[[3C, 48, 34, 2F], [55, 24, 30, 5A], [6A, 7C, 6F, 55], [27, 59, 40, 64]]
<Uj'H$|Y40o@/ZUd
Answer from Hex Matrix: 
[[3C, 48, 34, 2F], [55, 24, 30, 5A], [6A, 7C, 6F, 55], [27, 59, 40, 64]]

57 73 22 74 
4C 34 2C 72 
5C 33 23 71 
4D 7D 40 2F 
[[57, 73, 22, 74], [4C, 34, 2C, 72], [5C, 33, 23, 71], [4D, 7D, 40, 2F]]
WL\Ms43}",#@trq/
Answer from Hex Matrix: 
[[57, 73, 22, 74], [4C, 34, 2C, 72], [5C, 33, 23, 71], [4D, 7D, 40, 2F]]

76 2B 45 42 
2C 6D 73 72 
65 7C 47 50 
40 51 6A 57 
[[76, 2B, 45, 42], [2C, 6D, 73, 72], [65, 7C, 47, 50], [40, 51, 6A, 57]]
v,e@+m|QEsGjBrPW
Answer from Hex Matrix: 
[[76, 2B, 45, 42], [2C, 6D, 73, 72], [65, 7C, 47, 50], [40, 51, 6A, 57]]

74 2E 37 33 
30 34 32 31 
47 46 79 30 
3E 56 5B 64 
[[74, 2E, 37, 33], [30, 34, 32, 31], [47, 46, 79, 30], [3E, 56, 5B, 64]]
t0G>.4FV72y[310d
Answer from Hex Matrix: 
[[74, 2E, 37, 33], [30, 34, 32, 31], [47, 46, 79, 30], [3E, 56, 5B, 64]]

55 79 26 50 
32 22 4F 7C 
7C 38 66 76 
37 21 26 26 
[[55, 79, 26, 50], [32, 22, 4F, 7C], [7C, 38, 66, 76], [37, 21, 26, 26]]
U2|7y"8!&Of&P|v&
Answer from Hex Matrix: 
[[55, 79, 26, 50], [32, 22, 4F, 7C], [7C, 38, 66, 76], [37, 21, 26, 26]]

3D 36 76 30 
28 65 28 44 
4E 5B 3F 73 
35 61 6A 6C 
[[3D, 36, 76, 30], [28, 65, 28, 44], [4E, 5B, 3F, 73], [35, 61, 6A, 6C]]
=(N56e[av(?j0Dsl
Answer from Hex Matrix: 
[[3D, 36, 76, 30], [28, 65, 28, 44], [4E, 5B, 3F, 73], [35, 61, 6A, 6C]]

5B 47 6C 2F 
31 37 3A 61 
74 7C 3B 69 
67 31 7D 55 
[[5B, 47, 6C, 2F], [31, 37, 3A, 61], [74, 7C, 3B, 69], [67, 31, 7D, 55]]
[1tgG7|1l:;}/aiU
Answer from Hex Matrix: 
[[5B, 47, 6C, 2F], [31, 37, 3A, 61], [74, 7C, 3B, 69], [67, 31, 7D, 55]]

48 3F 7B 3E 
47 7A 64 63 
70 56 4E 7C 
32 3A 40 7C 
[[48, 3F, 7B, 3E], [47, 7A, 64, 63], [70, 56, 4E, 7C], [32, 3A, 40, 7C]]
HGp2?zV:{dN@>c||
Answer from Hex Matrix: 
[[48, 3F, 7B, 3E], [47, 7A, 64, 63], [70, 56, 4E, 7C], [32, 3A, 40, 7C]]

6A 72 7C 75 
43 3D 4C 2D 
30 5D 6A 3C 
3A 45 28 66 
[[6A, 72, 7C, 75], [43, 3D, 4C, 2D], [30, 5D, 6A, 3C], [3A, 45, 28, 66]]
jC0:r=]E|Lj(u-<f
Answer from Hex Matrix: 
[[6A, 72, 7C, 75], [43, 3D, 4C, 2D], [30, 5D, 6A, 3C], [3A, 45, 28, 66]]

3E 35 7A 45 
2C 79 42 66 
23 28 78 39 
4F 72 37 31 
[[3E, 35, 7A, 45], [2C, 79, 42, 66], [23, 28, 78, 39], [4F, 72, 37, 31]]
>,#O5y(rzBx7Ef91
Answer from Hex Matrix: 
[[3E, 35, 7A, 45], [2C, 79, 42, 66], [23, 28, 78, 39], [4F, 72, 37, 31]]

75 22 50 2C 
39 53 68 3F 
55 42 5B 32 
29 3C 59 6D 
[[75, 22, 50, 2C], [39, 53, 68, 3F], [55, 42, 5B, 32], [29, 3C, 59, 6D]]
u9U)"SB<Ph[Y,?2m
Answer from Hex Matrix: 
[[75, 22, 50, 2C], [39, 53, 68, 3F], [55, 42, 5B, 32], [29, 3C, 59, 6D]]

70 53 67 30 
61 57 3D 56 
7B 26 6A 60 
6A 55 27 53 
[[70, 53, 67, 30], [61, 57, 3D, 56], [7B, 26, 6A, 60], [6A, 55, 27, 53]]
pa{jSW&Ug=j'0V`S
Answer from Hex Matrix: 
[[70, 53, 67, 30], [61, 57, 3D, 56], [7B, 26, 6A, 60], [6A, 55, 27, 53]]

34 72 2D 55 
3A 67 26 41 
7A 7A 6D 29 
2B 6A 66 29 
[[34, 72, 2D, 55], [3A, 67, 26, 41], [7A, 7A, 6D, 29], [2B, 6A, 66, 29]]
4:z+rgzj-&mfUA))
Answer from Hex Matrix: 
[[34, 72, 2D, 55], [3A, 67, 26, 41], [7A, 7A, 6D, 29], [2B, 6A, 66, 29]]

71 23 4A 21 
63 28 2F 31 
6C 69 7D 65 
2C 3F 6A 4F 
[[71, 23, 4A, 21], [63, 28, 2F, 31], [6C, 69, 7D, 65], [2C, 3F, 6A, 4F]]
qcl,#(i?J/}j!1eO
Answer from Hex Matrix: 
[[71, 23, 4A, 21], [63, 28, 2F, 31], [6C, 69, 7D, 65], [2C, 3F, 6A, 4F]]

79 62 4F 2B 
48 27 24 77 
6E 36 26 2E 
5C 26 29 29 
[[79, 62, 4F, 2B], [48, 27, 24, 77], [6E, 36, 26, 2E], [5C, 26, 29, 29]]
yHn\b'6&O$&)+w.)
Answer from Hex Matrix: 
[[79, 62, 4F, 2B], [48, 27, 24, 77], [6E, 36, 26, 2E], [5C, 26, 29, 29]]

2B 62 46 62 
26 74 6A 77 
3D 38 4A 64 
54 51 52 66 
[[2B, 62, 46, 62], [26, 74, 6A, 77], [3D, 38, 4A, 64], [54, 51, 52, 66]]
+&=Tbt8QFjJRbwdf
Answer from Hex Matrix: 
[[2B, 62, 46, 62], [26, 74, 6A, 77], [3D, 38, 4A, 64], [54, 51, 52, 66]]

33 51 29 47 
76 35 5F 72 
2D 77 6E 6C 
37 6D 56 28 
[[33, 51, 29, 47], [76, 35, 5F, 72], [2D, 77, 6E, 6C], [37, 6D, 56, 28]]
3v-7Q5wm)_nVGrl(
Answer from Hex Matrix: 
[[33, 51, 29, 47], [76, 35, 5F, 72], [2D, 77, 6E, 6C], [37, 6D, 56, 28]]

50 41 37 33 
3C 7A 71 6B 
36 43 29 33 
39 67 40 2B 
[[50, 41, 37, 33], [3C, 7A, 71, 6B], [36, 43, 29, 33], [39, 67, 40, 2B]]
P<69AzCg7q)@3k3+
Answer from Hex Matrix: 
[[50, 41, 37, 33], [3C, 7A, 71, 6B], [36, 43, 29, 33], [39, 67, 40, 2B]]

33 51 68 66 
64 43 48 35 
51 64 7A 51 
4F 73 45 32 
[[33, 51, 68, 66], [64, 43, 48, 35], [51, 64, 7A, 51], [4F, 73, 45, 32]]
3dQOQCdshHzEf5Q2
Answer from Hex Matrix: 
[[33, 51, 68, 66], [64, 43, 48, 35], [51, 64, 7A, 51], [4F, 73, 45, 32]]

3C 5F 37 66 
57 60 3C 4B 
2A 60 74 39 
5D 40 46 71 
[[3C, 5F, 37, 66], [57, 60, 3C, 4B], [2A, 60, 74, 39], [5D, 40, 46, 71]]
<W*]_``@7<tFfK9q
Answer from Hex Matrix: 
[[3C, 5F, 37, 66], [57, 60, 3C, 4B], [2A, 60, 74, 39], [5D, 40, 46, 71]]

73 42 5A 2F 
4B 33 22 2C 
57 6A 33 25 
29 21 2B 2E 
[[73, 42, 5A, 2F], [4B, 33, 22, 2C], [57, 6A, 33, 25], [29, 21, 2B, 2E]]
sKW)B3j!Z"3+/,%.
Answer from Hex Matrix: 
[[73, 42, 5A, 2F], [4B, 33, 22, 2C], [57, 6A, 33, 25], [29, 21, 2B, 2E]]

68 23 27 67 
34 3F 36 6B 
76 52 25 2D 
4E 6D 7B 57 
[[68, 23, 27, 67], [34, 3F, 36, 6B], [76, 52, 25, 2D], [4E, 6D, 7B, 57]]
h4vN#?Rm'6%{gk-W
Answer from Hex Matrix: 
[[68, 23, 27, 67], [34, 3F, 36, 6B], [76, 52, 25, 2D], [4E, 6D, 7B, 57]]

78 5F 60 2D 
64 70 57 31 
57 2B 62 61 
7A 35 3E 33 
[[78, 5F, 60, 2D], [64, 70, 57, 31], [57, 2B, 62, 61], [7A, 35, 3E, 33]]
xdWz_p+5`Wb>-1a3
Answer from Hex Matrix: 
[[78, 5F, 60, 2D], [64, 70, 57, 31], [57, 2B, 62, 61], [7A, 35, 3E, 33]]

7D 62 54 5C 
2D 50 6B 52 
4B 40 60 3B 
5A 52 74 31 
[[7D, 62, 54, 5C], [2D, 50, 6B, 52], [4B, 40, 60, 3B], [5A, 52, 74, 31]]
}-KZbP@RTk`t\R;1
Answer from Hex Matrix: 
[[7D, 62, 54, 5C], [2D, 50, 6B, 52], [4B, 40, 60, 3B], [5A, 52, 74, 31]]

60 68 3E 2D 
61 5E 70 71 
7C 57 67 36 
2E 78 3F 51 
[[60, 68, 3E, 2D], [61, 5E, 70, 71], [7C, 57, 67, 36], [2E, 78, 3F, 51]]
`a|.h^Wx>pg?-q6Q
Answer from Hex Matrix: 
[[60, 68, 3E, 2D], [61, 5E, 70, 71], [7C, 57, 67, 36], [2E, 78, 3F, 51]]

71 65 71 72 
74 25 27 3E 
59 78 6A 3D 
59 67 23 21 
[[71, 65, 71, 72], [74, 25, 27, 3E], [59, 78, 6A, 3D], [59, 67, 23, 21]]
qtYYe%xgq'j#r>=!
Answer from Hex Matrix: 
[[71, 65, 71, 72], [74, 25, 27, 3E], [59, 78, 6A, 3D], [59, 67, 23, 21]]

2D 7D 3E 50 
49 6A 3D 7B 
21 3B 38 39 
36 64 40 22 
[[2D, 7D, 3E, 50], [49, 6A, 3D, 7B], [21, 3B, 38, 39], [36, 64, 40, 22]]
-I!6}j;d>=8@P{9"
Answer from Hex Matrix: 
[[2D, 7D, 3E, 50], [49, 6A, 3D, 7B], [21, 3B, 38, 39], [36, 64, 40, 22]]

4B 45 4D 6F 
73 2C 23 56 
30 4D 3D 64 
76 2A 29 45 
[[4B, 45, 4D, 6F], [73, 2C, 23, 56], [30, 4D, 3D, 64], [76, 2A, 29, 45]]
Ks0vE,M*M#=)oVdE
Answer from Hex Matrix: 
[[4B, 45, 4D, 6F], [73, 2C, 23, 56], [30, 4D, 3D, 64], [76, 2A, 29, 45]]

3D 24 7D 33 
4E 21 45 59 
55 6C 2F 6C 
46 30 2D 55 
[[3D, 24, 7D, 33], [4E, 21, 45, 59], [55, 6C, 2F, 6C], [46, 30, 2D, 55]]
=NUF$!l0}E/-3YlU
Answer from Hex Matrix: 
[[3D, 24, 7D, 33], [4E, 21, 45, 59], [55, 6C, 2F, 6C], [46, 30, 2D, 55]]

63 34 43 67 
6D 6A 74 25 
31 47 34 6E 
49 72 73 50 
[[63, 34, 43, 67], [6D, 6A, 74, 25], [31, 47, 34, 6E], [49, 72, 73, 50]]
cm1I4jGrCt4sg%nP
Answer from Hex Matrix: 
[[63, 34, 43, 67], [6D, 6A, 74, 25], [31, 47, 34, 6E], [49, 72, 73, 50]]

58 28 2F 4B 
67 6B 59 2E 
65 45 6A 25 
33 5F 60 2D 
[[58, 28, 2F, 4B], [67, 6B, 59, 2E], [65, 45, 6A, 25], [33, 5F, 60, 2D]]
Xge3(kE_/Yj`K.%-
Answer from Hex Matrix: 
[[58, 28, 2F, 4B], [67, 6B, 59, 2E], [65, 45, 6A, 25], [33, 5F, 60, 2D]]

53 63 56 69 
47 5C 32 23 
7B 45 72 46 
4E 47 42 50 
[[53, 63, 56, 69], [47, 5C, 32, 23], [7B, 45, 72, 46], [4E, 47, 42, 50]]
SG{Nc\EGV2rBi#FP
Answer from Hex Matrix: 
[[53, 63, 56, 69], [47, 5C, 32, 23], [7B, 45, 72, 46], [4E, 47, 42, 50]]

4F 4E 4F 3E 
2C 3E 6F 36 
31 5C 6A 64 
33 26 76 4C 
[[4F, 4E, 4F, 3E], [2C, 3E, 6F, 36], [31, 5C, 6A, 64], [33, 26, 76, 4C]]
O,13N>\&Oojv>6dL
Answer from Hex Matrix: 
[[4F, 4E, 4F, 3E], [2C, 3E, 6F, 36], [31, 5C, 6A, 64], [33, 26, 76, 4C]]

34 35 68 51 
41 42 3E 5C 
51 3D 29 39 
5A 5B 26 28 
[[34, 35, 68, 51], [41, 42, 3E, 5C], [51, 3D, 29, 39], [5A, 5B, 26, 28]]
4AQZ5B=[h>)&Q\9(
Answer from Hex Matrix: 
[[34, 35, 68, 51], [41, 42, 3E, 5C], [51, 3D, 29, 39], [5A, 5B, 26, 28]]

5D 5A 64 4E 
51 67 43 68 
46 60 58 30 
62 37 31 79 
[[5D, 5A, 64, 4E], [51, 67, 43, 68], [46, 60, 58, 30], [62, 37, 31, 79]]
]QFbZg`7dCX1Nh0y
Answer from Hex Matrix: 
[[5D, 5A, 64, 4E], [51, 67, 43, 68], [46, 60, 58, 30], [62, 37, 31, 79]]

5A 6C 6F 6A 
68 30 55 46 
49 28 51 49 
71 4D 2C 5C 
[[5A, 6C, 6F, 6A], [68, 30, 55, 46], [49, 28, 51, 49], [71, 4D, 2C, 5C]]
ZhIql0(MoUQ,jFI\
Answer from Hex Matrix: 
[[5A, 6C, 6F, 6A], [68, 30, 55, 46], [49, 28, 51, 49], [71, 4D, 2C, 5C]]

34 6C 27 40 
2A 45 63 5F 
66 5A 35 66 
67 39 31 41 
[[34, 6C, 27, 40], [2A, 45, 63, 5F], [66, 5A, 35, 66], [67, 39, 31, 41]]
4*fglEZ9'c51@_fA
Answer from Hex Matrix: 
[[34, 6C, 27, 40], [2A, 45, 63, 5F], [66, 5A, 35, 66], [67, 39, 31, 41]]

26 40 4B 37 
64 3B 54 4F 
7A 7A 37 4B 
32 62 78 51 
[[26, 40, 4B, 37], [64, 3B, 54, 4F], [7A, 7A, 37, 4B], [32, 62, 78, 51]]
&dz2@;zbKT7x7OKQ
Answer from Hex Matrix: 
[[26, 40, 4B, 37], [64, 3B, 54, 4F], [7A, 7A, 37, 4B], [32, 62, 78, 51]]

3C 5E 2E 79 
6D 66 79 38 
40 59 39 4D 
70 33 34 76 
[[3C, 5E, 2E, 79], [6D, 66, 79, 38], [40, 59, 39, 4D], [70, 33, 34, 76]]
<m@p^fY3.y94y8Mv
Answer from Hex Matrix: 
[[3C, 5E, 2E, 79], [6D, 66, 79, 38], [40, 59, 39, 4D], [70, 33, 34, 76]]

32 4E 6D 65 
30 42 25 50 
77 59 23 79 
64 70 48 44 
[[32, 4E, 6D, 65], [30, 42, 25, 50], [77, 59, 23, 79], [64, 70, 48, 44]]
20wdNBYpm%#HePyD
Answer from Hex Matrix: 
[[32, 4E, 6D, 65], [30, 42, 25, 50], [77, 59, 23, 79], [64, 70, 48, 44]]

31 2C 52 66 
7C 6B 36 64 
32 5E 49 31 
28 53 43 76 
[[31, 2C, 52, 66], [7C, 6B, 36, 64], [32, 5E, 49, 31], [28, 53, 43, 76]]
1|2(,k^SR6ICfd1v
Answer from Hex Matrix: 
[[31, 2C, 52, 66], [7C, 6B, 36, 64], [32, 5E, 49, 31], [28, 53, 43, 76]]

77 73 6B 48 
44 59 2D 26 
54 2B 62 4E 
47 70 77 3D 
[[77, 73, 6B, 48], [44, 59, 2D, 26], [54, 2B, 62, 4E], [47, 70, 77, 3D]]
wDTGsY+pk-bwH&N=
Answer from Hex Matrix: 
[[77, 73, 6B, 48], [44, 59, 2D, 26], [54, 2B, 62, 4E], [47, 70, 77, 3D]]

2C 47 4B 45 
2A 6A 61 34 
58 2B 6E 34 
34 4C 4C 55 
[[2C, 47, 4B, 45], [2A, 6A, 61, 34], [58, 2B, 6E, 34], [34, 4C, 4C, 55]]
,*X4Gj+LKanLE44U
Answer from Hex Matrix: 
[[2C, 47, 4B, 45], [2A, 6A, 61, 34], [58, 2B, 6E, 34], [34, 4C, 4C, 55]]

5D 22 77 68 
56 66 76 5B 
3D 62 5E 21 
26 24 2A 4B 
[[5D, 22, 77, 68], [56, 66, 76, 5B], [3D, 62, 5E, 21], [26, 24, 2A, 4B]]
]V=&"fb$wv^*h[!K
Answer from Hex Matrix: 
[[5D, 22, 77, 68], [56, 66, 76, 5B], [3D, 62, 5E, 21], [26, 24, 2A, 4B]]

2B 54 65 3D 
78 33 5E 4E 
60 21 3E 47 
68 4A 51 60 
[[2B, 54, 65, 3D], [78, 33, 5E, 4E], [60, 21, 3E, 47], [68, 4A, 51, 60]]
+x`hT3!Je^>Q=NG`
Answer from Hex Matrix: 
[[2B, 54, 65, 3D], [78, 33, 5E, 4E], [60, 21, 3E, 47], [68, 4A, 51, 60]]

73 75 4F 54 
2C 56 37 24 
2F 74 29 26 
48 72 5D 3C 
[[73, 75, 4F, 54], [2C, 56, 37, 24], [2F, 74, 29, 26], [48, 72, 5D, 3C]]
s,/HuVtrO7)]T$&<
Answer from Hex Matrix: 
[[73, 75, 4F, 54], [2C, 56, 37, 24], [2F, 74, 29, 26], [48, 72, 5D, 3C]]

6B 5D 4C 45 
5C 65 63 54 
29 7D 21 56 
5D 52 2F 21 
[[6B, 5D, 4C, 45], [5C, 65, 63, 54], [29, 7D, 21, 56], [5D, 52, 2F, 21]]
k\)]]e}RLc!/ETV!
Answer from Hex Matrix: 
[[6B, 5D, 4C, 45], [5C, 65, 63, 54], [29, 7D, 21, 56], [5D, 52, 2F, 21]]

63 74 67 74 
7D 22 7B 4E 
47 49 7C 73 
56 51 3A 59 
[[63, 74, 67, 74], [7D, 22, 7B, 4E], [47, 49, 7C, 73], [56, 51, 3A, 59]]
c}GVt"IQg{|:tNsY
Answer from Hex Matrix: 
[[63, 74, 67, 74], [7D, 22, 7B, 4E], [47, 49, 7C, 73], [56, 51, 3A, 59]]

7A 47 79 76 
76 29 7A 7C 
22 4C 24 3D 
34 7C 23 4D 
[[7A, 47, 79, 76], [76, 29, 7A, 7C], [22, 4C, 24, 3D], [34, 7C, 23, 4D]]
zv"4G)L|yz$#v|=M
Answer from Hex Matrix: 
[[7A, 47, 79, 76], [76, 29, 7A, 7C], [22, 4C, 24, 3D], [34, 7C, 23, 4D]]

27 2D 4E 3F 
35 4E 52 5B 
5A 79 72 68 
72 33 35 30 
[[27, 2D, 4E, 3F], [35, 4E, 52, 5B], [5A, 79, 72, 68], [72, 33, 35, 30]]
'5Zr-Ny3NRr5?[h0
Answer from Hex Matrix: 
[[27, 2D, 4E, 3F], [35, 4E, 52, 5B], [5A, 79, 72, 68], [72, 33, 35, 30]]

67 2C 72 6C 
35 6F 65 3B 
32 74 75 71 
5E 60 37 37 
[[67, 2C, 72, 6C], [35, 6F, 65, 3B], [32, 74, 75, 71], [5E, 60, 37, 37]]
g52^,ot`reu7l;q7
Answer from Hex Matrix: 
[[67, 2C, 72, 6C], [35, 6F, 65, 3B], [32, 74, 75, 71], [5E, 60, 37, 37]]

5B 27 68 76 
45 34 42 26 
61 60 3B 3A 
49 7B 4D 64 
[[5B, 27, 68, 76], [45, 34, 42, 26], [61, 60, 3B, 3A], [49, 7B, 4D, 64]]
[EaI'4`{hB;Mv&:d
Answer from Hex Matrix: 
[[5B, 27, 68, 76], [45, 34, 42, 26], [61, 60, 3B, 3A], [49, 7B, 4D, 64]]

4A 58 7A 61 
47 5A 7B 6F 
7A 36 59 45 
3A 3F 27 4A 
[[4A, 58, 7A, 61], [47, 5A, 7B, 6F], [7A, 36, 59, 45], [3A, 3F, 27, 4A]]
JGz:XZ6?z{Y'aoEJ
Answer from Hex Matrix: 
[[4A, 58, 7A, 61], [47, 5A, 7B, 6F], [7A, 36, 59, 45], [3A, 3F, 27, 4A]]

6A 5A 34 41 
6A 70 64 30 
2F 58 68 77 
74 60 31 4C 
[[6A, 5A, 34, 41], [6A, 70, 64, 30], [2F, 58, 68, 77], [74, 60, 31, 4C]]
jj/tZpX`4dh1A0wL
Answer from Hex Matrix: 
[[6A, 5A, 34, 41], [6A, 70, 64, 30], [2F, 58, 68, 77], [74, 60, 31, 4C]]

2F 4D 59 71 
2B 3A 29 21 
5B 4F 2F 22 
5A 3A 73 44 
[[2F, 4D, 59, 71], [2B, 3A, 29, 21], [5B, 4F, 2F, 22], [5A, 3A, 73, 44]]
/+[ZM:O:Y)/sq!"D
Answer from Hex Matrix: 
[[2F, 4D, 59, 71], [2B, 3A, 29, 21], [5B, 4F, 2F, 22], [5A, 3A, 73, 44]]

47 59 47 6D 
5A 47 62 6D 
5F 65 32 50 
4F 4F 3B 4D 
[[47, 59, 47, 6D], [5A, 47, 62, 6D], [5F, 65, 32, 50], [4F, 4F, 3B, 4D]]
GZ_OYGeOGb2;mmPM
Answer from Hex Matrix: 
[[47, 59, 47, 6D], [5A, 47, 62, 6D], [5F, 65, 32, 50], [4F, 4F, 3B, 4D]]

5F 23 21 62 
51 5E 72 49 
58 4D 54 29 
6D 3B 3E 6D 
[[5F, 23, 21, 62], [51, 5E, 72, 49], [58, 4D, 54, 29], [6D, 3B, 3E, 6D]]
_QXm#^M;!rT>bI)m
Answer from Hex Matrix: 
[[5F, 23, 21, 62], [51, 5E, 72, 49], [58, 4D, 54, 29], [6D, 3B, 3E, 6D]]

26 5D 5E 51 
56 50 31 31 
67 4E 24 48 
5B 7C 69 5A 
[[26, 5D, 5E, 51], [56, 50, 31, 31], [67, 4E, 24, 48], [5B, 7C, 69, 5A]]
&Vg[]PN|^1$iQ1HZ
Answer from Hex Matrix: 
[[26, 5D, 5E, 51], [56, 50, 31, 31], [67, 4E, 24, 48], [5B, 7C, 69, 5A]]

32 4E 3E 6D 
39 65 69 28 
70 4B 5C 64 
5F 68 61 72 
[[32, 4E, 3E, 6D], [39, 65, 69, 28], [70, 4B, 5C, 64], [5F, 68, 61, 72]]
29p_NeKh>i\am(dr
Answer from Hex Matrix: 
[[32, 4E, 3E, 6D], [39, 65, 69, 28], [70, 4B, 5C, 64], [5F, 68, 61, 72]]

4C 6F 64 33 
6A 79 5B 6E 
43 4E 6F 27 
33 58 60 29 
[[4C, 6F, 64, 33], [6A, 79, 5B, 6E], [43, 4E, 6F, 27], [33, 58, 60, 29]]
LjC3oyNXd[o`3n')
Answer from Hex Matrix: 
[[4C, 6F, 64, 33], [6A, 79, 5B, 6E], [43, 4E, 6F, 27], [33, 58, 60, 29]]

66 45 6F 22 
27 45 2D 4D 
4A 3B 6D 55 
75 37 34 73 
[[66, 45, 6F, 22], [27, 45, 2D, 4D], [4A, 3B, 6D, 55], [75, 37, 34, 73]]
f'JuEE;7o-m4"MUs
Answer from Hex Matrix: 
[[66, 45, 6F, 22], [27, 45, 2D, 4D], [4A, 3B, 6D, 55], [75, 37, 34, 73]]

7D 71 51 5A 
65 70 64 71 
30 79 3A 2B 
28 38 4B 7A 
[[7D, 71, 51, 5A], [65, 70, 64, 71], [30, 79, 3A, 2B], [28, 38, 4B, 7A]]
}e0(qpy8Qd:KZq+z
Answer from Hex Matrix: 
[[7D, 71, 51, 5A], [65, 70, 64, 71], [30, 79, 3A, 2B], [28, 38, 4B, 7A]]

70 64 77 3D 
53 76 34 4B 
3B 3D 7D 27 
75 78 40 4B 
[[70, 64, 77, 3D], [53, 76, 34, 4B], [3B, 3D, 7D, 27], [75, 78, 40, 4B]]
pS;udv=xw4}@=K'K
Answer from Hex Matrix: 
[[70, 64, 77, 3D], [53, 76, 34, 4B], [3B, 3D, 7D, 27], [75, 78, 40, 4B]]

3D 4F 3F 3B 
24 61 22 74 
30 58 68 33 
4A 24 62 38 
[[3D, 4F, 3F, 3B], [24, 61, 22, 74], [30, 58, 68, 33], [4A, 24, 62, 38]]
=$0JOaX$?"hb;t38
Answer from Hex Matrix: 
[[3D, 4F, 3F, 3B], [24, 61, 22, 74], [30, 58, 68, 33], [4A, 24, 62, 38]]

72 22 44 6A 
59 69 73 37 
4C 66 33 35 
6D 66 3E 3B 
[[72, 22, 44, 6A], [59, 69, 73, 37], [4C, 66, 33, 35], [6D, 66, 3E, 3B]]
rYLm"iffDs3>j75;
Answer from Hex Matrix: 
[[72, 22, 44, 6A], [59, 69, 73, 37], [4C, 66, 33, 35], [6D, 66, 3E, 3B]]

3C 48 36 33 
5E 5F 6E 6E 
60 55 29 4A 
74 34 39 4E 
[[3C, 48, 36, 33], [5E, 5F, 6E, 6E], [60, 55, 29, 4A], [74, 34, 39, 4E]]
<^`tH_U46n)93nJN
Answer from Hex Matrix: 
[[3C, 48, 36, 33], [5E, 5F, 6E, 6E], [60, 55, 29, 4A], [74, 34, 39, 4E]]

62 31 52 49 
69 5E 6A 77 
54 42 22 25 
53 4B 5B 67 
[[62, 31, 52, 49], [69, 5E, 6A, 77], [54, 42, 22, 25], [53, 4B, 5B, 67]]
biTS1^BKRj"[Iw%g
Answer from Hex Matrix: 
[[62, 31, 52, 49], [69, 5E, 6A, 77], [54, 42, 22, 25], [53, 4B, 5B, 67]]

32 58 46 2B 
2C 7A 4C 57 
5A 60 79 71 
4E 2A 2E 57 
[[32, 58, 46, 2B], [2C, 7A, 4C, 57], [5A, 60, 79, 71], [4E, 2A, 2E, 57]]
2,ZNXz`*FLy.+WqW
Answer from Hex Matrix: 
[[32, 58, 46, 2B], [2C, 7A, 4C, 57], [5A, 60, 79, 71], [4E, 2A, 2E, 57]]

2D 34 3D 6E 
7C 63 3B 32 
31 61 60 34 
22 55 2F 76 
[[2D, 34, 3D, 6E], [7C, 63, 3B, 32], [31, 61, 60, 34], [22, 55, 2F, 76]]
-|1"4caU=;`/n24v
Answer from Hex Matrix: 
[[2D, 34, 3D, 6E], [7C, 63, 3B, 32], [31, 61, 60, 34], [22, 55, 2F, 76]]

4A 68 4E 43 
4C 24 4F 6D 
36 34 26 24 
63 3F 3A 4E 
[[4A, 68, 4E, 43], [4C, 24, 4F, 6D], [36, 34, 26, 24], [63, 3F, 3A, 4E]]
JL6ch$4?NO&:Cm$N
Answer from Hex Matrix: 
[[4A, 68, 4E, 43], [4C, 24, 4F, 6D], [36, 34, 26, 24], [63, 3F, 3A, 4E]]

3A 6D 2D 5A 
2D 69 54 32 
4A 24 6A 23 
72 2D 21 50 
[[3A, 6D, 2D, 5A], [2D, 69, 54, 32], [4A, 24, 6A, 23], [72, 2D, 21, 50]]
:-Jrmi$--Tj!Z2#P
Answer from Hex Matrix: 
[[3A, 6D, 2D, 5A], [2D, 69, 54, 32], [4A, 24, 6A, 23], [72, 2D, 21, 50]]

76 47 4C 26 
6B 61 23 7B 
4F 6E 21 66 
71 39 52 3D 
[[76, 47, 4C, 26], [6B, 61, 23, 7B], [4F, 6E, 21, 66], [71, 39, 52, 3D]]
vkOqGan9L#!R&{f=
Answer from Hex Matrix: 
[[76, 47, 4C, 26], [6B, 61, 23, 7B], [4F, 6E, 21, 66], [71, 39, 52, 3D]]

5D 4A 68 4D 
70 47 70 26 
4B 69 40 65 
67 62 3F 26 
[[5D, 4A, 68, 4D], [70, 47, 70, 26], [4B, 69, 40, 65], [67, 62, 3F, 26]]
]pKgJGibhp@?M&e&
Answer from Hex Matrix: 
[[5D, 4A, 68, 4D], [70, 47, 70, 26], [4B, 69, 40, 65], [67, 62, 3F, 26]]

72 6B 65 56 
2D 2E 6D 2E 
4A 26 35 5A 
4A 74 66 7C 
[[72, 6B, 65, 56], [2D, 2E, 6D, 2E], [4A, 26, 35, 5A], [4A, 74, 66, 7C]]
r-JJk.&tem5fV.Z|
Answer from Hex Matrix: 
[[72, 6B, 65, 56], [2D, 2E, 6D, 2E], [4A, 26, 35, 5A], [4A, 74, 66, 7C]]

4A 28 64 3F 
68 28 2E 38 
79 2B 26 7B 
69 77 76 5D 
[[4A, 28, 64, 3F], [68, 28, 2E, 38], [79, 2B, 26, 7B], [69, 77, 76, 5D]]
Jhyi((+wd.&v?8{]
Answer from Hex Matrix: 
[[4A, 28, 64, 3F], [68, 28, 2E, 38], [79, 2B, 26, 7B], [69, 77, 76, 5D]]

62 59 42 2A 
34 5E 75 5B 
22 32 54 25 
25 78 77 48 
[[62, 59, 42, 2A], [34, 5E, 75, 5B], [22, 32, 54, 25], [25, 78, 77, 48]]
b4"%Y^2xBuTw*[%H
Answer from Hex Matrix: 
[[62, 59, 42, 2A], [34, 5E, 75, 5B], [22, 32, 54, 25], [25, 78, 77, 48]]

3C 24 48 60 
3A 23 3B 58 
50 74 31 72 
50 34 66 75 
[[3C, 24, 48, 60], [3A, 23, 3B, 58], [50, 74, 31, 72], [50, 34, 66, 75]]
<:PP$#t4H;1f`Xru
Answer from Hex Matrix: 
[[3C, 24, 48, 60], [3A, 23, 3B, 58], [50, 74, 31, 72], [50, 34, 66, 75]]

5B 5E 41 58 
5E 57 65 45 
64 69 65 61 
3B 6D 61 78 
[[5B, 5E, 41, 58], [5E, 57, 65, 45], [64, 69, 65, 61], [3B, 6D, 61, 78]]
[^d;^WimAeeaXEax
Answer from Hex Matrix: 
[[5B, 5E, 41, 58], [5E, 57, 65, 45], [64, 69, 65, 61], [3B, 6D, 61, 78]]

4C 29 3B 5D 
67 45 7A 4C 
64 5C 44 77 
6D 27 2D 3A 
[[4C, 29, 3B, 5D], [67, 45, 7A, 4C], [64, 5C, 44, 77], [6D, 27, 2D, 3A]]
Lgdm)E\';zD-]Lw:
Answer from Hex Matrix: 
[[4C, 29, 3B, 5D], [67, 45, 7A, 4C], [64, 5C, 44, 77], [6D, 27, 2D, 3A]]

5E 7D 41 6A 
7D 41 34 44 
42 21 53 3E 
5D 4A 29 79 
[[5E, 7D, 41, 6A], [7D, 41, 34, 44], [42, 21, 53, 3E], [5D, 4A, 29, 79]]
^}B]}A!JA4S)jD>y
Answer from Hex Matrix: 
[[5E, 7D, 41, 6A], [7D, 41, 34, 44], [42, 21, 53, 3E], [5D, 4A, 29, 79]]

6A 2C 34 6C 
34 37 28 3C 
4E 4F 2B 59 
49 3C 51 59 
[[6A, 2C, 34, 6C], [34, 37, 28, 3C], [4E, 4F, 2B, 59], [49, 3C, 51, 59]]
j4NI,7O<4(+Ql<YY
Answer from Hex Matrix: 
[[6A, 2C, 34, 6C], [34, 37, 28, 3C], [4E, 4F, 2B, 59], [49, 3C, 51, 59]]

30 4D 36 44 
28 69 7A 72 
6D 54 59 6F 
6C 33 7D 26 
[[30, 4D, 36, 44], [28, 69, 7A, 72], [6D, 54, 59, 6F], [6C, 33, 7D, 26]]
0(mlMiT36zY}Dro&
Answer from Hex Matrix: 
[[30, 4D, 36, 44], [28, 69, 7A, 72], [6D, 54, 59, 6F], [6C, 33, 7D, 26]]

53 63 59 79 
31 52 45 2E 
39 4E 28 30 
2D 55 4A 58 
[[53, 63, 59, 79], [31, 52, 45, 2E], [39, 4E, 28, 30], [2D, 55, 4A, 58]]
S19-cRNUYE(Jy.0X
Answer from Hex Matrix: 
[[53, 63, 59, 79], [31, 52, 45, 2E], [39, 4E, 28, 30], [2D, 55, 4A, 58]]

30 71 3F 7B 
71 26 41 61 
72 78 7C 51 
24 67 2E 31 
[[30, 71, 3F, 7B], [71, 26, 41, 61], [72, 78, 7C, 51], [24, 67, 2E, 31]]
0qr$q&xg?A|.{aQ1
Answer from Hex Matrix: 
[[30, 71, 3F, 7B], [71, 26, 41, 61], [72, 78, 7C, 51], [24, 67, 2E, 31]]

70 77 69 5A 
3B 25 53 2B 
59 75 2B 50 
78 66 60 40 
[[70, 77, 69, 5A], [3B, 25, 53, 2B], [59, 75, 2B, 50], [78, 66, 60, 40]]
p;Yxw%ufiS+`Z+P@
Answer from Hex Matrix: 
[[70, 77, 69, 5A], [3B, 25, 53, 2B], [59, 75, 2B, 50], [78, 66, 60, 40]]

70 42 26 6B 
73 4E 2C 5A 
3F 6F 61 6E 
41 47 51 43 
[[70, 42, 26, 6B], [73, 4E, 2C, 5A], [3F, 6F, 61, 6E], [41, 47, 51, 43]]
ps?ABNoG&,aQkZnC
Answer from Hex Matrix: 
[[70, 42, 26, 6B], [73, 4E, 2C, 5A], [3F, 6F, 61, 6E], [41, 47, 51, 43]]

67 44 34 3E 
79 72 51 52 
2C 6C 23 45 
55 64 73 42 
[[67, 44, 34, 3E], [79, 72, 51, 52], [2C, 6C, 23, 45], [55, 64, 73, 42]]
gy,UDrld4Q#s>REB
Answer from Hex Matrix: 
[[67, 44, 34, 3E], [79, 72, 51, 52], [2C, 6C, 23, 45], [55, 64, 73, 42]]

25 6C 75 53 
57 21 5D 6B 
4D 32 5E 79 
79 53 57 2C 
[[25, 6C, 75, 53], [57, 21, 5D, 6B], [4D, 32, 5E, 79], [79, 53, 57, 2C]]
%WMyl!2Su]^WSky,
Answer from Hex Matrix: 
[[25, 6C, 75, 53], [57, 21, 5D, 6B], [4D, 32, 5E, 79], [79, 53, 57, 2C]]

68 7D 47 2E 
25 4E 62 34 
34 69 43 35 
5D 60 37 48 
[[68, 7D, 47, 2E], [25, 4E, 62, 34], [34, 69, 43, 35], [5D, 60, 37, 48]]
h%4]}Ni`GbC7.45H
Answer from Hex Matrix: 
[[68, 7D, 47, 2E], [25, 4E, 62, 34], [34, 69, 43, 35], [5D, 60, 37, 48]]

23 34 57 2B 
5B 3A 3B 5D 
61 77 53 44 
5B 5D 34 4B 
[[23, 34, 57, 2B], [5B, 3A, 3B, 5D], [61, 77, 53, 44], [5B, 5D, 34, 4B]]
#[a[4:w]W;S4+]DK
Answer from Hex Matrix: 
[[23, 34, 57, 2B], [5B, 3A, 3B, 5D], [61, 77, 53, 44], [5B, 5D, 34, 4B]]

30 64 59 49 
5F 23 67 73 
25 45 69 45 
40 6D 7C 62 
[[30, 64, 59, 49], [5F, 23, 67, 73], [25, 45, 69, 45], [40, 6D, 7C, 62]]
0_%@d#EmYgi|IsEb
Answer from Hex Matrix: 
[[30, 64, 59, 49], [5F, 23, 67, 73], [25, 45, 69, 45], [40, 6D, 7C, 62]]

54 55 28 72 
31 42 42 2F 
3F 48 45 57 
4E 3E 6D 6B 
[[54, 55, 28, 72], [31, 42, 42, 2F], [3F, 48, 45, 57], [4E, 3E, 6D, 6B]]
T1?NUBH>(BEmr/Wk
Answer from Hex Matrix: 
[[54, 55, 28, 72], [31, 42, 42, 2F], [3F, 48, 45, 57], [4E, 3E, 6D, 6B]]

79 30 6F 45 
52 3C 6D 51 
30 46 48 3B 
76 61 3D 69 
[[79, 30, 6F, 45], [52, 3C, 6D, 51], [30, 46, 48, 3B], [76, 61, 3D, 69]]
yR0v0<FaomH=EQ;i
Answer from Hex Matrix: 
[[79, 30, 6F, 45], [52, 3C, 6D, 51], [30, 46, 48, 3B], [76, 61, 3D, 69]]

58 38 4D 43 
77 62 3D 39 
2A 3C 2F 47 
72 2E 2D 44 
[[58, 38, 4D, 43], [77, 62, 3D, 39], [2A, 3C, 2F, 47], [72, 2E, 2D, 44]]
Xw*r8b<.M=/-C9GD
Answer from Hex Matrix: 
[[58, 38, 4D, 43], [77, 62, 3D, 39], [2A, 3C, 2F, 47], [72, 2E, 2D, 44]]

36 68 44 34 
25 2E 59 50 
49 63 44 24 
39 37 75 52 
[[36, 68, 44, 34], [25, 2E, 59, 50], [49, 63, 44, 24], [39, 37, 75, 52]]
6%I9h.c7DYDu4P$R
Answer from Hex Matrix: 
[[36, 68, 44, 34], [25, 2E, 59, 50], [49, 63, 44, 24], [39, 37, 75, 52]]

57 6F 3A 32 
29 4A 76 22 
3C 78 67 40 
55 79 55 58 
[[57, 6F, 3A, 32], [29, 4A, 76, 22], [3C, 78, 67, 40], [55, 79, 55, 58]]
W)<UoJxy:vgU2"@X
Answer from Hex Matrix: 
[[57, 6F, 3A, 32], [29, 4A, 76, 22], [3C, 78, 67, 40], [55, 79, 55, 58]]

61 42 24 29 
6E 61 6F 54 
5B 6D 6F 33 
7D 68 52 3C 
[[61, 42, 24, 29], [6E, 61, 6F, 54], [5B, 6D, 6F, 33], [7D, 68, 52, 3C]]
an[}Bamh$ooR)T3<
Answer from Hex Matrix: 
[[61, 42, 24, 29], [6E, 61, 6F, 54], [5B, 6D, 6F, 33], [7D, 68, 52, 3C]]

2D 7C 4D 3B 
7A 50 5A 48 
76 27 37 71 
41 37 36 22 
[[2D, 7C, 4D, 3B], [7A, 50, 5A, 48], [76, 27, 37, 71], [41, 37, 36, 22]]
-zvA|P'7MZ76;Hq"
Answer from Hex Matrix: 
[[2D, 7C, 4D, 3B], [7A, 50, 5A, 48], [76, 27, 37, 71], [41, 37, 36, 22]]

44 22 67 56 
4C 45 33 76 
2A 34 4A 44 
2F 28 59 66 
[[44, 22, 67, 56], [4C, 45, 33, 76], [2A, 34, 4A, 44], [2F, 28, 59, 66]]
DL*/"E4(g3JYVvDf
Answer from Hex Matrix: 
[[44, 22, 67, 56], [4C, 45, 33, 76], [2A, 34, 4A, 44], [2F, 28, 59, 66]]

6D 57 65 42 
29 6E 3C 21 
71 39 7A 3C 
6E 47 6C 68 
[[6D, 57, 65, 42], [29, 6E, 3C, 21], [71, 39, 7A, 3C], [6E, 47, 6C, 68]]
m)qnWn9Ge<zlB!<h
Answer from Hex Matrix: 
[[6D, 57, 65, 42], [29, 6E, 3C, 21], [71, 39, 7A, 3C], [6E, 47, 6C, 68]]

25 53 2E 4C 
40 6B 5C 4B 
23 49 5F 7A 
7A 50 6B 32 
[[25, 53, 2E, 4C], [40, 6B, 5C, 4B], [23, 49, 5F, 7A], [7A, 50, 6B, 32]]
%@#zSkIP.\_kLKz2
Answer from Hex Matrix: 
[[25, 53, 2E, 4C], [40, 6B, 5C, 4B], [23, 49, 5F, 7A], [7A, 50, 6B, 32]]

25 77 6B 4A 
22 5B 5E 53 
2B 2F 3F 76 
22 40 29 75 
[[25, 77, 6B, 4A], [22, 5B, 5E, 53], [2B, 2F, 3F, 76], [22, 40, 29, 75]]
%"+"w[/@k^?)JSvu
Answer from Hex Matrix: 
[[25, 77, 6B, 4A], [22, 5B, 5E, 53], [2B, 2F, 3F, 76], [22, 40, 29, 75]]

50 59 38 7C 
25 59 74 6D 
71 39 2D 3C 
2F 3F 3A 47 
[[50, 59, 38, 7C], [25, 59, 74, 6D], [71, 39, 2D, 3C], [2F, 3F, 3A, 47]]
P%q/YY9?8t-:|m<G
Answer from Hex Matrix: 
[[50, 59, 38, 7C], [25, 59, 74, 6D], [71, 39, 2D, 3C], [2F, 3F, 3A, 47]]

4A 41 40 2E 
60 4E 68 5D 
40 31 21 38 
7D 6F 40 31 
[[4A, 41, 40, 2E], [60, 4E, 68, 5D], [40, 31, 21, 38], [7D, 6F, 40, 31]]
J`@}AN1o@h!@.]81
Answer from Hex Matrix: 
[[4A, 41, 40, 2E], [60, 4E, 68, 5D], [40, 31, 21, 38], [7D, 6F, 40, 31]]

33 6C 7D 48 
61 44 4D 32 
2A 49 77 25 
6C 47 2F 5A 
[[33, 6C, 7D, 48], [61, 44, 4D, 32], [2A, 49, 77, 25], [6C, 47, 2F, 5A]]
3a*llDIG}Mw/H2%Z
Answer from Hex Matrix: 
[[33, 6C, 7D, 48], [61, 44, 4D, 32], [2A, 49, 77, 25], [6C, 47, 2F, 5A]]

44 39 3E 4A 
23 78 66 56 
3E 77 43 60 
29 61 21 5C 
[[44, 39, 3E, 4A], [23, 78, 66, 56], [3E, 77, 43, 60], [29, 61, 21, 5C]]
D#>)9xwa>fC!JV`\
Answer from Hex Matrix: 
[[44, 39, 3E, 4A], [23, 78, 66, 56], [3E, 77, 43, 60], [29, 61, 21, 5C]]

32 5B 56 3F 
57 33 52 54 
4F 66 60 46 
79 65 63 40 
[[32, 5B, 56, 3F], [57, 33, 52, 54], [4F, 66, 60, 46], [79, 65, 63, 40]]
2WOy[3feVR`c?TF@
Answer from Hex Matrix: 
[[32, 5B, 56, 3F], [57, 33, 52, 54], [4F, 66, 60, 46], [79, 65, 63, 40]]

63 43 6D 56 
3A 31 67 75 
5B 55 75 5F 
7B 59 41 65 
[[63, 43, 6D, 56], [3A, 31, 67, 75], [5B, 55, 75, 5F], [7B, 59, 41, 65]]
c:[{C1UYmguAVu_e
Answer from Hex Matrix: 
[[63, 43, 6D, 56], [3A, 31, 67, 75], [5B, 55, 75, 5F], [7B, 59, 41, 65]]

3A 4A 42 78 
4B 51 58 34 
2E 3F 2F 3A 
66 42 4E 48 
[[3A, 4A, 42, 78], [4B, 51, 58, 34], [2E, 3F, 2F, 3A], [66, 42, 4E, 48]]
:K.fJQ?BBX/Nx4:H
Answer from Hex Matrix: 
[[3A, 4A, 42, 78], [4B, 51, 58, 34], [2E, 3F, 2F, 3A], [66, 42, 4E, 48]]

4C 50 71 58 
44 69 70 53 
7B 36 4B 52 
2A 61 62 6C 
[[4C, 50, 71, 58], [44, 69, 70, 53], [7B, 36, 4B, 52], [2A, 61, 62, 6C]]
LD{*Pi6aqpKbXSRl
Answer from Hex Matrix: 
[[4C, 50, 71, 58], [44, 69, 70, 53], [7B, 36, 4B, 52], [2A, 61, 62, 6C]]

6C 7D 60 60 
4B 2D 75 32 
55 73 78 7B 
70 3E 79 33 
[[6C, 7D, 60, 60], [4B, 2D, 75, 32], [55, 73, 78, 7B], [70, 3E, 79, 33]]
lKUp}-s>`uxy`2{3
Answer from Hex Matrix: 
[[6C, 7D, 60, 60], [4B, 2D, 75, 32], [55, 73, 78, 7B], [70, 3E, 79, 33]]

6D 3C 5E 21 
32 46 3C 71 
39 32 65 2F 
38 6D 54 66 
[[6D, 3C, 5E, 21], [32, 46, 3C, 71], [39, 32, 65, 2F], [38, 6D, 54, 66]]
m298<F2m^<eT!q/f
Answer from Hex Matrix: 
[[6D, 3C, 5E, 21], [32, 46, 3C, 71], [39, 32, 65, 2F], [38, 6D, 54, 66]]

2B 28 26 4B 
2B 4C 58 57 
37 56 6A 23 
3D 5D 70 47 
[[2B, 28, 26, 4B], [2B, 4C, 58, 57], [37, 56, 6A, 23], [3D, 5D, 70, 47]]
++7=(LV]&XjpKW#G
Answer from Hex Matrix: 
[[2B, 28, 26, 4B], [2B, 4C, 58, 57], [37, 56, 6A, 23], [3D, 5D, 70, 47]]

74 74 36 6E 
56 62 7B 6A 
33 72 60 32 
73 48 54 70 
[[74, 74, 36, 6E], [56, 62, 7B, 6A], [33, 72, 60, 32], [73, 48, 54, 70]]
tV3stbrH6{`Tnj2p
Answer from Hex Matrix: 
[[74, 74, 36, 6E], [56, 62, 7B, 6A], [33, 72, 60, 32], [73, 48, 54, 70]]

5F 60 60 66 
42 42 4B 70 
37 77 23 51 
45 23 76 35 
[[5F, 60, 60, 66], [42, 42, 4B, 70], [37, 77, 23, 51], [45, 23, 76, 35]]
_B7E`Bw#`K#vfpQ5
Answer from Hex Matrix: 
[[5F, 60, 60, 66], [42, 42, 4B, 70], [37, 77, 23, 51], [45, 23, 76, 35]]

4B 58 71 2F 
61 73 51 32 
52 5A 2E 59 
57 4C 4D 4A 
[[4B, 58, 71, 2F], [61, 73, 51, 32], [52, 5A, 2E, 59], [57, 4C, 4D, 4A]]
KaRWXsZLqQ.M/2YJ
Answer from Hex Matrix: 
[[4B, 58, 71, 2F], [61, 73, 51, 32], [52, 5A, 2E, 59], [57, 4C, 4D, 4A]]

3F 46 2B 61 
31 29 76 2E 
7A 64 38 27 
57 30 71 39 
[[3F, 46, 2B, 61], [31, 29, 76, 2E], [7A, 64, 38, 27], [57, 30, 71, 39]]
?1zWF)d0+v8qa.'9
Answer from Hex Matrix: 
[[3F, 46, 2B, 61], [31, 29, 76, 2E], [7A, 64, 38, 27], [57, 30, 71, 39]]

2F 3C 32 48 
29 38 6A 57 
73 3E 42 2E 
63 5A 33 2D 
[[2F, 3C, 32, 48], [29, 38, 6A, 57], [73, 3E, 42, 2E], [63, 5A, 33, 2D]]
/)sc<8>Z2jB3HW.-
Answer from Hex Matrix: 
[[2F, 3C, 32, 48], [29, 38, 6A, 57], [73, 3E, 42, 2E], [63, 5A, 33, 2D]]

5A 2D 72 42 
40 45 69 25 
56 5D 2D 36 
2A 43 7A 5B 
[[5A, 2D, 72, 42], [40, 45, 69, 25], [56, 5D, 2D, 36], [2A, 43, 7A, 5B]]
Z@V*-E]Cri-zB%6[
Answer from Hex Matrix: 
[[5A, 2D, 72, 42], [40, 45, 69, 25], [56, 5D, 2D, 36], [2A, 43, 7A, 5B]]

2B 28 62 7A 
30 6D 57 77 
22 2A 74 70 
36 74 7D 71 
[[2B, 28, 62, 7A], [30, 6D, 57, 77], [22, 2A, 74, 70], [36, 74, 7D, 71]]
+0"6(m*tbWt}zwpq
Answer from Hex Matrix: 
[[2B, 28, 62, 7A], [30, 6D, 57, 77], [22, 2A, 74, 70], [36, 74, 7D, 71]]

5C 29 4A 43 
72 3B 40 40 
22 5C 79 75 
28 27 60 48 
[[5C, 29, 4A, 43], [72, 3B, 40, 40], [22, 5C, 79, 75], [28, 27, 60, 48]]
\r"();\'J@y`C@uH
Answer from Hex Matrix: 
[[5C, 29, 4A, 43], [72, 3B, 40, 40], [22, 5C, 79, 75], [28, 27, 60, 48]]

65 71 73 23 
65 2C 64 47 
52 66 6F 35 
6D 42 5C 3F 
[[65, 71, 73, 23], [65, 2C, 64, 47], [52, 66, 6F, 35], [6D, 42, 5C, 3F]]
eeRmq,fBsdo\#G5?
Answer from Hex Matrix: 
[[65, 71, 73, 23], [65, 2C, 64, 47], [52, 66, 6F, 35], [6D, 42, 5C, 3F]]

71 39 39 28 
2E 4B 5E 6B 
2B 5A 7D 3E 
4F 48 2D 66 
[[71, 39, 39, 28], [2E, 4B, 5E, 6B], [2B, 5A, 7D, 3E], [4F, 48, 2D, 66]]
q.+O9KZH9^}-(k>f
Answer from Hex Matrix: 
[[71, 39, 39, 28], [2E, 4B, 5E, 6B], [2B, 5A, 7D, 3E], [4F, 48, 2D, 66]]

2F 37 4C 65 
74 6A 75 7C 
57 42 66 42 
3F 64 45 36 
[[2F, 37, 4C, 65], [74, 6A, 75, 7C], [57, 42, 66, 42], [3F, 64, 45, 36]]
/tW?7jBdLufEe|B6
Answer from Hex Matrix: 
[[2F, 37, 4C, 65], [74, 6A, 75, 7C], [57, 42, 66, 42], [3F, 64, 45, 36]]

67 57 6C 5E 
4F 60 50 39 
56 40 42 43 
22 2B 43 22 
[[67, 57, 6C, 5E], [4F, 60, 50, 39], [56, 40, 42, 43], [22, 2B, 43, 22]]
gOV"W`@+lPBC^9C"
Answer from Hex Matrix: 
[[67, 57, 6C, 5E], [4F, 60, 50, 39], [56, 40, 42, 43], [22, 2B, 43, 22]]

66 38 47 37 
75 60 7D 25 
3F 66 76 28 
62 2D 61 43 
[[66, 38, 47, 37], [75, 60, 7D, 25], [3F, 66, 76, 28], [62, 2D, 61, 43]]
fu?b8`f-G}va7%(C
Answer from Hex Matrix: 
[[66, 38, 47, 37], [75, 60, 7D, 25], [3F, 66, 76, 28], [62, 2D, 61, 43]]

5B 32 7B 63 
46 6B 2A 4A 
7B 24 66 21 
58 5D 66 6A 
[[5B, 32, 7B, 63], [46, 6B, 2A, 4A], [7B, 24, 66, 21], [58, 5D, 66, 6A]]
[F{X2k$]{*ffcJ!j
Answer from Hex Matrix: 
[[5B, 32, 7B, 63], [46, 6B, 2A, 4A], [7B, 24, 66, 21], [58, 5D, 66, 6A]]

51 64 4C 7C 
6A 40 40 4E 
4B 43 49 58 
44 74 74 5A 
[[51, 64, 4C, 7C], [6A, 40, 40, 4E], [4B, 43, 49, 58], [44, 74, 74, 5A]]
QjKDd@CtL@It|NXZ
Answer from Hex Matrix: 
[[51, 64, 4C, 7C], [6A, 40, 40, 4E], [4B, 43, 49, 58], [44, 74, 74, 5A]]

44 3B 3A 3D 
3D 24 4E 25 
6C 22 7B 41 
4D 2A 59 64 
[[44, 3B, 3A, 3D], [3D, 24, 4E, 25], [6C, 22, 7B, 41], [4D, 2A, 59, 64]]
D=lM;$"*:N{Y=%Ad
Answer from Hex Matrix: 
[[44, 3B, 3A, 3D], [3D, 24, 4E, 25], [6C, 22, 7B, 41], [4D, 2A, 59, 64]]

58 40 30 2C 
6B 41 3B 66 
4A 72 29 5B 
51 66 2F 3F 
[[58, 40, 30, 2C], [6B, 41, 3B, 66], [4A, 72, 29, 5B], [51, 66, 2F, 3F]]
XkJQ@Arf0;)/,f[?
Answer from Hex Matrix: 
[[58, 40, 30, 2C], [6B, 41, 3B, 66], [4A, 72, 29, 5B], [51, 66, 2F, 3F]]

5E 54 78 72 
26 72 61 3B 
59 73 31 4E 
6A 77 69 5D 
[[5E, 54, 78, 72], [26, 72, 61, 3B], [59, 73, 31, 4E], [6A, 77, 69, 5D]]
^&YjTrswxa1ir;N]
Answer from Hex Matrix: 
[[5E, 54, 78, 72], [26, 72, 61, 3B], [59, 73, 31, 4E], [6A, 77, 69, 5D]]

4A 64 28 6B 
57 34 48 31 
73 29 58 2C 
33 44 6A 46 
[[4A, 64, 28, 6B], [57, 34, 48, 31], [73, 29, 58, 2C], [33, 44, 6A, 46]]
JWs3d4)D(HXjk1,F
Answer from Hex Matrix: 
[[4A, 64, 28, 6B], [57, 34, 48, 31], [73, 29, 58, 2C], [33, 44, 6A, 46]]

51 23 5F 6D 
78 4F 70 6C 
77 78 51 58 
68 69 7D 2A 
[[51, 23, 5F, 6D], [78, 4F, 70, 6C], [77, 78, 51, 58], [68, 69, 7D, 2A]]
Qxwh#Oxi_pQ}mlX*
Answer from Hex Matrix: 
[[51, 23, 5F, 6D], [78, 4F, 70, 6C], [77, 78, 51, 58], [68, 69, 7D, 2A]]

68 6C 5A 3E 
74 2F 61 50 
3D 53 59 36 
3A 64 59 43 
[[68, 6C, 5A, 3E], [74, 2F, 61, 50], [3D, 53, 59, 36], [3A, 64, 59, 43]]
ht=:l/SdZaYY>P6C
Answer from Hex Matrix: 
[[68, 6C, 5A, 3E], [74, 2F, 61, 50], [3D, 53, 59, 36], [3A, 64, 59, 43]]

28 79 34 37 
71 61 79 4A 
3C 65 55 67 
22 44 66 51 
[[28, 79, 34, 37], [71, 61, 79, 4A], [3C, 65, 55, 67], [22, 44, 66, 51]]
(q<"yaeD4yUf7JgQ
Answer from Hex Matrix: 
[[28, 79, 34, 37], [71, 61, 79, 4A], [3C, 65, 55, 67], [22, 44, 66, 51]]

57 35 29 67 
75 60 58 4B 
5E 46 7B 4C 
5C 71 45 26 
[[57, 35, 29, 67], [75, 60, 58, 4B], [5E, 46, 7B, 4C], [5C, 71, 45, 26]]
Wu^\5`Fq)X{EgKL&
Answer from Hex Matrix: 
[[57, 35, 29, 67], [75, 60, 58, 4B], [5E, 46, 7B, 4C], [5C, 71, 45, 26]]

30 66 68 54 
4E 48 3C 22 
5E 36 6A 25 
60 32 72 60 
[[30, 66, 68, 54], [4E, 48, 3C, 22], [5E, 36, 6A, 25], [60, 32, 72, 60]]
0N^`fH62h<jrT"%`
Answer from Hex Matrix: 
[[30, 66, 68, 54], [4E, 48, 3C, 22], [5E, 36, 6A, 25], [60, 32, 72, 60]]

48 67 5C 4E 
23 43 27 2E 
4C 43 5C 7B 
36 55 50 4C 
[[48, 67, 5C, 4E], [23, 43, 27, 2E], [4C, 43, 5C, 7B], [36, 55, 50, 4C]]
H#L6gCCU\'\PN.{L
Answer from Hex Matrix: 
[[48, 67, 5C, 4E], [23, 43, 27, 2E], [4C, 43, 5C, 7B], [36, 55, 50, 4C]]

2C 33 2E 4C 
5B 68 7D 34 
52 6A 43 41 
5F 49 6C 4F 
[[2C, 33, 2E, 4C], [5B, 68, 7D, 34], [52, 6A, 43, 41], [5F, 49, 6C, 4F]]
,[R_3hjI.}ClL4AO
Answer from Hex Matrix: 
[[2C, 33, 2E, 4C], [5B, 68, 7D, 34], [52, 6A, 43, 41], [5F, 49, 6C, 4F]]

6C 30 30 37 
2D 7C 7C 50 
64 3F 61 50 
5B 7B 30 68 
[[6C, 30, 30, 37], [2D, 7C, 7C, 50], [64, 3F, 61, 50], [5B, 7B, 30, 68]]
l-d[0|?{0|a07PPh
Answer from Hex Matrix: 
[[6C, 30, 30, 37], [2D, 7C, 7C, 50], [64, 3F, 61, 50], [5B, 7B, 30, 68]]

77 6C 24 22 
28 57 6F 6F 
4C 31 61 5C 
5C 2D 34 61 
[[77, 6C, 24, 22], [28, 57, 6F, 6F], [4C, 31, 61, 5C], [5C, 2D, 34, 61]]
w(L\lW1-$oa4"o\a
Answer from Hex Matrix: 
[[77, 6C, 24, 22], [28, 57, 6F, 6F], [4C, 31, 61, 5C], [5C, 2D, 34, 61]]

7D 3D 36 22 
46 66 75 6C 
51 24 4A 47 
68 4D 3D 42 
[[7D, 3D, 36, 22], [46, 66, 75, 6C], [51, 24, 4A, 47], [68, 4D, 3D, 42]]
}FQh=f$M6uJ="lGB
Answer from Hex Matrix: 
[[7D, 3D, 36, 22], [46, 66, 75, 6C], [51, 24, 4A, 47], [68, 4D, 3D, 42]]

38 7C 6D 42 
51 4B 74 29 
27 63 78 73 
5A 3E 74 26 
[[38, 7C, 6D, 42], [51, 4B, 74, 29], [27, 63, 78, 73], [5A, 3E, 74, 26]]
8Q'Z|Kc>mtxtB)s&
Answer from Hex Matrix: 
[[38, 7C, 6D, 42], [51, 4B, 74, 29], [27, 63, 78, 73], [5A, 3E, 74, 26]]

74 49 48 6E 
46 5D 44 21 
3C 2F 6F 21 
60 71 5B 7C 
[[74, 49, 48, 6E], [46, 5D, 44, 21], [3C, 2F, 6F, 21], [60, 71, 5B, 7C]]
tF<`I]/qHDo[n!!|
Answer from Hex Matrix: 
[[74, 49, 48, 6E], [46, 5D, 44, 21], [3C, 2F, 6F, 21], [60, 71, 5B, 7C]]

32 5C 70 5D 
4D 21 3C 3F 
3D 51 79 62 
79 65 3E 3A 
[[32, 5C, 70, 5D], [4D, 21, 3C, 3F], [3D, 51, 79, 62], [79, 65, 3E, 3A]]
2M=y\!Qep<y>]?b:
Answer from Hex Matrix: 
[[32, 5C, 70, 5D], [4D, 21, 3C, 3F], [3D, 51, 79, 62], [79, 65, 3E, 3A]]

46 61 63 5D 
61 2D 30 3E 
43 4E 4B 5C 
50 40 33 78 
[[46, 61, 63, 5D], [61, 2D, 30, 3E], [43, 4E, 4B, 5C], [50, 40, 33, 78]]
FaCPa-N@c0K3]>\x
Answer from Hex Matrix: 
[[46, 61, 63, 5D], [61, 2D, 30, 3E], [43, 4E, 4B, 5C], [50, 40, 33, 78]]

34 2D 5F 33 
6A 34 72 62 
23 5D 29 30 
7C 7D 4D 2B 
[[34, 2D, 5F, 33], [6A, 34, 72, 62], [23, 5D, 29, 30], [7C, 7D, 4D, 2B]]
4j#|-4]}_r)M3b0+
Answer from Hex Matrix: 
[[34, 2D, 5F, 33], [6A, 34, 72, 62], [23, 5D, 29, 30], [7C, 7D, 4D, 2B]]

21 3E 28 75 
54 70 7C 56 
4A 5E 28 79 
52 6C 6E 24 
[[21, 3E, 28, 75], [54, 70, 7C, 56], [4A, 5E, 28, 79], [52, 6C, 6E, 24]]
!TJR>p^l(|(nuVy$
Answer from Hex Matrix: 
[[21, 3E, 28, 75], [54, 70, 7C, 56], [4A, 5E, 28, 79], [52, 6C, 6E, 24]]

43 3F 78 5B 
35 6B 3A 31 
4C 69 38 2C 
7C 34 29 65 
[[43, 3F, 78, 5B], [35, 6B, 3A, 31], [4C, 69, 38, 2C], [7C, 34, 29, 65]]
C5L|?ki4x:8)[1,e
Answer from Hex Matrix: 
[[43, 3F, 78, 5B], [35, 6B, 3A, 31], [4C, 69, 38, 2C], [7C, 34, 29, 65]]

64 4E 53 73 
66 60 71 47 
36 62 26 33 
30 22 5D 46 
[[64, 4E, 53, 73], [66, 60, 71, 47], [36, 62, 26, 33], [30, 22, 5D, 46]]
df60N`b"Sq&]sG3F
Answer from Hex Matrix: 
[[64, 4E, 53, 73], [66, 60, 71, 47], [36, 62, 26, 33], [30, 22, 5D, 46]]

54 25 40 4A 
70 6C 4C 67 
4C 75 5B 3B 
24 75 23 74 
[[54, 25, 40, 4A], [70, 6C, 4C, 67], [4C, 75, 5B, 3B], [24, 75, 23, 74]]
TpL$%luu@L[#Jg;t
Answer from Hex Matrix: 
[[54, 25, 40, 4A], [70, 6C, 4C, 67], [4C, 75, 5B, 3B], [24, 75, 23, 74]]

4C 65 5E 47 
45 64 26 5A 
34 66 51 64 
3C 5D 4A 6F 
[[4C, 65, 5E, 47], [45, 64, 26, 5A], [34, 66, 51, 64], [3C, 5D, 4A, 6F]]
LE4<edf]^&QJGZdo
Answer from Hex Matrix: 
[[4C, 65, 5E, 47], [45, 64, 26, 5A], [34, 66, 51, 64], [3C, 5D, 4A, 6F]]

2E 52 72 78 
2E 21 56 61 
69 32 55 3A 
30 24 2B 23 
[[2E, 52, 72, 78], [2E, 21, 56, 61], [69, 32, 55, 3A], [30, 24, 2B, 23]]
..i0R!2$rVU+xa:#
Answer from Hex Matrix: 
[[2E, 52, 72, 78], [2E, 21, 56, 61], [69, 32, 55, 3A], [30, 24, 2B, 23]]

62 49 76 55 
31 7A 38 52 
45 77 4C 3C 
3C 69 7D 75 
[[62, 49, 76, 55], [31, 7A, 38, 52], [45, 77, 4C, 3C], [3C, 69, 7D, 75]]
b1E<Izwiv8L}UR<u
Answer from Hex Matrix: 
[[62, 49, 76, 55], [31, 7A, 38, 52], [45, 77, 4C, 3C], [3C, 69, 7D, 75]]

3E 4B 51 3A 
36 56 4C 6F 
69 3C 60 3F 
2E 7D 27 6B 
[[3E, 4B, 51, 3A], [36, 56, 4C, 6F], [69, 3C, 60, 3F], [2E, 7D, 27, 6B]]
>6i.KV<}QL`':o?k
Answer from Hex Matrix: 
[[3E, 4B, 51, 3A], [36, 56, 4C, 6F], [69, 3C, 60, 3F], [2E, 7D, 27, 6B]]

3F 7D 29 48 
27 29 7D 68 
4F 5F 6E 49 
75 5B 52 33 
[[3F, 7D, 29, 48], [27, 29, 7D, 68], [4F, 5F, 6E, 49], [75, 5B, 52, 33]]
?'Ou})_[)}nRHhI3
Answer from Hex Matrix: 
[[3F, 7D, 29, 48], [27, 29, 7D, 68], [4F, 5F, 6E, 49], [75, 5B, 52, 33]]

43 59 26 57 
73 38 4E 2D 
4C 2D 38 39 
75 75 62 35 
[[43, 59, 26, 57], [73, 38, 4E, 2D], [4C, 2D, 38, 39], [75, 75, 62, 35]]
CsLuY8-u&N8bW-95
Answer from Hex Matrix: 
[[43, 59, 26, 57], [73, 38, 4E, 2D], [4C, 2D, 38, 39], [75, 75, 62, 35]]

57 6C 30 6B 
76 32 29 58 
7A 61 2D 69 
5F 22 58 6B 
[[57, 6C, 30, 6B], [76, 32, 29, 58], [7A, 61, 2D, 69], [5F, 22, 58, 6B]]
Wvz_l2a"0)-XkXik
Answer from Hex Matrix: 
[[57, 6C, 30, 6B], [76, 32, 29, 58], [7A, 61, 2D, 69], [5F, 22, 58, 6B]]

6C 50 71 21 
2C 55 45 4E 
22 51 7D 2F 
2A 2C 7B 4C 
[[6C, 50, 71, 21], [2C, 55, 45, 4E], [22, 51, 7D, 2F], [2A, 2C, 7B, 4C]]
l,"*PUQ,qE}{!N/L
Answer from Hex Matrix: 
[[6C, 50, 71, 21], [2C, 55, 45, 4E], [22, 51, 7D, 2F], [2A, 2C, 7B, 4C]]

4C 36 47 2B 
70 2A 4A 5D 
3E 4A 4C 35 
69 6F 41 58 
[[4C, 36, 47, 2B], [70, 2A, 4A, 5D], [3E, 4A, 4C, 35], [69, 6F, 41, 58]]
Lp>i6*JoGJLA+]5X
Answer from Hex Matrix: 
[[4C, 36, 47, 2B], [70, 2A, 4A, 5D], [3E, 4A, 4C, 35], [69, 6F, 41, 58]]

3A 70 35 64 
7D 40 75 34 
40 4B 4F 3F 
49 2B 31 31 
[[3A, 70, 35, 64], [7D, 40, 75, 34], [40, 4B, 4F, 3F], [49, 2B, 31, 31]]
:}@Ip@K+5uO1d4?1
Answer from Hex Matrix: 
[[3A, 70, 35, 64], [7D, 40, 75, 34], [40, 4B, 4F, 3F], [49, 2B, 31, 31]]

67 24 38 47 
59 27 3D 68 
76 26 4F 65 
6D 72 76 65 
[[67, 24, 38, 47], [59, 27, 3D, 68], [76, 26, 4F, 65], [6D, 72, 76, 65]]
gYvm$'&r8=OvGhee
Answer from Hex Matrix: 
[[67, 24, 38, 47], [59, 27, 3D, 68], [76, 26, 4F, 65], [6D, 72, 76, 65]]

67 3F 4A 46 
66 67 2B 74 
71 76 3C 27 
6E 61 30 7B 
[[67, 3F, 4A, 46], [66, 67, 2B, 74], [71, 76, 3C, 27], [6E, 61, 30, 7B]]
gfqn?gvaJ+<0Ft'{
Answer from Hex Matrix: 
[[67, 3F, 4A, 46], [66, 67, 2B, 74], [71, 76, 3C, 27], [6E, 61, 30, 7B]]

56 75 36 56 
77 49 64 63 
4D 6F 22 6E 
2C 21 5F 3E 
[[56, 75, 36, 56], [77, 49, 64, 63], [4D, 6F, 22, 6E], [2C, 21, 5F, 3E]]
VwM,uIo!6d"_Vcn>
Answer from Hex Matrix: 
[[56, 75, 36, 56], [77, 49, 64, 63], [4D, 6F, 22, 6E], [2C, 21, 5F, 3E]]

5E 45 78 61 
7D 21 67 40 
67 2F 2F 7A 
71 36 65 42 
[[5E, 45, 78, 61], [7D, 21, 67, 40], [67, 2F, 2F, 7A], [71, 36, 65, 42]]
^}gqE!/6xg/ea@zB
Answer from Hex Matrix: 
[[5E, 45, 78, 61], [7D, 21, 67, 40], [67, 2F, 2F, 7A], [71, 36, 65, 42]]

37 50 7D 26 
40 2D 74 43 
5F 42 2E 6D 
4E 3D 7B 21 
[[37, 50, 7D, 26], [40, 2D, 74, 43], [5F, 42, 2E, 6D], [4E, 3D, 7B, 21]]
7@_NP-B=}t.{&Cm!
Answer from Hex Matrix: 
[[37, 50, 7D, 26], [40, 2D, 74, 43], [5F, 42, 2E, 6D], [4E, 3D, 7B, 21]]

2B 7A 63 5E 
2F 39 79 2B 
56 35 59 4F 
60 7A 42 61 
[[2B, 7A, 63, 5E], [2F, 39, 79, 2B], [56, 35, 59, 4F], [60, 7A, 42, 61]]
+/V`z95zcyYB^+Oa
Answer from Hex Matrix: 
[[2B, 7A, 63, 5E], [2F, 39, 79, 2B], [56, 35, 59, 4F], [60, 7A, 42, 61]]

59 24 3C 46 
67 2F 71 6C 
4F 47 5D 60 
6F 32 3D 26 
[[59, 24, 3C, 46], [67, 2F, 71, 6C], [4F, 47, 5D, 60], [6F, 32, 3D, 26]]
YgOo$/G2<q]=Fl`&
Answer from Hex Matrix: 
[[59, 24, 3C, 46], [67, 2F, 71, 6C], [4F, 47, 5D, 60], [6F, 32, 3D, 26]]

51 75 34 5F 
6B 4C 66 34 
3C 53 71 36 
31 44 30 22 
[[51, 75, 34, 5F], [6B, 4C, 66, 34], [3C, 53, 71, 36], [31, 44, 30, 22]]
Qk<1uLSD4fq0_46"
Answer from Hex Matrix: 
[[51, 75, 34, 5F], [6B, 4C, 66, 34], [3C, 53, 71, 36], [31, 44, 30, 22]]

31 54 3F 46 
4B 7C 42 5C 
73 7D 33 56 
71 32 48 34 
[[31, 54, 3F, 46], [4B, 7C, 42, 5C], [73, 7D, 33, 56], [71, 32, 48, 34]]
1KsqT|}2?B3HF\V4
Answer from Hex Matrix: 
[[31, 54, 3F, 46], [4B, 7C, 42, 5C], [73, 7D, 33, 56], [71, 32, 48, 34]]

69 3F 43 2F 
68 21 52 77 
3E 31 72 4F 
26 68 2D 2D 
[[69, 3F, 43, 2F], [68, 21, 52, 77], [3E, 31, 72, 4F], [26, 68, 2D, 2D]]
ih>&?!1hCRr-/wO-
Answer from Hex Matrix: 
[[69, 3F, 43, 2F], [68, 21, 52, 77], [3E, 31, 72, 4F], [26, 68, 2D, 2D]]

73 64 74 59 
3B 3F 23 2D 
6D 2E 68 69 
2F 49 23 42 
[[73, 64, 74, 59], [3B, 3F, 23, 2D], [6D, 2E, 68, 69], [2F, 49, 23, 42]]
s;m/d?.It#h#Y-iB
Answer from Hex Matrix: 
[[73, 64, 74, 59], [3B, 3F, 23, 2D], [6D, 2E, 68, 69], [2F, 49, 23, 42]]

70 5C 3A 4B 
3D 59 79 2F 
6A 4F 21 6C 
23 48 5E 31 
[[70, 5C, 3A, 4B], [3D, 59, 79, 2F], [6A, 4F, 21, 6C], [23, 48, 5E, 31]]
p=j#\YOH:y!^K/l1
Answer from Hex Matrix: 
[[70, 5C, 3A, 4B], [3D, 59, 79, 2F], [6A, 4F, 21, 6C], [23, 48, 5E, 31]]

77 35 22 7C 
3A 2F 70 36 
64 33 36 66 
35 6F 25 63 
[[77, 35, 22, 7C], [3A, 2F, 70, 36], [64, 33, 36, 66], [35, 6F, 25, 63]]
w:d55/3o"p6%|6fc
Answer from Hex Matrix: 
[[77, 35, 22, 7C], [3A, 2F, 70, 36], [64, 33, 36, 66], [35, 6F, 25, 63]]

58 78 58 3D 
2B 32 54 32 
34 39 7B 55 
4E 24 74 41 
[[58, 78, 58, 3D], [2B, 32, 54, 32], [34, 39, 7B, 55], [4E, 24, 74, 41]]
X+4Nx29$XT{t=2UA
Answer from Hex Matrix: 
[[58, 78, 58, 3D], [2B, 32, 54, 32], [34, 39, 7B, 55], [4E, 24, 74, 41]]

65 6D 57 75 
69 34 71 58 
2B 4E 40 32 
51 73 76 4D 
[[65, 6D, 57, 75], [69, 34, 71, 58], [2B, 4E, 40, 32], [51, 73, 76, 4D]]
ei+Qm4NsWq@vuX2M
Answer from Hex Matrix: 
[[65, 6D, 57, 75], [69, 34, 71, 58], [2B, 4E, 40, 32], [51, 73, 76, 4D]]

54 2C 7B 32 
22 6F 4B 4C 
7D 71 38 3B 
66 3B 26 54 
[[54, 2C, 7B, 32], [22, 6F, 4B, 4C], [7D, 71, 38, 3B], [66, 3B, 26, 54]]
T"}f,oq;{K8&2L;T
Answer from Hex Matrix: 
[[54, 2C, 7B, 32], [22, 6F, 4B, 4C], [7D, 71, 38, 3B], [66, 3B, 26, 54]]

3C 38 77 5D 
52 38 54 75 
47 45 34 26 
2C 4B 52 77 
[[3C, 38, 77, 5D], [52, 38, 54, 75], [47, 45, 34, 26], [2C, 4B, 52, 77]]
<RG,88EKwT4R]u&w
Answer from Hex Matrix: 
[[3C, 38, 77, 5D], [52, 38, 54, 75], [47, 45, 34, 26], [2C, 4B, 52, 77]]

45 47 4B 4C 
59 23 52 2A 
4A 2F 22 66 
5F 7C 2B 48 
[[45, 47, 4B, 4C], [59, 23, 52, 2A], [4A, 2F, 22, 66], [5F, 7C, 2B, 48]]
EYJ_G#/|KR"+L*fH
Answer from Hex Matrix: 
[[45, 47, 4B, 4C], [59, 23, 52, 2A], [4A, 2F, 22, 66], [5F, 7C, 2B, 48]]

3D 29 6D 48 
56 6B 28 54 
32 5B 41 24 
2F 60 52 35 
[[3D, 29, 6D, 48], [56, 6B, 28, 54], [32, 5B, 41, 24], [2F, 60, 52, 35]]
=V2/)k[`m(ARHT$5
Answer from Hex Matrix: 
[[3D, 29, 6D, 48], [56, 6B, 28, 54], [32, 5B, 41, 24], [2F, 60, 52, 35]]

54 69 21 57 
4E 24 63 3F 
23 6D 2D 2C 
74 3C 3B 36 
[[54, 69, 21, 57], [4E, 24, 63, 3F], [23, 6D, 2D, 2C], [74, 3C, 3B, 36]]
TN#ti$m<!c-;W?,6
Answer from Hex Matrix: 
[[54, 69, 21, 57], [4E, 24, 63, 3F], [23, 6D, 2D, 2C], [74, 3C, 3B, 36]]

26 5A 41 2A 
7C 29 55 53 
46 34 72 70 
50 69 2F 3E 
[[26, 5A, 41, 2A], [7C, 29, 55, 53], [46, 34, 72, 70], [50, 69, 2F, 3E]]
&|FPZ)4iAUr/*Sp>
Answer from Hex Matrix: 
[[26, 5A, 41, 2A], [7C, 29, 55, 53], [46, 34, 72, 70], [50, 69, 2F, 3E]]

56 5F 45 2F 
47 28 41 67 
64 65 3C 3F 
79 52 4C 4B 
[[56, 5F, 45, 2F], [47, 28, 41, 67], [64, 65, 3C, 3F], [79, 52, 4C, 4B]]
VGdy_(eREA<L/g?K
Answer from Hex Matrix: 
[[56, 5F, 45, 2F], [47, 28, 41, 67], [64, 65, 3C, 3F], [79, 52, 4C, 4B]]

28 23 6E 2A 
4C 76 61 3C 
42 60 43 5E 
3E 74 6B 67 
[[28, 23, 6E, 2A], [4C, 76, 61, 3C], [42, 60, 43, 5E], [3E, 74, 6B, 67]]
(LB>#v`tnaCk*<^g
Answer from Hex Matrix: 
[[28, 23, 6E, 2A], [4C, 76, 61, 3C], [42, 60, 43, 5E], [3E, 74, 6B, 67]]

38 37 27 2A 
4A 3A 27 6D 
77 54 27 4F 
44 52 59 52 
[[38, 37, 27, 2A], [4A, 3A, 27, 6D], [77, 54, 27, 4F], [44, 52, 59, 52]]
8JwD7:TR'''Y*mOR
Answer from Hex Matrix: 
[[38, 37, 27, 2A], [4A, 3A, 27, 6D], [77, 54, 27, 4F], [44, 52, 59, 52]]

61 4D 70 5D 
76 50 59 70 
54 4B 75 75 
32 51 6C 65 
[[61, 4D, 70, 5D], [76, 50, 59, 70], [54, 4B, 75, 75], [32, 51, 6C, 65]]
avT2MPKQpYul]pue
Answer from Hex Matrix: 
[[61, 4D, 70, 5D], [76, 50, 59, 70], [54, 4B, 75, 75], [32, 51, 6C, 65]]

32 75 56 2D 
63 4C 42 5C 
6F 4A 54 70 
65 57 48 4B 
[[32, 75, 56, 2D], [63, 4C, 42, 5C], [6F, 4A, 54, 70], [65, 57, 48, 4B]]
2coeuLJWVBTH-\pK
Answer from Hex Matrix: 
[[32, 75, 56, 2D], [63, 4C, 42, 5C], [6F, 4A, 54, 70], [65, 57, 48, 4B]]

79 69 2C 4C 
4E 37 63 45 
38 45 38 2B 
75 3B 7A 5C 
[[79, 69, 2C, 4C], [4E, 37, 63, 45], [38, 45, 38, 2B], [75, 3B, 7A, 5C]]
yN8ui7E;,c8zLE+\
Answer from Hex Matrix: 
[[79, 69, 2C, 4C], [4E, 37, 63, 45], [38, 45, 38, 2B], [75, 3B, 7A, 5C]]

73 3A 78 2D 
79 56 73 7D 
27 49 55 32 
35 49 79 43 
[[73, 3A, 78, 2D], [79, 56, 73, 7D], [27, 49, 55, 32], [35, 49, 79, 43]]
sy'5:VIIxsUy-}2C
Answer from Hex Matrix: 
[[73, 3A, 78, 2D], [79, 56, 73, 7D], [27, 49, 55, 32], [35, 49, 79, 43]]

6C 36 3A 51 
5B 38 6C 60 
73 5B 29 62 
79 77 72 6A 
[[6C, 36, 3A, 51], [5B, 38, 6C, 60], [73, 5B, 29, 62], [79, 77, 72, 6A]]
l[sy68[w:l)rQ`bj
Answer from Hex Matrix: 
[[6C, 36, 3A, 51], [5B, 38, 6C, 60], [73, 5B, 29, 62], [79, 77, 72, 6A]]

49 38 5B 77 
44 41 60 5B 
6C 2A 50 3A 
66 62 25 2C 
[[49, 38, 5B, 77], [44, 41, 60, 5B], [6C, 2A, 50, 3A], [66, 62, 25, 2C]]
IDlf8A*b[`P%w[:,
Answer from Hex Matrix: 
[[49, 38, 5B, 77], [44, 41, 60, 5B], [6C, 2A, 50, 3A], [66, 62, 25, 2C]]

5C 41 64 54 
2C 78 29 45 
6E 57 3D 4F 
49 30 5D 6A 
[[5C, 41, 64, 54], [2C, 78, 29, 45], [6E, 57, 3D, 4F], [49, 30, 5D, 6A]]
\,nIAxW0d)=]TEOj
Answer from Hex Matrix: 
[[5C, 41, 64, 54], [2C, 78, 29, 45], [6E, 57, 3D, 4F], [49, 30, 5D, 6A]]

66 47 62 27 
29 37 60 3C 
49 45 2B 56 
3B 33 49 47 
[[66, 47, 62, 27], [29, 37, 60, 3C], [49, 45, 2B, 56], [3B, 33, 49, 47]]
f)I;G7E3b`+I'<VG
Answer from Hex Matrix: 
[[66, 47, 62, 27], [29, 37, 60, 3C], [49, 45, 2B, 56], [3B, 33, 49, 47]]

24 36 3F 76 
7D 60 4C 48 
67 24 69 67 
7B 39 40 70 
[[24, 36, 3F, 76], [7D, 60, 4C, 48], [67, 24, 69, 67], [7B, 39, 40, 70]]
$}g{6`$9?Li@vHgp
Answer from Hex Matrix: 
[[24, 36, 3F, 76], [7D, 60, 4C, 48], [67, 24, 69, 67], [7B, 39, 40, 70]]

31 41 68 72 
58 22 5B 33 
33 30 53 6C 
37 31 23 49 
[[31, 41, 68, 72], [58, 22, 5B, 33], [33, 30, 53, 6C], [37, 31, 23, 49]]
1X37A"01h[S#r3lI
Answer from Hex Matrix: 
[[31, 41, 68, 72], [58, 22, 5B, 33], [33, 30, 53, 6C], [37, 31, 23, 49]]

52 69 29 60 
7B 4D 79 63 
63 47 71 73 
6D 69 67 69 
[[52, 69, 29, 60], [7B, 4D, 79, 63], [63, 47, 71, 73], [6D, 69, 67, 69]]
R{cmiMGi)yqg`csi
Answer from Hex Matrix: 
[[52, 69, 29, 60], [7B, 4D, 79, 63], [63, 47, 71, 73], [6D, 69, 67, 69]]

5A 60 47 70 
59 51 5A 22 
56 6B 35 4B 
71 3E 21 4E 
[[5A, 60, 47, 70], [59, 51, 5A, 22], [56, 6B, 35, 4B], [71, 3E, 21, 4E]]
ZYVq`Qk>GZ5!p"KN
Answer from Hex Matrix: 
[[5A, 60, 47, 70], [59, 51, 5A, 22], [56, 6B, 35, 4B], [71, 3E, 21, 4E]]

28 29 75 35 
66 72 51 47 
66 66 2A 69 
7B 63 58 6C 
[[28, 29, 75, 35], [66, 72, 51, 47], [66, 66, 2A, 69], [7B, 63, 58, 6C]]
(ff{)rfcuQ*X5Gil
Answer from Hex Matrix: 
[[28, 29, 75, 35], [66, 72, 51, 47], [66, 66, 2A, 69], [7B, 63, 58, 6C]]

24 2E 76 4C 
63 6C 5B 3C 
4B 4B 28 61 
27 50 77 4C 
[[24, 2E, 76, 4C], [63, 6C, 5B, 3C], [4B, 4B, 28, 61], [27, 50, 77, 4C]]
$cK'.lKPv[(wL<aL
Answer from Hex Matrix: 
[[24, 2E, 76, 4C], [63, 6C, 5B, 3C], [4B, 4B, 28, 61], [27, 50, 77, 4C]]

3A 6A 74 6D 
64 7B 56 66 
5D 68 27 73 
78 24 51 4C 
[[3A, 6A, 74, 6D], [64, 7B, 56, 66], [5D, 68, 27, 73], [78, 24, 51, 4C]]
:d]xj{h$tV'QmfsL
Answer from Hex Matrix: 
[[3A, 6A, 74, 6D], [64, 7B, 56, 66], [5D, 68, 27, 73], [78, 24, 51, 4C]]

6A 62 41 55 
3F 48 4F 47 
6C 33 44 5E 
31 6E 32 30 
[[6A, 62, 41, 55], [3F, 48, 4F, 47], [6C, 33, 44, 5E], [31, 6E, 32, 30]]
j?l1bH3nAOD2UG^0
Answer from Hex Matrix: 
[[6A, 62, 41, 55], [3F, 48, 4F, 47], [6C, 33, 44, 5E], [31, 6E, 32, 30]]

57 50 43 4B 
72 4F 2C 25 
57 6F 2A 6F 
40 2F 55 43 
[[57, 50, 43, 4B], [72, 4F, 2C, 25], [57, 6F, 2A, 6F], [40, 2F, 55, 43]]
WrW@POo/C,*UK%oC
Answer from Hex Matrix: 
[[57, 50, 43, 4B], [72, 4F, 2C, 25], [57, 6F, 2A, 6F], [40, 2F, 55, 43]]

74 5B 76 6E 
34 75 77 69 
6A 2A 51 4F 
39 52 73 32 
[[74, 5B, 76, 6E], [34, 75, 77, 69], [6A, 2A, 51, 4F], [39, 52, 73, 32]]
t4j9[u*RvwQsniO2
Answer from Hex Matrix: 
[[74, 5B, 76, 6E], [34, 75, 77, 69], [6A, 2A, 51, 4F], [39, 52, 73, 32]]

60 28 5B 43 
79 6B 33 5A 
5D 45 31 55 
79 43 7C 41 
[[60, 28, 5B, 43], [79, 6B, 33, 5A], [5D, 45, 31, 55], [79, 43, 7C, 41]]
`y]y(kEC[31|CZUA
Answer from Hex Matrix: 
[[60, 28, 5B, 43], [79, 6B, 33, 5A], [5D, 45, 31, 55], [79, 43, 7C, 41]]

4D 59 68 51 
33 29 30 2C 
2C 74 29 69 
37 68 65 40 
[[4D, 59, 68, 51], [33, 29, 30, 2C], [2C, 74, 29, 69], [37, 68, 65, 40]]
M3,7Y)thh0)eQ,i@
Answer from Hex Matrix: 
[[4D, 59, 68, 51], [33, 29, 30, 2C], [2C, 74, 29, 69], [37, 68, 65, 40]]

4B 36 47 2A 
58 6D 57 27 
76 64 6C 2F 
3E 6A 47 6F 
[[4B, 36, 47, 2A], [58, 6D, 57, 27], [76, 64, 6C, 2F], [3E, 6A, 47, 6F]]
KXv>6mdjGWlG*'/o
Answer from Hex Matrix: 
[[4B, 36, 47, 2A], [58, 6D, 57, 27], [76, 64, 6C, 2F], [3E, 6A, 47, 6F]]

37 6C 35 29 
4F 54 37 29 
7C 55 3A 79 
59 28 61 25 
[[37, 6C, 35, 29], [4F, 54, 37, 29], [7C, 55, 3A, 79], [59, 28, 61, 25]]
7O|YlTU(57:a))y%
Answer from Hex Matrix: 
[[37, 6C, 35, 29], [4F, 54, 37, 29], [7C, 55, 3A, 79], [59, 28, 61, 25]]

54 79 7B 5F 
41 75 71 64 
6D 44 71 61 
5F 78 59 7C 
[[54, 79, 7B, 5F], [41, 75, 71, 64], [6D, 44, 71, 61], [5F, 78, 59, 7C]]
TAm_yuDx{qqY_da|
Answer from Hex Matrix: 
[[54, 79, 7B, 5F], [41, 75, 71, 64], [6D, 44, 71, 61], [5F, 78, 59, 7C]]

5C 67 4E 47 
61 6B 34 2E 
78 2C 58 52 
51 39 6A 6A 
[[5C, 67, 4E, 47], [61, 6B, 34, 2E], [78, 2C, 58, 52], [51, 39, 6A, 6A]]
\axQgk,9N4XjG.Rj
Answer from Hex Matrix: 
[[5C, 67, 4E, 47], [61, 6B, 34, 2E], [78, 2C, 58, 52], [51, 39, 6A, 6A]]

38 39 35 76 
43 40 65 4E 
2C 3D 54 27 
71 23 50 49 
[[38, 39, 35, 76], [43, 40, 65, 4E], [2C, 3D, 54, 27], [71, 23, 50, 49]]
8C,q9@=#5eTPvN'I
Answer from Hex Matrix: 
[[38, 39, 35, 76], [43, 40, 65, 4E], [2C, 3D, 54, 27], [71, 23, 50, 49]]

2D 73 3F 3D 
6E 4D 5C 43 
40 53 2A 39 
74 3B 27 61 
[[2D, 73, 3F, 3D], [6E, 4D, 5C, 43], [40, 53, 2A, 39], [74, 3B, 27, 61]]
-n@tsMS;?\*'=C9a
Answer from Hex Matrix: 
[[2D, 73, 3F, 3D], [6E, 4D, 5C, 43], [40, 53, 2A, 39], [74, 3B, 27, 61]]

65 2C 3E 56 
6F 34 51 25 
40 7D 64 25 
4E 21 78 3E 
[[65, 2C, 3E, 56], [6F, 34, 51, 25], [40, 7D, 64, 25], [4E, 21, 78, 3E]]
eo@N,4}!>QdxV%%>
Answer from Hex Matrix: 
[[65, 2C, 3E, 56], [6F, 34, 51, 25], [40, 7D, 64, 25], [4E, 21, 78, 3E]]

74 73 3C 24 
7B 6D 36 37 
21 27 3C 5B 
3D 4C 6C 6B 
[[74, 73, 3C, 24], [7B, 6D, 36, 37], [21, 27, 3C, 5B], [3D, 4C, 6C, 6B]]
t{!=sm'L<6<l$7[k
Answer from Hex Matrix: 
[[74, 73, 3C, 24], [7B, 6D, 36, 37], [21, 27, 3C, 5B], [3D, 4C, 6C, 6B]]

66 23 29 5B 
30 28 6A 4B 
33 2E 46 4B 
2E 21 73 3D 
[[66, 23, 29, 5B], [30, 28, 6A, 4B], [33, 2E, 46, 4B], [2E, 21, 73, 3D]]
f03.#(.!)jFs[KK=
Answer from Hex Matrix: 
[[66, 23, 29, 5B], [30, 28, 6A, 4B], [33, 2E, 46, 4B], [2E, 21, 73, 3D]]

39 43 5C 3E 
39 72 27 71 
39 36 28 2D 
26 74 26 77 
[[39, 43, 5C, 3E], [39, 72, 27, 71], [39, 36, 28, 2D], [26, 74, 26, 77]]
999&Cr6t\'(&>q-w
Answer from Hex Matrix: 
[[39, 43, 5C, 3E], [39, 72, 27, 71], [39, 36, 28, 2D], [26, 74, 26, 77]]

5F 31 30 70 
66 48 41 6C 
53 6B 5A 4E 
49 68 33 79 
[[5F, 31, 30, 70], [66, 48, 41, 6C], [53, 6B, 5A, 4E], [49, 68, 33, 79]]
_fSI1Hkh0AZ3plNy
Answer from Hex Matrix: 
[[5F, 31, 30, 70], [66, 48, 41, 6C], [53, 6B, 5A, 4E], [49, 68, 33, 79]]

33 44 7A 38 
57 3F 3B 4A 
68 67 53 2A 
52 22 68 6A 
[[33, 44, 7A, 38], [57, 3F, 3B, 4A], [68, 67, 53, 2A], [52, 22, 68, 6A]]
3WhRD?g"z;Sh8J*j
Answer from Hex Matrix: 
[[33, 44, 7A, 38], [57, 3F, 3B, 4A], [68, 67, 53, 2A], [52, 22, 68, 6A]]

5D 4E 38 62 
6E 26 22 42 
48 5F 5C 30 
5B 77 79 6F 
[[5D, 4E, 38, 62], [6E, 26, 22, 42], [48, 5F, 5C, 30], [5B, 77, 79, 6F]]
]nH[N&_w8"\ybB0o
Answer from Hex Matrix: 
[[5D, 4E, 38, 62], [6E, 26, 22, 42], [48, 5F, 5C, 30], [5B, 77, 79, 6F]]

75 60 3F 75 
72 54 77 75 
3D 65 26 39 
2D 3B 68 75 
[[75, 60, 3F, 75], [72, 54, 77, 75], [3D, 65, 26, 39], [2D, 3B, 68, 75]]
ur=-`Te;?w&huu9u
Answer from Hex Matrix: 
[[75, 60, 3F, 75], [72, 54, 77, 75], [3D, 65, 26, 39], [2D, 3B, 68, 75]]

77 7C 6B 78 
54 37 75 2C 
62 33 41 36 
68 4E 41 50 
[[77, 7C, 6B, 78], [54, 37, 75, 2C], [62, 33, 41, 36], [68, 4E, 41, 50]]
wTbh|73NkuAAx,6P
Answer from Hex Matrix: 
[[77, 7C, 6B, 78], [54, 37, 75, 2C], [62, 33, 41, 36], [68, 4E, 41, 50]]

66 67 21 42 
76 43 72 55 
69 2D 4F 68 
64 3F 62 7B 
[[66, 67, 21, 42], [76, 43, 72, 55], [69, 2D, 4F, 68], [64, 3F, 62, 7B]]
fvidgC-?!rObBUh{
Answer from Hex Matrix: 
[[66, 67, 21, 42], [76, 43, 72, 55], [69, 2D, 4F, 68], [64, 3F, 62, 7B]]

4B 4A 44 40 
79 2C 67 2C 
57 4D 4F 6F 
32 6F 53 33 
[[4B, 4A, 44, 40], [79, 2C, 67, 2C], [57, 4D, 4F, 6F], [32, 6F, 53, 33]]
KyW2J,MoDgOS@,o3
Answer from Hex Matrix: 
[[4B, 4A, 44, 40], [79, 2C, 67, 2C], [57, 4D, 4F, 6F], [32, 6F, 53, 33]]

74 21 36 56 
36 72 32 79 
72 49 39 5D 
48 63 63 26 
[[74, 21, 36, 56], [36, 72, 32, 79], [72, 49, 39, 5D], [48, 63, 63, 26]]
t6rH!rIc629cVy]&
Answer from Hex Matrix: 
[[74, 21, 36, 56], [36, 72, 32, 79], [72, 49, 39, 5D], [48, 63, 63, 26]]

44 5D 6D 35 
75 35 6D 47 
67 46 37 23 
40 58 2F 22 
[[44, 5D, 6D, 35], [75, 35, 6D, 47], [67, 46, 37, 23], [40, 58, 2F, 22]]
Dug@]5FXmm7/5G#"
Answer from Hex Matrix: 
[[44, 5D, 6D, 35], [75, 35, 6D, 47], [67, 46, 37, 23], [40, 58, 2F, 22]]

68 75 54 2C 
27 53 53 36 
6E 24 64 60 
27 63 37 59 
[[68, 75, 54, 2C], [27, 53, 53, 36], [6E, 24, 64, 60], [27, 63, 37, 59]]
h'n'uS$cTSd7,6`Y
Answer from Hex Matrix: 
[[68, 75, 54, 2C], [27, 53, 53, 36], [6E, 24, 64, 60], [27, 63, 37, 59]]

29 78 32 70 
52 76 73 4E 
2C 5F 59 69 
45 44 69 77 
[[29, 78, 32, 70], [52, 76, 73, 4E], [2C, 5F, 59, 69], [45, 44, 69, 77]]
)R,Exv_D2sYipNiw
Answer from Hex Matrix: 
[[29, 78, 32, 70], [52, 76, 73, 4E], [2C, 5F, 59, 69], [45, 44, 69, 77]]

4A 39 43 38 
3B 7C 6E 3B 
65 69 3B 44 
66 30 75 58 
[[4A, 39, 43, 38], [3B, 7C, 6E, 3B], [65, 69, 3B, 44], [66, 30, 75, 58]]
J;ef9|i0Cn;u8;DX
Answer from Hex Matrix: 
[[4A, 39, 43, 38], [3B, 7C, 6E, 3B], [65, 69, 3B, 44], [66, 30, 75, 58]]

76 6C 75 77 
4D 36 40 2C 
73 3D 23 52 
60 38 67 55 
[[76, 6C, 75, 77], [4D, 36, 40, 2C], [73, 3D, 23, 52], [60, 38, 67, 55]]
vMs`l6=8u@#gw,RU
Answer from Hex Matrix: 
[[76, 6C, 75, 77], [4D, 36, 40, 2C], [73, 3D, 23, 52], [60, 38, 67, 55]]

58 4B 63 2A 
2C 33 4E 79 
49 59 3F 37 
26 5E 63 73 
[[58, 4B, 63, 2A], [2C, 33, 4E, 79], [49, 59, 3F, 37], [26, 5E, 63, 73]]
X,I&K3Y^cN?c*y7s
Answer from Hex Matrix: 
[[58, 4B, 63, 2A], [2C, 33, 4E, 79], [49, 59, 3F, 37], [26, 5E, 63, 73]]

28 75 58 71 
2A 5D 5A 6F 
27 32 66 41 
48 45 26 27 
[[28, 75, 58, 71], [2A, 5D, 5A, 6F], [27, 32, 66, 41], [48, 45, 26, 27]]
(*'Hu]2EXZf&qoA'
Answer from Hex Matrix: 
[[28, 75, 58, 71], [2A, 5D, 5A, 6F], [27, 32, 66, 41], [48, 45, 26, 27]]

7C 34 6E 56 
23 6E 21 48 
29 48 62 29 
21 21 78 55 
[[7C, 34, 6E, 56], [23, 6E, 21, 48], [29, 48, 62, 29], [21, 21, 78, 55]]
|#)!4nH!n!bxVH)U
Answer from Hex Matrix: 
[[7C, 34, 6E, 56], [23, 6E, 21, 48], [29, 48, 62, 29], [21, 21, 78, 55]]

67 2D 5A 34 
58 47 7D 39 
53 42 5E 2A 
24 3E 74 47 
[[67, 2D, 5A, 34], [58, 47, 7D, 39], [53, 42, 5E, 2A], [24, 3E, 74, 47]]
gXS$-GB>Z}^t49*G
Answer from Hex Matrix: 
[[67, 2D, 5A, 34], [58, 47, 7D, 39], [53, 42, 5E, 2A], [24, 3E, 74, 47]]

76 2C 24 45 
5E 4E 60 5D 
3B 4B 55 70 
4F 2E 57 4E 
[[76, 2C, 24, 45], [5E, 4E, 60, 5D], [3B, 4B, 55, 70], [4F, 2E, 57, 4E]]
v^;O,NK.$`UWE]pN
Answer from Hex Matrix: 
[[76, 2C, 24, 45], [5E, 4E, 60, 5D], [3B, 4B, 55, 70], [4F, 2E, 57, 4E]]

2C 38 49 2A 
4B 6F 63 4C 
4D 2D 7D 3C 
6B 3E 2C 4D 
[[2C, 38, 49, 2A], [4B, 6F, 63, 4C], [4D, 2D, 7D, 3C], [6B, 3E, 2C, 4D]]
,KMk8o->Ic},*L<M
Answer from Hex Matrix: 
[[2C, 38, 49, 2A], [4B, 6F, 63, 4C], [4D, 2D, 7D, 3C], [6B, 3E, 2C, 4D]]

60 21 22 6B 
46 54 3B 26 
21 50 4A 72 
4D 75 34 58 
[[60, 21, 22, 6B], [46, 54, 3B, 26], [21, 50, 4A, 72], [4D, 75, 34, 58]]
`F!M!TPu";J4k&rX
Answer from Hex Matrix: 
[[60, 21, 22, 6B], [46, 54, 3B, 26], [21, 50, 4A, 72], [4D, 75, 34, 58]]

5C 4B 72 71 
46 72 2A 46 
5B 28 2F 78 
6A 41 53 61 
[[5C, 4B, 72, 71], [46, 72, 2A, 46], [5B, 28, 2F, 78], [6A, 41, 53, 61]]
\F[jKr(Ar*/SqFxa
Answer from Hex Matrix: 
[[5C, 4B, 72, 71], [46, 72, 2A, 46], [5B, 28, 2F, 78], [6A, 41, 53, 61]]

78 21 32 64 
3A 6A 68 3F 
52 42 44 6F 
7C 6A 4B 7A 
[[78, 21, 32, 64], [3A, 6A, 68, 3F], [52, 42, 44, 6F], [7C, 6A, 4B, 7A]]
x:R|!jBj2hDKd?oz
Answer from Hex Matrix: 
[[78, 21, 32, 64], [3A, 6A, 68, 3F], [52, 42, 44, 6F], [7C, 6A, 4B, 7A]]

4A 45 4F 3D 
77 3A 50 60 
30 27 66 40 
73 31 7A 46 
[[4A, 45, 4F, 3D], [77, 3A, 50, 60], [30, 27, 66, 40], [73, 31, 7A, 46]]
Jw0sE:'1OPfz=`@F
Answer from Hex Matrix: 
[[4A, 45, 4F, 3D], [77, 3A, 50, 60], [30, 27, 66, 40], [73, 31, 7A, 46]]

4B 49 58 65 
7B 33 23 37 
62 63 54 2E 
24 2B 2F 6E 
[[4B, 49, 58, 65], [7B, 33, 23, 37], [62, 63, 54, 2E], [24, 2B, 2F, 6E]]
K{b$I3c+X#T/e7.n
Answer from Hex Matrix: 
[[4B, 49, 58, 65], [7B, 33, 23, 37], [62, 63, 54, 2E], [24, 2B, 2F, 6E]]

3C 77 4E 60 
79 35 44 46 
5C 56 56 49 
57 2B 43 30 
[[3C, 77, 4E, 60], [79, 35, 44, 46], [5C, 56, 56, 49], [57, 2B, 43, 30]]
<y\Ww5V+NDVC`FI0
Answer from Hex Matrix: 
[[3C, 77, 4E, 60], [79, 35, 44, 46], [5C, 56, 56, 49], [57, 2B, 43, 30]]

45 38 4E 53 
39 2F 22 37 
50 67 6D 7C 
77 2B 24 3E 
[[45, 38, 4E, 53], [39, 2F, 22, 37], [50, 67, 6D, 7C], [77, 2B, 24, 3E]]
E9Pw8/g+N"m$S7|>
Answer from Hex Matrix: 
[[45, 38, 4E, 53], [39, 2F, 22, 37], [50, 67, 6D, 7C], [77, 2B, 24, 3E]]

41 71 78 66 
28 5F 34 50 
75 5E 38 57 
33 42 53 29 
[[41, 71, 78, 66], [28, 5F, 34, 50], [75, 5E, 38, 57], [33, 42, 53, 29]]
A(u3q_^Bx48SfPW)
Answer from Hex Matrix: 
[[41, 71, 78, 66], [28, 5F, 34, 50], [75, 5E, 38, 57], [33, 42, 53, 29]]

34 64 67 7D 
65 38 3B 42 
60 2B 5A 4B 
5C 6E 21 67 
[[34, 64, 67, 7D], [65, 38, 3B, 42], [60, 2B, 5A, 4B], [5C, 6E, 21, 67]]
4e`\d8+ng;Z!}BKg
Answer from Hex Matrix: 
[[34, 64, 67, 7D], [65, 38, 3B, 42], [60, 2B, 5A, 4B], [5C, 6E, 21, 67]]

35 34 5F 2D 
45 32 50 4C 
29 42 4D 49 
4C 7B 6A 7B 
[[35, 34, 5F, 2D], [45, 32, 50, 4C], [29, 42, 4D, 49], [4C, 7B, 6A, 7B]]
5E)L42B{_PMj-LI{
Answer from Hex Matrix: 
[[35, 34, 5F, 2D], [45, 32, 50, 4C], [29, 42, 4D, 49], [4C, 7B, 6A, 7B]]

23 57 3A 27 
24 61 3D 3B 
66 26 4C 66 
66 70 44 29 
[[23, 57, 3A, 27], [24, 61, 3D, 3B], [66, 26, 4C, 66], [66, 70, 44, 29]]
#$ffWa&p:=LD';f)
Answer from Hex Matrix: 
[[23, 57, 3A, 27], [24, 61, 3D, 3B], [66, 26, 4C, 66], [66, 70, 44, 29]]

58 58 50 6F 
7A 7C 40 69 
5C 5F 75 39 
2F 78 24 58 
[[58, 58, 50, 6F], [7A, 7C, 40, 69], [5C, 5F, 75, 39], [2F, 78, 24, 58]]
Xz\/X|_xP@u$oi9X
Answer from Hex Matrix: 
[[58, 58, 50, 6F], [7A, 7C, 40, 69], [5C, 5F, 75, 39], [2F, 78, 24, 58]]

3A 74 70 5D 
4C 5D 41 40 
41 74 77 6B 
5F 45 73 49 
[[3A, 74, 70, 5D], [4C, 5D, 41, 40], [41, 74, 77, 6B], [5F, 45, 73, 49]]
:LA_t]tEpAws]@kI
Answer from Hex Matrix: 
[[3A, 74, 70, 5D], [4C, 5D, 41, 40], [41, 74, 77, 6B], [5F, 45, 73, 49]]

79 32 4F 62 
38 30 2F 65 
23 76 26 45 
5D 6D 46 3A 
[[79, 32, 4F, 62], [38, 30, 2F, 65], [23, 76, 26, 45], [5D, 6D, 46, 3A]]
y8#]20vmO/&FbeE:
Answer from Hex Matrix: 
[[79, 32, 4F, 62], [38, 30, 2F, 65], [23, 76, 26, 45], [5D, 6D, 46, 3A]]

77 31 6B 5F 
7B 45 39 65 
35 2D 4C 61 
7C 53 41 77 
[[77, 31, 6B, 5F], [7B, 45, 39, 65], [35, 2D, 4C, 61], [7C, 53, 41, 77]]
w{5|1E-Sk9LA_eaw
Answer from Hex Matrix: 
[[77, 31, 6B, 5F], [7B, 45, 39, 65], [35, 2D, 4C, 61], [7C, 53, 41, 77]]

6C 41 73 7B 
43 5F 27 46 
53 42 48 3E 
59 24 72 61 
[[6C, 41, 73, 7B], [43, 5F, 27, 46], [53, 42, 48, 3E], [59, 24, 72, 61]]
lCSYA_B$s'Hr{F>a
Answer from Hex Matrix: 
[[6C, 41, 73, 7B], [43, 5F, 27, 46], [53, 42, 48, 3E], [59, 24, 72, 61]]

69 34 42 3E 
25 33 5F 25 
77 49 50 3C 
63 3C 3A 5C 
[[69, 34, 42, 3E], [25, 33, 5F, 25], [77, 49, 50, 3C], [63, 3C, 3A, 5C]]
i%wc43I<B_P:>%<\
Answer from Hex Matrix: 
[[69, 34, 42, 3E], [25, 33, 5F, 25], [77, 49, 50, 3C], [63, 3C, 3A, 5C]]

5C 29 2D 7B 
5D 60 32 50 
78 2B 5B 27 
58 73 56 50 
[[5C, 29, 2D, 7B], [5D, 60, 32, 50], [78, 2B, 5B, 27], [58, 73, 56, 50]]
\]xX)`+s-2[V{P'P
Answer from Hex Matrix: 
[[5C, 29, 2D, 7B], [5D, 60, 32, 50], [78, 2B, 5B, 27], [58, 73, 56, 50]]

6D 34 72 4B 
7D 51 5C 35 
30 7D 46 3E 
72 77 3D 54 
[[6D, 34, 72, 4B], [7D, 51, 5C, 35], [30, 7D, 46, 3E], [72, 77, 3D, 54]]
m}0r4Q}wr\F=K5>T
Answer from Hex Matrix: 
[[6D, 34, 72, 4B], [7D, 51, 5C, 35], [30, 7D, 46, 3E], [72, 77, 3D, 54]]

51 65 72 64 
2C 78 64 53 
5A 2D 40 28 
26 4F 3F 2A 
[[51, 65, 72, 64], [2C, 78, 64, 53], [5A, 2D, 40, 28], [26, 4F, 3F, 2A]]
Q,Z&ex-Ord@?dS(*
Answer from Hex Matrix: 
[[51, 65, 72, 64], [2C, 78, 64, 53], [5A, 2D, 40, 28], [26, 4F, 3F, 2A]]

3E 38 74 54 
6A 55 68 51 
7B 3E 7B 3E 
6C 67 4E 6B 
[[3E, 38, 74, 54], [6A, 55, 68, 51], [7B, 3E, 7B, 3E], [6C, 67, 4E, 6B]]
>j{l8U>gth{NTQ>k
Answer from Hex Matrix: 
[[3E, 38, 74, 54], [6A, 55, 68, 51], [7B, 3E, 7B, 3E], [6C, 67, 4E, 6B]]

28 3B 39 76 
67 21 56 23 
5B 71 37 56 
5F 5B 4E 52 
[[28, 3B, 39, 76], [67, 21, 56, 23], [5B, 71, 37, 56], [5F, 5B, 4E, 52]]
(g[_;!q[9V7Nv#VR
Answer from Hex Matrix: 
[[28, 3B, 39, 76], [67, 21, 56, 23], [5B, 71, 37, 56], [5F, 5B, 4E, 52]]

5F 42 4B 33 
7D 3B 6E 59 
46 61 5C 52 
60 78 36 4B 
[[5F, 42, 4B, 33], [7D, 3B, 6E, 59], [46, 61, 5C, 52], [60, 78, 36, 4B]]
_}F`B;axKn\63YRK
Answer from Hex Matrix: 
[[5F, 42, 4B, 33], [7D, 3B, 6E, 59], [46, 61, 5C, 52], [60, 78, 36, 4B]]

4A 58 22 5B 
2C 7A 40 3F 
39 3D 75 67 
59 3C 3D 49 
[[4A, 58, 22, 5B], [2C, 7A, 40, 3F], [39, 3D, 75, 67], [59, 3C, 3D, 49]]
J,9YXz=<"@u=[?gI
Answer from Hex Matrix: 
[[4A, 58, 22, 5B], [2C, 7A, 40, 3F], [39, 3D, 75, 67], [59, 3C, 3D, 49]]

3C 22 6E 40 
77 4E 7B 66 
65 2D 2B 25 
67 6B 57 23 
[[3C, 22, 6E, 40], [77, 4E, 7B, 66], [65, 2D, 2B, 25], [67, 6B, 57, 23]]
<weg"N-kn{+W@f%#
Answer from Hex Matrix: 
[[3C, 22, 6E, 40], [77, 4E, 7B, 66], [65, 2D, 2B, 25], [67, 6B, 57, 23]]

4D 58 6C 21 
61 56 79 24 
31 34 48 3F 
6A 5F 3C 7D 
[[4D, 58, 6C, 21], [61, 56, 79, 24], [31, 34, 48, 3F], [6A, 5F, 3C, 7D]]
Ma1jXV4_lyH<!$?}
Answer from Hex Matrix: 
[[4D, 58, 6C, 21], [61, 56, 79, 24], [31, 34, 48, 3F], [6A, 5F, 3C, 7D]]

5B 2F 5B 6A 
29 57 62 28 
72 58 23 5E 
31 61 42 4B 
[[5B, 2F, 5B, 6A], [29, 57, 62, 28], [72, 58, 23, 5E], [31, 61, 42, 4B]]
[)r1/WXa[b#Bj(^K
Answer from Hex Matrix: 
[[5B, 2F, 5B, 6A], [29, 57, 62, 28], [72, 58, 23, 5E], [31, 61, 42, 4B]]

61 5A 7D 58 
7C 62 68 54 
4D 66 27 24 
5A 3A 5B 32 
[[61, 5A, 7D, 58], [7C, 62, 68, 54], [4D, 66, 27, 24], [5A, 3A, 5B, 32]]
a|MZZbf:}h'[XT$2
Answer from Hex Matrix: 
[[61, 5A, 7D, 58], [7C, 62, 68, 54], [4D, 66, 27, 24], [5A, 3A, 5B, 32]]

6E 77 5D 71 
3D 46 24 60 
2A 75 32 29 
6F 65 55 7C 
[[6E, 77, 5D, 71], [3D, 46, 24, 60], [2A, 75, 32, 29], [6F, 65, 55, 7C]]
n=*owFue]$2Uq`)|
Answer from Hex Matrix: 
[[6E, 77, 5D, 71], [3D, 46, 24, 60], [2A, 75, 32, 29], [6F, 65, 55, 7C]]

23 5D 3A 43 
2C 51 2C 23 
28 34 24 2A 
45 27 71 74 
[[23, 5D, 3A, 43], [2C, 51, 2C, 23], [28, 34, 24, 2A], [45, 27, 71, 74]]
#,(E]Q4':,$qC#*t
Answer from Hex Matrix: 
[[23, 5D, 3A, 43], [2C, 51, 2C, 23], [28, 34, 24, 2A], [45, 27, 71, 74]]

25 5A 66 4E 
72 4E 2F 7B 
76 57 52 70 
49 37 66 41 
[[25, 5A, 66, 4E], [72, 4E, 2F, 7B], [76, 57, 52, 70], [49, 37, 66, 41]]
%rvIZNW7f/RfN{pA
Answer from Hex Matrix: 
[[25, 5A, 66, 4E], [72, 4E, 2F, 7B], [76, 57, 52, 70], [49, 37, 66, 41]]

62 3C 63 3A 
78 2D 39 61 
5E 6E 56 4D 
70 2F 7C 29 
[[62, 3C, 63, 3A], [78, 2D, 39, 61], [5E, 6E, 56, 4D], [70, 2F, 7C, 29]]
bx^p<-n/c9V|:aM)
Answer from Hex Matrix: 
[[62, 3C, 63, 3A], [78, 2D, 39, 61], [5E, 6E, 56, 4D], [70, 2F, 7C, 29]]

44 5F 35 2E 
6D 34 23 7C 
60 6F 56 4C 
6C 5B 7B 7C 
[[44, 5F, 35, 2E], [6D, 34, 23, 7C], [60, 6F, 56, 4C], [6C, 5B, 7B, 7C]]
Dm`l_4o[5#V{.|L|
Answer from Hex Matrix: 
[[44, 5F, 35, 2E], [6D, 34, 23, 7C], [60, 6F, 56, 4C], [6C, 5B, 7B, 7C]]

79 4A 2D 78 
32 7C 4F 34 
6F 57 52 75 
66 66 29 6B 
[[79, 4A, 2D, 78], [32, 7C, 4F, 34], [6F, 57, 52, 75], [66, 66, 29, 6B]]
y2ofJ|Wf-OR)x4uk
Answer from Hex Matrix: 
[[79, 4A, 2D, 78], [32, 7C, 4F, 34], [6F, 57, 52, 75], [66, 66, 29, 6B]]

75 69 35 2B 
60 41 6C 32 
6F 71 6D 31 
40 70 68 3E 
[[75, 69, 35, 2B], [60, 41, 6C, 32], [6F, 71, 6D, 31], [40, 70, 68, 3E]]
u`o@iAqp5lmh+21>
Answer from Hex Matrix: 
[[75, 69, 35, 2B], [60, 41, 6C, 32], [6F, 71, 6D, 31], [40, 70, 68, 3E]]

64 79 56 7C 
2E 47 4E 5A 
5E 35 59 36 
64 4F 51 58 
[[64, 79, 56, 7C], [2E, 47, 4E, 5A], [5E, 35, 59, 36], [64, 4F, 51, 58]]
d.^dyG5OVNYQ|Z6X
Answer from Hex Matrix: 
[[64, 79, 56, 7C], [2E, 47, 4E, 5A], [5E, 35, 59, 36], [64, 4F, 51, 58]]

51 4E 34 79 
74 33 51 49 
5B 51 51 37 
4B 24 70 72 
[[51, 4E, 34, 79], [74, 33, 51, 49], [5B, 51, 51, 37], [4B, 24, 70, 72]]
Qt[KN3Q$4QQpyI7r
Answer from Hex Matrix: 
[[51, 4E, 34, 79], [74, 33, 51, 49], [5B, 51, 51, 37], [4B, 24, 70, 72]]

4C 66 34 47 
4E 29 48 48 
41 6A 51 61 
7C 6C 55 50 
[[4C, 66, 34, 47], [4E, 29, 48, 48], [41, 6A, 51, 61], [7C, 6C, 55, 50]]
LNA|f)jl4HQUGHaP
Answer from Hex Matrix: 
[[4C, 66, 34, 47], [4E, 29, 48, 48], [41, 6A, 51, 61], [7C, 6C, 55, 50]]

25 62 4B 66 
5D 2D 5D 6A 
2A 57 26 5B 
5E 64 59 73 
[[25, 62, 4B, 66], [5D, 2D, 5D, 6A], [2A, 57, 26, 5B], [5E, 64, 59, 73]]
%]*^b-WdK]&Yfj[s
Answer from Hex Matrix: 
[[25, 62, 4B, 66], [5D, 2D, 5D, 6A], [2A, 57, 26, 5B], [5E, 64, 59, 73]]

27 61 6C 54 
3B 25 38 7D 
3C 2F 72 25 
6D 75 40 6E 
[[27, 61, 6C, 54], [3B, 25, 38, 7D], [3C, 2F, 72, 25], [6D, 75, 40, 6E]]
';<ma%/ul8r@T}%n
Answer from Hex Matrix: 
[[27, 61, 6C, 54], [3B, 25, 38, 7D], [3C, 2F, 72, 25], [6D, 75, 40, 6E]]

5D 54 5C 54 
4B 5F 2C 62 
22 5D 69 79 
7C 4D 2E 6E 
[[5D, 54, 5C, 54], [4B, 5F, 2C, 62], [22, 5D, 69, 79], [7C, 4D, 2E, 6E]]
]K"|T_]M\,i.Tbyn
Answer from Hex Matrix: 
[[5D, 54, 5C, 54], [4B, 5F, 2C, 62], [22, 5D, 69, 79], [7C, 4D, 2E, 6E]]

23 23 5F 38 
2C 27 66 28 
3D 6C 2C 61 
40 28 31 5A 
[[23, 23, 5F, 38], [2C, 27, 66, 28], [3D, 6C, 2C, 61], [40, 28, 31, 5A]]
#,=@#'l(_f,18(aZ
Answer from Hex Matrix: 
[[23, 23, 5F, 38], [2C, 27, 66, 28], [3D, 6C, 2C, 61], [40, 28, 31, 5A]]

3B 57 3E 66 
4A 53 40 60 
25 6E 28 67 
42 25 3E 60 
[[3B, 57, 3E, 66], [4A, 53, 40, 60], [25, 6E, 28, 67], [42, 25, 3E, 60]]
;J%BWSn%>@(>f`g`
Answer from Hex Matrix: 
[[3B, 57, 3E, 66], [4A, 53, 40, 60], [25, 6E, 28, 67], [42, 25, 3E, 60]]

46 6D 5A 3A 
53 6D 38 34 
4F 56 59 51 
24 23 2C 50 
[[46, 6D, 5A, 3A], [53, 6D, 38, 34], [4F, 56, 59, 51], [24, 23, 2C, 50]]
FSO$mmV#Z8Y,:4QP
Answer from Hex Matrix: 
[[46, 6D, 5A, 3A], [53, 6D, 38, 34], [4F, 56, 59, 51], [24, 23, 2C, 50]]

6B 3D 62 47 
49 73 2A 7B 
35 32 44 54 
72 70 4C 5E 
[[6B, 3D, 62, 47], [49, 73, 2A, 7B], [35, 32, 44, 54], [72, 70, 4C, 5E]]
kI5r=s2pb*DLG{T^
Answer from Hex Matrix: 
[[6B, 3D, 62, 47], [49, 73, 2A, 7B], [35, 32, 44, 54], [72, 70, 4C, 5E]]

46 7C 5D 2A 
62 59 2B 21 
2C 78 5C 4F 
35 67 24 71 
[[46, 7C, 5D, 2A], [62, 59, 2B, 21], [2C, 78, 5C, 4F], [35, 67, 24, 71]]
Fb,5|Yxg]+\$*!Oq
Answer from Hex Matrix: 
[[46, 7C, 5D, 2A], [62, 59, 2B, 21], [2C, 78, 5C, 4F], [35, 67, 24, 71]]

57 66 4A 2F 
24 6D 66 47 
2F 7B 43 73 
3F 30 4C 7A 
[[57, 66, 4A, 2F], [24, 6D, 66, 47], [2F, 7B, 43, 73], [3F, 30, 4C, 7A]]
W$/?fm{0JfCL/Gsz
Answer from Hex Matrix: 
[[57, 66, 4A, 2F], [24, 6D, 66, 47], [2F, 7B, 43, 73], [3F, 30, 4C, 7A]]

34 55 6C 6A 
45 23 53 35 
4F 30 4C 50 
5F 7C 23 29 
[[34, 55, 6C, 6A], [45, 23, 53, 35], [4F, 30, 4C, 50], [5F, 7C, 23, 29]]
4EO_U#0|lSL#j5P)
Answer from Hex Matrix: 
[[34, 55, 6C, 6A], [45, 23, 53, 35], [4F, 30, 4C, 50], [5F, 7C, 23, 29]]

44 63 58 7C 
25 65 7B 5E 
26 32 50 2F 
51 3E 22 39 
[[44, 63, 58, 7C], [25, 65, 7B, 5E], [26, 32, 50, 2F], [51, 3E, 22, 39]]
D%&Qce2>X{P"|^/9
Answer from Hex Matrix: 
[[44, 63, 58, 7C], [25, 65, 7B, 5E], [26, 32, 50, 2F], [51, 3E, 22, 39]]

6D 4E 28 44 
2D 35 31 44 
34 2A 4C 2D 
4A 21 63 44 
[[6D, 4E, 28, 44], [2D, 35, 31, 44], [34, 2A, 4C, 2D], [4A, 21, 63, 44]]
m-4JN5*!(1LcDD-D
Answer from Hex Matrix: 
[[6D, 4E, 28, 44], [2D, 35, 31, 44], [34, 2A, 4C, 2D], [4A, 21, 63, 44]]

21 51 61 27 
36 52 44 74 
6E 23 7B 33 
2A 41 2C 46 
[[21, 51, 61, 27], [36, 52, 44, 74], [6E, 23, 7B, 33], [2A, 41, 2C, 46]]
!6n*QR#AaD{,'t3F
Answer from Hex Matrix: 
[[21, 51, 61, 27], [36, 52, 44, 74], [6E, 23, 7B, 33], [2A, 41, 2C, 46]]

44 52 41 63 
28 74 63 22 
2E 23 7A 5E 
53 3B 4A 67 
[[44, 52, 41, 63], [28, 74, 63, 22], [2E, 23, 7A, 5E], [53, 3B, 4A, 67]]
D(.SRt#;AczJc"^g
Answer from Hex Matrix: 
[[44, 52, 41, 63], [28, 74, 63, 22], [2E, 23, 7A, 5E], [53, 3B, 4A, 67]]

27 48 73 25 
4E 24 4D 67 
7B 40 3F 5C 
2F 65 61 74 
[[27, 48, 73, 25], [4E, 24, 4D, 67], [7B, 40, 3F, 5C], [2F, 65, 61, 74]]
'N{/H$@esM?a%g\t
Answer from Hex Matrix: 
[[27, 48, 73, 25], [4E, 24, 4D, 67], [7B, 40, 3F, 5C], [2F, 65, 61, 74]]

55 4B 3C 6B 
6E 22 2F 4C 
4E 77 5F 36 
3E 31 5F 44 
[[55, 4B, 3C, 6B], [6E, 22, 2F, 4C], [4E, 77, 5F, 36], [3E, 31, 5F, 44]]
UnN>K"w1</__kL6D
Answer from Hex Matrix: 
[[55, 4B, 3C, 6B], [6E, 22, 2F, 4C], [4E, 77, 5F, 36], [3E, 31, 5F, 44]]

60 78 5D 45 
5B 70 55 68 
69 76 2B 23 
57 52 27 66 
[[60, 78, 5D, 45], [5B, 70, 55, 68], [69, 76, 2B, 23], [57, 52, 27, 66]]
`[iWxpvR]U+'Eh#f
Answer from Hex Matrix: 
[[60, 78, 5D, 45], [5B, 70, 55, 68], [69, 76, 2B, 23], [57, 52, 27, 66]]

70 2C 51 51 
71 4D 6B 72 
33 27 71 35 
36 27 79 74 
[[70, 2C, 51, 51], [71, 4D, 6B, 72], [33, 27, 71, 35], [36, 27, 79, 74]]
pq36,M''QkqyQr5t
Answer from Hex Matrix: 
[[70, 2C, 51, 51], [71, 4D, 6B, 72], [33, 27, 71, 35], [36, 27, 79, 74]]

7B 7A 5D 4C 
2A 3E 59 28 
2A 76 61 45 
53 24 33 38 
[[7B, 7A, 5D, 4C], [2A, 3E, 59, 28], [2A, 76, 61, 45], [53, 24, 33, 38]]
{**Sz>v$]Ya3L(E8
Answer from Hex Matrix: 
[[7B, 7A, 5D, 4C], [2A, 3E, 59, 28], [2A, 76, 61, 45], [53, 24, 33, 38]]

4C 5B 54 53 
5D 73 61 43 
51 3A 5C 6E 
56 27 3F 5D 
[[4C, 5B, 54, 53], [5D, 73, 61, 43], [51, 3A, 5C, 6E], [56, 27, 3F, 5D]]
L]QV[s:'Ta\?SCn]
Answer from Hex Matrix: 
[[4C, 5B, 54, 53], [5D, 73, 61, 43], [51, 3A, 5C, 6E], [56, 27, 3F, 5D]]

4B 52 6F 3A 
79 7B 4F 5F 
7A 3F 2E 61 
45 3A 58 4D 
[[4B, 52, 6F, 3A], [79, 7B, 4F, 5F], [7A, 3F, 2E, 61], [45, 3A, 58, 4D]]
KyzER{?:oO.X:_aM
Answer from Hex Matrix: 
[[4B, 52, 6F, 3A], [79, 7B, 4F, 5F], [7A, 3F, 2E, 61], [45, 3A, 58, 4D]]

71 45 4B 59 
29 3C 6B 49 
31 7B 7A 4C 
53 6E 69 4B 
[[71, 45, 4B, 59], [29, 3C, 6B, 49], [31, 7B, 7A, 4C], [53, 6E, 69, 4B]]
q)1SE<{nKkziYILK
Answer from Hex Matrix: 
[[71, 45, 4B, 59], [29, 3C, 6B, 49], [31, 7B, 7A, 4C], [53, 6E, 69, 4B]]

78 33 36 7B 
36 43 37 7C 
5D 21 74 4B 
39 41 5A 63 
[[78, 33, 36, 7B], [36, 43, 37, 7C], [5D, 21, 74, 4B], [39, 41, 5A, 63]]
x6]93C!A67tZ{|Kc
Answer from Hex Matrix: 
[[78, 33, 36, 7B], [36, 43, 37, 7C], [5D, 21, 74, 4B], [39, 41, 5A, 63]]

67 6B 25 6B 
70 62 6E 2D 
30 34 2C 70 
5F 72 6C 22 
[[67, 6B, 25, 6B], [70, 62, 6E, 2D], [30, 34, 2C, 70], [5F, 72, 6C, 22]]
gp0_kb4r%n,lk-p"
Answer from Hex Matrix: 
[[67, 6B, 25, 6B], [70, 62, 6E, 2D], [30, 34, 2C, 70], [5F, 72, 6C, 22]]

72 3B 32 59 
23 41 41 70 
65 4F 3D 22 
55 38 4F 53 
[[72, 3B, 32, 59], [23, 41, 41, 70], [65, 4F, 3D, 22], [55, 38, 4F, 53]]
r#eU;AO82A=OYp"S
Answer from Hex Matrix: 
[[72, 3B, 32, 59], [23, 41, 41, 70], [65, 4F, 3D, 22], [55, 38, 4F, 53]]

3B 6B 52 6A 
4D 56 6B 63 
37 4A 25 21 
28 5E 33 52 
[[3B, 6B, 52, 6A], [4D, 56, 6B, 63], [37, 4A, 25, 21], [28, 5E, 33, 52]]
;M7(kVJ^Rk%3jc!R
Answer from Hex Matrix: 
[[3B, 6B, 52, 6A], [4D, 56, 6B, 63], [37, 4A, 25, 21], [28, 5E, 33, 52]]

7B 6F 6F 3A 
32 61 48 24 
6A 69 69 2D 
46 25 5A 45 
[[7B, 6F, 6F, 3A], [32, 61, 48, 24], [6A, 69, 69, 2D], [46, 25, 5A, 45]]
{2jFoai%oHiZ:$-E
Answer from Hex Matrix: 
[[7B, 6F, 6F, 3A], [32, 61, 48, 24], [6A, 69, 69, 2D], [46, 25, 5A, 45]]

34 3D 5F 4C 
3E 61 5E 67 
7A 3A 60 2B 
34 55 44 4A 
[[34, 3D, 5F, 4C], [3E, 61, 5E, 67], [7A, 3A, 60, 2B], [34, 55, 44, 4A]]
4>z4=a:U_^`DLg+J
Answer from Hex Matrix: 
[[34, 3D, 5F, 4C], [3E, 61, 5E, 67], [7A, 3A, 60, 2B], [34, 55, 44, 4A]]

48 24 22 38 
30 64 61 35 
72 54 62 6C 
79 52 44 53 
[[48, 24, 22, 38], [30, 64, 61, 35], [72, 54, 62, 6C], [79, 52, 44, 53]]
H0ry$dTR"abD85lS
Answer from Hex Matrix: 
[[48, 24, 22, 38], [30, 64, 61, 35], [72, 54, 62, 6C], [79, 52, 44, 53]]

69 54 4A 76 
2F 68 38 53 
60 75 40 34 
4F 49 55 48 
[[69, 54, 4A, 76], [2F, 68, 38, 53], [60, 75, 40, 34], [4F, 49, 55, 48]]
i/`OThuIJ8@UvS4H
Answer from Hex Matrix: 
[[69, 54, 4A, 76], [2F, 68, 38, 53], [60, 75, 40, 34], [4F, 49, 55, 48]]

69 3C 5F 62 
5E 58 5B 77 
4A 28 4B 4E 
3B 7A 45 2B 
[[69, 3C, 5F, 62], [5E, 58, 5B, 77], [4A, 28, 4B, 4E], [3B, 7A, 45, 2B]]
i^J;<X(z_[KEbwN+
Answer from Hex Matrix: 
[[69, 3C, 5F, 62], [5E, 58, 5B, 77], [4A, 28, 4B, 4E], [3B, 7A, 45, 2B]]

5D 3F 27 65 
34 6E 42 53 
59 50 26 24 
69 5E 62 76 
[[5D, 3F, 27, 65], [34, 6E, 42, 53], [59, 50, 26, 24], [69, 5E, 62, 76]]
]4Yi?nP^'B&beS$v
Answer from Hex Matrix: 
[[5D, 3F, 27, 65], [34, 6E, 42, 53], [59, 50, 26, 24], [69, 5E, 62, 76]]

77 51 3B 5D 
6E 4A 3C 62 
50 24 2E 2F 
39 3C 37 69 
[[77, 51, 3B, 5D], [6E, 4A, 3C, 62], [50, 24, 2E, 2F], [39, 3C, 37, 69]]
wnP9QJ$<;<.7]b/i
Answer from Hex Matrix: 
[[77, 51, 3B, 5D], [6E, 4A, 3C, 62], [50, 24, 2E, 2F], [39, 3C, 37, 69]]

31 6D 6F 67 
48 56 51 6A 
62 34 69 7A 
5B 23 48 2C 
[[31, 6D, 6F, 67], [48, 56, 51, 6A], [62, 34, 69, 7A], [5B, 23, 48, 2C]]
1Hb[mV4#oQiHgjz,
Answer from Hex Matrix: 
[[31, 6D, 6F, 67], [48, 56, 51, 6A], [62, 34, 69, 7A], [5B, 23, 48, 2C]]

2D 4B 7C 43 
3A 49 7C 59 
25 47 42 4A 
78 3C 54 6F 
[[2D, 4B, 7C, 43], [3A, 49, 7C, 59], [25, 47, 42, 4A], [78, 3C, 54, 6F]]
-:%xKIG<||BTCYJo
Answer from Hex Matrix: 
[[2D, 4B, 7C, 43], [3A, 49, 7C, 59], [25, 47, 42, 4A], [78, 3C, 54, 6F]]

40 77 5B 4B 
3C 64 7B 4B 
70 2E 2C 50 
50 31 46 25 
[[40, 77, 5B, 4B], [3C, 64, 7B, 4B], [70, 2E, 2C, 50], [50, 31, 46, 25]]
@<pPwd.1[{,FKKP%
Answer from Hex Matrix: 
[[40, 77, 5B, 4B], [3C, 64, 7B, 4B], [70, 2E, 2C, 50], [50, 31, 46, 25]]

41 6F 54 22 
4C 63 74 2D 
5A 2D 76 45 
36 53 3C 6F 
[[41, 6F, 54, 22], [4C, 63, 74, 2D], [5A, 2D, 76, 45], [36, 53, 3C, 6F]]
ALZ6oc-STtv<"-Eo
Answer from Hex Matrix: 
[[41, 6F, 54, 22], [4C, 63, 74, 2D], [5A, 2D, 76, 45], [36, 53, 3C, 6F]]

34 5D 7B 40 
3E 26 22 34 
4B 5F 3D 56 
35 45 42 67 
[[34, 5D, 7B, 40], [3E, 26, 22, 34], [4B, 5F, 3D, 56], [35, 45, 42, 67]]
4>K5]&_E{"=B@4Vg
Answer from Hex Matrix: 
[[34, 5D, 7B, 40], [3E, 26, 22, 34], [4B, 5F, 3D, 56], [35, 45, 42, 67]]

2C 38 27 4D 
56 39 52 6B 
73 50 6B 4A 
3D 39 23 34 
[[2C, 38, 27, 4D], [56, 39, 52, 6B], [73, 50, 6B, 4A], [3D, 39, 23, 34]]
,Vs=89P9'Rk#MkJ4
Answer from Hex Matrix: 
[[2C, 38, 27, 4D], [56, 39, 52, 6B], [73, 50, 6B, 4A], [3D, 39, 23, 34]]

2E 78 65 70 
22 57 33 67 
4D 46 49 24 
61 6A 33 53 
[[2E, 78, 65, 70], [22, 57, 33, 67], [4D, 46, 49, 24], [61, 6A, 33, 53]]
."MaxWFje3I3pg$S
Answer from Hex Matrix: 
[[2E, 78, 65, 70], [22, 57, 33, 67], [4D, 46, 49, 24], [61, 6A, 33, 53]]

6C 38 76 2F 
26 78 70 5B 
33 4E 25 6A 
71 76 40 4D 
[[6C, 38, 76, 2F], [26, 78, 70, 5B], [33, 4E, 25, 6A], [71, 76, 40, 4D]]
l&3q8xNvvp%@/[jM
Answer from Hex Matrix: 
[[6C, 38, 76, 2F], [26, 78, 70, 5B], [33, 4E, 25, 6A], [71, 76, 40, 4D]]

4B 3D 6A 25 
25 23 5B 6E 
2D 38 4E 3F 
5E 79 78 57 
[[4B, 3D, 6A, 25], [25, 23, 5B, 6E], [2D, 38, 4E, 3F], [5E, 79, 78, 57]]
K%-^=#8yj[Nx%n?W
Answer from Hex Matrix: 
[[4B, 3D, 6A, 25], [25, 23, 5B, 6E], [2D, 38, 4E, 3F], [5E, 79, 78, 57]]

47 25 63 6E 
30 63 62 2F 
53 25 4F 4F 
24 2F 23 63 
[[47, 25, 63, 6E], [30, 63, 62, 2F], [53, 25, 4F, 4F], [24, 2F, 23, 63]]
G0S$%c%/cbO#n/Oc
Answer from Hex Matrix: 
[[47, 25, 63, 6E], [30, 63, 62, 2F], [53, 25, 4F, 4F], [24, 2F, 23, 63]]

2B 77 36 31 
52 64 60 41 
45 53 5A 31 
4E 6D 52 62 
[[2B, 77, 36, 31], [52, 64, 60, 41], [45, 53, 5A, 31], [4E, 6D, 52, 62]]
+RENwdSm6`ZR1A1b
Answer from Hex Matrix: 
[[2B, 77, 36, 31], [52, 64, 60, 41], [45, 53, 5A, 31], [4E, 6D, 52, 62]]

5D 23 27 42 
45 4D 67 5B 
77 71 3F 2D 
79 27 71 66 
[[5D, 23, 27, 42], [45, 4D, 67, 5B], [77, 71, 3F, 2D], [79, 27, 71, 66]]
]Ewy#Mq''g?qB[-f
Answer from Hex Matrix: 
[[5D, 23, 27, 42], [45, 4D, 67, 5B], [77, 71, 3F, 2D], [79, 27, 71, 66]]

35 2A 40 66 
3C 36 23 4E 
79 23 62 75 
46 5B 53 5C 
[[35, 2A, 40, 66], [3C, 36, 23, 4E], [79, 23, 62, 75], [46, 5B, 53, 5C]]
5<yF*6#[@#bSfNu\
Answer from Hex Matrix: 
[[35, 2A, 40, 66], [3C, 36, 23, 4E], [79, 23, 62, 75], [46, 5B, 53, 5C]]

3A 34 21 39 
2B 38 3D 65 
5B 31 40 22 
71 2A 42 27 
[[3A, 34, 21, 39], [2B, 38, 3D, 65], [5B, 31, 40, 22], [71, 2A, 42, 27]]
:+[q481*!=@B9e"'
Answer from Hex Matrix: 
[[3A, 34, 21, 39], [2B, 38, 3D, 65], [5B, 31, 40, 22], [71, 2A, 42, 27]]

4E 29 44 78 
58 4C 46 6D 
30 5C 24 6C 
3C 40 70 33 
[[4E, 29, 44, 78], [58, 4C, 46, 6D], [30, 5C, 24, 6C], [3C, 40, 70, 33]]
NX0<)L\@DF$pxml3
Answer from Hex Matrix: 
[[4E, 29, 44, 78], [58, 4C, 46, 6D], [30, 5C, 24, 6C], [3C, 40, 70, 33]]

32 24 45 52 
66 67 73 48 
30 73 51 66 
58 24 67 63 
[[32, 24, 45, 52], [66, 67, 73, 48], [30, 73, 51, 66], [58, 24, 67, 63]]
2f0X$gs$EsQgRHfc
Answer from Hex Matrix: 
[[32, 24, 45, 52], [66, 67, 73, 48], [30, 73, 51, 66], [58, 24, 67, 63]]

69 4F 22 24 
3A 24 42 21 
59 56 3F 76 
53 53 39 5C 
[[69, 4F, 22, 24], [3A, 24, 42, 21], [59, 56, 3F, 76], [53, 53, 39, 5C]]
i:YSO$VS"B?9$!v\
Answer from Hex Matrix: 
[[69, 4F, 22, 24], [3A, 24, 42, 21], [59, 56, 3F, 76], [53, 53, 39, 5C]]

53 22 5E 4F 
6B 30 5C 79 
70 73 79 39 
23 2B 46 72 
[[53, 22, 5E, 4F], [6B, 30, 5C, 79], [70, 73, 79, 39], [23, 2B, 46, 72]]
Skp#"0s+^\yFOy9r
Answer from Hex Matrix: 
[[53, 22, 5E, 4F], [6B, 30, 5C, 79], [70, 73, 79, 39], [23, 2B, 46, 72]]

40 39 60 5C 
29 7A 42 67 
23 48 4F 2A 
44 54 26 5E 
[[40, 39, 60, 5C], [29, 7A, 42, 67], [23, 48, 4F, 2A], [44, 54, 26, 5E]]
@)#D9zHT`BO&\g*^
Answer from Hex Matrix: 
[[40, 39, 60, 5C], [29, 7A, 42, 67], [23, 48, 4F, 2A], [44, 54, 26, 5E]]

6E 39 58 6D 
71 42 28 5F 
54 56 4B 60 
44 47 3E 74 
[[6E, 39, 58, 6D], [71, 42, 28, 5F], [54, 56, 4B, 60], [44, 47, 3E, 74]]
nqTD9BVGX(K>m_`t
Answer from Hex Matrix: 
[[6E, 39, 58, 6D], [71, 42, 28, 5F], [54, 56, 4B, 60], [44, 47, 3E, 74]]

22 2F 63 38 
6A 5A 2C 5B 
32 6F 47 6E 
5D 30 56 61 
[[22, 2F, 63, 38], [6A, 5A, 2C, 5B], [32, 6F, 47, 6E], [5D, 30, 56, 61]]
"j2]/Zo0c,GV8[na
Answer from Hex Matrix: 
[[22, 2F, 63, 38], [6A, 5A, 2C, 5B], [32, 6F, 47, 6E], [5D, 30, 56, 61]]

53 36 58 3C 
63 58 54 7A 
31 2F 68 40 
5D 58 5D 5E 
[[53, 36, 58, 3C], [63, 58, 54, 7A], [31, 2F, 68, 40], [5D, 58, 5D, 5E]]
Sc1]6X/XXTh]<z@^
Answer from Hex Matrix: 
[[53, 36, 58, 3C], [63, 58, 54, 7A], [31, 2F, 68, 40], [5D, 58, 5D, 5E]]

50 75 39 21 
58 51 2B 55 
21 34 6B 68 
3D 42 35 40 
[[50, 75, 39, 21], [58, 51, 2B, 55], [21, 34, 6B, 68], [3D, 42, 35, 40]]
PX!=uQ4B9+k5!Uh@
Answer from Hex Matrix: 
[[50, 75, 39, 21], [58, 51, 2B, 55], [21, 34, 6B, 68], [3D, 42, 35, 40]]

7D 4D 40 2D 
57 59 3A 26 
51 5C 62 36 
38 61 2E 54 
[[7D, 4D, 40, 2D], [57, 59, 3A, 26], [51, 5C, 62, 36], [38, 61, 2E, 54]]
}WQ8MY\a@:b.-&6T
Answer from Hex Matrix: 
[[7D, 4D, 40, 2D], [57, 59, 3A, 26], [51, 5C, 62, 36], [38, 61, 2E, 54]]

27 45 38 60 
46 2F 60 74 
35 60 77 24 
45 4E 63 4F 
[[27, 45, 38, 60], [46, 2F, 60, 74], [35, 60, 77, 24], [45, 4E, 63, 4F]]
'F5EE/`N8`wc`t$O
Answer from Hex Matrix: 
[[27, 45, 38, 60], [46, 2F, 60, 74], [35, 60, 77, 24], [45, 4E, 63, 4F]]

4B 79 51 77 
4F 2C 6C 33 
7A 31 40 29 
71 68 4E 56 
[[4B, 79, 51, 77], [4F, 2C, 6C, 33], [7A, 31, 40, 29], [71, 68, 4E, 56]]
KOzqy,1hQl@Nw3)V
Answer from Hex Matrix: 
[[4B, 79, 51, 77], [4F, 2C, 6C, 33], [7A, 31, 40, 29], [71, 68, 4E, 56]]

2F 3C 46 79 
4B 64 37 7B 
78 58 41 41 
3A 48 24 2E 
[[2F, 3C, 46, 79], [4B, 64, 37, 7B], [78, 58, 41, 41], [3A, 48, 24, 2E]]
/Kx:<dXHF7A$y{A.
Answer from Hex Matrix: 
[[2F, 3C, 46, 79], [4B, 64, 37, 7B], [78, 58, 41, 41], [3A, 48, 24, 2E]]

4D 65 67 5D 
2D 26 27 35 
27 56 3C 69 
49 63 74 4A 
[[4D, 65, 67, 5D], [2D, 26, 27, 35], [27, 56, 3C, 69], [49, 63, 74, 4A]]
M-'Ie&Vcg'<t]5iJ
Answer from Hex Matrix: 
[[4D, 65, 67, 5D], [2D, 26, 27, 35], [27, 56, 3C, 69], [49, 63, 74, 4A]]

26 31 79 34 
3C 4A 2B 21 
6F 5C 56 38 
5D 27 56 77 
[[26, 31, 79, 34], [3C, 4A, 2B, 21], [6F, 5C, 56, 38], [5D, 27, 56, 77]]
&<o]1J\'y+VV4!8w
Answer from Hex Matrix: 
[[26, 31, 79, 34], [3C, 4A, 2B, 21], [6F, 5C, 56, 38], [5D, 27, 56, 77]]

53 35 73 35 
56 23 5F 6C 
32 71 62 6F 
2C 28 5E 57 
[[53, 35, 73, 35], [56, 23, 5F, 6C], [32, 71, 62, 6F], [2C, 28, 5E, 57]]
SV2,5#q(s_b^5loW
Answer from Hex Matrix: 
[[53, 35, 73, 35], [56, 23, 5F, 6C], [32, 71, 62, 6F], [2C, 28, 5E, 57]]

72 4F 28 68 
23 69 6B 56 
44 6E 37 44 
4C 66 72 3F 
[[72, 4F, 28, 68], [23, 69, 6B, 56], [44, 6E, 37, 44], [4C, 66, 72, 3F]]
r#DLOinf(k7rhVD?
Answer from Hex Matrix: 
[[72, 4F, 28, 68], [23, 69, 6B, 56], [44, 6E, 37, 44], [4C, 66, 72, 3F]]

73 59 46 7D 
31 54 6B 63 
73 61 3D 7B 
3D 52 66 5B 
[[73, 59, 46, 7D], [31, 54, 6B, 63], [73, 61, 3D, 7B], [3D, 52, 66, 5B]]
s1s=YTaRFk=f}c{[
Answer from Hex Matrix: 
[[73, 59, 46, 7D], [31, 54, 6B, 63], [73, 61, 3D, 7B], [3D, 52, 66, 5B]]

3A 36 78 55 
40 5E 5D 5E 
62 2A 3A 57 
3C 4B 23 3A 
[[3A, 36, 78, 55], [40, 5E, 5D, 5E], [62, 2A, 3A, 57], [3C, 4B, 23, 3A]]
:@b<6^*Kx]:#U^W:
Answer from Hex Matrix: 
[[3A, 36, 78, 55], [40, 5E, 5D, 5E], [62, 2A, 3A, 57], [3C, 4B, 23, 3A]]

3C 53 5A 2A 
66 4B 5C 58 
26 33 25 44 
6C 24 6D 33 
[[3C, 53, 5A, 2A], [66, 4B, 5C, 58], [26, 33, 25, 44], [6C, 24, 6D, 33]]
<f&lSK3$Z\%m*XD3
Answer from Hex Matrix: 
[[3C, 53, 5A, 2A], [66, 4B, 5C, 58], [26, 33, 25, 44], [6C, 24, 6D, 33]]

76 75 42 31 
25 3D 45 58 
4E 52 6C 5C 
4E 49 53 2E 
[[76, 75, 42, 31], [25, 3D, 45, 58], [4E, 52, 6C, 5C], [4E, 49, 53, 2E]]
v%NNu=RIBElS1X\.
Answer from Hex Matrix: 
[[76, 75, 42, 31], [25, 3D, 45, 58], [4E, 52, 6C, 5C], [4E, 49, 53, 2E]]

3F 66 62 74 
6B 4F 77 46 
23 33 77 50 
6E 68 61 60 
[[3F, 66, 62, 74], [6B, 4F, 77, 46], [23, 33, 77, 50], [6E, 68, 61, 60]]
?k#nfO3hbwwatFP`
Answer from Hex Matrix: 
[[3F, 66, 62, 74], [6B, 4F, 77, 46], [23, 33, 77, 50], [6E, 68, 61, 60]]

38 65 5B 4F 
4F 4E 25 5E 
5A 76 67 7D 
4D 58 6B 29 
[[38, 65, 5B, 4F], [4F, 4E, 25, 5E], [5A, 76, 67, 7D], [4D, 58, 6B, 29]]
8OZMeNvX[%gkO^})
Answer from Hex Matrix: 
[[38, 65, 5B, 4F], [4F, 4E, 25, 5E], [5A, 76, 67, 7D], [4D, 58, 6B, 29]]

74 6D 50 56 
23 33 2B 22 
51 35 2A 43 
4D 3A 23 5F 
[[74, 6D, 50, 56], [23, 33, 2B, 22], [51, 35, 2A, 43], [4D, 3A, 23, 5F]]
t#QMm35:P+*#V"C_
Answer from Hex Matrix: 
[[74, 6D, 50, 56], [23, 33, 2B, 22], [51, 35, 2A, 43], [4D, 3A, 23, 5F]]

69 70 39 2F 
38 29 47 77 
60 56 32 7A 
3F 62 58 23 
[[69, 70, 39, 2F], [38, 29, 47, 77], [60, 56, 32, 7A], [3F, 62, 58, 23]]
i8`?p)Vb9G2X/wz#
Answer from Hex Matrix: 
[[69, 70, 39, 2F], [38, 29, 47, 77], [60, 56, 32, 7A], [3F, 62, 58, 23]]

5E 4A 55 37 
3E 4D 30 58 
2C 65 30 58 
62 75 68 4E 
[[5E, 4A, 55, 37], [3E, 4D, 30, 58], [2C, 65, 30, 58], [62, 75, 68, 4E]]
^>,bJMeuU00h7XXN
Answer from Hex Matrix: 
[[5E, 4A, 55, 37], [3E, 4D, 30, 58], [2C, 65, 30, 58], [62, 75, 68, 4E]]

42 42 51 58 
4D 74 76 55 
49 60 33 30 
3B 56 51 65 
[[42, 42, 51, 58], [4D, 74, 76, 55], [49, 60, 33, 30], [3B, 56, 51, 65]]
BMI;Bt`VQv3QXU0e
Answer from Hex Matrix: 
[[42, 42, 51, 58], [4D, 74, 76, 55], [49, 60, 33, 30], [3B, 56, 51, 65]]

45 56 40 73 
4E 6E 4D 79 
44 44 3C 2C 
66 35 53 37 
[[45, 56, 40, 73], [4E, 6E, 4D, 79], [44, 44, 3C, 2C], [66, 35, 53, 37]]
ENDfVnD5@M<Ssy,7
Answer from Hex Matrix: 
[[45, 56, 40, 73], [4E, 6E, 4D, 79], [44, 44, 3C, 2C], [66, 35, 53, 37]]

7C 4A 3B 52 
48 42 2F 48 
2A 78 44 4C 
22 5D 2A 2D 
[[7C, 4A, 3B, 52], [48, 42, 2F, 48], [2A, 78, 44, 4C], [22, 5D, 2A, 2D]]
|H*"JBx];/D*RHL-
Answer from Hex Matrix: 
[[7C, 4A, 3B, 52], [48, 42, 2F, 48], [2A, 78, 44, 4C], [22, 5D, 2A, 2D]]

7A 68 49 63 
23 54 5D 31 
21 77 61 7A 
2D 72 71 31 
[[7A, 68, 49, 63], [23, 54, 5D, 31], [21, 77, 61, 7A], [2D, 72, 71, 31]]
z#!-hTwrI]aqc1z1
Answer from Hex Matrix: 
[[7A, 68, 49, 63], [23, 54, 5D, 31], [21, 77, 61, 7A], [2D, 72, 71, 31]]

28 68 26 53 
27 77 24 28 
5B 4C 59 78 
6E 2C 3B 48 
[[28, 68, 26, 53], [27, 77, 24, 28], [5B, 4C, 59, 78], [6E, 2C, 3B, 48]]
('[nhwL,&$Y;S(xH
Answer from Hex Matrix: 
[[28, 68, 26, 53], [27, 77, 24, 28], [5B, 4C, 59, 78], [6E, 2C, 3B, 48]]

39 70 28 53 
21 3F 6D 75 
7B 6A 71 4C 
2D 2A 4D 3E 
[[39, 70, 28, 53], [21, 3F, 6D, 75], [7B, 6A, 71, 4C], [2D, 2A, 4D, 3E]]
9!{-p?j*(mqMSuL>
Answer from Hex Matrix: 
[[39, 70, 28, 53], [21, 3F, 6D, 75], [7B, 6A, 71, 4C], [2D, 2A, 4D, 3E]]

4A 64 4E 79 
53 63 61 6F 
48 67 50 7D 
53 73 22 3F 
[[4A, 64, 4E, 79], [53, 63, 61, 6F], [48, 67, 50, 7D], [53, 73, 22, 3F]]
JSHSdcgsNaP"yo}?
Answer from Hex Matrix: 
[[4A, 64, 4E, 79], [53, 63, 61, 6F], [48, 67, 50, 7D], [53, 73, 22, 3F]]

47 26 53 65 
6C 60 64 54 
71 65 56 47 
38 3E 53 60 
[[47, 26, 53, 65], [6C, 60, 64, 54], [71, 65, 56, 47], [38, 3E, 53, 60]]
Glq8&`e>SdVSeTG`
Answer from Hex Matrix: 
[[47, 26, 53, 65], [6C, 60, 64, 54], [71, 65, 56, 47], [38, 3E, 53, 60]]

74 47 5C 2E 
26 27 41 60 
71 35 7C 46 
4C 36 65 3B 
[[74, 47, 5C, 2E], [26, 27, 41, 60], [71, 35, 7C, 46], [4C, 36, 65, 3B]]
t&qLG'56\A|e.`F;
Answer from Hex Matrix: 
[[74, 47, 5C, 2E], [26, 27, 41, 60], [71, 35, 7C, 46], [4C, 36, 65, 3B]]

2C 79 2B 54 
53 75 66 2D 
27 3C 71 6F 
64 2F 55 39 
[[2C, 79, 2B, 54], [53, 75, 66, 2D], [27, 3C, 71, 6F], [64, 2F, 55, 39]]
,S'dyu</+fqUT-o9
Answer from Hex Matrix: 
[[2C, 79, 2B, 54], [53, 75, 66, 2D], [27, 3C, 71, 6F], [64, 2F, 55, 39]]

2E 35 4E 6D 
2A 42 34 34 
2B 7C 3E 5A 
66 66 43 62 
[[2E, 35, 4E, 6D], [2A, 42, 34, 34], [2B, 7C, 3E, 5A], [66, 66, 43, 62]]
.*+f5B|fN4>Cm4Zb
Answer from Hex Matrix: 
[[2E, 35, 4E, 6D], [2A, 42, 34, 34], [2B, 7C, 3E, 5A], [66, 66, 43, 62]]

35 22 6F 3F 
34 2F 73 5C 
7A 31 49 48 
49 49 78 73 
[[35, 22, 6F, 3F], [34, 2F, 73, 5C], [7A, 31, 49, 48], [49, 49, 78, 73]]
54zI"/1IosIx?\Hs
Answer from Hex Matrix: 
[[35, 22, 6F, 3F], [34, 2F, 73, 5C], [7A, 31, 49, 48], [49, 49, 78, 73]]

4D 29 31 29 
5F 76 34 4A 
4B 6C 37 27 
53 55 6A 30 
[[4D, 29, 31, 29], [5F, 76, 34, 4A], [4B, 6C, 37, 27], [53, 55, 6A, 30]]
M_KS)vlU147j)J'0
Answer from Hex Matrix: 
[[4D, 29, 31, 29], [5F, 76, 34, 4A], [4B, 6C, 37, 27], [53, 55, 6A, 30]]

31 36 45 2F 
73 4C 67 57 
62 56 4E 3B 
43 68 2D 4F 
[[31, 36, 45, 2F], [73, 4C, 67, 57], [62, 56, 4E, 3B], [43, 68, 2D, 4F]]
1sbC6LVhEgN-/W;O
Answer from Hex Matrix: 
[[31, 36, 45, 2F], [73, 4C, 67, 57], [62, 56, 4E, 3B], [43, 68, 2D, 4F]]

58 54 57 42 
25 4D 33 67 
3A 60 45 71 
5B 57 44 5C 
[[58, 54, 57, 42], [25, 4D, 33, 67], [3A, 60, 45, 71], [5B, 57, 44, 5C]]
X%:[TM`WW3EDBgq\
Answer from Hex Matrix: 
[[58, 54, 57, 42], [25, 4D, 33, 67], [3A, 60, 45, 71], [5B, 57, 44, 5C]]

61 4C 3C 2F 
7A 7C 66 46 
75 35 23 61 
32 36 23 74 
[[61, 4C, 3C, 2F], [7A, 7C, 66, 46], [75, 35, 23, 61], [32, 36, 23, 74]]
azu2L|56<f##/Fat
Answer from Hex Matrix: 
[[61, 4C, 3C, 2F], [7A, 7C, 66, 46], [75, 35, 23, 61], [32, 36, 23, 74]]

33 60 50 35 
58 41 49 38 
78 5C 36 67 
75 70 47 3F 
[[33, 60, 50, 35], [58, 41, 49, 38], [78, 5C, 36, 67], [75, 70, 47, 3F]]
3Xxu`A\pPI6G58g?
Answer from Hex Matrix: 
[[33, 60, 50, 35], [58, 41, 49, 38], [78, 5C, 36, 67], [75, 70, 47, 3F]]

21 69 4D 58 
79 57 6D 3E 
3B 4A 37 70 
5D 3A 31 5D 
[[21, 69, 4D, 58], [79, 57, 6D, 3E], [3B, 4A, 37, 70], [5D, 3A, 31, 5D]]
!y;]iWJ:Mm71X>p]
Answer from Hex Matrix: 
[[21, 69, 4D, 58], [79, 57, 6D, 3E], [3B, 4A, 37, 70], [5D, 3A, 31, 5D]]

23 6D 5A 30 
5E 42 69 23 
29 58 44 70 
33 51 5D 36 
[[23, 6D, 5A, 30], [5E, 42, 69, 23], [29, 58, 44, 70], [33, 51, 5D, 36]]
#^)3mBXQZiD]0#p6
Answer from Hex Matrix: 
[[23, 6D, 5A, 30], [5E, 42, 69, 23], [29, 58, 44, 70], [33, 51, 5D, 36]]

30 67 6C 36 
3E 51 39 23 
6E 5B 38 62 
25 33 23 79 
[[30, 67, 6C, 36], [3E, 51, 39, 23], [6E, 5B, 38, 62], [25, 33, 23, 79]]
0>n%gQ[3l98#6#by
Answer from Hex Matrix: 
[[30, 67, 6C, 36], [3E, 51, 39, 23], [6E, 5B, 38, 62], [25, 33, 23, 79]]

21 44 2D 6A 
22 22 38 32 
56 2E 45 79 
53 6C 70 47 
[[21, 44, 2D, 6A], [22, 22, 38, 32], [56, 2E, 45, 79], [53, 6C, 70, 47]]
!"VSD".l-8Epj2yG
Answer from Hex Matrix: 
[[21, 44, 2D, 6A], [22, 22, 38, 32], [56, 2E, 45, 79], [53, 6C, 70, 47]]

5D 77 45 6D 
54 6A 78 22 
39 3C 41 25 
37 3E 34 2F 
[[5D, 77, 45, 6D], [54, 6A, 78, 22], [39, 3C, 41, 25], [37, 3E, 34, 2F]]
]T97wj<>ExA4m"%/
Answer from Hex Matrix: 
[[5D, 77, 45, 6D], [54, 6A, 78, 22], [39, 3C, 41, 25], [37, 3E, 34, 2F]]

69 78 3D 53 
41 32 3B 49 
6A 22 55 73 
66 70 6D 2D 
[[69, 78, 3D, 53], [41, 32, 3B, 49], [6A, 22, 55, 73], [66, 70, 6D, 2D]]
iAjfx2"p=;UmSIs-
Answer from Hex Matrix: 
[[69, 78, 3D, 53], [41, 32, 3B, 49], [6A, 22, 55, 73], [66, 70, 6D, 2D]]

58 6E 38 3C 
2E 73 4F 2D 
7D 56 3F 4D 
28 24 65 54 
[[58, 6E, 38, 3C], [2E, 73, 4F, 2D], [7D, 56, 3F, 4D], [28, 24, 65, 54]]
X.}(nsV$8O?e<-MT
Answer from Hex Matrix: 
[[58, 6E, 38, 3C], [2E, 73, 4F, 2D], [7D, 56, 3F, 4D], [28, 24, 65, 54]]

30 71 4F 6F 
57 45 3B 74 
47 64 39 36 
3B 46 71 44 
[[30, 71, 4F, 6F], [57, 45, 3B, 74], [47, 64, 39, 36], [3B, 46, 71, 44]]
0WG;qEdFO;9qot6D
Answer from Hex Matrix: 
[[30, 71, 4F, 6F], [57, 45, 3B, 74], [47, 64, 39, 36], [3B, 46, 71, 44]]

53 65 27 3F 
21 5B 25 6F 
71 7B 54 23 
6C 67 72 2F 
[[53, 65, 27, 3F], [21, 5B, 25, 6F], [71, 7B, 54, 23], [6C, 67, 72, 2F]]
S!qle[{g'%Tr?o#/
Answer from Hex Matrix: 
[[53, 65, 27, 3F], [21, 5B, 25, 6F], [71, 7B, 54, 23], [6C, 67, 72, 2F]]

5F 39 44 2B 
2B 4A 51 4B 
52 6C 61 52 
71 5B 60 7A 
[[5F, 39, 44, 2B], [2B, 4A, 51, 4B], [52, 6C, 61, 52], [71, 5B, 60, 7A]]
_+Rq9Jl[DQa`+KRz
Answer from Hex Matrix: 
[[5F, 39, 44, 2B], [2B, 4A, 51, 4B], [52, 6C, 61, 52], [71, 5B, 60, 7A]]

5F 4B 27 41 
2D 46 56 65 
3D 6B 30 4E 
4E 6D 45 42 
[[5F, 4B, 27, 41], [2D, 46, 56, 65], [3D, 6B, 30, 4E], [4E, 6D, 45, 42]]
_-=NKFkm'V0EAeNB
Answer from Hex Matrix: 
[[5F, 4B, 27, 41], [2D, 46, 56, 65], [3D, 6B, 30, 4E], [4E, 6D, 45, 42]]

54 52 44 42 
62 25 6C 2E 
54 60 6D 3E 
23 5F 5D 2F 
[[54, 52, 44, 42], [62, 25, 6C, 2E], [54, 60, 6D, 3E], [23, 5F, 5D, 2F]]
TbT#R%`_Dlm]B.>/
Answer from Hex Matrix: 
[[54, 52, 44, 42], [62, 25, 6C, 2E], [54, 60, 6D, 3E], [23, 5F, 5D, 2F]]

64 6A 77 59 
4D 6D 26 21 
25 65 53 47 
4A 39 2C 3A 
[[64, 6A, 77, 59], [4D, 6D, 26, 21], [25, 65, 53, 47], [4A, 39, 2C, 3A]]
dM%Jjme9w&S,Y!G:
Answer from Hex Matrix: 
[[64, 6A, 77, 59], [4D, 6D, 26, 21], [25, 65, 53, 47], [4A, 39, 2C, 3A]]

3F 5C 54 2B 
42 24 5C 5C 
5C 7A 21 7B 
41 22 5D 2F 
[[3F, 5C, 54, 2B], [42, 24, 5C, 5C], [5C, 7A, 21, 7B], [41, 22, 5D, 2F]]
?B\A\$z"T\!]+\{/
Answer from Hex Matrix: 
[[3F, 5C, 54, 2B], [42, 24, 5C, 5C], [5C, 7A, 21, 7B], [41, 22, 5D, 2F]]

54 27 4D 3F 
2B 6A 56 2E 
35 54 28 59 
2E 37 51 53 
[[54, 27, 4D, 3F], [2B, 6A, 56, 2E], [35, 54, 28, 59], [2E, 37, 51, 53]]
T+5.'jT7MV(Q?.YS
Answer from Hex Matrix: 
[[54, 27, 4D, 3F], [2B, 6A, 56, 2E], [35, 54, 28, 59], [2E, 37, 51, 53]]

76 6E 42 51 
7C 50 5E 21 
77 3D 46 7B 
6F 50 40 43 
[[76, 6E, 42, 51], [7C, 50, 5E, 21], [77, 3D, 46, 7B], [6F, 50, 40, 43]]
v|wonP=PB^F@Q!{C
Answer from Hex Matrix: 
[[76, 6E, 42, 51], [7C, 50, 5E, 21], [77, 3D, 46, 7B], [6F, 50, 40, 43]]

43 48 5E 31 
2C 64 59 3B 
47 79 2A 29 
2E 4D 6A 73 
[[43, 48, 5E, 31], [2C, 64, 59, 3B], [47, 79, 2A, 29], [2E, 4D, 6A, 73]]
C,G.HdyM^Y*j1;)s
Answer from Hex Matrix: 
[[43, 48, 5E, 31], [2C, 64, 59, 3B], [47, 79, 2A, 29], [2E, 4D, 6A, 73]]

67 22 21 4A 
51 4D 39 5C 
2E 23 2F 3B 
53 7C 42 31 
[[67, 22, 21, 4A], [51, 4D, 39, 5C], [2E, 23, 2F, 3B], [53, 7C, 42, 31]]
gQ.S"M#|!9/BJ\;1
Answer from Hex Matrix: 
[[67, 22, 21, 4A], [51, 4D, 39, 5C], [2E, 23, 2F, 3B], [53, 7C, 42, 31]]

64 60 34 61 
40 33 63 7C 
4A 65 39 77 
54 24 2C 30 
[[64, 60, 34, 61], [40, 33, 63, 7C], [4A, 65, 39, 77], [54, 24, 2C, 30]]
d@JT`3e$4c9,a|w0
Answer from Hex Matrix: 
[[64, 60, 34, 61], [40, 33, 63, 7C], [4A, 65, 39, 77], [54, 24, 2C, 30]]

2D 37 32 70 
2F 4E 7D 4B 
65 73 32 78 
45 49 29 37 
[[2D, 37, 32, 70], [2F, 4E, 7D, 4B], [65, 73, 32, 78], [45, 49, 29, 37]]
-/eE7NsI2}2)pKx7
Answer from Hex Matrix: 
[[2D, 37, 32, 70], [2F, 4E, 7D, 4B], [65, 73, 32, 78], [45, 49, 29, 37]]

70 71 58 3F 
25 3E 51 26 
42 4C 6E 73 
3A 21 2C 27 
[[70, 71, 58, 3F], [25, 3E, 51, 26], [42, 4C, 6E, 73], [3A, 21, 2C, 27]]
p%B:q>L!XQn,?&s'
Answer from Hex Matrix: 
[[70, 71, 58, 3F], [25, 3E, 51, 26], [42, 4C, 6E, 73], [3A, 21, 2C, 27]]

31 70 7B 78 
49 3D 71 5D 
23 4F 50 58 
62 35 29 36 
[[31, 70, 7B, 78], [49, 3D, 71, 5D], [23, 4F, 50, 58], [62, 35, 29, 36]]
1I#bp=O5{qP)x]X6
Answer from Hex Matrix: 
[[31, 70, 7B, 78], [49, 3D, 71, 5D], [23, 4F, 50, 58], [62, 35, 29, 36]]

46 71 58 6E 
41 2E 71 58 
70 2A 52 75 
48 2B 50 49 
[[46, 71, 58, 6E], [41, 2E, 71, 58], [70, 2A, 52, 75], [48, 2B, 50, 49]]
FApHq.*+XqRPnXuI
Answer from Hex Matrix: 
[[46, 71, 58, 6E], [41, 2E, 71, 58], [70, 2A, 52, 75], [48, 2B, 50, 49]]

34 79 58 6A 
70 30 57 58 
45 22 3B 60 
43 3D 2A 61 
[[34, 79, 58, 6A], [70, 30, 57, 58], [45, 22, 3B, 60], [43, 3D, 2A, 61]]
4pECy0"=XW;*jX`a
Answer from Hex Matrix: 
[[34, 79, 58, 6A], [70, 30, 57, 58], [45, 22, 3B, 60], [43, 3D, 2A, 61]]

57 4A 28 32 
37 38 3F 4E 
72 58 74 26 
29 3C 6F 70 
[[57, 4A, 28, 32], [37, 38, 3F, 4E], [72, 58, 74, 26], [29, 3C, 6F, 70]]
W7r)J8X<(?to2N&p
Answer from Hex Matrix: 
[[57, 4A, 28, 32], [37, 38, 3F, 4E], [72, 58, 74, 26], [29, 3C, 6F, 70]]

4A 57 6F 2C 
4D 21 6F 79 
44 32 35 30 
53 4B 34 35 
[[4A, 57, 6F, 2C], [4D, 21, 6F, 79], [44, 32, 35, 30], [53, 4B, 34, 35]]
JMDSW!2Koo54,y05
Answer from Hex Matrix: 
[[4A, 57, 6F, 2C], [4D, 21, 6F, 79], [44, 32, 35, 30], [53, 4B, 34, 35]]

41 6A 40 7A 
50 7C 3C 59 
57 76 2B 41 
27 70 22 21 
[[41, 6A, 40, 7A], [50, 7C, 3C, 59], [57, 76, 2B, 41], [27, 70, 22, 21]]
APW'j|vp@<+"zYA!
Answer from Hex Matrix: 
[[41, 6A, 40, 7A], [50, 7C, 3C, 59], [57, 76, 2B, 41], [27, 70, 22, 21]]

28 7C 22 70 
56 43 79 45 
67 37 4F 56 
22 59 42 62 
[[28, 7C, 22, 70], [56, 43, 79, 45], [67, 37, 4F, 56], [22, 59, 42, 62]]
(Vg"|C7Y"yOBpEVb
Answer from Hex Matrix: 
[[28, 7C, 22, 70], [56, 43, 79, 45], [67, 37, 4F, 56], [22, 59, 42, 62]]

49 76 57 4C 
4E 29 33 5B 
7C 46 42 64 
60 74 77 74 
[[49, 76, 57, 4C], [4E, 29, 33, 5B], [7C, 46, 42, 64], [60, 74, 77, 74]]
IN|`v)FtW3BwL[dt
Answer from Hex Matrix: 
[[49, 76, 57, 4C], [4E, 29, 33, 5B], [7C, 46, 42, 64], [60, 74, 77, 74]]

75 30 59 31 
42 60 36 72 
63 53 5C 4C 
49 29 68 7B 
[[75, 30, 59, 31], [42, 60, 36, 72], [63, 53, 5C, 4C], [49, 29, 68, 7B]]
uBcI0`S)Y6\h1rL{
Answer from Hex Matrix: 
[[75, 30, 59, 31], [42, 60, 36, 72], [63, 53, 5C, 4C], [49, 29, 68, 7B]]

41 24 30 6A 
62 49 7B 31 
32 39 22 43 
31 35 4B 4D 
[[41, 24, 30, 6A], [62, 49, 7B, 31], [32, 39, 22, 43], [31, 35, 4B, 4D]]
Ab21$I950{"Kj1CM
Answer from Hex Matrix: 
[[41, 24, 30, 6A], [62, 49, 7B, 31], [32, 39, 22, 43], [31, 35, 4B, 4D]]

72 3A 4F 3A 
58 47 4E 4D 
64 6D 45 74 
4E 32 61 36 
[[72, 3A, 4F, 3A], [58, 47, 4E, 4D], [64, 6D, 45, 74], [4E, 32, 61, 36]]
rXdN:Gm2ONEa:Mt6
Answer from Hex Matrix: 
[[72, 3A, 4F, 3A], [58, 47, 4E, 4D], [64, 6D, 45, 74], [4E, 32, 61, 36]]

7B 47 62 69 
60 59 35 78 
24 5C 24 2C 
5D 55 65 38 
[[7B, 47, 62, 69], [60, 59, 35, 78], [24, 5C, 24, 2C], [5D, 55, 65, 38]]
{`$]GY\Ub5$eix,8
Answer from Hex Matrix: 
[[7B, 47, 62, 69], [60, 59, 35, 78], [24, 5C, 24, 2C], [5D, 55, 65, 38]]

2D 4E 7C 6B 
58 45 2F 28 
7B 78 37 74 
69 7D 59 57 
[[2D, 4E, 7C, 6B], [58, 45, 2F, 28], [7B, 78, 37, 74], [69, 7D, 59, 57]]
-X{iNEx}|/7Yk(tW
Answer from Hex Matrix: 
[[2D, 4E, 7C, 6B], [58, 45, 2F, 28], [7B, 78, 37, 74], [69, 7D, 59, 57]]

5A 4F 32 69 
2D 72 6D 30 
3D 6A 68 65 
4B 7B 5F 7B 
[[5A, 4F, 32, 69], [2D, 72, 6D, 30], [3D, 6A, 68, 65], [4B, 7B, 5F, 7B]]
Z-=KOrj{2mh_i0e{
Answer from Hex Matrix: 
[[5A, 4F, 32, 69], [2D, 72, 6D, 30], [3D, 6A, 68, 65], [4B, 7B, 5F, 7B]]

2F 76 74 6A 
7C 52 49 30 
33 68 74 57 
62 3C 70 34 
[[2F, 76, 74, 6A], [7C, 52, 49, 30], [33, 68, 74, 57], [62, 3C, 70, 34]]
/|3bvRh<tItpj0W4
Answer from Hex Matrix: 
[[2F, 76, 74, 6A], [7C, 52, 49, 30], [33, 68, 74, 57], [62, 3C, 70, 34]]

40 3C 3C 7A 
53 26 21 21 
3D 51 4F 2B 
60 51 4A 71 
[[40, 3C, 3C, 7A], [53, 26, 21, 21], [3D, 51, 4F, 2B], [60, 51, 4A, 71]]
@S=`<&QQ<!OJz!+q
Answer from Hex Matrix: 
[[40, 3C, 3C, 7A], [53, 26, 21, 21], [3D, 51, 4F, 2B], [60, 51, 4A, 71]]

77 68 2F 59 
2A 42 37 3E 
35 35 30 4C 
78 2B 3C 44 
[[77, 68, 2F, 59], [2A, 42, 37, 3E], [35, 35, 30, 4C], [78, 2B, 3C, 44]]
w*5xhB5+/70<Y>LD
Answer from Hex Matrix: 
[[77, 68, 2F, 59], [2A, 42, 37, 3E], [35, 35, 30, 4C], [78, 2B, 3C, 44]]

4A 7C 25 35 
3B 59 33 5C 
43 3A 2B 31 
45 3A 25 32 
[[4A, 7C, 25, 35], [3B, 59, 33, 5C], [43, 3A, 2B, 31], [45, 3A, 25, 32]]
J;CE|Y::%3+%5\12
Answer from Hex Matrix: 
[[4A, 7C, 25, 35], [3B, 59, 33, 5C], [43, 3A, 2B, 31], [45, 3A, 25, 32]]

69 5F 25 54 
3C 33 66 2D 
4E 7A 3C 74 
52 6F 2B 57 
[[69, 5F, 25, 54], [3C, 33, 66, 2D], [4E, 7A, 3C, 74], [52, 6F, 2B, 57]]
i<NR_3zo%f<+T-tW
Answer from Hex Matrix: 
[[69, 5F, 25, 54], [3C, 33, 66, 2D], [4E, 7A, 3C, 74], [52, 6F, 2B, 57]]

54 38 6A 66 
47 26 58 7D 
77 4B 2B 65 
2C 5F 5A 44 
[[54, 38, 6A, 66], [47, 26, 58, 7D], [77, 4B, 2B, 65], [2C, 5F, 5A, 44]]
TGw,8&K_jX+Zf}eD
Answer from Hex Matrix: 
[[54, 38, 6A, 66], [47, 26, 58, 7D], [77, 4B, 2B, 65], [2C, 5F, 5A, 44]]

4C 63 79 3C 
49 31 2C 6D 
3D 3F 65 2D 
3C 53 79 7C 
[[4C, 63, 79, 3C], [49, 31, 2C, 6D], [3D, 3F, 65, 2D], [3C, 53, 79, 7C]]
LI=<c1?Sy,ey<m-|
Answer from Hex Matrix: 
[[4C, 63, 79, 3C], [49, 31, 2C, 6D], [3D, 3F, 65, 2D], [3C, 53, 79, 7C]]

51 68 48 54 
58 37 44 68 
41 2C 52 5D 
3B 32 44 39 
[[51, 68, 48, 54], [58, 37, 44, 68], [41, 2C, 52, 5D], [3B, 32, 44, 39]]
QXA;h7,2HDRDTh]9
Answer from Hex Matrix: 
[[51, 68, 48, 54], [58, 37, 44, 68], [41, 2C, 52, 5D], [3B, 32, 44, 39]]

3E 32 3D 48 
4B 54 6A 5B 
63 4E 7A 72 
44 35 31 65 
[[3E, 32, 3D, 48], [4B, 54, 6A, 5B], [63, 4E, 7A, 72], [44, 35, 31, 65]]
>KcD2TN5=jz1H[re
Answer from Hex Matrix: 
[[3E, 32, 3D, 48], [4B, 54, 6A, 5B], [63, 4E, 7A, 72], [44, 35, 31, 65]]

2B 78 77 53 
28 58 53 60 
51 6C 49 40 
73 47 2F 74 
[[2B, 78, 77, 53], [28, 58, 53, 60], [51, 6C, 49, 40], [73, 47, 2F, 74]]
+(QsxXlGwSI/S`@t
Answer from Hex Matrix: 
[[2B, 78, 77, 53], [28, 58, 53, 60], [51, 6C, 49, 40], [73, 47, 2F, 74]]

58 55 74 32 
3B 43 23 3A 
79 48 21 59 
59 7B 39 68 
[[58, 55, 74, 32], [3B, 43, 23, 3A], [79, 48, 21, 59], [59, 7B, 39, 68]]
X;yYUCH{t#!92:Yh
Answer from Hex Matrix: 
[[58, 55, 74, 32], [3B, 43, 23, 3A], [79, 48, 21, 59], [59, 7B, 39, 68]]

35 42 7D 64 
75 64 5E 4A 
60 44 6A 7D 
45 2E 39 3F 
[[35, 42, 7D, 64], [75, 64, 5E, 4A], [60, 44, 6A, 7D], [45, 2E, 39, 3F]]
5u`EBdD.}^j9dJ}?
Answer from Hex Matrix: 
[[35, 42, 7D, 64], [75, 64, 5E, 4A], [60, 44, 6A, 7D], [45, 2E, 39, 3F]]

40 28 3B 5E 
61 3A 3C 67 
36 52 7A 2C 
49 2D 70 46 
[[40, 28, 3B, 5E], [61, 3A, 3C, 67], [36, 52, 7A, 2C], [49, 2D, 70, 46]]
@a6I(:R-;<zp^g,F
Answer from Hex Matrix: 
[[40, 28, 3B, 5E], [61, 3A, 3C, 67], [36, 52, 7A, 2C], [49, 2D, 70, 46]]

55 34 5C 22 
38 4B 59 21 
77 47 4F 53 
7C 53 4C 61 
[[55, 34, 5C, 22], [38, 4B, 59, 21], [77, 47, 4F, 53], [7C, 53, 4C, 61]]
U8w|4KGS\YOL"!Sa
Answer from Hex Matrix: 
[[55, 34, 5C, 22], [38, 4B, 59, 21], [77, 47, 4F, 53], [7C, 53, 4C, 61]]

38 5E 5C 75 
3D 2D 31 7D 
25 78 47 74 
5F 6A 54 35 
[[38, 5E, 5C, 75], [3D, 2D, 31, 7D], [25, 78, 47, 74], [5F, 6A, 54, 35]]
8=%_^-xj\1GTu}t5
Answer from Hex Matrix: 
[[38, 5E, 5C, 75], [3D, 2D, 31, 7D], [25, 78, 47, 74], [5F, 6A, 54, 35]]

50 57 68 57 
70 76 3E 27 
43 49 4E 31 
34 64 54 44 
[[50, 57, 68, 57], [70, 76, 3E, 27], [43, 49, 4E, 31], [34, 64, 54, 44]]
PpC4WvIdh>NTW'1D
Answer from Hex Matrix: 
[[50, 57, 68, 57], [70, 76, 3E, 27], [43, 49, 4E, 31], [34, 64, 54, 44]]

4C 39 58 44 
30 3E 44 3F 
78 27 2A 26 
35 3B 4E 5F 
[[4C, 39, 58, 44], [30, 3E, 44, 3F], [78, 27, 2A, 26], [35, 3B, 4E, 5F]]
L0x59>';XD*ND?&_
Answer from Hex Matrix: 
[[4C, 39, 58, 44], [30, 3E, 44, 3F], [78, 27, 2A, 26], [35, 3B, 4E, 5F]]

23 23 5B 62 
2E 53 3E 72 
79 6F 35 50 
31 72 39 7A 
[[23, 23, 5B, 62], [2E, 53, 3E, 72], [79, 6F, 35, 50], [31, 72, 39, 7A]]
#.y1#Sor[>59brPz
Answer from Hex Matrix: 
[[23, 23, 5B, 62], [2E, 53, 3E, 72], [79, 6F, 35, 50], [31, 72, 39, 7A]]

4A 7A 74 24 
22 3F 4B 3D 
79 58 39 4A 
60 5D 64 4F 
[[4A, 7A, 74, 24], [22, 3F, 4B, 3D], [79, 58, 39, 4A], [60, 5D, 64, 4F]]
J"y`z?X]tK9d$=JO
Answer from Hex Matrix: 
[[4A, 7A, 74, 24], [22, 3F, 4B, 3D], [79, 58, 39, 4A], [60, 5D, 64, 4F]]

44 22 49 2E 
72 3B 61 64 
34 65 61 75 
72 4E 51 64 
[[44, 22, 49, 2E], [72, 3B, 61, 64], [34, 65, 61, 75], [72, 4E, 51, 64]]
Dr4r";eNIaaQ.dud
Answer from Hex Matrix: 
[[44, 22, 49, 2E], [72, 3B, 61, 64], [34, 65, 61, 75], [72, 4E, 51, 64]]

69 59 4D 5D 
34 59 5E 4F 
4D 48 52 79 
7A 2D 6F 67 
[[69, 59, 4D, 5D], [34, 59, 5E, 4F], [4D, 48, 52, 79], [7A, 2D, 6F, 67]]
i4MzYYH-M^Ro]Oyg
Answer from Hex Matrix: 
[[69, 59, 4D, 5D], [34, 59, 5E, 4F], [4D, 48, 52, 79], [7A, 2D, 6F, 67]]

77 5D 73 55 
27 76 31 36 
43 37 2B 3F 
76 64 43 2B 
[[77, 5D, 73, 55], [27, 76, 31, 36], [43, 37, 2B, 3F], [76, 64, 43, 2B]]
w'Cv]v7ds1+CU6?+
Answer from Hex Matrix: 
[[77, 5D, 73, 55], [27, 76, 31, 36], [43, 37, 2B, 3F], [76, 64, 43, 2B]]

32 55 25 5E 
7A 4C 4E 30 
57 34 55 64 
32 50 68 7A 
[[32, 55, 25, 5E], [7A, 4C, 4E, 30], [57, 34, 55, 64], [32, 50, 68, 7A]]
2zW2UL4P%NUh^0dz
Answer from Hex Matrix: 
[[32, 55, 25, 5E], [7A, 4C, 4E, 30], [57, 34, 55, 64], [32, 50, 68, 7A]]

38 6A 60 4F 
40 30 40 44 
4D 4C 75 49 
76 63 35 69 
[[38, 6A, 60, 4F], [40, 30, 40, 44], [4D, 4C, 75, 49], [76, 63, 35, 69]]
8@Mvj0Lc`@u5ODIi
Answer from Hex Matrix: 
[[38, 6A, 60, 4F], [40, 30, 40, 44], [4D, 4C, 75, 49], [76, 63, 35, 69]]

4B 62 41 60 
3E 4F 2D 70 
36 4B 62 4A 
44 62 66 48 
[[4B, 62, 41, 60], [3E, 4F, 2D, 70], [36, 4B, 62, 4A], [44, 62, 66, 48]]
K>6DbOKbA-bf`pJH
Answer from Hex Matrix: 
[[4B, 62, 41, 60], [3E, 4F, 2D, 70], [36, 4B, 62, 4A], [44, 62, 66, 48]]

57 25 4A 79 
4C 51 5B 34 
37 5E 6A 22 
55 62 67 41 
[[57, 25, 4A, 79], [4C, 51, 5B, 34], [37, 5E, 6A, 22], [55, 62, 67, 41]]
WL7U%Q^bJ[jgy4"A
Answer from Hex Matrix: 
[[57, 25, 4A, 79], [4C, 51, 5B, 34], [37, 5E, 6A, 22], [55, 62, 67, 41]]

61 6E 2E 53 
28 57 66 6E 
2C 68 26 4E 
66 68 78 78 
[[61, 6E, 2E, 53], [28, 57, 66, 6E], [2C, 68, 26, 4E], [66, 68, 78, 78]]
a(,fnWhh.f&xSnNx
Answer from Hex Matrix: 
[[61, 6E, 2E, 53], [28, 57, 66, 6E], [2C, 68, 26, 4E], [66, 68, 78, 78]]

2F 4B 67 43 
4C 68 3D 30 
51 77 64 2D 
2D 34 7D 51 
[[2F, 4B, 67, 43], [4C, 68, 3D, 30], [51, 77, 64, 2D], [2D, 34, 7D, 51]]
/LQ-Khw4g=d}C0-Q
Answer from Hex Matrix: 
[[2F, 4B, 67, 43], [4C, 68, 3D, 30], [51, 77, 64, 2D], [2D, 34, 7D, 51]]

6A 2A 32 5A 
7A 73 24 47 
71 35 5E 52 
77 2D 42 5E 
[[6A, 2A, 32, 5A], [7A, 73, 24, 47], [71, 35, 5E, 52], [77, 2D, 42, 5E]]
jzqw*s5-2$^BZGR^
Answer from Hex Matrix: 
[[6A, 2A, 32, 5A], [7A, 73, 24, 47], [71, 35, 5E, 52], [77, 2D, 42, 5E]]

79 52 57 5B 
6E 2F 7A 4D 
24 2F 28 40 
77 2D 54 29 
[[79, 52, 57, 5B], [6E, 2F, 7A, 4D], [24, 2F, 28, 40], [77, 2D, 54, 29]]
yn$wR//-Wz(T[M@)
Answer from Hex Matrix: 
[[79, 52, 57, 5B], [6E, 2F, 7A, 4D], [24, 2F, 28, 40], [77, 2D, 54, 29]]

79 5C 55 27 
6A 46 66 23 
2F 4F 6E 32 
52 67 6E 47 
[[79, 5C, 55, 27], [6A, 46, 66, 23], [2F, 4F, 6E, 32], [52, 67, 6E, 47]]
yj/R\FOgUfnn'#2G
Answer from Hex Matrix: 
[[79, 5C, 55, 27], [6A, 46, 66, 23], [2F, 4F, 6E, 32], [52, 67, 6E, 47]]

66 59 6E 4A 
61 7D 38 64 
26 67 65 5E 
74 2E 45 4B 
[[66, 59, 6E, 4A], [61, 7D, 38, 64], [26, 67, 65, 5E], [74, 2E, 45, 4B]]
fa&tY}g.n8eEJd^K
Answer from Hex Matrix: 
[[66, 59, 6E, 4A], [61, 7D, 38, 64], [26, 67, 65, 5E], [74, 2E, 45, 4B]]

6E 40 39 7D 
44 2A 2F 52 
56 3C 43 61 
50 59 2D 7D 
[[6E, 40, 39, 7D], [44, 2A, 2F, 52], [56, 3C, 43, 61], [50, 59, 2D, 7D]]
nDVP@*<Y9/C-}Ra}
Answer from Hex Matrix: 
[[6E, 40, 39, 7D], [44, 2A, 2F, 52], [56, 3C, 43, 61], [50, 59, 2D, 7D]]

69 3C 5A 31 
2E 42 38 7C 
4C 4A 23 74 
3A 36 53 79 
[[69, 3C, 5A, 31], [2E, 42, 38, 7C], [4C, 4A, 23, 74], [3A, 36, 53, 79]]
i.L:<BJ6Z8#S1|ty
Answer from Hex Matrix: 
[[69, 3C, 5A, 31], [2E, 42, 38, 7C], [4C, 4A, 23, 74], [3A, 36, 53, 79]]

61 3C 66 6B 
2C 57 31 7C 
4E 47 21 2A 
26 6D 2D 71 
[[61, 3C, 66, 6B], [2C, 57, 31, 7C], [4E, 47, 21, 2A], [26, 6D, 2D, 71]]
a,N&<WGmf1!-k|*q
Answer from Hex Matrix: 
[[61, 3C, 66, 6B], [2C, 57, 31, 7C], [4E, 47, 21, 2A], [26, 6D, 2D, 71]]

4D 2E 27 5A 
57 46 66 6A 
70 23 6F 22 
60 6A 48 52 
[[4D, 2E, 27, 5A], [57, 46, 66, 6A], [70, 23, 6F, 22], [60, 6A, 48, 52]]
MWp`.F#j'foHZj"R
Answer from Hex Matrix: 
[[4D, 2E, 27, 5A], [57, 46, 66, 6A], [70, 23, 6F, 22], [60, 6A, 48, 52]]

31 53 41 7B 
2F 30 2F 49 
67 48 33 4F 
5A 76 25 71 
[[31, 53, 41, 7B], [2F, 30, 2F, 49], [67, 48, 33, 4F], [5A, 76, 25, 71]]
1/gZS0HvA/3%{IOq
Answer from Hex Matrix: 
[[31, 53, 41, 7B], [2F, 30, 2F, 49], [67, 48, 33, 4F], [5A, 76, 25, 71]]

2A 33 66 2F 
27 60 72 68 
65 41 2C 56 
58 75 44 24 
[[2A, 33, 66, 2F], [27, 60, 72, 68], [65, 41, 2C, 56], [58, 75, 44, 24]]
*'eX3`Aufr,D/hV$
Answer from Hex Matrix: 
[[2A, 33, 66, 2F], [27, 60, 72, 68], [65, 41, 2C, 56], [58, 75, 44, 24]]

74 21 28 3B 
54 25 4A 24 
45 28 46 59 
23 25 40 4F 
[[74, 21, 28, 3B], [54, 25, 4A, 24], [45, 28, 46, 59], [23, 25, 40, 4F]]
tTE#!%(%(JF@;$YO
Answer from Hex Matrix: 
[[74, 21, 28, 3B], [54, 25, 4A, 24], [45, 28, 46, 59], [23, 25, 40, 4F]]

3E 37 6E 57 
65 6A 64 25 
62 5D 4B 72 
24 4E 3B 60 
[[3E, 37, 6E, 57], [65, 6A, 64, 25], [62, 5D, 4B, 72], [24, 4E, 3B, 60]]
>eb$7j]NndK;W%r`
Answer from Hex Matrix: 
[[3E, 37, 6E, 57], [65, 6A, 64, 25], [62, 5D, 4B, 72], [24, 4E, 3B, 60]]

22 7B 61 76 
23 41 54 77 
3A 22 2E 49 
24 68 65 60 
[[22, 7B, 61, 76], [23, 41, 54, 77], [3A, 22, 2E, 49], [24, 68, 65, 60]]
"#:${A"haT.evwI`
Answer from Hex Matrix: 
[[22, 7B, 61, 76], [23, 41, 54, 77], [3A, 22, 2E, 49], [24, 68, 65, 60]]

2A 74 28 77 
5B 68 42 6C 
43 51 4C 70 
70 5E 3F 2F 
[[2A, 74, 28, 77], [5B, 68, 42, 6C], [43, 51, 4C, 70], [70, 5E, 3F, 2F]]
*[CpthQ^(BL?wlp/
Answer from Hex Matrix: 
[[2A, 74, 28, 77], [5B, 68, 42, 6C], [43, 51, 4C, 70], [70, 5E, 3F, 2F]]

77 39 68 6A 
5A 5F 5B 2E 
45 36 56 59 
5E 41 4C 6F 
[[77, 39, 68, 6A], [5A, 5F, 5B, 2E], [45, 36, 56, 59], [5E, 41, 4C, 6F]]
wZE^9_6Ah[VLj.Yo
Answer from Hex Matrix: 
[[77, 39, 68, 6A], [5A, 5F, 5B, 2E], [45, 36, 56, 59], [5E, 41, 4C, 6F]]

36 3C 43 78 
6C 72 32 4A 
73 5F 3A 76 
3A 4F 52 66 
[[36, 3C, 43, 78], [6C, 72, 32, 4A], [73, 5F, 3A, 76], [3A, 4F, 52, 66]]
6ls:<r_OC2:RxJvf
Answer from Hex Matrix: 
[[36, 3C, 43, 78], [6C, 72, 32, 4A], [73, 5F, 3A, 76], [3A, 4F, 52, 66]]

47 72 36 2E 
5B 34 54 5C 
59 6E 43 6F 
77 2E 26 56 
[[47, 72, 36, 2E], [5B, 34, 54, 5C], [59, 6E, 43, 6F], [77, 2E, 26, 56]]
G[Ywr4n.6TC&.\oV
Answer from Hex Matrix: 
[[47, 72, 36, 2E], [5B, 34, 54, 5C], [59, 6E, 43, 6F], [77, 2E, 26, 56]]

6F 68 61 7A 
66 53 2E 5A 
79 6F 2B 40 
66 43 29 7C 
[[6F, 68, 61, 7A], [66, 53, 2E, 5A], [79, 6F, 2B, 40], [66, 43, 29, 7C]]
ofyfhSoCa.+)zZ@|
Answer from Hex Matrix: 
[[6F, 68, 61, 7A], [66, 53, 2E, 5A], [79, 6F, 2B, 40], [66, 43, 29, 7C]]

6D 2B 47 43 
40 30 77 51 
32 72 71 7A 
36 5E 56 41 
[[6D, 2B, 47, 43], [40, 30, 77, 51], [32, 72, 71, 7A], [36, 5E, 56, 41]]
m@26+0r^GwqVCQzA
Answer from Hex Matrix: 
[[6D, 2B, 47, 43], [40, 30, 77, 51], [32, 72, 71, 7A], [36, 5E, 56, 41]]

56 40 79 42 
46 2C 3B 34 
51 61 66 31 
37 6B 74 71 
[[56, 40, 79, 42], [46, 2C, 3B, 34], [51, 61, 66, 31], [37, 6B, 74, 71]]
VFQ7@,aky;ftB41q
Answer from Hex Matrix: 
[[56, 40, 79, 42], [46, 2C, 3B, 34], [51, 61, 66, 31], [37, 6B, 74, 71]]

4A 53 35 42 
47 3D 3C 60 
46 49 69 23 
5B 71 76 38 
[[4A, 53, 35, 42], [47, 3D, 3C, 60], [46, 49, 69, 23], [5B, 71, 76, 38]]
JGF[S=Iq5<ivB`#8
Answer from Hex Matrix: 
[[4A, 53, 35, 42], [47, 3D, 3C, 60], [46, 49, 69, 23], [5B, 71, 76, 38]]

44 45 3F 67 
3C 49 4B 57 
43 61 38 4E 
72 48 69 75 
[[44, 45, 3F, 67], [3C, 49, 4B, 57], [43, 61, 38, 4E], [72, 48, 69, 75]]
D<CrEIaH?K8igWNu
Answer from Hex Matrix: 
[[44, 45, 3F, 67], [3C, 49, 4B, 57], [43, 61, 38, 4E], [72, 48, 69, 75]]

42 5A 28 7B 
5E 78 31 3B 
5F 21 75 74 
5E 53 55 29 
[[42, 5A, 28, 7B], [5E, 78, 31, 3B], [5F, 21, 75, 74], [5E, 53, 55, 29]]
B^_^Zx!S(1uU{;t)
Answer from Hex Matrix: 
[[42, 5A, 28, 7B], [5E, 78, 31, 3B], [5F, 21, 75, 74], [5E, 53, 55, 29]]

26 42 56 45 
44 32 70 3F 
57 71 7A 72 
5C 6B 66 63 
[[26, 42, 56, 45], [44, 32, 70, 3F], [57, 71, 7A, 72], [5C, 6B, 66, 63]]
&DW\B2qkVpzfE?rc
Answer from Hex Matrix: 
[[26, 42, 56, 45], [44, 32, 70, 3F], [57, 71, 7A, 72], [5C, 6B, 66, 63]]

35 3A 44 2E 
75 64 23 68 
35 6D 6F 40 
38 36 38 70 
[[35, 3A, 44, 2E], [75, 64, 23, 68], [35, 6D, 6F, 40], [38, 36, 38, 70]]
5u58:dm6D#o8.h@p
Answer from Hex Matrix: 
[[35, 3A, 44, 2E], [75, 64, 23, 68], [35, 6D, 6F, 40], [38, 36, 38, 70]]

6A 2B 3B 79 
68 4B 57 6B 
46 39 27 71 
29 71 72 65 
[[6A, 2B, 3B, 79], [68, 4B, 57, 6B], [46, 39, 27, 71], [29, 71, 72, 65]]
jhF)+K9q;W'rykqe
Answer from Hex Matrix: 
[[6A, 2B, 3B, 79], [68, 4B, 57, 6B], [46, 39, 27, 71], [29, 71, 72, 65]]

42 76 27 79 
6C 71 40 2D 
78 73 79 77 
68 3E 41 27 
[[42, 76, 27, 79], [6C, 71, 40, 2D], [78, 73, 79, 77], [68, 3E, 41, 27]]
Blxhvqs>'@yAy-w'
Answer from Hex Matrix: 
[[42, 76, 27, 79], [6C, 71, 40, 2D], [78, 73, 79, 77], [68, 3E, 41, 27]]

79 3C 29 62 
25 2C 28 5B 
71 5A 2B 46 
23 49 3E 27 
[[79, 3C, 29, 62], [25, 2C, 28, 5B], [71, 5A, 2B, 46], [23, 49, 3E, 27]]
y%q#<,ZI)(+>b[F'
Answer from Hex Matrix: 
[[79, 3C, 29, 62], [25, 2C, 28, 5B], [71, 5A, 2B, 46], [23, 49, 3E, 27]]

24 52 5B 27 
73 53 3E 41 
7D 6A 77 49 
29 6C 4A 6E 
[[24, 52, 5B, 27], [73, 53, 3E, 41], [7D, 6A, 77, 49], [29, 6C, 4A, 6E]]
$s})RSjl[>wJ'AIn
Answer from Hex Matrix: 
[[24, 52, 5B, 27], [73, 53, 3E, 41], [7D, 6A, 77, 49], [29, 6C, 4A, 6E]]

6E 57 6F 28 
3B 6B 7A 28 
5C 31 70 2A 
4B 26 35 4C 
[[6E, 57, 6F, 28], [3B, 6B, 7A, 28], [5C, 31, 70, 2A], [4B, 26, 35, 4C]]
n;\KWk1&ozp5((*L
Answer from Hex Matrix: 
[[6E, 57, 6F, 28], [3B, 6B, 7A, 28], [5C, 31, 70, 2A], [4B, 26, 35, 4C]]

56 47 27 2A 
4B 2D 29 4F 
4F 45 48 7D 
29 38 34 57 
[[56, 47, 27, 2A], [4B, 2D, 29, 4F], [4F, 45, 48, 7D], [29, 38, 34, 57]]
VKO)G-E8')H4*O}W
Answer from Hex Matrix: 
[[56, 47, 27, 2A], [4B, 2D, 29, 4F], [4F, 45, 48, 7D], [29, 38, 34, 57]]

47 3A 58 27 
71 6D 42 5C 
78 42 47 23 
37 46 7C 45 
[[47, 3A, 58, 27], [71, 6D, 42, 5C], [78, 42, 47, 23], [37, 46, 7C, 45]]
Gqx7:mBFXBG|'\#E
Answer from Hex Matrix: 
[[47, 3A, 58, 27], [71, 6D, 42, 5C], [78, 42, 47, 23], [37, 46, 7C, 45]]

38 30 73 67 
7B 59 72 21 
2D 75 5A 48 
48 60 56 2F 
[[38, 30, 73, 67], [7B, 59, 72, 21], [2D, 75, 5A, 48], [48, 60, 56, 2F]]
8{-H0Yu`srZVg!H/
Answer from Hex Matrix: 
[[38, 30, 73, 67], [7B, 59, 72, 21], [2D, 75, 5A, 48], [48, 60, 56, 2F]]

4B 56 30 2D 
6C 5A 70 52 
32 75 5E 41 
49 43 60 26 
[[4B, 56, 30, 2D], [6C, 5A, 70, 52], [32, 75, 5E, 41], [49, 43, 60, 26]]
Kl2IVZuC0p^`-RA&
Answer from Hex Matrix: 
[[4B, 56, 30, 2D], [6C, 5A, 70, 52], [32, 75, 5E, 41], [49, 43, 60, 26]]

29 58 40 4D 
22 68 2A 3A 
6D 3A 62 22 
2A 63 4B 54 
[[29, 58, 40, 4D], [22, 68, 2A, 3A], [6D, 3A, 62, 22], [2A, 63, 4B, 54]]
)"m*Xh:c@*bKM:"T
Answer from Hex Matrix: 
[[29, 58, 40, 4D], [22, 68, 2A, 3A], [6D, 3A, 62, 22], [2A, 63, 4B, 54]]

3C 4A 5D 2A 
6A 43 25 5D 
41 4D 39 23 
57 5E 68 43 
[[3C, 4A, 5D, 2A], [6A, 43, 25, 5D], [41, 4D, 39, 23], [57, 5E, 68, 43]]
<jAWJCM^]%9h*]#C
Answer from Hex Matrix: 
[[3C, 4A, 5D, 2A], [6A, 43, 25, 5D], [41, 4D, 39, 23], [57, 5E, 68, 43]]

3E 5F 49 3E 
5F 3B 67 4B 
6F 29 7A 31 
21 6E 56 33 
[[3E, 5F, 49, 3E], [5F, 3B, 67, 4B], [6F, 29, 7A, 31], [21, 6E, 56, 33]]
>_o!_;)nIgzV>K13
Answer from Hex Matrix: 
[[3E, 5F, 49, 3E], [5F, 3B, 67, 4B], [6F, 29, 7A, 31], [21, 6E, 56, 33]]

77 62 44 22 
5C 58 57 34 
23 6B 74 79 
7C 3C 56 58 
[[77, 62, 44, 22], [5C, 58, 57, 34], [23, 6B, 74, 79], [7C, 3C, 56, 58]]
w\#|bXk<DWtV"4yX
Answer from Hex Matrix: 
[[77, 62, 44, 22], [5C, 58, 57, 34], [23, 6B, 74, 79], [7C, 3C, 56, 58]]

65 57 4F 5C 
33 60 4C 5E 
72 49 68 46 
45 59 39 30 
[[65, 57, 4F, 5C], [33, 60, 4C, 5E], [72, 49, 68, 46], [45, 59, 39, 30]]
e3rEW`IYOLh9\^F0
Answer from Hex Matrix: 
[[65, 57, 4F, 5C], [33, 60, 4C, 5E], [72, 49, 68, 46], [45, 59, 39, 30]]

62 48 2E 4A 
5B 56 65 26 
24 7D 75 37 
42 31 7D 27 
[[62, 48, 2E, 4A], [5B, 56, 65, 26], [24, 7D, 75, 37], [42, 31, 7D, 27]]
b[$BHV}1.eu}J&7'
Answer from Hex Matrix: 
[[62, 48, 2E, 4A], [5B, 56, 65, 26], [24, 7D, 75, 37], [42, 31, 7D, 27]]

4B 69 44 35 
5D 50 57 33 
5E 60 22 21 
25 5A 59 33 
[[4B, 69, 44, 35], [5D, 50, 57, 33], [5E, 60, 22, 21], [25, 5A, 59, 33]]
K]^%iP`ZDW"Y53!3
Answer from Hex Matrix: 
[[4B, 69, 44, 35], [5D, 50, 57, 33], [5E, 60, 22, 21], [25, 5A, 59, 33]]

6B 2F 2B 2D 
58 71 3E 7D 
4C 47 71 52 
27 51 72 75 
[[6B, 2F, 2B, 2D], [58, 71, 3E, 7D], [4C, 47, 71, 52], [27, 51, 72, 75]]
kXL'/qGQ+>qr-}Ru
Answer from Hex Matrix: 
[[6B, 2F, 2B, 2D], [58, 71, 3E, 7D], [4C, 47, 71, 52], [27, 51, 72, 75]]

4D 35 71 6E 
7C 60 46 32 
44 2C 40 62 
4B 6A 5C 6E 
[[4D, 35, 71, 6E], [7C, 60, 46, 32], [44, 2C, 40, 62], [4B, 6A, 5C, 6E]]
M|DK5`,jqF@\n2bn
Answer from Hex Matrix: 
[[4D, 35, 71, 6E], [7C, 60, 46, 32], [44, 2C, 40, 62], [4B, 6A, 5C, 6E]]

61 59 59 41 
77 76 6A 40 
3A 39 61 4F 
42 75 35 3A 
[[61, 59, 59, 41], [77, 76, 6A, 40], [3A, 39, 61, 4F], [42, 75, 35, 3A]]
aw:BYv9uYja5A@O:
Answer from Hex Matrix: 
[[61, 59, 59, 41], [77, 76, 6A, 40], [3A, 39, 61, 4F], [42, 75, 35, 3A]]

57 47 7D 55 
45 43 52 5C 
4C 45 68 45 
22 4B 29 43 
[[57, 47, 7D, 55], [45, 43, 52, 5C], [4C, 45, 68, 45], [22, 4B, 29, 43]]
WEL"GCEK}Rh)U\EC
Answer from Hex Matrix: 
[[57, 47, 7D, 55], [45, 43, 52, 5C], [4C, 45, 68, 45], [22, 4B, 29, 43]]

54 26 4E 54 
3E 5E 39 5C 
6F 6D 5C 77 
69 4E 25 39 
[[54, 26, 4E, 54], [3E, 5E, 39, 5C], [6F, 6D, 5C, 77], [69, 4E, 25, 39]]
T>oi&^mNN9\%T\w9
Answer from Hex Matrix: 
[[54, 26, 4E, 54], [3E, 5E, 39, 5C], [6F, 6D, 5C, 77], [69, 4E, 25, 39]]

49 33 68 3A 
4B 4A 5E 3D 
5C 3A 2B 46 
34 40 37 79 
[[49, 33, 68, 3A], [4B, 4A, 5E, 3D], [5C, 3A, 2B, 46], [34, 40, 37, 79]]
IK\43J:@h^+7:=Fy
Answer from Hex Matrix: 
[[49, 33, 68, 3A], [4B, 4A, 5E, 3D], [5C, 3A, 2B, 46], [34, 40, 37, 79]]

74 3C 4C 6C 
3D 73 73 6B 
6B 67 4C 35 
7C 54 4D 38 
[[74, 3C, 4C, 6C], [3D, 73, 73, 6B], [6B, 67, 4C, 35], [7C, 54, 4D, 38]]
t=k|<sgTLsLMlk58
Answer from Hex Matrix: 
[[74, 3C, 4C, 6C], [3D, 73, 73, 6B], [6B, 67, 4C, 35], [7C, 54, 4D, 38]]

37 40 4D 4A 
52 76 49 75 
7D 6E 24 3D 
33 78 2D 22 
[[37, 40, 4D, 4A], [52, 76, 49, 75], [7D, 6E, 24, 3D], [33, 78, 2D, 22]]
7R}3@vnxMI$-Ju="
Answer from Hex Matrix: 
[[37, 40, 4D, 4A], [52, 76, 49, 75], [7D, 6E, 24, 3D], [33, 78, 2D, 22]]

2F 4B 27 7A 
60 34 4A 27 
6B 32 55 4C 
27 47 55 43 
[[2F, 4B, 27, 7A], [60, 34, 4A, 27], [6B, 32, 55, 4C], [27, 47, 55, 43]]
/`k'K42G'JUUz'LC
Answer from Hex Matrix: 
[[2F, 4B, 27, 7A], [60, 34, 4A, 27], [6B, 32, 55, 4C], [27, 47, 55, 43]]

5E 64 4F 4B 
6A 2B 33 22 
3B 5F 58 3D 
7A 2C 59 4F 
[[5E, 64, 4F, 4B], [6A, 2B, 33, 22], [3B, 5F, 58, 3D], [7A, 2C, 59, 4F]]
^j;zd+_,O3XYK"=O
Answer from Hex Matrix: 
[[5E, 64, 4F, 4B], [6A, 2B, 33, 22], [3B, 5F, 58, 3D], [7A, 2C, 59, 4F]]

35 27 2C 4F 
48 73 71 62 
24 48 6A 73 
4C 41 75 6B 
[[35, 27, 2C, 4F], [48, 73, 71, 62], [24, 48, 6A, 73], [4C, 41, 75, 6B]]
5H$L'sHA,qjuObsk
Answer from Hex Matrix: 
[[35, 27, 2C, 4F], [48, 73, 71, 62], [24, 48, 6A, 73], [4C, 41, 75, 6B]]

64 54 2E 59 
7A 6B 61 79 
75 4C 23 61 
34 27 35 5D 
[[64, 54, 2E, 59], [7A, 6B, 61, 79], [75, 4C, 23, 61], [34, 27, 35, 5D]]
dzu4TkL'.a#5Yya]
Answer from Hex Matrix: 
[[64, 54, 2E, 59], [7A, 6B, 61, 79], [75, 4C, 23, 61], [34, 27, 35, 5D]]

59 7B 76 5D 
25 35 32 3E 
4D 2C 66 37 
75 58 25 6B 
[[59, 7B, 76, 5D], [25, 35, 32, 3E], [4D, 2C, 66, 37], [75, 58, 25, 6B]]
Y%Mu{5,Xv2f%]>7k
Answer from Hex Matrix: 
[[59, 7B, 76, 5D], [25, 35, 32, 3E], [4D, 2C, 66, 37], [75, 58, 25, 6B]]

29 4E 55 37 
2C 5B 72 49 
46 4D 21 72 
4D 73 2E 28 
[[29, 4E, 55, 37], [2C, 5B, 72, 49], [46, 4D, 21, 72], [4D, 73, 2E, 28]]
),FMN[MsUr!.7Ir(
Answer from Hex Matrix: 
[[29, 4E, 55, 37], [2C, 5B, 72, 49], [46, 4D, 21, 72], [4D, 73, 2E, 28]]

63 6E 6A 4C 
58 3F 71 6F 
73 40 46 5E 
39 67 4B 73 
[[63, 6E, 6A, 4C], [58, 3F, 71, 6F], [73, 40, 46, 5E], [39, 67, 4B, 73]]
cXs9n?@gjqFKLo^s
Answer from Hex Matrix: 
[[63, 6E, 6A, 4C], [58, 3F, 71, 6F], [73, 40, 46, 5E], [39, 67, 4B, 73]]

67 5E 2F 71 
54 63 7D 57 
7B 6D 24 6F 
37 23 24 2F 
[[67, 5E, 2F, 71], [54, 63, 7D, 57], [7B, 6D, 24, 6F], [37, 23, 24, 2F]]
gT{7^cm#/}$$qWo/
Answer from Hex Matrix: 
[[67, 5E, 2F, 71], [54, 63, 7D, 57], [7B, 6D, 24, 6F], [37, 23, 24, 2F]]

51 4D 72 3F 
58 64 3D 6D 
5C 76 35 66 
55 56 4D 27 
[[51, 4D, 72, 3F], [58, 64, 3D, 6D], [5C, 76, 35, 66], [55, 56, 4D, 27]]
QX\UMdvVr=5M?mf'
Answer from Hex Matrix: 
[[51, 4D, 72, 3F], [58, 64, 3D, 6D], [5C, 76, 35, 66], [55, 56, 4D, 27]]

28 38 34 4B 
44 53 43 3F 
52 4E 30 42 
58 4C 25 60 
[[28, 38, 34, 4B], [44, 53, 43, 3F], [52, 4E, 30, 42], [58, 4C, 25, 60]]
(DRX8SNL4C0%K?B`
Answer from Hex Matrix: 
[[28, 38, 34, 4B], [44, 53, 43, 3F], [52, 4E, 30, 42], [58, 4C, 25, 60]]

5C 4E 43 7A 
71 4E 27 4B 
4A 7D 73 35 
62 70 52 51 
[[5C, 4E, 43, 7A], [71, 4E, 27, 4B], [4A, 7D, 73, 35], [62, 70, 52, 51]]
\qJbNN}pC'sRzK5Q
Answer from Hex Matrix: 
[[5C, 4E, 43, 7A], [71, 4E, 27, 4B], [4A, 7D, 73, 35], [62, 70, 52, 51]]

6A 7C 61 34 
66 34 7D 30 
6D 63 5E 5A 
3E 69 24 72 
[[6A, 7C, 61, 34], [66, 34, 7D, 30], [6D, 63, 5E, 5A], [3E, 69, 24, 72]]
jfm>|4cia}^$40Zr
Answer from Hex Matrix: 
[[6A, 7C, 61, 34], [66, 34, 7D, 30], [6D, 63, 5E, 5A], [3E, 69, 24, 72]]

47 44 4F 65 
33 60 4C 6E 
2C 78 36 47 
21 4B 23 73 
[[47, 44, 4F, 65], [33, 60, 4C, 6E], [2C, 78, 36, 47], [21, 4B, 23, 73]]
G3,!D`xKOL6#enGs
Answer from Hex Matrix: 
[[47, 44, 4F, 65], [33, 60, 4C, 6E], [2C, 78, 36, 47], [21, 4B, 23, 73]]

73 53 31 4E 
7B 3E 44 44 
33 55 37 22 
41 5F 37 22 
[[73, 53, 31, 4E], [7B, 3E, 44, 44], [33, 55, 37, 22], [41, 5F, 37, 22]]
s{3AS>U_1D77ND""
Answer from Hex Matrix: 
[[73, 53, 31, 4E], [7B, 3E, 44, 44], [33, 55, 37, 22], [41, 5F, 37, 22]]

77 53 6C 31 
2E 3A 6E 3B 
6F 69 6E 79 
46 68 5F 6D 
[[77, 53, 6C, 31], [2E, 3A, 6E, 3B], [6F, 69, 6E, 79], [46, 68, 5F, 6D]]
w.oFS:ihlnn_1;ym
Answer from Hex Matrix: 
[[77, 53, 6C, 31], [2E, 3A, 6E, 3B], [6F, 69, 6E, 79], [46, 68, 5F, 6D]]

72 7B 2A 2C 
42 64 6C 63 
6D 78 79 61 
48 68 35 69 
[[72, 7B, 2A, 2C], [42, 64, 6C, 63], [6D, 78, 79, 61], [48, 68, 35, 69]]
rBmH{dxh*ly5,cai
Answer from Hex Matrix: 
[[72, 7B, 2A, 2C], [42, 64, 6C, 63], [6D, 78, 79, 61], [48, 68, 35, 69]]

2C 60 7A 60 
6E 4A 6A 46 
72 5C 34 63 
74 4A 52 38 
[[2C, 60, 7A, 60], [6E, 4A, 6A, 46], [72, 5C, 34, 63], [74, 4A, 52, 38]]
,nrt`J\Jzj4R`Fc8
Answer from Hex Matrix: 
[[2C, 60, 7A, 60], [6E, 4A, 6A, 46], [72, 5C, 34, 63], [74, 4A, 52, 38]]

28 23 78 23 
76 36 42 78 
60 5C 53 6B 
30 2E 23 57 
[[28, 23, 78, 23], [76, 36, 42, 78], [60, 5C, 53, 6B], [30, 2E, 23, 57]]
(v`0#6\.xBS##xkW
Answer from Hex Matrix: 
[[28, 23, 78, 23], [76, 36, 42, 78], [60, 5C, 53, 6B], [30, 2E, 23, 57]]

3C 65 25 2D 
4C 29 46 52 
43 3C 21 69 
3B 58 61 52 
[[3C, 65, 25, 2D], [4C, 29, 46, 52], [43, 3C, 21, 69], [3B, 58, 61, 52]]
<LC;e)<X%F!a-RiR
Answer from Hex Matrix: 
[[3C, 65, 25, 2D], [4C, 29, 46, 52], [43, 3C, 21, 69], [3B, 58, 61, 52]]

23 68 30 41 
28 22 45 46 
7A 5A 27 7A 
32 32 59 69 
[[23, 68, 30, 41], [28, 22, 45, 46], [7A, 5A, 27, 7A], [32, 32, 59, 69]]
#(z2h"Z20E'YAFzi
Answer from Hex Matrix: 
[[23, 68, 30, 41], [28, 22, 45, 46], [7A, 5A, 27, 7A], [32, 32, 59, 69]]

51 3E 52 61 
4B 48 62 46 
34 39 2D 5B 
2F 3D 59 31 
[[51, 3E, 52, 61], [4B, 48, 62, 46], [34, 39, 2D, 5B], [2F, 3D, 59, 31]]
QK4/>H9=Rb-YaF[1
Answer from Hex Matrix: 
[[51, 3E, 52, 61], [4B, 48, 62, 46], [34, 39, 2D, 5B], [2F, 3D, 59, 31]]

32 37 30 36 
5C 75 58 65 
39 51 23 67 
67 3C 79 77 
[[32, 37, 30, 36], [5C, 75, 58, 65], [39, 51, 23, 67], [67, 3C, 79, 77]]
2\9g7uQ<0X#y6egw
Answer from Hex Matrix: 
[[32, 37, 30, 36], [5C, 75, 58, 65], [39, 51, 23, 67], [67, 3C, 79, 77]]

35 59 49 53 
71 61 21 79 
6A 5C 73 47 
39 2D 28 69 
[[35, 59, 49, 53], [71, 61, 21, 79], [6A, 5C, 73, 47], [39, 2D, 28, 69]]
5qj9Ya\-I!s(SyGi
Answer from Hex Matrix: 
[[35, 59, 49, 53], [71, 61, 21, 79], [6A, 5C, 73, 47], [39, 2D, 28, 69]]

54 64 61 2C 
34 25 51 28 
43 66 68 63 
6B 5D 65 34 
[[54, 64, 61, 2C], [34, 25, 51, 28], [43, 66, 68, 63], [6B, 5D, 65, 34]]
T4Ckd%f]aQhe,(c4
Answer from Hex Matrix: 
[[54, 64, 61, 2C], [34, 25, 51, 28], [43, 66, 68, 63], [6B, 5D, 65, 34]]

7A 2F 39 64 
34 32 2A 26 
4B 5F 63 2C 
70 6F 7D 3F 
[[7A, 2F, 39, 64], [34, 32, 2A, 26], [4B, 5F, 63, 2C], [70, 6F, 7D, 3F]]
z4Kp/2_o9*c}d&,?
Answer from Hex Matrix: 
[[7A, 2F, 39, 64], [34, 32, 2A, 26], [4B, 5F, 63, 2C], [70, 6F, 7D, 3F]]

2D 5A 26 31 
4B 2E 4A 5F 
5F 40 65 48 
57 29 27 39 
[[2D, 5A, 26, 31], [4B, 2E, 4A, 5F], [5F, 40, 65, 48], [57, 29, 27, 39]]
-K_WZ.@)&Je'1_H9
Answer from Hex Matrix: 
[[2D, 5A, 26, 31], [4B, 2E, 4A, 5F], [5F, 40, 65, 48], [57, 29, 27, 39]]

2D 46 50 53 
46 5F 59 75 
79 60 4C 79 
6C 2B 34 6C 
[[2D, 46, 50, 53], [46, 5F, 59, 75], [79, 60, 4C, 79], [6C, 2B, 34, 6C]]
-FylF_`+PYL4Suyl
Answer from Hex Matrix: 
[[2D, 46, 50, 53], [46, 5F, 59, 75], [79, 60, 4C, 79], [6C, 2B, 34, 6C]]

67 3E 5C 30 
4D 37 53 73 
34 4B 68 77 
65 54 52 44 
[[67, 3E, 5C, 30], [4D, 37, 53, 73], [34, 4B, 68, 77], [65, 54, 52, 44]]
gM4e>7KT\ShR0swD
Answer from Hex Matrix: 
[[67, 3E, 5C, 30], [4D, 37, 53, 73], [34, 4B, 68, 77], [65, 54, 52, 44]]

21 7C 4C 32 
21 49 4D 28 
6D 66 73 79 
7A 3D 57 58 
[[21, 7C, 4C, 32], [21, 49, 4D, 28], [6D, 66, 73, 79], [7A, 3D, 57, 58]]
!!mz|If=LMsW2(yX
Answer from Hex Matrix: 
[[21, 7C, 4C, 32], [21, 49, 4D, 28], [6D, 66, 73, 79], [7A, 3D, 57, 58]]

25 2C 3E 6D 
35 4F 74 71 
37 7D 57 7C 
63 44 61 67 
[[25, 2C, 3E, 6D], [35, 4F, 74, 71], [37, 7D, 57, 7C], [63, 44, 61, 67]]
%57c,O}D>tWamq|g
Answer from Hex Matrix: 
[[25, 2C, 3E, 6D], [35, 4F, 74, 71], [37, 7D, 57, 7C], [63, 44, 61, 67]]

51 5B 71 47 
3F 40 36 2B 
3A 44 52 27 
6B 28 41 5D 
[[51, 5B, 71, 47], [3F, 40, 36, 2B], [3A, 44, 52, 27], [6B, 28, 41, 5D]]
Q?:k[@D(q6RAG+']
Answer from Hex Matrix: 
[[51, 5B, 71, 47], [3F, 40, 36, 2B], [3A, 44, 52, 27], [6B, 28, 41, 5D]]

7C 3D 56 4B 
38 75 51 5D 
6C 4B 53 68 
43 28 2B 70 
[[7C, 3D, 56, 4B], [38, 75, 51, 5D], [6C, 4B, 53, 68], [43, 28, 2B, 70]]
|8lC=uK(VQS+K]hp
Answer from Hex Matrix: 
[[7C, 3D, 56, 4B], [38, 75, 51, 5D], [6C, 4B, 53, 68], [43, 28, 2B, 70]]

38 47 26 22 
51 50 49 2D 
3D 7D 57 7D 
76 58 6F 44 
[[38, 47, 26, 22], [51, 50, 49, 2D], [3D, 7D, 57, 7D], [76, 58, 6F, 44]]
8Q=vGP}X&IWo"-}D
Answer from Hex Matrix: 
[[38, 47, 26, 22], [51, 50, 49, 2D], [3D, 7D, 57, 7D], [76, 58, 6F, 44]]

21 75 5C 26 
57 6E 7D 54 
75 60 30 32 
62 47 7D 74 
[[21, 75, 5C, 26], [57, 6E, 7D, 54], [75, 60, 30, 32], [62, 47, 7D, 74]]
!Wubun`G\}0}&T2t
Answer from Hex Matrix: 
[[21, 75, 5C, 26], [57, 6E, 7D, 54], [75, 60, 30, 32], [62, 47, 7D, 74]]

68 6E 2A 33 
75 7D 75 50 
6B 5D 4A 6B 
62 7D 62 75 
[[68, 6E, 2A, 33], [75, 7D, 75, 50], [6B, 5D, 4A, 6B], [62, 7D, 62, 75]]
hukbn}]}*uJb3Pku
Answer from Hex Matrix: 
[[68, 6E, 2A, 33], [75, 7D, 75, 50], [6B, 5D, 4A, 6B], [62, 7D, 62, 75]]

7B 5F 37 37 
73 26 7A 60 
49 62 2B 2C 
66 47 2C 21 
[[7B, 5F, 37, 37], [73, 26, 7A, 60], [49, 62, 2B, 2C], [66, 47, 2C, 21]]
{sIf_&bG7z+,7`,!
Answer from Hex Matrix: 
[[7B, 5F, 37, 37], [73, 26, 7A, 60], [49, 62, 2B, 2C], [66, 47, 2C, 21]]

6E 37 30 43 
52 22 78 76 
2C 6A 6F 5E 
67 75 24 3C 
[[6E, 37, 30, 43], [52, 22, 78, 76], [2C, 6A, 6F, 5E], [67, 75, 24, 3C]]
nR,g7"ju0xo$Cv^<
Answer from Hex Matrix: 
[[6E, 37, 30, 43], [52, 22, 78, 76], [2C, 6A, 6F, 5E], [67, 75, 24, 3C]]

48 6A 75 69 
55 24 4B 2C 
3B 53 71 5A 
36 2A 58 60 
[[48, 6A, 75, 69], [55, 24, 4B, 2C], [3B, 53, 71, 5A], [36, 2A, 58, 60]]
HU;6j$S*uKqXi,Z`
Answer from Hex Matrix: 
[[48, 6A, 75, 69], [55, 24, 4B, 2C], [3B, 53, 71, 5A], [36, 2A, 58, 60]]

63 2F 42 73 
78 45 6B 41 
27 41 3C 38 
26 22 3B 48 
[[63, 2F, 42, 73], [78, 45, 6B, 41], [27, 41, 3C, 38], [26, 22, 3B, 48]]
cx'&/EA"Bk<;sA8H
Answer from Hex Matrix: 
[[63, 2F, 42, 73], [78, 45, 6B, 41], [27, 41, 3C, 38], [26, 22, 3B, 48]]

30 2D 6D 50 
2E 45 3A 28 
3E 3D 22 63 
74 3C 77 4C 
[[30, 2D, 6D, 50], [2E, 45, 3A, 28], [3E, 3D, 22, 63], [74, 3C, 77, 4C]]
0.>t-E=<m:"wP(cL
Answer from Hex Matrix: 
[[30, 2D, 6D, 50], [2E, 45, 3A, 28], [3E, 3D, 22, 63], [74, 3C, 77, 4C]]

65 34 45 39 
55 25 29 3B 
62 27 67 37 
3F 53 4C 45 
[[65, 34, 45, 39], [55, 25, 29, 3B], [62, 27, 67, 37], [3F, 53, 4C, 45]]
eUb?4%'SE)gL9;7E
Answer from Hex Matrix: 
[[65, 34, 45, 39], [55, 25, 29, 3B], [62, 27, 67, 37], [3F, 53, 4C, 45]]

39 2D 4D 5A 
71 40 79 6A 
4E 7C 59 7B 
29 21 5B 24 
[[39, 2D, 4D, 5A], [71, 40, 79, 6A], [4E, 7C, 59, 7B], [29, 21, 5B, 24]]
9qN)-@|!MyY[Zj{$
Answer from Hex Matrix: 
[[39, 2D, 4D, 5A], [71, 40, 79, 6A], [4E, 7C, 59, 7B], [29, 21, 5B, 24]]

3B 4B 7A 2B 
46 32 6D 69 
3B 58 61 4C 
75 21 4C 3C 
[[3B, 4B, 7A, 2B], [46, 32, 6D, 69], [3B, 58, 61, 4C], [75, 21, 4C, 3C]]
;F;uK2X!zmaL+iL<
Answer from Hex Matrix: 
[[3B, 4B, 7A, 2B], [46, 32, 6D, 69], [3B, 58, 61, 4C], [75, 21, 4C, 3C]]

76 68 4F 2B 
23 67 72 75 
58 55 31 2C 
25 42 22 2A 
[[76, 68, 4F, 2B], [23, 67, 72, 75], [58, 55, 31, 2C], [25, 42, 22, 2A]]
v#X%hgUBOr1"+u,*
Answer from Hex Matrix: 
[[76, 68, 4F, 2B], [23, 67, 72, 75], [58, 55, 31, 2C], [25, 42, 22, 2A]]

44 75 5F 2D 
73 40 43 45 
54 77 29 65 
22 6D 5B 5E 
[[44, 75, 5F, 2D], [73, 40, 43, 45], [54, 77, 29, 65], [22, 6D, 5B, 5E]]
DsT"u@wm_C)[-Ee^
Answer from Hex Matrix: 
[[44, 75, 5F, 2D], [73, 40, 43, 45], [54, 77, 29, 65], [22, 6D, 5B, 5E]]

30 62 75 61 
67 5D 3D 31 
45 3B 51 7A 
71 3D 26 59 
[[30, 62, 75, 61], [67, 5D, 3D, 31], [45, 3B, 51, 7A], [71, 3D, 26, 59]]
0gEqb];=u=Q&a1zY
Answer from Hex Matrix: 
[[30, 62, 75, 61], [67, 5D, 3D, 31], [45, 3B, 51, 7A], [71, 3D, 26, 59]]

7B 73 47 25 
60 2E 41 7B 
44 23 22 3C 
60 2D 3D 75 
[[7B, 73, 47, 25], [60, 2E, 41, 7B], [44, 23, 22, 3C], [60, 2D, 3D, 75]]
{`D`s.#-GA"=%{<u
Answer from Hex Matrix: 
[[7B, 73, 47, 25], [60, 2E, 41, 7B], [44, 23, 22, 3C], [60, 2D, 3D, 75]]

54 25 55 69 
3E 60 6B 42 
6C 79 43 3F 
62 3C 2E 53 
[[54, 25, 55, 69], [3E, 60, 6B, 42], [6C, 79, 43, 3F], [62, 3C, 2E, 53]]
T>lb%`y<UkC.iB?S
Answer from Hex Matrix: 
[[54, 25, 55, 69], [3E, 60, 6B, 42], [6C, 79, 43, 3F], [62, 3C, 2E, 53]]

36 6E 62 2C 
28 5B 43 73 
60 5A 65 5A 
5E 70 47 59 
[[36, 6E, 62, 2C], [28, 5B, 43, 73], [60, 5A, 65, 5A], [5E, 70, 47, 59]]
6(`^n[ZpbCeG,sZY
Answer from Hex Matrix: 
[[36, 6E, 62, 2C], [28, 5B, 43, 73], [60, 5A, 65, 5A], [5E, 70, 47, 59]]

5B 53 7D 2E 
49 60 47 2C 
22 61 22 55 
79 32 5A 55 
[[5B, 53, 7D, 2E], [49, 60, 47, 2C], [22, 61, 22, 55], [79, 32, 5A, 55]]
[I"yS`a2}G"Z.,UU
Answer from Hex Matrix: 
[[5B, 53, 7D, 2E], [49, 60, 47, 2C], [22, 61, 22, 55], [79, 32, 5A, 55]]

51 51 78 47 
4A 6A 4D 7D 
36 32 4B 30 
46 3C 60 5B 
[[51, 51, 78, 47], [4A, 6A, 4D, 7D], [36, 32, 4B, 30], [46, 3C, 60, 5B]]
QJ6FQj2<xMK`G}0[
Answer from Hex Matrix: 
[[51, 51, 78, 47], [4A, 6A, 4D, 7D], [36, 32, 4B, 30], [46, 3C, 60, 5B]]

47 48 56 24 
4C 54 26 35 
77 61 4B 35 
5D 28 6C 39 
[[47, 48, 56, 24], [4C, 54, 26, 35], [77, 61, 4B, 35], [5D, 28, 6C, 39]]
GLw]HTa(V&Kl$559
Answer from Hex Matrix: 
[[47, 48, 56, 24], [4C, 54, 26, 35], [77, 61, 4B, 35], [5D, 28, 6C, 39]]

32 6C 46 7A 
51 34 63 3A 
46 3C 78 23 
60 47 41 3E 
[[32, 6C, 46, 7A], [51, 34, 63, 3A], [46, 3C, 78, 23], [60, 47, 41, 3E]]
2QF`l4<GFcxAz:#>
Answer from Hex Matrix: 
[[32, 6C, 46, 7A], [51, 34, 63, 3A], [46, 3C, 78, 23], [60, 47, 41, 3E]]

59 3C 3A 31 
4D 44 68 2D 
73 60 73 6D 
59 28 2F 26 
[[59, 3C, 3A, 31], [4D, 44, 68, 2D], [73, 60, 73, 6D], [59, 28, 2F, 26]]
YMsY<D`(:hs/1-m&
Answer from Hex Matrix: 
[[59, 3C, 3A, 31], [4D, 44, 68, 2D], [73, 60, 73, 6D], [59, 28, 2F, 26]]

3F 65 71 62 
66 42 5A 5E 
3B 47 2C 50 
2D 32 48 70 
[[3F, 65, 71, 62], [66, 42, 5A, 5E], [3B, 47, 2C, 50], [2D, 32, 48, 70]]
?f;-eBG2qZ,Hb^Pp
Answer from Hex Matrix: 
[[3F, 65, 71, 62], [66, 42, 5A, 5E], [3B, 47, 2C, 50], [2D, 32, 48, 70]]

65 73 40 60 
5D 7A 3A 73 
35 6A 32 59 
4A 38 37 2E 
[[65, 73, 40, 60], [5D, 7A, 3A, 73], [35, 6A, 32, 59], [4A, 38, 37, 2E]]
e]5Jszj8@:27`sY.
Answer from Hex Matrix: 
[[65, 73, 40, 60], [5D, 7A, 3A, 73], [35, 6A, 32, 59], [4A, 38, 37, 2E]]

58 4E 5C 70 
55 61 71 4B 
56 70 79 27 
2B 51 2E 5A 
[[58, 4E, 5C, 70], [55, 61, 71, 4B], [56, 70, 79, 27], [2B, 51, 2E, 5A]]
XUV+NapQ\qy.pK'Z
Answer from Hex Matrix: 
[[58, 4E, 5C, 70], [55, 61, 71, 4B], [56, 70, 79, 27], [2B, 51, 2E, 5A]]

6B 22 37 2F 
6E 34 3E 56 
58 34 78 38 
38 32 6B 64 
[[6B, 22, 37, 2F], [6E, 34, 3E, 56], [58, 34, 78, 38], [38, 32, 6B, 64]]
knX8"4427>xk/V8d
Answer from Hex Matrix: 
[[6B, 22, 37, 2F], [6E, 34, 3E, 56], [58, 34, 78, 38], [38, 32, 6B, 64]]

41 6A 7A 6C 
61 66 78 4A 
5E 78 38 55 
27 3B 6C 39 
[[41, 6A, 7A, 6C], [61, 66, 78, 4A], [5E, 78, 38, 55], [27, 3B, 6C, 39]]
Aa^'jfx;zx8llJU9
Answer from Hex Matrix: 
[[41, 6A, 7A, 6C], [61, 66, 78, 4A], [5E, 78, 38, 55], [27, 3B, 6C, 39]]

63 4F 3C 23 
75 45 65 69 
2C 7A 34 40 
67 22 23 57 
[[63, 4F, 3C, 23], [75, 45, 65, 69], [2C, 7A, 34, 40], [67, 22, 23, 57]]
cu,gOEz"<e4##i@W
Answer from Hex Matrix: 
[[63, 4F, 3C, 23], [75, 45, 65, 69], [2C, 7A, 34, 40], [67, 22, 23, 57]]

6D 7B 6E 24 
41 45 6F 76 
30 5B 49 3C 
57 4A 54 6A 
[[6D, 7B, 6E, 24], [41, 45, 6F, 76], [30, 5B, 49, 3C], [57, 4A, 54, 6A]]
mA0W{E[JnoIT$v<j
Answer from Hex Matrix: 
[[6D, 7B, 6E, 24], [41, 45, 6F, 76], [30, 5B, 49, 3C], [57, 4A, 54, 6A]]

5D 4A 72 4F 
41 64 5A 6E 
4B 46 50 37 
74 50 2E 25 
[[5D, 4A, 72, 4F], [41, 64, 5A, 6E], [4B, 46, 50, 37], [74, 50, 2E, 25]]
]AKtJdFPrZP.On7%
Answer from Hex Matrix: 
[[5D, 4A, 72, 4F], [41, 64, 5A, 6E], [4B, 46, 50, 37], [74, 50, 2E, 25]]

57 6A 6F 54 
6D 60 6A 30 
51 29 2B 67 
32 5D 28 33 
[[57, 6A, 6F, 54], [6D, 60, 6A, 30], [51, 29, 2B, 67], [32, 5D, 28, 33]]
WmQ2j`)]oj+(T0g3
Answer from Hex Matrix: 
[[57, 6A, 6F, 54], [6D, 60, 6A, 30], [51, 29, 2B, 67], [32, 5D, 28, 33]]

3A 70 74 6E 
78 55 69 34 
48 39 53 69 
71 77 5C 51 
[[3A, 70, 74, 6E], [78, 55, 69, 34], [48, 39, 53, 69], [71, 77, 5C, 51]]
:xHqpU9wtiS\n4iQ
Answer from Hex Matrix: 
[[3A, 70, 74, 6E], [78, 55, 69, 34], [48, 39, 53, 69], [71, 77, 5C, 51]]

4A 7C 64 23 
5C 5E 6D 48 
69 33 32 5B 
43 4F 71 31 
[[4A, 7C, 64, 23], [5C, 5E, 6D, 48], [69, 33, 32, 5B], [43, 4F, 71, 31]]
J\iC|^3Odm2q#H[1
Answer from Hex Matrix: 
[[4A, 7C, 64, 23], [5C, 5E, 6D, 48], [69, 33, 32, 5B], [43, 4F, 71, 31]]

71 22 5D 2B 
27 7D 5F 55 
27 59 3D 25 
4F 6E 4B 32 
[[71, 22, 5D, 2B], [27, 7D, 5F, 55], [27, 59, 3D, 25], [4F, 6E, 4B, 32]]
q''O"}Yn]_=K+U%2
Answer from Hex Matrix: 
[[71, 22, 5D, 2B], [27, 7D, 5F, 55], [27, 59, 3D, 25], [4F, 6E, 4B, 32]]

34 25 2A 4C 
57 7C 62 47 
52 2D 7A 5E 
79 2E 30 4B 
[[34, 25, 2A, 4C], [57, 7C, 62, 47], [52, 2D, 7A, 5E], [79, 2E, 30, 4B]]
4WRy%|-.*bz0LG^K
Answer from Hex Matrix: 
[[34, 25, 2A, 4C], [57, 7C, 62, 47], [52, 2D, 7A, 5E], [79, 2E, 30, 4B]]

28 6D 49 37 
7C 38 22 44 
55 64 7D 67 
50 40 67 39 
[[28, 6D, 49, 37], [7C, 38, 22, 44], [55, 64, 7D, 67], [50, 40, 67, 39]]
(|UPm8d@I"}g7Dg9
Answer from Hex Matrix: 
[[28, 6D, 49, 37], [7C, 38, 22, 44], [55, 64, 7D, 67], [50, 40, 67, 39]]

5A 36 42 7C 
59 75 55 76 
6E 3D 74 2D 
7D 5D 46 2F 
[[5A, 36, 42, 7C], [59, 75, 55, 76], [6E, 3D, 74, 2D], [7D, 5D, 46, 2F]]
ZYn}6u=]BUtF|v-/
Answer from Hex Matrix: 
[[5A, 36, 42, 7C], [59, 75, 55, 76], [6E, 3D, 74, 2D], [7D, 5D, 46, 2F]]

5E 2E 77 2B 
31 66 24 57 
58 7D 5E 25 
67 2E 6D 72 
[[5E, 2E, 77, 2B], [31, 66, 24, 57], [58, 7D, 5E, 25], [67, 2E, 6D, 72]]
^1Xg.f}.w$^m+W%r
Answer from Hex Matrix: 
[[5E, 2E, 77, 2B], [31, 66, 24, 57], [58, 7D, 5E, 25], [67, 2E, 6D, 72]]

3E 71 2E 24 
30 79 2F 2B 
7A 6B 65 3A 
44 45 58 4B 
[[3E, 71, 2E, 24], [30, 79, 2F, 2B], [7A, 6B, 65, 3A], [44, 45, 58, 4B]]
>0zDqykE./eX$+:K
Answer from Hex Matrix: 
[[3E, 71, 2E, 24], [30, 79, 2F, 2B], [7A, 6B, 65, 3A], [44, 45, 58, 4B]]

45 3C 36 77 
50 66 22 26 
54 2B 69 5C 
59 3C 70 65 
[[45, 3C, 36, 77], [50, 66, 22, 26], [54, 2B, 69, 5C], [59, 3C, 70, 65]]
EPTY<f+<6"ipw&\e
Answer from Hex Matrix: 
[[45, 3C, 36, 77], [50, 66, 22, 26], [54, 2B, 69, 5C], [59, 3C, 70, 65]]

37 70 4B 78 
5A 2C 42 4A 
65 73 34 7B 
76 60 28 3D 
[[37, 70, 4B, 78], [5A, 2C, 42, 4A], [65, 73, 34, 7B], [76, 60, 28, 3D]]
7Zevp,s`KB4(xJ{=
Answer from Hex Matrix: 
[[37, 70, 4B, 78], [5A, 2C, 42, 4A], [65, 73, 34, 7B], [76, 60, 28, 3D]]

28 45 61 67 
65 29 3C 3D 
62 5D 4E 38 
6F 4C 76 27 
[[28, 45, 61, 67], [65, 29, 3C, 3D], [62, 5D, 4E, 38], [6F, 4C, 76, 27]]
(eboE)]La<Nvg=8'
Answer from Hex Matrix: 
[[28, 45, 61, 67], [65, 29, 3C, 3D], [62, 5D, 4E, 38], [6F, 4C, 76, 27]]

2A 25 74 27 
48 5A 42 33 
5B 4D 62 64 
63 56 59 5D 
[[2A, 25, 74, 27], [48, 5A, 42, 33], [5B, 4D, 62, 64], [63, 56, 59, 5D]]
*H[c%ZMVtBbY'3d]
Answer from Hex Matrix: 
[[2A, 25, 74, 27], [48, 5A, 42, 33], [5B, 4D, 62, 64], [63, 56, 59, 5D]]

74 2C 3A 6A 
43 66 25 73 
6D 55 38 53 
2F 76 5C 6F 
[[74, 2C, 3A, 6A], [43, 66, 25, 73], [6D, 55, 38, 53], [2F, 76, 5C, 6F]]
tCm/,fUv:%8\jsSo
Answer from Hex Matrix: 
[[74, 2C, 3A, 6A], [43, 66, 25, 73], [6D, 55, 38, 53], [2F, 76, 5C, 6F]]

63 41 48 78 
3F 51 39 5D 
6D 64 4E 29 
6C 4B 74 27 
[[63, 41, 48, 78], [3F, 51, 39, 5D], [6D, 64, 4E, 29], [6C, 4B, 74, 27]]
c?mlAQdKH9Ntx])'
Answer from Hex Matrix: 
[[63, 41, 48, 78], [3F, 51, 39, 5D], [6D, 64, 4E, 29], [6C, 4B, 74, 27]]

5F 22 79 64 
7B 62 4B 69 
7C 51 5F 5A 
5F 6C 28 30 
[[5F, 22, 79, 64], [7B, 62, 4B, 69], [7C, 51, 5F, 5A], [5F, 6C, 28, 30]]
_{|_"bQlyK_(diZ0
Answer from Hex Matrix: 
[[5F, 22, 79, 64], [7B, 62, 4B, 69], [7C, 51, 5F, 5A], [5F, 6C, 28, 30]]

6B 21 56 65 
21 33 29 7B 
2A 63 60 45 
3B 34 55 2A 
[[6B, 21, 56, 65], [21, 33, 29, 7B], [2A, 63, 60, 45], [3B, 34, 55, 2A]]
k!*;!3c4V)`Ue{E*
Answer from Hex Matrix: 
[[6B, 21, 56, 65], [21, 33, 29, 7B], [2A, 63, 60, 45], [3B, 34, 55, 2A]]

78 68 21 26 
28 61 58 47 
4D 74 4A 5A 
73 41 72 2F 
[[78, 68, 21, 26], [28, 61, 58, 47], [4D, 74, 4A, 5A], [73, 41, 72, 2F]]
x(MshatA!XJr&GZ/
Answer from Hex Matrix: 
[[78, 68, 21, 26], [28, 61, 58, 47], [4D, 74, 4A, 5A], [73, 41, 72, 2F]]

51 73 3B 7D 
42 4F 50 5A 
22 78 4A 5C 
26 3F 23 5E 
[[51, 73, 3B, 7D], [42, 4F, 50, 5A], [22, 78, 4A, 5C], [26, 3F, 23, 5E]]
QB"&sOx?;PJ#}Z\^
Answer from Hex Matrix: 
[[51, 73, 3B, 7D], [42, 4F, 50, 5A], [22, 78, 4A, 5C], [26, 3F, 23, 5E]]

71 76 26 34 
53 66 46 3E 
62 78 6A 60 
46 49 26 6A 
[[71, 76, 26, 34], [53, 66, 46, 3E], [62, 78, 6A, 60], [46, 49, 26, 6A]]
qSbFvfxI&Fj&4>`j
Answer from Hex Matrix: 
[[71, 76, 26, 34], [53, 66, 46, 3E], [62, 78, 6A, 60], [46, 49, 26, 6A]]

3A 2B 28 2D 
6E 52 4F 71 
35 50 62 3E 
45 7A 3A 33 
[[3A, 2B, 28, 2D], [6E, 52, 4F, 71], [35, 50, 62, 3E], [45, 7A, 3A, 33]]
:n5E+RPz(Ob:-q>3
Answer from Hex Matrix: 
[[3A, 2B, 28, 2D], [6E, 52, 4F, 71], [35, 50, 62, 3E], [45, 7A, 3A, 33]]

72 6E 34 46 
6F 4B 41 50 
4B 31 2A 23 
63 5A 23 40 
[[72, 6E, 34, 46], [6F, 4B, 41, 50], [4B, 31, 2A, 23], [63, 5A, 23, 40]]
roKcnK1Z4A*#FP#@
Answer from Hex Matrix: 
[[72, 6E, 34, 46], [6F, 4B, 41, 50], [4B, 31, 2A, 23], [63, 5A, 23, 40]]

64 30 4B 50 
32 65 46 45 
35 50 46 46 
44 49 4B 73 
[[64, 30, 4B, 50], [32, 65, 46, 45], [35, 50, 46, 46], [44, 49, 4B, 73]]
d25D0ePIKFFKPEFs
Answer from Hex Matrix: 
[[64, 30, 4B, 50], [32, 65, 46, 45], [35, 50, 46, 46], [44, 49, 4B, 73]]

6A 39 63 62 
54 36 54 4C 
7D 5E 49 4E 
29 61 5A 65 
[[6A, 39, 63, 62], [54, 36, 54, 4C], [7D, 5E, 49, 4E], [29, 61, 5A, 65]]
jT})96^acTIZbLNe
Answer from Hex Matrix: 
[[6A, 39, 63, 62], [54, 36, 54, 4C], [7D, 5E, 49, 4E], [29, 61, 5A, 65]]

34 2A 70 72 
2D 73 6E 48 
3D 7A 43 59 
56 2A 2C 7A 
[[34, 2A, 70, 72], [2D, 73, 6E, 48], [3D, 7A, 43, 59], [56, 2A, 2C, 7A]]
4-=V*sz*pnC,rHYz
Answer from Hex Matrix: 
[[34, 2A, 70, 72], [2D, 73, 6E, 48], [3D, 7A, 43, 59], [56, 2A, 2C, 7A]]

6C 36 53 5D 
29 3C 47 7B 
3C 6A 47 7B 
69 26 5B 54 
[[6C, 36, 53, 5D], [29, 3C, 47, 7B], [3C, 6A, 47, 7B], [69, 26, 5B, 54]]
l)<i6<j&SGG[]{{T
Answer from Hex Matrix: 
[[6C, 36, 53, 5D], [29, 3C, 47, 7B], [3C, 6A, 47, 7B], [69, 26, 5B, 54]]

6A 74 3A 3D 
2D 31 43 61 
54 6B 5C 75 
38 27 67 67 
[[6A, 74, 3A, 3D], [2D, 31, 43, 61], [54, 6B, 5C, 75], [38, 27, 67, 67]]
j-T8t1k':C\g=aug
Answer from Hex Matrix: 
[[6A, 74, 3A, 3D], [2D, 31, 43, 61], [54, 6B, 5C, 75], [38, 27, 67, 67]]

72 25 6A 58 
61 68 39 77 
39 68 6B 61 
5E 46 59 2C 
[[72, 25, 6A, 58], [61, 68, 39, 77], [39, 68, 6B, 61], [5E, 46, 59, 2C]]
ra9^%hhFj9kYXwa,
Answer from Hex Matrix: 
[[72, 25, 6A, 58], [61, 68, 39, 77], [39, 68, 6B, 61], [5E, 46, 59, 2C]]

50 27 3B 63 
5B 45 69 4D 
43 5C 59 71 
3B 6C 6A 6D 
[[50, 27, 3B, 63], [5B, 45, 69, 4D], [43, 5C, 59, 71], [3B, 6C, 6A, 6D]]
P[C;'E\l;iYjcMqm
Answer from Hex Matrix: 
[[50, 27, 3B, 63], [5B, 45, 69, 4D], [43, 5C, 59, 71], [3B, 6C, 6A, 6D]]

2A 24 2F 44 
48 67 24 4A 
6F 5D 21 2A 
29 2A 59 51 
[[2A, 24, 2F, 44], [48, 67, 24, 4A], [6F, 5D, 21, 2A], [29, 2A, 59, 51]]
*Ho)$g]*/$!YDJ*Q
Answer from Hex Matrix: 
[[2A, 24, 2F, 44], [48, 67, 24, 4A], [6F, 5D, 21, 2A], [29, 2A, 59, 51]]

32 78 2B 66 
7D 7A 64 5B 
4A 49 27 6E 
59 54 46 2C 
[[32, 78, 2B, 66], [7D, 7A, 64, 5B], [4A, 49, 27, 6E], [59, 54, 46, 2C]]
2}JYxzIT+d'Ff[n,
Answer from Hex Matrix: 
[[32, 78, 2B, 66], [7D, 7A, 64, 5B], [4A, 49, 27, 6E], [59, 54, 46, 2C]]

4A 79 5A 72 
78 41 63 21 
6F 71 6C 4F 
7D 63 28 2D 
[[4A, 79, 5A, 72], [78, 41, 63, 21], [6F, 71, 6C, 4F], [7D, 63, 28, 2D]]
Jxo}yAqcZcl(r!O-
Answer from Hex Matrix: 
[[4A, 79, 5A, 72], [78, 41, 63, 21], [6F, 71, 6C, 4F], [7D, 63, 28, 2D]]

2B 76 2B 68 
36 66 64 2B 
6A 3A 65 30 
60 29 33 6F 
[[2B, 76, 2B, 68], [36, 66, 64, 2B], [6A, 3A, 65, 30], [60, 29, 33, 6F]]
+6j`vf:)+de3h+0o
Answer from Hex Matrix: 
[[2B, 76, 2B, 68], [36, 66, 64, 2B], [6A, 3A, 65, 30], [60, 29, 33, 6F]]

48 52 27 39 
51 2F 2A 59 
40 66 45 48 
52 59 4D 2E 
[[48, 52, 27, 39], [51, 2F, 2A, 59], [40, 66, 45, 48], [52, 59, 4D, 2E]]
HQ@RR/fY'*EM9YH.
Answer from Hex Matrix: 
[[48, 52, 27, 39], [51, 2F, 2A, 59], [40, 66, 45, 48], [52, 59, 4D, 2E]]

4D 4F 23 74 
4F 50 2D 7C 
3D 57 7A 3D 
50 3D 22 3B 
[[4D, 4F, 23, 74], [4F, 50, 2D, 7C], [3D, 57, 7A, 3D], [50, 3D, 22, 3B]]
MO=POPW=#-z"t|=;
Answer from Hex Matrix: 
[[4D, 4F, 23, 74], [4F, 50, 2D, 7C], [3D, 57, 7A, 3D], [50, 3D, 22, 3B]]

40 61 57 59 
59 72 51 30 
4B 32 25 3A 
6C 54 40 70 
[[40, 61, 57, 59], [59, 72, 51, 30], [4B, 32, 25, 3A], [6C, 54, 40, 70]]
@YKlar2TWQ%@Y0:p
Answer from Hex Matrix: 
[[40, 61, 57, 59], [59, 72, 51, 30], [4B, 32, 25, 3A], [6C, 54, 40, 70]]

3B 2A 2E 28 
23 6C 6B 5E 
40 56 54 41 
75 35 31 79 
[[3B, 2A, 2E, 28], [23, 6C, 6B, 5E], [40, 56, 54, 41], [75, 35, 31, 79]]
;#@u*lV5.kT1(^Ay
Answer from Hex Matrix: 
[[3B, 2A, 2E, 28], [23, 6C, 6B, 5E], [40, 56, 54, 41], [75, 35, 31, 79]]

44 79 3C 31 
35 2F 3F 77 
4B 3E 2B 27 
3A 76 3A 57 
[[44, 79, 3C, 31], [35, 2F, 3F, 77], [4B, 3E, 2B, 27], [3A, 76, 3A, 57]]
D5K:y/>v<?+:1w'W
Answer from Hex Matrix: 
[[44, 79, 3C, 31], [35, 2F, 3F, 77], [4B, 3E, 2B, 27], [3A, 76, 3A, 57]]

2D 78 30 41 
79 5C 24 3C 
7B 40 24 35 
30 41 7C 79 
[[2D, 78, 30, 41], [79, 5C, 24, 3C], [7B, 40, 24, 35], [30, 41, 7C, 79]]
-y{0x\@A0$$|A<5y
Answer from Hex Matrix: 
[[2D, 78, 30, 41], [79, 5C, 24, 3C], [7B, 40, 24, 35], [30, 41, 7C, 79]]

4B 57 74 22 
32 36 36 6C 
74 3D 59 36 
78 73 45 3D 
[[4B, 57, 74, 22], [32, 36, 36, 6C], [74, 3D, 59, 36], [78, 73, 45, 3D]]
K2txW6=st6YE"l6=
Answer from Hex Matrix: 
[[4B, 57, 74, 22], [32, 36, 36, 6C], [74, 3D, 59, 36], [78, 73, 45, 3D]]

5F 63 64 48 
7A 70 57 65 
3E 47 56 5A 
61 6B 3C 30 
[[5F, 63, 64, 48], [7A, 70, 57, 65], [3E, 47, 56, 5A], [61, 6B, 3C, 30]]
_z>acpGkdWV<HeZ0
Answer from Hex Matrix: 
[[5F, 63, 64, 48], [7A, 70, 57, 65], [3E, 47, 56, 5A], [61, 6B, 3C, 30]]

70 56 52 71 
72 3F 4F 58 
50 4E 75 44 
39 5D 3C 3B 
[[70, 56, 52, 71], [72, 3F, 4F, 58], [50, 4E, 75, 44], [39, 5D, 3C, 3B]]
prP9V?N]ROu<qXD;
Answer from Hex Matrix: 
[[70, 56, 52, 71], [72, 3F, 4F, 58], [50, 4E, 75, 44], [39, 5D, 3C, 3B]]

6B 37 36 30 
25 3F 22 3F 
39 67 54 33 
52 3B 74 59 
[[6B, 37, 36, 30], [25, 3F, 22, 3F], [39, 67, 54, 33], [52, 3B, 74, 59]]
k%9R7?g;6"Tt0?3Y
Answer from Hex Matrix: 
[[6B, 37, 36, 30], [25, 3F, 22, 3F], [39, 67, 54, 33], [52, 3B, 74, 59]]

21 6D 4A 2D 
2C 63 52 45 
63 59 3B 36 
32 34 44 3E 
[[21, 6D, 4A, 2D], [2C, 63, 52, 45], [63, 59, 3B, 36], [32, 34, 44, 3E]]
!,c2mcY4JR;D-E6>
Answer from Hex Matrix: 
[[21, 6D, 4A, 2D], [2C, 63, 52, 45], [63, 59, 3B, 36], [32, 34, 44, 3E]]

65 40 7C 4A 
2A 4D 66 5C 
5F 41 69 6C 
6F 43 6D 46 
[[65, 40, 7C, 4A], [2A, 4D, 66, 5C], [5F, 41, 69, 6C], [6F, 43, 6D, 46]]
e*_o@MAC|fimJ\lF
Answer from Hex Matrix: 
[[65, 40, 7C, 4A], [2A, 4D, 66, 5C], [5F, 41, 69, 6C], [6F, 43, 6D, 46]]

40 4C 2D 48 
36 51 39 5C 
28 65 3A 61 
70 45 6E 62 
[[40, 4C, 2D, 48], [36, 51, 39, 5C], [28, 65, 3A, 61], [70, 45, 6E, 62]]
@6(pLQeE-9:nH\ab
Answer from Hex Matrix: 
[[40, 4C, 2D, 48], [36, 51, 39, 5C], [28, 65, 3A, 61], [70, 45, 6E, 62]]

5D 68 3E 2F 
3B 56 79 56 
7C 2C 5D 21 
2F 78 52 26 
[[5D, 68, 3E, 2F], [3B, 56, 79, 56], [7C, 2C, 5D, 21], [2F, 78, 52, 26]]
];|/hV,x>y]R/V!&
Answer from Hex Matrix: 
[[5D, 68, 3E, 2F], [3B, 56, 79, 56], [7C, 2C, 5D, 21], [2F, 78, 52, 26]]

46 50 5F 5D 
65 64 6D 68 
40 3A 77 36 
53 42 70 5E 
[[46, 50, 5F, 5D], [65, 64, 6D, 68], [40, 3A, 77, 36], [53, 42, 70, 5E]]
Fe@SPd:B_mwp]h6^
Answer from Hex Matrix: 
[[46, 50, 5F, 5D], [65, 64, 6D, 68], [40, 3A, 77, 36], [53, 42, 70, 5E]]

5D 6D 72 30 
53 64 65 27 
4D 36 3C 61 
32 79 45 51 
[[5D, 6D, 72, 30], [53, 64, 65, 27], [4D, 36, 3C, 61], [32, 79, 45, 51]]
]SM2md6yre<E0'aQ
Answer from Hex Matrix: 
[[5D, 6D, 72, 30], [53, 64, 65, 27], [4D, 36, 3C, 61], [32, 79, 45, 51]]

45 6C 30 2F 
5F 70 2E 73 
44 37 76 50 
67 57 6D 62 
[[45, 6C, 30, 2F], [5F, 70, 2E, 73], [44, 37, 76, 50], [67, 57, 6D, 62]]
E_Dglp7W0.vm/sPb
Answer from Hex Matrix: 
[[45, 6C, 30, 2F], [5F, 70, 2E, 73], [44, 37, 76, 50], [67, 57, 6D, 62]]

37 6F 5E 3E 
46 27 67 6A 
7A 3C 4E 3C 
66 27 68 32 
[[37, 6F, 5E, 3E], [46, 27, 67, 6A], [7A, 3C, 4E, 3C], [66, 27, 68, 32]]
7Fzfo'<'^gNh>j<2
Answer from Hex Matrix: 
[[37, 6F, 5E, 3E], [46, 27, 67, 6A], [7A, 3C, 4E, 3C], [66, 27, 68, 32]]

4E 31 59 3D 
6B 33 6B 55 
69 4F 2A 46 
67 4C 30 3D 
[[4E, 31, 59, 3D], [6B, 33, 6B, 55], [69, 4F, 2A, 46], [67, 4C, 30, 3D]]
Nkig13OLYk*0=UF=
Answer from Hex Matrix: 
[[4E, 31, 59, 3D], [6B, 33, 6B, 55], [69, 4F, 2A, 46], [67, 4C, 30, 3D]]

63 5D 37 7B 
21 46 6F 66 
3A 25 71 48 
36 7A 21 65 
[[63, 5D, 37, 7B], [21, 46, 6F, 66], [3A, 25, 71, 48], [36, 7A, 21, 65]]
c!:6]F%z7oq!{fHe
Answer from Hex Matrix: 
[[63, 5D, 37, 7B], [21, 46, 6F, 66], [3A, 25, 71, 48], [36, 7A, 21, 65]]

2B 3F 4E 40 
64 44 52 22 
25 76 53 6E 
29 31 4D 22 
[[2B, 3F, 4E, 40], [64, 44, 52, 22], [25, 76, 53, 6E], [29, 31, 4D, 22]]
+d%)?Dv1NRSM@"n"
Answer from Hex Matrix: 
[[2B, 3F, 4E, 40], [64, 44, 52, 22], [25, 76, 53, 6E], [29, 31, 4D, 22]]

3F 71 24 7C 
54 47 47 78 
2D 5F 7B 6B 
5D 50 2F 27 
[[3F, 71, 24, 7C], [54, 47, 47, 78], [2D, 5F, 7B, 6B], [5D, 50, 2F, 27]]
?T-]qG_P$G{/|xk'
Answer from Hex Matrix: 
[[3F, 71, 24, 7C], [54, 47, 47, 78], [2D, 5F, 7B, 6B], [5D, 50, 2F, 27]]

52 56 2E 5E 
40 6C 3D 72 
39 3C 28 38 
2F 49 5C 51 
[[52, 56, 2E, 5E], [40, 6C, 3D, 72], [39, 3C, 28, 38], [2F, 49, 5C, 51]]
R@9/Vl<I.=(\^r8Q
Answer from Hex Matrix: 
[[52, 56, 2E, 5E], [40, 6C, 3D, 72], [39, 3C, 28, 38], [2F, 49, 5C, 51]]

24 27 59 31 
32 6F 6C 7B 
23 49 76 37 
22 54 52 35 
[[24, 27, 59, 31], [32, 6F, 6C, 7B], [23, 49, 76, 37], [22, 54, 52, 35]]
$2#"'oITYlvR1{75
Answer from Hex Matrix: 
[[24, 27, 59, 31], [32, 6F, 6C, 7B], [23, 49, 76, 37], [22, 54, 52, 35]]

4D 2F 73 32 
28 59 74 66 
35 5E 22 39 
40 79 7A 5A 
[[4D, 2F, 73, 32], [28, 59, 74, 66], [35, 5E, 22, 39], [40, 79, 7A, 5A]]
M(5@/Y^yst"z2f9Z
Answer from Hex Matrix: 
[[4D, 2F, 73, 32], [28, 59, 74, 66], [35, 5E, 22, 39], [40, 79, 7A, 5A]]

31 43 75 23 
30 47 77 23 
2A 25 69 25 
56 6B 26 2E 
[[31, 43, 75, 23], [30, 47, 77, 23], [2A, 25, 69, 25], [56, 6B, 26, 2E]]
10*VCG%kuwi&##%.
Answer from Hex Matrix: 
[[31, 43, 75, 23], [30, 47, 77, 23], [2A, 25, 69, 25], [56, 6B, 26, 2E]]

36 5D 48 37 
5B 5D 63 61 
2F 53 28 43 
79 76 25 47 
[[36, 5D, 48, 37], [5B, 5D, 63, 61], [2F, 53, 28, 43], [79, 76, 25, 47]]
6[/y]]SvHc(%7aCG
Answer from Hex Matrix: 
[[36, 5D, 48, 37], [5B, 5D, 63, 61], [2F, 53, 28, 43], [79, 76, 25, 47]]

65 71 60 66 
25 23 7B 6A 
6F 35 65 4F 
38 70 34 55 
[[65, 71, 60, 66], [25, 23, 7B, 6A], [6F, 35, 65, 4F], [38, 70, 34, 55]]
e%o8q#5p`{e4fjOU
Answer from Hex Matrix: 
[[65, 71, 60, 66], [25, 23, 7B, 6A], [6F, 35, 65, 4F], [38, 70, 34, 55]]

3B 5E 3C 60 
27 57 52 6B 
72 66 73 62 
48 3E 70 3C 
[[3B, 5E, 3C, 60], [27, 57, 52, 6B], [72, 66, 73, 62], [48, 3E, 70, 3C]]
;'rH^Wf><Rsp`kb<
Answer from Hex Matrix: 
[[3B, 5E, 3C, 60], [27, 57, 52, 6B], [72, 66, 73, 62], [48, 3E, 70, 3C]]

77 62 66 3E 
3B 70 35 37 
24 49 2F 33 
69 63 39 29 
[[77, 62, 66, 3E], [3B, 70, 35, 37], [24, 49, 2F, 33], [69, 63, 39, 29]]
w;$ibpIcf5/9>73)
Answer from Hex Matrix: 
[[77, 62, 66, 3E], [3B, 70, 35, 37], [24, 49, 2F, 33], [69, 63, 39, 29]]

37 40 53 6A 
6E 65 6C 48 
4C 4F 6F 61 
2C 24 6A 7B 
[[37, 40, 53, 6A], [6E, 65, 6C, 48], [4C, 4F, 6F, 61], [2C, 24, 6A, 7B]]
7nL,@eO$SlojjHa{
Answer from Hex Matrix: 
[[37, 40, 53, 6A], [6E, 65, 6C, 48], [4C, 4F, 6F, 61], [2C, 24, 6A, 7B]]

7D 38 36 2E 
31 64 2A 69 
7B 4C 62 3A 
46 41 3B 72 
[[7D, 38, 36, 2E], [31, 64, 2A, 69], [7B, 4C, 62, 3A], [46, 41, 3B, 72]]
}1{F8dLA6*b;.i:r
Answer from Hex Matrix: 
[[7D, 38, 36, 2E], [31, 64, 2A, 69], [7B, 4C, 62, 3A], [46, 41, 3B, 72]]

74 5A 7A 28 
5A 38 32 3C 
2B 3F 3F 24 
3A 5E 23 54 
[[74, 5A, 7A, 28], [5A, 38, 32, 3C], [2B, 3F, 3F, 24], [3A, 5E, 23, 54]]
tZ+:Z8?^z2?#(<$T
Answer from Hex Matrix: 
[[74, 5A, 7A, 28], [5A, 38, 32, 3C], [2B, 3F, 3F, 24], [3A, 5E, 23, 54]]

57 3D 42 2C 
24 28 41 6A 
62 79 5C 41 
35 6A 70 3E 
[[57, 3D, 42, 2C], [24, 28, 41, 6A], [62, 79, 5C, 41], [35, 6A, 70, 3E]]
W$b5=(yjBA\p,jA>
Answer from Hex Matrix: 
[[57, 3D, 42, 2C], [24, 28, 41, 6A], [62, 79, 5C, 41], [35, 6A, 70, 3E]]

6B 7A 37 49 
76 3B 58 5F 
2A 3B 2B 26 
3C 48 55 6B 
[[6B, 7A, 37, 49], [76, 3B, 58, 5F], [2A, 3B, 2B, 26], [3C, 48, 55, 6B]]
kv*<z;;H7X+UI_&k
Answer from Hex Matrix: 
[[6B, 7A, 37, 49], [76, 3B, 58, 5F], [2A, 3B, 2B, 26], [3C, 48, 55, 6B]]

52 49 22 66 
26 42 75 77 
49 4B 2D 44 
2A 77 35 6A 
[[52, 49, 22, 66], [26, 42, 75, 77], [49, 4B, 2D, 44], [2A, 77, 35, 6A]]
R&I*IBKw"u-5fwDj
Answer from Hex Matrix: 
[[52, 49, 22, 66], [26, 42, 75, 77], [49, 4B, 2D, 44], [2A, 77, 35, 6A]]

31 37 4A 3D 
3B 5C 35 42 
54 52 30 24 
40 3C 38 54 
[[31, 37, 4A, 3D], [3B, 5C, 35, 42], [54, 52, 30, 24], [40, 3C, 38, 54]]
1;T@7\R<J508=B$T
Answer from Hex Matrix: 
[[31, 37, 4A, 3D], [3B, 5C, 35, 42], [54, 52, 30, 24], [40, 3C, 38, 54]]

30 2A 6D 6A 
6F 42 69 40 
4E 6C 28 2F 
48 4A 45 25 
[[30, 2A, 6D, 6A], [6F, 42, 69, 40], [4E, 6C, 28, 2F], [48, 4A, 45, 25]]
0oNH*BlJmi(Ej@/%
Answer from Hex Matrix: 
[[30, 2A, 6D, 6A], [6F, 42, 69, 40], [4E, 6C, 28, 2F], [48, 4A, 45, 25]]

73 43 5D 3F 
4F 6E 70 54 
59 68 3A 26 
6D 50 25 2B 
[[73, 43, 5D, 3F], [4F, 6E, 70, 54], [59, 68, 3A, 26], [6D, 50, 25, 2B]]
sOYmCnhP]p:%?T&+
Answer from Hex Matrix: 
[[73, 43, 5D, 3F], [4F, 6E, 70, 54], [59, 68, 3A, 26], [6D, 50, 25, 2B]]

32 2C 72 6C 
7D 29 26 24 
64 60 5F 78 
33 34 3E 5E 
[[32, 2C, 72, 6C], [7D, 29, 26, 24], [64, 60, 5F, 78], [33, 34, 3E, 5E]]
2}d3,)`4r&_>l$x^
Answer from Hex Matrix: 
[[32, 2C, 72, 6C], [7D, 29, 26, 24], [64, 60, 5F, 78], [33, 34, 3E, 5E]]

31 33 27 49 
7A 2D 5F 37 
40 78 55 78 
3C 3E 53 55 
[[31, 33, 27, 49], [7A, 2D, 5F, 37], [40, 78, 55, 78], [3C, 3E, 53, 55]]
1z@<3-x>'_USI7xU
Answer from Hex Matrix: 
[[31, 33, 27, 49], [7A, 2D, 5F, 37], [40, 78, 55, 78], [3C, 3E, 53, 55]]

5E 2A 4A 2B 
61 4F 33 27 
40 38 3B 6B 
5C 23 65 64 
[[5E, 2A, 4A, 2B], [61, 4F, 33, 27], [40, 38, 3B, 6B], [5C, 23, 65, 64]]
^a@\*O8#J3;e+'kd
Answer from Hex Matrix: 
[[5E, 2A, 4A, 2B], [61, 4F, 33, 27], [40, 38, 3B, 6B], [5C, 23, 65, 64]]

4A 76 43 56 
32 6A 65 53 
74 4E 75 57 
50 3C 29 47 
[[4A, 76, 43, 56], [32, 6A, 65, 53], [74, 4E, 75, 57], [50, 3C, 29, 47]]
J2tPvjN<Ceu)VSWG
Answer from Hex Matrix: 
[[4A, 76, 43, 56], [32, 6A, 65, 53], [74, 4E, 75, 57], [50, 3C, 29, 47]]

68 54 63 6A 
72 58 68 71 
51 45 21 74 
5D 6F 7D 2B 
[[68, 54, 63, 6A], [72, 58, 68, 71], [51, 45, 21, 74], [5D, 6F, 7D, 2B]]
hrQ]TXEoch!}jqt+
Answer from Hex Matrix: 
[[68, 54, 63, 6A], [72, 58, 68, 71], [51, 45, 21, 74], [5D, 6F, 7D, 2B]]

22 39 4E 38 
63 60 68 30 
2B 7D 52 2F 
69 75 33 65 
[[22, 39, 4E, 38], [63, 60, 68, 30], [2B, 7D, 52, 2F], [69, 75, 33, 65]]
"c+i9`}uNhR380/e
Answer from Hex Matrix: 
[[22, 39, 4E, 38], [63, 60, 68, 30], [2B, 7D, 52, 2F], [69, 75, 33, 65]]

70 2E 6D 32 
2F 67 6F 70 
38 3B 36 61 
21 6B 66 72 
[[70, 2E, 6D, 32], [2F, 67, 6F, 70], [38, 3B, 36, 61], [21, 6B, 66, 72]]
p/8!.g;kmo6f2par
Answer from Hex Matrix: 
[[70, 2E, 6D, 32], [2F, 67, 6F, 70], [38, 3B, 36, 61], [21, 6B, 66, 72]]

30 6B 7C 36 
3F 5D 4A 22 
5A 5A 64 58 
5F 32 4F 22 
[[30, 6B, 7C, 36], [3F, 5D, 4A, 22], [5A, 5A, 64, 58], [5F, 32, 4F, 22]]
0?Z_k]Z2|JdO6"X"
Answer from Hex Matrix: 
[[30, 6B, 7C, 36], [3F, 5D, 4A, 22], [5A, 5A, 64, 58], [5F, 32, 4F, 22]]

3D 46 48 22 
5B 3E 30 31 
5B 64 2B 30 
66 2D 5C 7D 
[[3D, 46, 48, 22], [5B, 3E, 30, 31], [5B, 64, 2B, 30], [66, 2D, 5C, 7D]]
=[[fF>d-H0+\"10}
Answer from Hex Matrix: 
[[3D, 46, 48, 22], [5B, 3E, 30, 31], [5B, 64, 2B, 30], [66, 2D, 5C, 7D]]

77 66 61 73 
29 3A 3B 27 
64 54 7B 45 
5F 6C 63 2C 
[[77, 66, 61, 73], [29, 3A, 3B, 27], [64, 54, 7B, 45], [5F, 6C, 63, 2C]]
w)d_f:Tla;{cs'E,
Answer from Hex Matrix: 
[[77, 66, 61, 73], [29, 3A, 3B, 27], [64, 54, 7B, 45], [5F, 6C, 63, 2C]]

46 2F 57 57 
28 61 3B 4D 
3E 69 41 6A 
56 3B 31 5F 
[[46, 2F, 57, 57], [28, 61, 3B, 4D], [3E, 69, 41, 6A], [56, 3B, 31, 5F]]
F(>V/ai;W;A1WMj_
Answer from Hex Matrix: 
[[46, 2F, 57, 57], [28, 61, 3B, 4D], [3E, 69, 41, 6A], [56, 3B, 31, 5F]]

7A 3F 34 4F 
6B 5C 28 3F 
27 55 69 4F 
60 60 38 60 
[[7A, 3F, 34, 4F], [6B, 5C, 28, 3F], [27, 55, 69, 4F], [60, 60, 38, 60]]
zk'`?\U`4(i8O?O`
Answer from Hex Matrix: 
[[7A, 3F, 34, 4F], [6B, 5C, 28, 3F], [27, 55, 69, 4F], [60, 60, 38, 60]]

67 76 2F 74 
50 2D 53 53 
31 32 37 55 
39 72 2F 2B 
[[67, 76, 2F, 74], [50, 2D, 53, 53], [31, 32, 37, 55], [39, 72, 2F, 2B]]
gP19v-2r/S7/tSU+
Answer from Hex Matrix: 
[[67, 76, 2F, 74], [50, 2D, 53, 53], [31, 32, 37, 55], [39, 72, 2F, 2B]]

7A 79 2B 64 
45 5E 2A 5D 
6E 3B 4D 77 
67 59 6A 68 
[[7A, 79, 2B, 64], [45, 5E, 2A, 5D], [6E, 3B, 4D, 77], [67, 59, 6A, 68]]
zEngy^;Y+*Mjd]wh
Answer from Hex Matrix: 
[[7A, 79, 2B, 64], [45, 5E, 2A, 5D], [6E, 3B, 4D, 77], [67, 59, 6A, 68]]

49 5F 21 69 
67 6E 33 21 
22 71 74 2B 
2E 37 69 63 
[[49, 5F, 21, 69], [67, 6E, 33, 21], [22, 71, 74, 2B], [2E, 37, 69, 63]]
Ig"._nq7!3tii!+c
Answer from Hex Matrix: 
[[49, 5F, 21, 69], [67, 6E, 33, 21], [22, 71, 74, 2B], [2E, 37, 69, 63]]

76 50 6E 39 
4E 28 23 6B 
22 33 70 70 
7D 45 4A 54 
[[76, 50, 6E, 39], [4E, 28, 23, 6B], [22, 33, 70, 70], [7D, 45, 4A, 54]]
vN"}P(3En#pJ9kpT
Answer from Hex Matrix: 
[[76, 50, 6E, 39], [4E, 28, 23, 6B], [22, 33, 70, 70], [7D, 45, 4A, 54]]

2A 55 5A 50 
28 4A 37 4F 
5F 36 42 7B 
5C 78 76 61 
[[2A, 55, 5A, 50], [28, 4A, 37, 4F], [5F, 36, 42, 7B], [5C, 78, 76, 61]]
*(_\UJ6xZ7BvPO{a
Answer from Hex Matrix: 
[[2A, 55, 5A, 50], [28, 4A, 37, 4F], [5F, 36, 42, 7B], [5C, 78, 76, 61]]

2C 59 75 63 
61 3C 56 44 
63 2F 43 55 
73 5B 33 56 
[[2C, 59, 75, 63], [61, 3C, 56, 44], [63, 2F, 43, 55], [73, 5B, 33, 56]]
,acsY</[uVC3cDUV
Answer from Hex Matrix: 
[[2C, 59, 75, 63], [61, 3C, 56, 44], [63, 2F, 43, 55], [73, 5B, 33, 56]]

3E 55 3C 32 
64 5C 34 66 
7C 38 21 68 
2B 2A 43 55 
[[3E, 55, 3C, 32], [64, 5C, 34, 66], [7C, 38, 21, 68], [2B, 2A, 43, 55]]
>d|+U\8*<4!C2fhU
Answer from Hex Matrix: 
[[3E, 55, 3C, 32], [64, 5C, 34, 66], [7C, 38, 21, 68], [2B, 2A, 43, 55]]

7B 76 4F 33 
46 56 78 5A 
3E 4E 3B 70 
5A 38 2D 4F 
[[7B, 76, 4F, 33], [46, 56, 78, 5A], [3E, 4E, 3B, 70], [5A, 38, 2D, 4F]]
{F>ZvVN8Ox;-3ZpO
Answer from Hex Matrix: 
[[7B, 76, 4F, 33], [46, 56, 78, 5A], [3E, 4E, 3B, 70], [5A, 38, 2D, 4F]]

71 28 6F 2F 
63 53 52 6E 
69 40 29 41 
4B 38 77 7C 
[[71, 28, 6F, 2F], [63, 53, 52, 6E], [69, 40, 29, 41], [4B, 38, 77, 7C]]
qciK(S@8oR)w/nA|
Answer from Hex Matrix: 
[[71, 28, 6F, 2F], [63, 53, 52, 6E], [69, 40, 29, 41], [4B, 38, 77, 7C]]

3E 34 39 2D 
37 30 3B 76 
2A 44 69 65 
41 21 6B 52 
[[3E, 34, 39, 2D], [37, 30, 3B, 76], [2A, 44, 69, 65], [41, 21, 6B, 52]]
>7*A40D!9;ik-veR
Answer from Hex Matrix: 
[[3E, 34, 39, 2D], [37, 30, 3B, 76], [2A, 44, 69, 65], [41, 21, 6B, 52]]

29 71 47 31 
34 41 28 57 
64 46 3F 2E 
37 54 23 7B 
[[29, 71, 47, 31], [34, 41, 28, 57], [64, 46, 3F, 2E], [37, 54, 23, 7B]]
)4d7qAFTG(?#1W.{
Answer from Hex Matrix: 
[[29, 71, 47, 31], [34, 41, 28, 57], [64, 46, 3F, 2E], [37, 54, 23, 7B]]

73 47 3D 30 
57 48 62 25 
25 28 53 64 
62 51 56 37 
[[73, 47, 3D, 30], [57, 48, 62, 25], [25, 28, 53, 64], [62, 51, 56, 37]]
sW%bGH(Q=bSV0%d7
Answer from Hex Matrix: 
[[73, 47, 3D, 30], [57, 48, 62, 25], [25, 28, 53, 64], [62, 51, 56, 37]]

3D 79 2A 39 
4B 3B 7B 4F 
60 5B 63 28 
44 63 3B 3F 
[[3D, 79, 2A, 39], [4B, 3B, 7B, 4F], [60, 5B, 63, 28], [44, 63, 3B, 3F]]
=K`Dy;[c*{c;9O(?
Answer from Hex Matrix: 
[[3D, 79, 2A, 39], [4B, 3B, 7B, 4F], [60, 5B, 63, 28], [44, 63, 3B, 3F]]

4C 42 21 63 
60 7B 57 37 
34 60 7D 22 
27 57 6E 35 
[[4C, 42, 21, 63], [60, 7B, 57, 37], [34, 60, 7D, 22], [27, 57, 6E, 35]]
L`4'B{`W!W}nc7"5
Answer from Hex Matrix: 
[[4C, 42, 21, 63], [60, 7B, 57, 37], [34, 60, 7D, 22], [27, 57, 6E, 35]]

2A 52 4E 5C 
42 77 70 71 
2F 48 25 33 
77 49 6D 6E 
[[2A, 52, 4E, 5C], [42, 77, 70, 71], [2F, 48, 25, 33], [77, 49, 6D, 6E]]
*B/wRwHINp%m\q3n
Answer from Hex Matrix: 
[[2A, 52, 4E, 5C], [42, 77, 70, 71], [2F, 48, 25, 33], [77, 49, 6D, 6E]]

6C 2D 77 50 
57 74 22 59 
72 7C 30 6B 
74 57 23 69 
[[6C, 2D, 77, 50], [57, 74, 22, 59], [72, 7C, 30, 6B], [74, 57, 23, 69]]
lWrt-t|Ww"0#PYki
Answer from Hex Matrix: 
[[6C, 2D, 77, 50], [57, 74, 22, 59], [72, 7C, 30, 6B], [74, 57, 23, 69]]

6B 3A 6C 3F 
7D 67 3C 65 
6A 52 74 55 
44 40 51 35 
[[6B, 3A, 6C, 3F], [7D, 67, 3C, 65], [6A, 52, 74, 55], [44, 40, 51, 35]]
k}jD:gR@l<tQ?eU5
Answer from Hex Matrix: 
[[6B, 3A, 6C, 3F], [7D, 67, 3C, 65], [6A, 52, 74, 55], [44, 40, 51, 35]]

39 52 3C 75 
2B 29 21 43 
23 76 45 26 
7A 38 2B 2B 
[[39, 52, 3C, 75], [2B, 29, 21, 43], [23, 76, 45, 26], [7A, 38, 2B, 2B]]
9+#zR)v8<!E+uC&+
Answer from Hex Matrix: 
[[39, 52, 3C, 75], [2B, 29, 21, 43], [23, 76, 45, 26], [7A, 38, 2B, 2B]]

5D 5E 36 7D 
47 7C 73 66 
61 37 43 58 
68 43 73 5D 
[[5D, 5E, 36, 7D], [47, 7C, 73, 66], [61, 37, 43, 58], [68, 43, 73, 5D]]
]Gah^|7C6sCs}fX]
Answer from Hex Matrix: 
[[5D, 5E, 36, 7D], [47, 7C, 73, 66], [61, 37, 43, 58], [68, 43, 73, 5D]]

3A 71 51 2D 
31 33 67 2C 
21 63 4D 75 
60 74 35 57 
[[3A, 71, 51, 2D], [31, 33, 67, 2C], [21, 63, 4D, 75], [60, 74, 35, 57]]
:1!`q3ctQgM5-,uW
Answer from Hex Matrix: 
[[3A, 71, 51, 2D], [31, 33, 67, 2C], [21, 63, 4D, 75], [60, 74, 35, 57]]

68 4B 77 2C 
41 2F 22 76 
29 4B 2C 23 
4C 43 5C 5F 
[[68, 4B, 77, 2C], [41, 2F, 22, 76], [29, 4B, 2C, 23], [4C, 43, 5C, 5F]]
hA)LK/KCw",\,v#_
Answer from Hex Matrix: 
[[68, 4B, 77, 2C], [41, 2F, 22, 76], [29, 4B, 2C, 23], [4C, 43, 5C, 5F]]

38 4A 48 64 
6A 4D 49 79 
28 47 34 76 
5C 56 79 56 
[[38, 4A, 48, 64], [6A, 4D, 49, 79], [28, 47, 34, 76], [5C, 56, 79, 56]]
8j(\JMGVHI4ydyvV
Answer from Hex Matrix: 
[[38, 4A, 48, 64], [6A, 4D, 49, 79], [28, 47, 34, 76], [5C, 56, 79, 56]]

3C 62 47 23 
6F 75 78 6E 
7A 25 30 30 
6D 79 34 61 
[[3C, 62, 47, 23], [6F, 75, 78, 6E], [7A, 25, 30, 30], [6D, 79, 34, 61]]
<ozmbu%yGx04#n0a
Answer from Hex Matrix: 
[[3C, 62, 47, 23], [6F, 75, 78, 6E], [7A, 25, 30, 30], [6D, 79, 34, 61]]

3B 60 29 6C 
67 2D 60 3A 
7C 6D 57 38 
4E 5C 7A 40 
[[3B, 60, 29, 6C], [67, 2D, 60, 3A], [7C, 6D, 57, 38], [4E, 5C, 7A, 40]]
;g|N`-m\)`Wzl:8@
Answer from Hex Matrix: 
[[3B, 60, 29, 6C], [67, 2D, 60, 3A], [7C, 6D, 57, 38], [4E, 5C, 7A, 40]]

66 33 29 5C 
5F 55 78 66 
46 4A 6B 38 
26 76 76 50 
[[66, 33, 29, 5C], [5F, 55, 78, 66], [46, 4A, 6B, 38], [26, 76, 76, 50]]
f_F&3UJv)xkv\f8P
Answer from Hex Matrix: 
[[66, 33, 29, 5C], [5F, 55, 78, 66], [46, 4A, 6B, 38], [26, 76, 76, 50]]

73 62 51 4B 
40 6C 3C 58 
36 5F 6A 3B 
2E 55 42 73 
[[73, 62, 51, 4B], [40, 6C, 3C, 58], [36, 5F, 6A, 3B], [2E, 55, 42, 73]]
s@6.bl_UQ<jBKX;s
Answer from Hex Matrix: 
[[73, 62, 51, 4B], [40, 6C, 3C, 58], [36, 5F, 6A, 3B], [2E, 55, 42, 73]]

7A 23 32 3C 
37 54 28 39 
28 68 49 3F 
31 5D 46 59 
[[7A, 23, 32, 3C], [37, 54, 28, 39], [28, 68, 49, 3F], [31, 5D, 46, 59]]
z7(1#Th]2(IF<9?Y
Answer from Hex Matrix: 
[[7A, 23, 32, 3C], [37, 54, 28, 39], [28, 68, 49, 3F], [31, 5D, 46, 59]]

50 71 7D 75 
71 25 58 4D 
71 71 40 57 
2E 37 37 77 
[[50, 71, 7D, 75], [71, 25, 58, 4D], [71, 71, 40, 57], [2E, 37, 37, 77]]
Pqq.q%q7}X@7uMWw
Answer from Hex Matrix: 
[[50, 71, 7D, 75], [71, 25, 58, 4D], [71, 71, 40, 57], [2E, 37, 37, 77]]

37 6A 35 7C 
33 7A 5F 63 
75 7C 59 61 
2C 66 2D 74 
[[37, 6A, 35, 7C], [33, 7A, 5F, 63], [75, 7C, 59, 61], [2C, 66, 2D, 74]]
73u,jz|f5_Y-|cat
Answer from Hex Matrix: 
[[37, 6A, 35, 7C], [33, 7A, 5F, 63], [75, 7C, 59, 61], [2C, 66, 2D, 74]]

21 66 7D 32 
22 73 76 26 
43 5E 72 49 
5F 3B 34 24 
[[21, 66, 7D, 32], [22, 73, 76, 26], [43, 5E, 72, 49], [5F, 3B, 34, 24]]
!"C_fs^;}vr42&I$
Answer from Hex Matrix: 
[[21, 66, 7D, 32], [22, 73, 76, 26], [43, 5E, 72, 49], [5F, 3B, 34, 24]]

56 2C 6C 4D 
75 29 45 4A 
40 22 26 73 
37 58 2E 5A 
[[56, 2C, 6C, 4D], [75, 29, 45, 4A], [40, 22, 26, 73], [37, 58, 2E, 5A]]
Vu@7,)"XlE&.MJsZ
Answer from Hex Matrix: 
[[56, 2C, 6C, 4D], [75, 29, 45, 4A], [40, 22, 26, 73], [37, 58, 2E, 5A]]

24 55 3C 2B 
2E 6E 25 23 
40 4F 23 35 
4C 78 51 6B 
[[24, 55, 3C, 2B], [2E, 6E, 25, 23], [40, 4F, 23, 35], [4C, 78, 51, 6B]]
$.@LUnOx<%#Q+#5k
Answer from Hex Matrix: 
[[24, 55, 3C, 2B], [2E, 6E, 25, 23], [40, 4F, 23, 35], [4C, 78, 51, 6B]]

36 4C 79 49 
34 2B 35 22 
56 6F 5B 55 
39 5C 79 4A 
[[36, 4C, 79, 49], [34, 2B, 35, 22], [56, 6F, 5B, 55], [39, 5C, 79, 4A]]
64V9L+o\y5[yI"UJ
Answer from Hex Matrix: 
[[36, 4C, 79, 49], [34, 2B, 35, 22], [56, 6F, 5B, 55], [39, 5C, 79, 4A]]

40 70 54 22 
25 45 4E 25 
3A 68 24 27 
67 6F 2D 5C 
[[40, 70, 54, 22], [25, 45, 4E, 25], [3A, 68, 24, 27], [67, 6F, 2D, 5C]]
@%:gpEhoTN$-"%'\
Answer from Hex Matrix: 
[[40, 70, 54, 22], [25, 45, 4E, 25], [3A, 68, 24, 27], [67, 6F, 2D, 5C]]

46 44 2D 35 
56 5D 6F 35 
63 4A 27 38 
2B 27 21 37 
[[46, 44, 2D, 35], [56, 5D, 6F, 35], [63, 4A, 27, 38], [2B, 27, 21, 37]]
FVc+D]J'-o'!5587
Answer from Hex Matrix: 
[[46, 44, 2D, 35], [56, 5D, 6F, 35], [63, 4A, 27, 38], [2B, 27, 21, 37]]

2B 7C 2F 75 
59 61 7A 23 
5A 54 68 77 
6D 54 39 52 
[[2B, 7C, 2F, 75], [59, 61, 7A, 23], [5A, 54, 68, 77], [6D, 54, 39, 52]]
+YZm|aTT/zh9u#wR
Answer from Hex Matrix: 
[[2B, 7C, 2F, 75], [59, 61, 7A, 23], [5A, 54, 68, 77], [6D, 54, 39, 52]]

46 3F 49 22 
73 21 55 2B 
6C 44 34 22 
21 5F 54 7A 
[[46, 3F, 49, 22], [73, 21, 55, 2B], [6C, 44, 34, 22], [21, 5F, 54, 7A]]
Fsl!?!D_IU4T"+"z
Answer from Hex Matrix: 
[[46, 3F, 49, 22], [73, 21, 55, 2B], [6C, 44, 34, 22], [21, 5F, 54, 7A]]

38 55 38 5D 
31 7B 71 3A 
69 29 74 21 
76 4D 42 37 
[[38, 55, 38, 5D], [31, 7B, 71, 3A], [69, 29, 74, 21], [76, 4D, 42, 37]]
81ivU{)M8qtB]:!7
Answer from Hex Matrix: 
[[38, 55, 38, 5D], [31, 7B, 71, 3A], [69, 29, 74, 21], [76, 4D, 42, 37]]

67 27 52 73 
3E 2B 28 55 
71 79 51 77 
35 21 77 42 
[[67, 27, 52, 73], [3E, 2B, 28, 55], [71, 79, 51, 77], [35, 21, 77, 42]]
g>q5'+y!R(QwsUwB
Answer from Hex Matrix: 
[[67, 27, 52, 73], [3E, 2B, 28, 55], [71, 79, 51, 77], [35, 21, 77, 42]]

75 40 69 34 
22 2C 55 41 
6B 5B 28 37 
66 74 40 5F 
[[75, 40, 69, 34], [22, 2C, 55, 41], [6B, 5B, 28, 37], [66, 74, 40, 5F]]
u"kf@,[tiU(@4A7_
Answer from Hex Matrix: 
[[75, 40, 69, 34], [22, 2C, 55, 41], [6B, 5B, 28, 37], [66, 74, 40, 5F]]

5A 31 59 39 
64 7C 41 39 
29 65 55 50 
4D 21 4B 21 
[[5A, 31, 59, 39], [64, 7C, 41, 39], [29, 65, 55, 50], [4D, 21, 4B, 21]]
Zd)M1|e!YAUK99P!
Answer from Hex Matrix: 
[[5A, 31, 59, 39], [64, 7C, 41, 39], [29, 65, 55, 50], [4D, 21, 4B, 21]]

7A 29 6D 4B 
39 55 60 65 
44 63 5F 59 
63 28 36 34 
[[7A, 29, 6D, 4B], [39, 55, 60, 65], [44, 63, 5F, 59], [63, 28, 36, 34]]
z9Dc)Uc(m`_6KeY4
Answer from Hex Matrix: 
[[7A, 29, 6D, 4B], [39, 55, 60, 65], [44, 63, 5F, 59], [63, 28, 36, 34]]

76 5C 71 2D 
51 33 59 4F 
42 78 2E 5C 
45 5B 3D 21 
[[76, 5C, 71, 2D], [51, 33, 59, 4F], [42, 78, 2E, 5C], [45, 5B, 3D, 21]]
vQBE\3x[qY.=-O\!
Answer from Hex Matrix: 
[[76, 5C, 71, 2D], [51, 33, 59, 4F], [42, 78, 2E, 5C], [45, 5B, 3D, 21]]

2E 2E 44 59 
2E 67 2F 45 
4E 27 69 53 
4E 26 50 4E 
[[2E, 2E, 44, 59], [2E, 67, 2F, 45], [4E, 27, 69, 53], [4E, 26, 50, 4E]]
..NN.g'&D/iPYESN
Answer from Hex Matrix: 
[[2E, 2E, 44, 59], [2E, 67, 2F, 45], [4E, 27, 69, 53], [4E, 26, 50, 4E]]

2E 52 7B 38 
49 72 54 7B 
7B 56 5E 6F 
56 41 66 3C 
[[2E, 52, 7B, 38], [49, 72, 54, 7B], [7B, 56, 5E, 6F], [56, 41, 66, 3C]]
.I{VRrVA{T^f8{o<
Answer from Hex Matrix: 
[[2E, 52, 7B, 38], [49, 72, 54, 7B], [7B, 56, 5E, 6F], [56, 41, 66, 3C]]

3D 3A 32 76 
7D 41 76 71 
50 3C 4B 23 
28 6E 30 79 
[[3D, 3A, 32, 76], [7D, 41, 76, 71], [50, 3C, 4B, 23], [28, 6E, 30, 79]]
=}P(:A<n2vK0vq#y
Answer from Hex Matrix: 
[[3D, 3A, 32, 76], [7D, 41, 76, 71], [50, 3C, 4B, 23], [28, 6E, 30, 79]]

38 74 59 3C 
25 41 68 50 
25 4E 21 5E 
63 2E 5E 42 
[[38, 74, 59, 3C], [25, 41, 68, 50], [25, 4E, 21, 5E], [63, 2E, 5E, 42]]
8%%ctAN.Yh!^<P^B
Answer from Hex Matrix: 
[[38, 74, 59, 3C], [25, 41, 68, 50], [25, 4E, 21, 5E], [63, 2E, 5E, 42]]

5C 4D 6D 77 
45 70 71 35 
69 34 78 62 
71 4B 71 2A 
[[5C, 4D, 6D, 77], [45, 70, 71, 35], [69, 34, 78, 62], [71, 4B, 71, 2A]]
\EiqMp4Kmqxqw5b*
Answer from Hex Matrix: 
[[5C, 4D, 6D, 77], [45, 70, 71, 35], [69, 34, 78, 62], [71, 4B, 71, 2A]]

2B 4A 4B 65 
67 68 23 62 
30 7C 6D 34 
72 51 7C 6D 
[[2B, 4A, 4B, 65], [67, 68, 23, 62], [30, 7C, 6D, 34], [72, 51, 7C, 6D]]
+g0rJh|QK#m|eb4m
Answer from Hex Matrix: 
[[2B, 4A, 4B, 65], [67, 68, 23, 62], [30, 7C, 6D, 34], [72, 51, 7C, 6D]]

4B 5D 73 33 
53 60 6E 38 
23 43 4D 2E 
37 45 65 5F 
[[4B, 5D, 73, 33], [53, 60, 6E, 38], [23, 43, 4D, 2E], [37, 45, 65, 5F]]
KS#7]`CEsnMe38._
Answer from Hex Matrix: 
[[4B, 5D, 73, 33], [53, 60, 6E, 38], [23, 43, 4D, 2E], [37, 45, 65, 5F]]

28 41 22 4B 
7B 67 5F 2A 
40 29 5C 37 
27 7C 3F 61 
[[28, 41, 22, 4B], [7B, 67, 5F, 2A], [40, 29, 5C, 37], [27, 7C, 3F, 61]]
({@'Ag)|"_\?K*7a
Answer from Hex Matrix: 
[[28, 41, 22, 4B], [7B, 67, 5F, 2A], [40, 29, 5C, 37], [27, 7C, 3F, 61]]

45 57 46 52 
4A 45 5B 51 
68 35 34 6D 
76 6A 5A 55 
[[45, 57, 46, 52], [4A, 45, 5B, 51], [68, 35, 34, 6D], [76, 6A, 5A, 55]]
EJhvWE5jF[4ZRQmU
Answer from Hex Matrix: 
[[45, 57, 46, 52], [4A, 45, 5B, 51], [68, 35, 34, 6D], [76, 6A, 5A, 55]]

72 7B 2A 5C 
62 5D 32 22 
45 7B 4C 28 
37 68 2D 7B 
[[72, 7B, 2A, 5C], [62, 5D, 32, 22], [45, 7B, 4C, 28], [37, 68, 2D, 7B]]
rbE7{]{h*2L-\"({
Answer from Hex Matrix: 
[[72, 7B, 2A, 5C], [62, 5D, 32, 22], [45, 7B, 4C, 28], [37, 68, 2D, 7B]]

3A 38 47 62 
23 4C 6D 37 
5C 54 6A 79 
55 51 5E 29 
[[3A, 38, 47, 62], [23, 4C, 6D, 37], [5C, 54, 6A, 79], [55, 51, 5E, 29]]
:#\U8LTQGmj^b7y)
Answer from Hex Matrix: 
[[3A, 38, 47, 62], [23, 4C, 6D, 37], [5C, 54, 6A, 79], [55, 51, 5E, 29]]

4B 5B 33 41 
3F 64 39 22 
38 39 6C 45 
3E 3E 7A 33 
[[4B, 5B, 33, 41], [3F, 64, 39, 22], [38, 39, 6C, 45], [3E, 3E, 7A, 33]]
K?8>[d9>39lzA"E3
Answer from Hex Matrix: 
[[4B, 5B, 33, 41], [3F, 64, 39, 22], [38, 39, 6C, 45], [3E, 3E, 7A, 33]]

60 68 2F 4A 
60 5B 70 75 
75 44 53 55 
79 71 2F 5D 
[[60, 68, 2F, 4A], [60, 5B, 70, 75], [75, 44, 53, 55], [79, 71, 2F, 5D]]
``uyh[Dq/pS/JuU]
Answer from Hex Matrix: 
[[60, 68, 2F, 4A], [60, 5B, 70, 75], [75, 44, 53, 55], [79, 71, 2F, 5D]]

6B 4A 36 68 
34 72 5C 2B 
57 4E 4A 50 
56 45 78 5A 
[[6B, 4A, 36, 68], [34, 72, 5C, 2B], [57, 4E, 4A, 50], [56, 45, 78, 5A]]
k4WVJrNE6\Jxh+PZ
Answer from Hex Matrix: 
[[6B, 4A, 36, 68], [34, 72, 5C, 2B], [57, 4E, 4A, 50], [56, 45, 78, 5A]]

2C 65 7A 5D 
40 40 67 7B 
60 5F 66 59 
75 77 45 5B 
[[2C, 65, 7A, 5D], [40, 40, 67, 7B], [60, 5F, 66, 59], [75, 77, 45, 5B]]
,@`ue@_wzgfE]{Y[
Answer from Hex Matrix: 
[[2C, 65, 7A, 5D], [40, 40, 67, 7B], [60, 5F, 66, 59], [75, 77, 45, 5B]]

51 5D 70 4A 
37 6A 29 62 
74 34 23 5C 
59 39 73 5E 
[[51, 5D, 70, 4A], [37, 6A, 29, 62], [74, 34, 23, 5C], [59, 39, 73, 5E]]
Q7tY]j49p)#sJb\^
Answer from Hex Matrix: 
[[51, 5D, 70, 4A], [37, 6A, 29, 62], [74, 34, 23, 5C], [59, 39, 73, 5E]]

47 33 3B 4C 
30 64 75 65 
37 7A 5C 75 
60 46 66 61 
[[47, 33, 3B, 4C], [30, 64, 75, 65], [37, 7A, 5C, 75], [60, 46, 66, 61]]
G07`3dzF;u\fLeua
Answer from Hex Matrix: 
[[47, 33, 3B, 4C], [30, 64, 75, 65], [37, 7A, 5C, 75], [60, 46, 66, 61]]

48 49 41 6F 
69 43 78 48 
51 6F 44 44 
6B 32 5D 39 
[[48, 49, 41, 6F], [69, 43, 78, 48], [51, 6F, 44, 44], [6B, 32, 5D, 39]]
HiQkICo2AxD]oHD9
Answer from Hex Matrix: 
[[48, 49, 41, 6F], [69, 43, 78, 48], [51, 6F, 44, 44], [6B, 32, 5D, 39]]

28 79 69 2F 
63 42 71 23 
23 68 35 68 
49 40 45 59 
[[28, 79, 69, 2F], [63, 42, 71, 23], [23, 68, 35, 68], [49, 40, 45, 59]]
(c#IyBh@iq5E/#hY
Answer from Hex Matrix: 
[[28, 79, 69, 2F], [63, 42, 71, 23], [23, 68, 35, 68], [49, 40, 45, 59]]

2A 78 62 26 
4E 46 77 34 
56 56 3B 5E 
66 76 43 4D 
[[2A, 78, 62, 26], [4E, 46, 77, 34], [56, 56, 3B, 5E], [66, 76, 43, 4D]]
*NVfxFVvbw;C&4^M
Answer from Hex Matrix: 
[[2A, 78, 62, 26], [4E, 46, 77, 34], [56, 56, 3B, 5E], [66, 76, 43, 4D]]

71 3E 2A 79 
65 26 22 45 
6C 49 60 22 
58 21 70 24 
[[71, 3E, 2A, 79], [65, 26, 22, 45], [6C, 49, 60, 22], [58, 21, 70, 24]]
qelX>&I!*"`pyE"$
Answer from Hex Matrix: 
[[71, 3E, 2A, 79], [65, 26, 22, 45], [6C, 49, 60, 22], [58, 21, 70, 24]]

32 54 29 45 
28 57 47 50 
35 46 7C 7D 
40 71 47 32 
[[32, 54, 29, 45], [28, 57, 47, 50], [35, 46, 7C, 7D], [40, 71, 47, 32]]
2(5@TWFq)G|GEP}2
Answer from Hex Matrix: 
[[32, 54, 29, 45], [28, 57, 47, 50], [35, 46, 7C, 7D], [40, 71, 47, 32]]

35 24 48 3D 
4F 78 3E 35 
4F 3D 47 3C 
53 79 29 6A 
[[35, 24, 48, 3D], [4F, 78, 3E, 35], [4F, 3D, 47, 3C], [53, 79, 29, 6A]]
5OOS$x=yH>G)=5<j
Answer from Hex Matrix: 
[[35, 24, 48, 3D], [4F, 78, 3E, 35], [4F, 3D, 47, 3C], [53, 79, 29, 6A]]

3D 71 27 3B 
6B 5A 3F 4D 
53 47 58 70 
41 26 44 5C 
[[3D, 71, 27, 3B], [6B, 5A, 3F, 4D], [53, 47, 58, 70], [41, 26, 44, 5C]]
=kSAqZG&'?XD;Mp\
Answer from Hex Matrix: 
[[3D, 71, 27, 3B], [6B, 5A, 3F, 4D], [53, 47, 58, 70], [41, 26, 44, 5C]]

43 70 62 6E 
44 5B 54 70 
40 71 22 7D 
45 6F 34 30 
[[43, 70, 62, 6E], [44, 5B, 54, 70], [40, 71, 22, 7D], [45, 6F, 34, 30]]
CD@Ep[qobT"4np}0
Answer from Hex Matrix: 
[[43, 70, 62, 6E], [44, 5B, 54, 70], [40, 71, 22, 7D], [45, 6F, 34, 30]]

38 77 24 21 
55 79 57 75 
50 54 7B 7C 
23 76 6C 27 
[[38, 77, 24, 21], [55, 79, 57, 75], [50, 54, 7B, 7C], [23, 76, 6C, 27]]
8UP#wyTv$W{l!u|'
Answer from Hex Matrix: 
[[38, 77, 24, 21], [55, 79, 57, 75], [50, 54, 7B, 7C], [23, 76, 6C, 27]]

4C 47 24 2D 
31 55 55 63 
3B 50 43 79 
7C 3D 46 3B 
[[4C, 47, 24, 2D], [31, 55, 55, 63], [3B, 50, 43, 79], [7C, 3D, 46, 3B]]
L1;|GUP=$UCF-cy;
Answer from Hex Matrix: 
[[4C, 47, 24, 2D], [31, 55, 55, 63], [3B, 50, 43, 79], [7C, 3D, 46, 3B]]

68 41 35 74 
3E 51 52 47 
34 2E 30 7D 
61 5E 77 73 
[[68, 41, 35, 74], [3E, 51, 52, 47], [34, 2E, 30, 7D], [61, 5E, 77, 73]]
h>4aAQ.^5R0wtG}s
Answer from Hex Matrix: 
[[68, 41, 35, 74], [3E, 51, 52, 47], [34, 2E, 30, 7D], [61, 5E, 77, 73]]

2D 42 56 2B 
3E 76 39 4E 
36 71 21 76 
50 57 39 4C 
[[2D, 42, 56, 2B], [3E, 76, 39, 4E], [36, 71, 21, 76], [50, 57, 39, 4C]]
->6PBvqWV9!9+NvL
Answer from Hex Matrix: 
[[2D, 42, 56, 2B], [3E, 76, 39, 4E], [36, 71, 21, 76], [50, 57, 39, 4C]]

2A 76 46 5A 
7A 6A 25 3E 
39 39 4E 28 
40 64 38 50 
[[2A, 76, 46, 5A], [7A, 6A, 25, 3E], [39, 39, 4E, 28], [40, 64, 38, 50]]
*z9@vj9dF%N8Z>(P
Answer from Hex Matrix: 
[[2A, 76, 46, 5A], [7A, 6A, 25, 3E], [39, 39, 4E, 28], [40, 64, 38, 50]]

6E 35 35 63 
34 45 6B 36 
7D 59 4D 66 
2E 30 5E 50 
[[6E, 35, 35, 63], [34, 45, 6B, 36], [7D, 59, 4D, 66], [2E, 30, 5E, 50]]
n4}.5EY05kM^c6fP
Answer from Hex Matrix: 
[[6E, 35, 35, 63], [34, 45, 6B, 36], [7D, 59, 4D, 66], [2E, 30, 5E, 50]]

28 35 78 41 
66 2B 52 35 
3C 39 4C 6A 
79 6C 4E 7D 
[[28, 35, 78, 41], [66, 2B, 52, 35], [3C, 39, 4C, 6A], [79, 6C, 4E, 7D]]
(f<y5+9lxRLNA5j}
Answer from Hex Matrix: 
[[28, 35, 78, 41], [66, 2B, 52, 35], [3C, 39, 4C, 6A], [79, 6C, 4E, 7D]]

24 75 71 67 
5C 7A 5B 6C 
5F 6A 6E 5F 
2D 39 77 64 
[[24, 75, 71, 67], [5C, 7A, 5B, 6C], [5F, 6A, 6E, 5F], [2D, 39, 77, 64]]
$\_-uzj9q[nwgl_d
Answer from Hex Matrix: 
[[24, 75, 71, 67], [5C, 7A, 5B, 6C], [5F, 6A, 6E, 5F], [2D, 39, 77, 64]]

25 73 4E 2F 
3C 6E 45 5A 
33 32 27 77 
34 2D 5C 5A 
[[25, 73, 4E, 2F], [3C, 6E, 45, 5A], [33, 32, 27, 77], [34, 2D, 5C, 5A]]
%<34sn2-NE'\/ZwZ
Answer from Hex Matrix: 
[[25, 73, 4E, 2F], [3C, 6E, 45, 5A], [33, 32, 27, 77], [34, 2D, 5C, 5A]]

7C 24 5A 78 
33 3F 33 40 
63 5F 41 22 
61 69 36 6C 
[[7C, 24, 5A, 78], [33, 3F, 33, 40], [63, 5F, 41, 22], [61, 69, 36, 6C]]
|3ca$?_iZ3A6x@"l
Answer from Hex Matrix: 
[[7C, 24, 5A, 78], [33, 3F, 33, 40], [63, 5F, 41, 22], [61, 69, 36, 6C]]

32 54 64 4B 
4F 5B 2E 53 
68 51 6D 63 
33 5C 50 67 
[[32, 54, 64, 4B], [4F, 5B, 2E, 53], [68, 51, 6D, 63], [33, 5C, 50, 67]]
2Oh3T[Q\d.mPKScg
Answer from Hex Matrix: 
[[32, 54, 64, 4B], [4F, 5B, 2E, 53], [68, 51, 6D, 63], [33, 5C, 50, 67]]

5F 43 5A 2E 
2D 48 48 47 
27 76 38 5C 
2D 2A 23 7A 
[[5F, 43, 5A, 2E], [2D, 48, 48, 47], [27, 76, 38, 5C], [2D, 2A, 23, 7A]]
_-'-CHv*ZH8#.G\z
Answer from Hex Matrix: 
[[5F, 43, 5A, 2E], [2D, 48, 48, 47], [27, 76, 38, 5C], [2D, 2A, 23, 7A]]

6E 68 61 3D 
53 4E 74 48 
61 42 34 75 
26 2A 65 52 
[[6E, 68, 61, 3D], [53, 4E, 74, 48], [61, 42, 34, 75], [26, 2A, 65, 52]]
nSa&hNB*at4e=HuR
Answer from Hex Matrix: 
[[6E, 68, 61, 3D], [53, 4E, 74, 48], [61, 42, 34, 75], [26, 2A, 65, 52]]

4F 2A 42 4E 
4B 37 6D 24 
40 44 35 5D 
73 24 59 65 
[[4F, 2A, 42, 4E], [4B, 37, 6D, 24], [40, 44, 35, 5D], [73, 24, 59, 65]]
OK@s*7D$Bm5YN$]e
Answer from Hex Matrix: 
[[4F, 2A, 42, 4E], [4B, 37, 6D, 24], [40, 44, 35, 5D], [73, 24, 59, 65]]

43 77 5B 52 
61 4F 69 4B 
71 59 36 4B 
43 6A 65 67 
[[43, 77, 5B, 52], [61, 4F, 69, 4B], [71, 59, 36, 4B], [43, 6A, 65, 67]]
CaqCwOYj[i6eRKKg
Answer from Hex Matrix: 
[[43, 77, 5B, 52], [61, 4F, 69, 4B], [71, 59, 36, 4B], [43, 6A, 65, 67]]

5B 61 4D 54 
42 51 57 65 
2D 77 6D 43 
47 6F 60 30 
[[5B, 61, 4D, 54], [42, 51, 57, 65], [2D, 77, 6D, 43], [47, 6F, 60, 30]]
[B-GaQwoMWm`TeC0
Answer from Hex Matrix: 
[[5B, 61, 4D, 54], [42, 51, 57, 65], [2D, 77, 6D, 43], [47, 6F, 60, 30]]

2F 28 42 26 
38 28 5F 62 
78 3A 72 5E 
5D 51 77 74 
[[2F, 28, 42, 26], [38, 28, 5F, 62], [78, 3A, 72, 5E], [5D, 51, 77, 74]]
/8x]((:QB_rw&b^t
Answer from Hex Matrix: 
[[2F, 28, 42, 26], [38, 28, 5F, 62], [78, 3A, 72, 5E], [5D, 51, 77, 74]]

7C 4F 6A 40 
68 71 3D 61 
68 33 2D 6E 
2D 26 61 5E 
[[7C, 4F, 6A, 40], [68, 71, 3D, 61], [68, 33, 2D, 6E], [2D, 26, 61, 5E]]
|hh-Oq3&j=-a@an^
Answer from Hex Matrix: 
[[7C, 4F, 6A, 40], [68, 71, 3D, 61], [68, 33, 2D, 6E], [2D, 26, 61, 5E]]

71 59 34 37 
37 58 2A 7A 
31 47 22 31 
7A 59 71 64 
[[71, 59, 34, 37], [37, 58, 2A, 7A], [31, 47, 22, 31], [7A, 59, 71, 64]]
q71zYXGY4*"q7z1d
Answer from Hex Matrix: 
[[71, 59, 34, 37], [37, 58, 2A, 7A], [31, 47, 22, 31], [7A, 59, 71, 64]]

5C 53 58 47 
6D 2D 63 3A 
54 2C 42 73 
49 3B 75 45 
[[5C, 53, 58, 47], [6D, 2D, 63, 3A], [54, 2C, 42, 73], [49, 3B, 75, 45]]
\mTIS-,;XcBuG:sE
Answer from Hex Matrix: 
[[5C, 53, 58, 47], [6D, 2D, 63, 3A], [54, 2C, 42, 73], [49, 3B, 75, 45]]

54 79 43 3F 
27 2D 52 40 
52 2F 25 3E 
72 23 2F 41 
[[54, 79, 43, 3F], [27, 2D, 52, 40], [52, 2F, 25, 3E], [72, 23, 2F, 41]]
T'Rry-/#CR%/?@>A
Answer from Hex Matrix: 
[[54, 79, 43, 3F], [27, 2D, 52, 40], [52, 2F, 25, 3E], [72, 23, 2F, 41]]

55 50 59 44 
64 67 2D 64 
6C 6B 6E 3D 
33 66 33 5F 
[[55, 50, 59, 44], [64, 67, 2D, 64], [6C, 6B, 6E, 3D], [33, 66, 33, 5F]]
Udl3PgkfY-n3Dd=_
Answer from Hex Matrix: 
[[55, 50, 59, 44], [64, 67, 2D, 64], [6C, 6B, 6E, 3D], [33, 66, 33, 5F]]

57 66 4C 2E 
65 60 4B 58 
2E 59 5E 5F 
31 5B 23 25 
[[57, 66, 4C, 2E], [65, 60, 4B, 58], [2E, 59, 5E, 5F], [31, 5B, 23, 25]]
We.1f`Y[LK^#.X_%
Answer from Hex Matrix: 
[[57, 66, 4C, 2E], [65, 60, 4B, 58], [2E, 59, 5E, 5F], [31, 5B, 23, 25]]

34 62 42 5B 
78 6B 60 7A 
26 74 7A 2F 
58 77 3E 64 
[[34, 62, 42, 5B], [78, 6B, 60, 7A], [26, 74, 7A, 2F], [58, 77, 3E, 64]]
4x&XbktwB`z>[z/d
Answer from Hex Matrix: 
[[34, 62, 42, 5B], [78, 6B, 60, 7A], [26, 74, 7A, 2F], [58, 77, 3E, 64]]

3A 2A 6B 7B 
6D 2A 64 71 
6C 46 6D 64 
55 39 44 4E 
[[3A, 2A, 6B, 7B], [6D, 2A, 64, 71], [6C, 46, 6D, 64], [55, 39, 44, 4E]]
:mlU**F9kdmD{qdN
Answer from Hex Matrix: 
[[3A, 2A, 6B, 7B], [6D, 2A, 64, 71], [6C, 46, 6D, 64], [55, 39, 44, 4E]]

4B 43 4F 63 
6F 46 37 55 
3C 60 72 6C 
50 56 61 21 
[[4B, 43, 4F, 63], [6F, 46, 37, 55], [3C, 60, 72, 6C], [50, 56, 61, 21]]
Ko<PCF`VO7racUl!
Answer from Hex Matrix: 
[[4B, 43, 4F, 63], [6F, 46, 37, 55], [3C, 60, 72, 6C], [50, 56, 61, 21]]

39 7D 68 5F 
69 56 3E 2B 
46 44 42 22 
33 7A 74 39 
[[39, 7D, 68, 5F], [69, 56, 3E, 2B], [46, 44, 42, 22], [33, 7A, 74, 39]]
9iF3}VDzh>Bt_+"9
Answer from Hex Matrix: 
[[39, 7D, 68, 5F], [69, 56, 3E, 2B], [46, 44, 42, 22], [33, 7A, 74, 39]]

4F 42 76 2C 
76 64 76 3F 
73 3F 70 40 
21 66 74 58 
[[4F, 42, 76, 2C], [76, 64, 76, 3F], [73, 3F, 70, 40], [21, 66, 74, 58]]
Ovs!Bd?fvvpt,?@X
Answer from Hex Matrix: 
[[4F, 42, 76, 2C], [76, 64, 76, 3F], [73, 3F, 70, 40], [21, 66, 74, 58]]

6C 33 6B 29 
30 3C 6A 3B 
39 59 4F 37 
47 4B 4C 7D 
[[6C, 33, 6B, 29], [30, 3C, 6A, 3B], [39, 59, 4F, 37], [47, 4B, 4C, 7D]]
l09G3<YKkjOL);7}
Answer from Hex Matrix: 
[[6C, 33, 6B, 29], [30, 3C, 6A, 3B], [39, 59, 4F, 37], [47, 4B, 4C, 7D]]

6D 49 5E 5F 
6A 33 78 74 
74 37 2C 55 
3E 31 6B 4C 
[[6D, 49, 5E, 5F], [6A, 33, 78, 74], [74, 37, 2C, 55], [3E, 31, 6B, 4C]]
mjt>I371^x,k_tUL
Answer from Hex Matrix: 
[[6D, 49, 5E, 5F], [6A, 33, 78, 74], [74, 37, 2C, 55], [3E, 31, 6B, 4C]]

50 78 68 58 
31 79 67 65 
46 22 23 24 
61 72 2A 5B 
[[50, 78, 68, 58], [31, 79, 67, 65], [46, 22, 23, 24], [61, 72, 2A, 5B]]
P1Faxy"rhg#*Xe$[
Answer from Hex Matrix: 
[[50, 78, 68, 58], [31, 79, 67, 65], [46, 22, 23, 24], [61, 72, 2A, 5B]]

68 67 53 2F 
77 6A 41 53 
4D 4D 49 5C 
35 4F 4C 7B 
[[68, 67, 53, 2F], [77, 6A, 41, 53], [4D, 4D, 49, 5C], [35, 4F, 4C, 7B]]
hwM5gjMOSAIL/S\{
Answer from Hex Matrix: 
[[68, 67, 53, 2F], [77, 6A, 41, 53], [4D, 4D, 49, 5C], [35, 4F, 4C, 7B]]

38 40 76 3B 
38 47 59 73 
57 23 4F 2A 
4A 35 6F 60 
[[38, 40, 76, 3B], [38, 47, 59, 73], [57, 23, 4F, 2A], [4A, 35, 6F, 60]]
88WJ@G#5vYOo;s*`
Answer from Hex Matrix: 
[[38, 40, 76, 3B], [38, 47, 59, 73], [57, 23, 4F, 2A], [4A, 35, 6F, 60]]

24 25 7C 3C 
4F 43 33 47 
63 26 69 67 
50 25 40 7D 
[[24, 25, 7C, 3C], [4F, 43, 33, 47], [63, 26, 69, 67], [50, 25, 40, 7D]]
$OcP%C&%|3i@<Gg}
Answer from Hex Matrix: 
[[24, 25, 7C, 3C], [4F, 43, 33, 47], [63, 26, 69, 67], [50, 25, 40, 7D]]

33 7D 28 30 
4E 5C 2F 44 
4C 70 43 32 
4E 69 57 7B 
[[33, 7D, 28, 30], [4E, 5C, 2F, 44], [4C, 70, 43, 32], [4E, 69, 57, 7B]]
3NLN}\pi(/CW0D2{
Answer from Hex Matrix: 
[[33, 7D, 28, 30], [4E, 5C, 2F, 44], [4C, 70, 43, 32], [4E, 69, 57, 7B]]

71 4B 77 6A 
63 74 40 45 
22 4C 28 5D 
63 53 2B 57 
[[71, 4B, 77, 6A], [63, 74, 40, 45], [22, 4C, 28, 5D], [63, 53, 2B, 57]]
qc"cKtLSw@(+jE]W
Answer from Hex Matrix: 
[[71, 4B, 77, 6A], [63, 74, 40, 45], [22, 4C, 28, 5D], [63, 53, 2B, 57]]

52 54 40 55 
2C 71 4B 69 
64 6C 63 58 
74 33 63 29 
[[52, 54, 40, 55], [2C, 71, 4B, 69], [64, 6C, 63, 58], [74, 33, 63, 29]]
R,dtTql3@KccUiX)
Answer from Hex Matrix: 
[[52, 54, 40, 55], [2C, 71, 4B, 69], [64, 6C, 63, 58], [74, 33, 63, 29]]

47 6F 39 66 
6D 24 49 4D 
5D 22 2D 26 
56 4E 4C 63 
[[47, 6F, 39, 66], [6D, 24, 49, 4D], [5D, 22, 2D, 26], [56, 4E, 4C, 63]]
Gm]Vo$"N9I-LfM&c
Answer from Hex Matrix: 
[[47, 6F, 39, 66], [6D, 24, 49, 4D], [5D, 22, 2D, 26], [56, 4E, 4C, 63]]

70 37 77 74 
2F 37 7D 33 
51 79 21 4B 
5D 7B 36 38 
[[70, 37, 77, 74], [2F, 37, 7D, 33], [51, 79, 21, 4B], [5D, 7B, 36, 38]]
p/Q]77y{w}!6t3K8
Answer from Hex Matrix: 
[[70, 37, 77, 74], [2F, 37, 7D, 33], [51, 79, 21, 4B], [5D, 7B, 36, 38]]

57 5C 29 6A 
68 2A 62 4E 
61 40 58 63 
41 59 47 3D 
[[57, 5C, 29, 6A], [68, 2A, 62, 4E], [61, 40, 58, 63], [41, 59, 47, 3D]]
WhaA\*@Y)bXGjNc=
Answer from Hex Matrix: 
[[57, 5C, 29, 6A], [68, 2A, 62, 4E], [61, 40, 58, 63], [41, 59, 47, 3D]]

2D 79 69 3C 
65 7C 32 4E 
4F 6C 6A 33 
5F 5C 66 27 
[[2D, 79, 69, 3C], [65, 7C, 32, 4E], [4F, 6C, 6A, 33], [5F, 5C, 66, 27]]
-eO_y|l\i2jf<N3'
Answer from Hex Matrix: 
[[2D, 79, 69, 3C], [65, 7C, 32, 4E], [4F, 6C, 6A, 33], [5F, 5C, 66, 27]]

7C 54 5F 78 
3B 41 6C 73 
52 52 29 5D 
7C 4D 7B 40 
[[7C, 54, 5F, 78], [3B, 41, 6C, 73], [52, 52, 29, 5D], [7C, 4D, 7B, 40]]
|;R|TARM_l){xs]@
Answer from Hex Matrix: 
[[7C, 54, 5F, 78], [3B, 41, 6C, 73], [52, 52, 29, 5D], [7C, 4D, 7B, 40]]

52 6F 5E 50 
71 2E 40 49 
64 77 77 4E 
72 23 67 34 
[[52, 6F, 5E, 50], [71, 2E, 40, 49], [64, 77, 77, 4E], [72, 23, 67, 34]]
Rqdro.w#^@wgPIN4
Answer from Hex Matrix: 
[[52, 6F, 5E, 50], [71, 2E, 40, 49], [64, 77, 77, 4E], [72, 23, 67, 34]]

7C 54 4E 25 
4F 65 50 29 
73 55 4F 24 
2A 3E 5F 4D 
[[7C, 54, 4E, 25], [4F, 65, 50, 29], [73, 55, 4F, 24], [2A, 3E, 5F, 4D]]
|Os*TeU>NPO_%)$M
Answer from Hex Matrix: 
[[7C, 54, 4E, 25], [4F, 65, 50, 29], [73, 55, 4F, 24], [2A, 3E, 5F, 4D]]

2C 64 3D 2A 
61 5C 39 38 
6B 4A 79 56 
30 37 4E 69 
[[2C, 64, 3D, 2A], [61, 5C, 39, 38], [6B, 4A, 79, 56], [30, 37, 4E, 69]]
,ak0d\J7=9yN*8Vi
Answer from Hex Matrix: 
[[2C, 64, 3D, 2A], [61, 5C, 39, 38], [6B, 4A, 79, 56], [30, 37, 4E, 69]]

51 69 62 2F 
33 33 68 2E 
4A 32 2A 48 
78 51 57 54 
[[51, 69, 62, 2F], [33, 33, 68, 2E], [4A, 32, 2A, 48], [78, 51, 57, 54]]
Q3Jxi32Qbh*W/.HT
Answer from Hex Matrix: 
[[51, 69, 62, 2F], [33, 33, 68, 2E], [4A, 32, 2A, 48], [78, 51, 57, 54]]

2B 50 36 67 
29 53 29 2D 
79 2D 30 24 
46 6C 3E 3E 
[[2B, 50, 36, 67], [29, 53, 29, 2D], [79, 2D, 30, 24], [46, 6C, 3E, 3E]]
+)yFPS-l6)0>g-$>
Answer from Hex Matrix: 
[[2B, 50, 36, 67], [29, 53, 29, 2D], [79, 2D, 30, 24], [46, 6C, 3E, 3E]]

5A 60 45 33 
4A 79 69 69 
57 6B 4A 7B 
53 52 68 64 
[[5A, 60, 45, 33], [4A, 79, 69, 69], [57, 6B, 4A, 7B], [53, 52, 68, 64]]
ZJWS`ykREiJh3i{d
Answer from Hex Matrix: 
[[5A, 60, 45, 33], [4A, 79, 69, 69], [57, 6B, 4A, 7B], [53, 52, 68, 64]]

2A 21 39 43 
57 69 4D 31 
60 43 48 31 
72 55 51 76 
[[2A, 21, 39, 43], [57, 69, 4D, 31], [60, 43, 48, 31], [72, 55, 51, 76]]
*W`r!iCU9MHQC11v
Answer from Hex Matrix: 
[[2A, 21, 39, 43], [57, 69, 4D, 31], [60, 43, 48, 31], [72, 55, 51, 76]]

4D 29 77 24 
67 2B 53 40 
21 5E 27 44 
22 31 78 23 
[[4D, 29, 77, 24], [67, 2B, 53, 40], [21, 5E, 27, 44], [22, 31, 78, 23]]
Mg!")+^1wS'x$@D#
Answer from Hex Matrix: 
[[4D, 29, 77, 24], [67, 2B, 53, 40], [21, 5E, 27, 44], [22, 31, 78, 23]]

54 2C 77 47 
3B 53 56 56 
2D 5A 57 2D 
65 2E 7C 4B 
[[54, 2C, 77, 47], [3B, 53, 56, 56], [2D, 5A, 57, 2D], [65, 2E, 7C, 4B]]
T;-e,SZ.wVW|GV-K
Answer from Hex Matrix: 
[[54, 2C, 77, 47], [3B, 53, 56, 56], [2D, 5A, 57, 2D], [65, 2E, 7C, 4B]]

43 2B 40 2B 
44 35 38 5E 
57 7A 74 49 
7A 38 2D 27 
[[43, 2B, 40, 2B], [44, 35, 38, 5E], [57, 7A, 74, 49], [7A, 38, 2D, 27]]
CDWz+5z8@8t-+^I'
Answer from Hex Matrix: 
[[43, 2B, 40, 2B], [44, 35, 38, 5E], [57, 7A, 74, 49], [7A, 38, 2D, 27]]

61 34 40 7C 
3F 2A 51 38 
61 5B 4D 50 
5E 33 5D 32 
[[61, 34, 40, 7C], [3F, 2A, 51, 38], [61, 5B, 4D, 50], [5E, 33, 5D, 32]]
a?a^4*[3@QM]|8P2
Answer from Hex Matrix: 
[[61, 34, 40, 7C], [3F, 2A, 51, 38], [61, 5B, 4D, 50], [5E, 33, 5D, 32]]

72 28 54 47 
6C 40 5E 6A 
75 42 27 3D 
4C 71 66 6D 
[[72, 28, 54, 47], [6C, 40, 5E, 6A], [75, 42, 27, 3D], [4C, 71, 66, 6D]]
rluL(@BqT^'fGj=m
Answer from Hex Matrix: 
[[72, 28, 54, 47], [6C, 40, 5E, 6A], [75, 42, 27, 3D], [4C, 71, 66, 6D]]

48 6E 67 5B 
7B 2B 6E 30 
23 5B 75 4D 
70 59 3F 52 
[[48, 6E, 67, 5B], [7B, 2B, 6E, 30], [23, 5B, 75, 4D], [70, 59, 3F, 52]]
H{#pn+[Ygnu?[0MR
Answer from Hex Matrix: 
[[48, 6E, 67, 5B], [7B, 2B, 6E, 30], [23, 5B, 75, 4D], [70, 59, 3F, 52]]

67 3A 7C 77 
4B 24 6F 50 
2C 6B 21 31 
47 50 55 35 
[[67, 3A, 7C, 77], [4B, 24, 6F, 50], [2C, 6B, 21, 31], [47, 50, 55, 35]]
gK,G:$kP|o!UwP15
Answer from Hex Matrix: 
[[67, 3A, 7C, 77], [4B, 24, 6F, 50], [2C, 6B, 21, 31], [47, 50, 55, 35]]

28 56 3C 5E 
7C 21 64 2E 
3C 48 28 43 
71 43 2F 6F 
[[28, 56, 3C, 5E], [7C, 21, 64, 2E], [3C, 48, 28, 43], [71, 43, 2F, 6F]]
(|<qV!HC<d(/^.Co
Answer from Hex Matrix: 
[[28, 56, 3C, 5E], [7C, 21, 64, 2E], [3C, 48, 28, 43], [71, 43, 2F, 6F]]

3F 3B 4B 5B 
7D 48 51 5C 
70 4A 53 76 
6B 65 76 5A 
[[3F, 3B, 4B, 5B], [7D, 48, 51, 5C], [70, 4A, 53, 76], [6B, 65, 76, 5A]]
?}pk;HJeKQSv[\vZ
Answer from Hex Matrix: 
[[3F, 3B, 4B, 5B], [7D, 48, 51, 5C], [70, 4A, 53, 76], [6B, 65, 76, 5A]]

5F 68 31 35 
3E 27 33 24 
62 2E 41 52 
29 65 5C 4D 
[[5F, 68, 31, 35], [3E, 27, 33, 24], [62, 2E, 41, 52], [29, 65, 5C, 4D]]
_>b)h'.e13A\5$RM
Answer from Hex Matrix: 
[[5F, 68, 31, 35], [3E, 27, 33, 24], [62, 2E, 41, 52], [29, 65, 5C, 4D]]

75 3B 4D 62 
59 2C 39 45 
32 22 37 4B 
5E 46 4D 6A 
[[75, 3B, 4D, 62], [59, 2C, 39, 45], [32, 22, 37, 4B], [5E, 46, 4D, 6A]]
uY2^;,"FM97MbEKj
Answer from Hex Matrix: 
[[75, 3B, 4D, 62], [59, 2C, 39, 45], [32, 22, 37, 4B], [5E, 46, 4D, 6A]]

35 25 39 26 
37 79 46 25 
58 4A 3A 6B 
31 4B 47 6E 
[[35, 25, 39, 26], [37, 79, 46, 25], [58, 4A, 3A, 6B], [31, 4B, 47, 6E]]
57X1%yJK9F:G&%kn
Answer from Hex Matrix: 
[[35, 25, 39, 26], [37, 79, 46, 25], [58, 4A, 3A, 6B], [31, 4B, 47, 6E]]

42 53 52 79 
57 2E 41 69 
50 24 39 4D 
6B 6D 4C 3A 
[[42, 53, 52, 79], [57, 2E, 41, 69], [50, 24, 39, 4D], [6B, 6D, 4C, 3A]]
BWPkS.$mRA9LyiM:
Answer from Hex Matrix: 
[[42, 53, 52, 79], [57, 2E, 41, 69], [50, 24, 39, 4D], [6B, 6D, 4C, 3A]]

56 45 47 5B 
21 30 72 52 
68 6B 7A 6D 
24 65 2F 66 
[[56, 45, 47, 5B], [21, 30, 72, 52], [68, 6B, 7A, 6D], [24, 65, 2F, 66]]
V!h$E0keGrz/[Rmf
Answer from Hex Matrix: 
[[56, 45, 47, 5B], [21, 30, 72, 52], [68, 6B, 7A, 6D], [24, 65, 2F, 66]]

36 3E 77 22 
2C 61 31 31 
5C 6D 4A 32 
4C 2C 69 63 
[[36, 3E, 77, 22], [2C, 61, 31, 31], [5C, 6D, 4A, 32], [4C, 2C, 69, 63]]
6,\L>am,w1Ji"12c
Answer from Hex Matrix: 
[[36, 3E, 77, 22], [2C, 61, 31, 31], [5C, 6D, 4A, 32], [4C, 2C, 69, 63]]

64 52 5C 50 
67 29 69 61 
5F 75 35 76 
33 29 60 5F 
[[64, 52, 5C, 50], [67, 29, 69, 61], [5F, 75, 35, 76], [33, 29, 60, 5F]]
dg_3R)u)\i5`Pav_
Answer from Hex Matrix: 
[[64, 52, 5C, 50], [67, 29, 69, 61], [5F, 75, 35, 76], [33, 29, 60, 5F]]

6F 4E 74 64 
74 5C 6F 72 
79 27 3F 5B 
5A 25 3E 70 
[[6F, 4E, 74, 64], [74, 5C, 6F, 72], [79, 27, 3F, 5B], [5A, 25, 3E, 70]]
otyZN\'%to?>dr[p
Answer from Hex Matrix: 
[[6F, 4E, 74, 64], [74, 5C, 6F, 72], [79, 27, 3F, 5B], [5A, 25, 3E, 70]]

48 4B 4A 2D 
7A 27 7C 76 
2E 36 6C 2C 
55 6D 21 34 
[[48, 4B, 4A, 2D], [7A, 27, 7C, 76], [2E, 36, 6C, 2C], [55, 6D, 21, 34]]
Hz.UK'6mJ|l!-v,4
Answer from Hex Matrix: 
[[48, 4B, 4A, 2D], [7A, 27, 7C, 76], [2E, 36, 6C, 2C], [55, 6D, 21, 34]]

21 51 2E 60 
66 71 76 34 
73 40 30 5B 
61 2E 24 2F 
[[21, 51, 2E, 60], [66, 71, 76, 34], [73, 40, 30, 5B], [61, 2E, 24, 2F]]
!fsaQq@..v0$`4[/
Answer from Hex Matrix: 
[[21, 51, 2E, 60], [66, 71, 76, 34], [73, 40, 30, 5B], [61, 2E, 24, 2F]]

3D 2F 5E 60 
7D 2C 23 34 
6C 3D 60 7B 
34 5F 77 78 
[[3D, 2F, 5E, 60], [7D, 2C, 23, 34], [6C, 3D, 60, 7B], [34, 5F, 77, 78]]
=}l4/,=_^#`w`4{x
Answer from Hex Matrix: 
[[3D, 2F, 5E, 60], [7D, 2C, 23, 34], [6C, 3D, 60, 7B], [34, 5F, 77, 78]]

71 2A 6C 2C 
3D 52 57 45 
4C 35 38 70 
70 4C 35 60 
[[71, 2A, 6C, 2C], [3D, 52, 57, 45], [4C, 35, 38, 70], [70, 4C, 35, 60]]
q=Lp*R5LlW85,Ep`
Answer from Hex Matrix: 
[[71, 2A, 6C, 2C], [3D, 52, 57, 45], [4C, 35, 38, 70], [70, 4C, 35, 60]]

4B 71 45 4E 
77 29 73 67 
41 44 72 6C 
4B 4B 45 52 
[[4B, 71, 45, 4E], [77, 29, 73, 67], [41, 44, 72, 6C], [4B, 4B, 45, 52]]
KwAKq)DKEsrENglR
Answer from Hex Matrix: 
[[4B, 71, 45, 4E], [77, 29, 73, 67], [41, 44, 72, 6C], [4B, 4B, 45, 52]]

68 6D 2C 31 
5D 27 69 65 
77 4F 71 4F 
2C 7D 21 53 
[[68, 6D, 2C, 31], [5D, 27, 69, 65], [77, 4F, 71, 4F], [2C, 7D, 21, 53]]
h]w,m'O},iq!1eOS
Answer from Hex Matrix: 
[[68, 6D, 2C, 31], [5D, 27, 69, 65], [77, 4F, 71, 4F], [2C, 7D, 21, 53]]

5A 6D 7A 3D 
6B 52 6A 5A 
49 62 4B 77 
3F 57 55 30 
[[5A, 6D, 7A, 3D], [6B, 52, 6A, 5A], [49, 62, 4B, 77], [3F, 57, 55, 30]]
ZkI?mRbWzjKU=Zw0
Answer from Hex Matrix: 
[[5A, 6D, 7A, 3D], [6B, 52, 6A, 5A], [49, 62, 4B, 77], [3F, 57, 55, 30]]

51 5E 4A 72 
6A 51 29 38 
35 6F 31 47 
4D 3C 70 21 
[[51, 5E, 4A, 72], [6A, 51, 29, 38], [35, 6F, 31, 47], [4D, 3C, 70, 21]]
Qj5M^Qo<J)1pr8G!
Answer from Hex Matrix: 
[[51, 5E, 4A, 72], [6A, 51, 29, 38], [35, 6F, 31, 47], [4D, 3C, 70, 21]]

72 52 58 38 
30 21 34 6F 
55 56 78 60 
51 27 4C 7D 
[[72, 52, 58, 38], [30, 21, 34, 6F], [55, 56, 78, 60], [51, 27, 4C, 7D]]
r0UQR!V'X4xL8o`}
Answer from Hex Matrix: 
[[72, 52, 58, 38], [30, 21, 34, 6F], [55, 56, 78, 60], [51, 27, 4C, 7D]]

2D 76 4A 4E 
27 37 3C 23 
4B 2C 2C 6A 
4F 2C 79 5C 
[[2D, 76, 4A, 4E], [27, 37, 3C, 23], [4B, 2C, 2C, 6A], [4F, 2C, 79, 5C]]
-'KOv7,,J<,yN#j\
Answer from Hex Matrix: 
[[2D, 76, 4A, 4E], [27, 37, 3C, 23], [4B, 2C, 2C, 6A], [4F, 2C, 79, 5C]]

5D 3F 2C 5E 
46 7A 4B 5A 
5A 7A 72 26 
75 7D 5E 2D 
[[5D, 3F, 2C, 5E], [46, 7A, 4B, 5A], [5A, 7A, 72, 26], [75, 7D, 5E, 2D]]
]FZu?zz},Kr^^Z&-
Answer from Hex Matrix: 
[[5D, 3F, 2C, 5E], [46, 7A, 4B, 5A], [5A, 7A, 72, 26], [75, 7D, 5E, 2D]]

65 59 7C 33 
65 24 6E 6C 
6F 52 7A 27 
64 7D 23 37 
[[65, 59, 7C, 33], [65, 24, 6E, 6C], [6F, 52, 7A, 27], [64, 7D, 23, 37]]
eeodY$R}|nz#3l'7
Answer from Hex Matrix: 
[[65, 59, 7C, 33], [65, 24, 6E, 6C], [6F, 52, 7A, 27], [64, 7D, 23, 37]]

5B 62 73 2A 
2B 23 3D 76 
67 5C 6D 3E 
78 58 2F 5C 
[[5B, 62, 73, 2A], [2B, 23, 3D, 76], [67, 5C, 6D, 3E], [78, 58, 2F, 5C]]
[+gxb#\Xs=m/*v>\
Answer from Hex Matrix: 
[[5B, 62, 73, 2A], [2B, 23, 3D, 76], [67, 5C, 6D, 3E], [78, 58, 2F, 5C]]

76 45 2C 39 
3F 4E 53 4A 
75 66 28 2E 
7B 44 41 69 
[[76, 45, 2C, 39], [3F, 4E, 53, 4A], [75, 66, 28, 2E], [7B, 44, 41, 69]]
v?u{ENfD,S(A9J.i
Answer from Hex Matrix: 
[[76, 45, 2C, 39], [3F, 4E, 53, 4A], [75, 66, 28, 2E], [7B, 44, 41, 69]]

64 47 58 3F 
22 3D 2D 51 
6A 4C 4B 34 
7A 75 43 6A 
[[64, 47, 58, 3F], [22, 3D, 2D, 51], [6A, 4C, 4B, 34], [7A, 75, 43, 6A]]
d"jzG=LuX-KC?Q4j
Answer from Hex Matrix: 
[[64, 47, 58, 3F], [22, 3D, 2D, 51], [6A, 4C, 4B, 34], [7A, 75, 43, 6A]]

61 2B 6C 78 
25 47 7D 2F 
61 65 3E 22 
3B 2A 78 46 
[[61, 2B, 6C, 78], [25, 47, 7D, 2F], [61, 65, 3E, 22], [3B, 2A, 78, 46]]
a%a;+Ge*l}>xx/"F
Answer from Hex Matrix: 
[[61, 2B, 6C, 78], [25, 47, 7D, 2F], [61, 65, 3E, 22], [3B, 2A, 78, 46]]

24 28 4A 61 
2C 24 2E 28 
32 78 35 4F 
31 35 43 55 
[[24, 28, 4A, 61], [2C, 24, 2E, 28], [32, 78, 35, 4F], [31, 35, 43, 55]]
$,21($x5J.5Ca(OU
Answer from Hex Matrix: 
[[24, 28, 4A, 61], [2C, 24, 2E, 28], [32, 78, 35, 4F], [31, 35, 43, 55]]

38 31 6D 47 
22 63 4D 79 
31 54 4D 3F 
62 7A 6E 32 
[[38, 31, 6D, 47], [22, 63, 4D, 79], [31, 54, 4D, 3F], [62, 7A, 6E, 32]]
8"1b1cTzmMMnGy?2
Answer from Hex Matrix: 
[[38, 31, 6D, 47], [22, 63, 4D, 79], [31, 54, 4D, 3F], [62, 7A, 6E, 32]]

5C 25 32 26 
38 62 2F 5D 
61 56 38 71 
6E 3E 5C 64 
[[5C, 25, 32, 26], [38, 62, 2F, 5D], [61, 56, 38, 71], [6E, 3E, 5C, 64]]
\8an%bV>2/8\&]qd
Answer from Hex Matrix: 
[[5C, 25, 32, 26], [38, 62, 2F, 5D], [61, 56, 38, 71], [6E, 3E, 5C, 64]]

6C 4F 5B 34 
44 7D 7A 5C 
45 71 62 68 
37 7A 4B 32 
[[6C, 4F, 5B, 34], [44, 7D, 7A, 5C], [45, 71, 62, 68], [37, 7A, 4B, 32]]
lDE7O}qz[zbK4\h2
Answer from Hex Matrix: 
[[6C, 4F, 5B, 34], [44, 7D, 7A, 5C], [45, 71, 62, 68], [37, 7A, 4B, 32]]

66 6E 2A 3B 
67 2F 22 46 
4C 4F 56 54 
54 2F 7A 3B 
[[66, 6E, 2A, 3B], [67, 2F, 22, 46], [4C, 4F, 56, 54], [54, 2F, 7A, 3B]]
fgLTn/O/*"Vz;FT;
Answer from Hex Matrix: 
[[66, 6E, 2A, 3B], [67, 2F, 22, 46], [4C, 4F, 56, 54], [54, 2F, 7A, 3B]]

34 4D 55 49 
32 4B 44 48 
51 63 29 69 
6A 40 64 25 
[[34, 4D, 55, 49], [32, 4B, 44, 48], [51, 63, 29, 69], [6A, 40, 64, 25]]
42QjMKc@UD)dIHi%
Answer from Hex Matrix: 
[[34, 4D, 55, 49], [32, 4B, 44, 48], [51, 63, 29, 69], [6A, 40, 64, 25]]

31 22 65 65 
57 75 4B 5B 
69 29 4D 68 
70 4C 3A 4C 
[[31, 22, 65, 65], [57, 75, 4B, 5B], [69, 29, 4D, 68], [70, 4C, 3A, 4C]]
1Wip"u)LeKM:e[hL
Answer from Hex Matrix: 
[[31, 22, 65, 65], [57, 75, 4B, 5B], [69, 29, 4D, 68], [70, 4C, 3A, 4C]]

2D 3E 2F 25 
4A 64 27 4C 
42 36 2E 32 
71 58 32 26 
[[2D, 3E, 2F, 25], [4A, 64, 27, 4C], [42, 36, 2E, 32], [71, 58, 32, 26]]
-JBq>d6X/'.2%L2&
Answer from Hex Matrix: 
[[2D, 3E, 2F, 25], [4A, 64, 27, 4C], [42, 36, 2E, 32], [71, 58, 32, 26]]

70 27 4E 43 
3F 35 7D 30 
31 57 21 69 
7D 61 3B 61 
[[70, 27, 4E, 43], [3F, 35, 7D, 30], [31, 57, 21, 69], [7D, 61, 3B, 61]]
p?1}'5WaN}!;C0ia
Answer from Hex Matrix: 
[[70, 27, 4E, 43], [3F, 35, 7D, 30], [31, 57, 21, 69], [7D, 61, 3B, 61]]

6A 37 7A 37 
64 6C 44 72 
28 44 78 6B 
26 72 5E 37 
[[6A, 37, 7A, 37], [64, 6C, 44, 72], [28, 44, 78, 6B], [26, 72, 5E, 37]]
jd(&7lDrzDx^7rk7
Answer from Hex Matrix: 
[[6A, 37, 7A, 37], [64, 6C, 44, 72], [28, 44, 78, 6B], [26, 72, 5E, 37]]

34 42 64 34 
6B 44 30 5A 
3F 72 69 41 
73 6A 7A 5D 
[[34, 42, 64, 34], [6B, 44, 30, 5A], [3F, 72, 69, 41], [73, 6A, 7A, 5D]]
4k?sBDrjd0iz4ZA]
Answer from Hex Matrix: 
[[34, 42, 64, 34], [6B, 44, 30, 5A], [3F, 72, 69, 41], [73, 6A, 7A, 5D]]

2F 70 4B 57 
24 34 4E 34 
29 54 46 5F 
33 51 7A 59 
[[2F, 70, 4B, 57], [24, 34, 4E, 34], [29, 54, 46, 5F], [33, 51, 7A, 59]]
/$)3p4TQKNFzW4_Y
Answer from Hex Matrix: 
[[2F, 70, 4B, 57], [24, 34, 4E, 34], [29, 54, 46, 5F], [33, 51, 7A, 59]]

60 2D 38 77 
5E 70 4D 26 
37 5E 6A 5D 
29 30 2A 2C 
[[60, 2D, 38, 77], [5E, 70, 4D, 26], [37, 5E, 6A, 5D], [29, 30, 2A, 2C]]
`^7)-p^08Mj*w&],
Answer from Hex Matrix: 
[[60, 2D, 38, 77], [5E, 70, 4D, 26], [37, 5E, 6A, 5D], [29, 30, 2A, 2C]]

37 25 78 37 
49 54 78 27 
50 47 64 50 
22 32 6F 70 
[[37, 25, 78, 37], [49, 54, 78, 27], [50, 47, 64, 50], [22, 32, 6F, 70]]
7IP"%TG2xxdo7'Pp
Answer from Hex Matrix: 
[[37, 25, 78, 37], [49, 54, 78, 27], [50, 47, 64, 50], [22, 32, 6F, 70]]

52 5B 36 53 
6F 70 57 5C 
4E 33 6E 58 
51 55 4D 65 
[[52, 5B, 36, 53], [6F, 70, 57, 5C], [4E, 33, 6E, 58], [51, 55, 4D, 65]]
RoNQ[p3U6WnMS\Xe
Answer from Hex Matrix: 
[[52, 5B, 36, 53], [6F, 70, 57, 5C], [4E, 33, 6E, 58], [51, 55, 4D, 65]]

68 31 28 57 
3D 26 3A 78 
44 22 24 53 
4A 52 75 4C 
[[68, 31, 28, 57], [3D, 26, 3A, 78], [44, 22, 24, 53], [4A, 52, 75, 4C]]
h=DJ1&"R(:$uWxSL
Answer from Hex Matrix: 
[[68, 31, 28, 57], [3D, 26, 3A, 78], [44, 22, 24, 53], [4A, 52, 75, 4C]]

60 5E 29 32 
61 42 5C 3C 
50 2A 53 22 
6D 47 3D 7C 
[[60, 5E, 29, 32], [61, 42, 5C, 3C], [50, 2A, 53, 22], [6D, 47, 3D, 7C]]
`aPm^B*G)\S=2<"|
Answer from Hex Matrix: 
[[60, 5E, 29, 32], [61, 42, 5C, 3C], [50, 2A, 53, 22], [6D, 47, 3D, 7C]]

3E 61 66 36 
49 75 32 2E 
5D 49 40 3F 
30 6B 4B 58 
[[3E, 61, 66, 36], [49, 75, 32, 2E], [5D, 49, 40, 3F], [30, 6B, 4B, 58]]
>I]0auIkf2@K6.?X
Answer from Hex Matrix: 
[[3E, 61, 66, 36], [49, 75, 32, 2E], [5D, 49, 40, 3F], [30, 6B, 4B, 58]]

60 22 58 2D 
2D 4B 4C 2F 
6C 55 5A 51 
71 58 61 70 
[[60, 22, 58, 2D], [2D, 4B, 4C, 2F], [6C, 55, 5A, 51], [71, 58, 61, 70]]
`-lq"KUXXLZa-/Qp
Answer from Hex Matrix: 
[[60, 22, 58, 2D], [2D, 4B, 4C, 2F], [6C, 55, 5A, 51], [71, 58, 61, 70]]

70 7D 42 51 
3E 3F 5B 58 
4E 42 2D 25 
33 28 4A 27 
[[70, 7D, 42, 51], [3E, 3F, 5B, 58], [4E, 42, 2D, 25], [33, 28, 4A, 27]]
p>N3}?B(B[-JQX%'
Answer from Hex Matrix: 
[[70, 7D, 42, 51], [3E, 3F, 5B, 58], [4E, 42, 2D, 25], [33, 28, 4A, 27]]

75 68 61 53 
74 65 47 77 
77 61 34 45 
43 66 61 6B 
[[75, 68, 61, 53], [74, 65, 47, 77], [77, 61, 34, 45], [43, 66, 61, 6B]]
utwCheafaG4aSwEk
Answer from Hex Matrix: 
[[75, 68, 61, 53], [74, 65, 47, 77], [77, 61, 34, 45], [43, 66, 61, 6B]]

3D 2F 39 74 
3D 63 57 43 
5F 7C 39 4D 
71 35 5A 31 
[[3D, 2F, 39, 74], [3D, 63, 57, 43], [5F, 7C, 39, 4D], [71, 35, 5A, 31]]
==_q/c|59W9ZtCM1
Answer from Hex Matrix: 
[[3D, 2F, 39, 74], [3D, 63, 57, 43], [5F, 7C, 39, 4D], [71, 35, 5A, 31]]

46 52 3B 69 
74 74 21 61 
76 23 64 63 
32 7C 79 73 
[[46, 52, 3B, 69], [74, 74, 21, 61], [76, 23, 64, 63], [32, 7C, 79, 73]]
Ftv2Rt#|;!dyiacs
Answer from Hex Matrix: 
[[46, 52, 3B, 69], [74, 74, 21, 61], [76, 23, 64, 63], [32, 7C, 79, 73]]

6B 53 71 4E 
61 55 45 53 
62 67 43 36 
58 71 4A 41 
[[6B, 53, 71, 4E], [61, 55, 45, 53], [62, 67, 43, 36], [58, 71, 4A, 41]]
kabXSUgqqECJNS6A
Answer from Hex Matrix: 
[[6B, 53, 71, 4E], [61, 55, 45, 53], [62, 67, 43, 36], [58, 71, 4A, 41]]

54 53 77 68 
43 5D 6C 47 
3B 22 44 71 
64 34 4D 36 
[[54, 53, 77, 68], [43, 5D, 6C, 47], [3B, 22, 44, 71], [64, 34, 4D, 36]]
TC;dS]"4wlDMhGq6
Answer from Hex Matrix: 
[[54, 53, 77, 68], [43, 5D, 6C, 47], [3B, 22, 44, 71], [64, 34, 4D, 36]]

72 3B 2F 6D 
3B 36 64 30 
67 57 71 3E 
67 3A 52 53 
[[72, 3B, 2F, 6D], [3B, 36, 64, 30], [67, 57, 71, 3E], [67, 3A, 52, 53]]
r;gg;6W:/dqRm0>S
Answer from Hex Matrix: 
[[72, 3B, 2F, 6D], [3B, 36, 64, 30], [67, 57, 71, 3E], [67, 3A, 52, 53]]

23 4F 2D 51 
67 6D 3A 48 
55 76 23 21 
7D 31 75 4F 
[[23, 4F, 2D, 51], [67, 6D, 3A, 48], [55, 76, 23, 21], [7D, 31, 75, 4F]]
#gU}Omv1-:#uQH!O
Answer from Hex Matrix: 
[[23, 4F, 2D, 51], [67, 6D, 3A, 48], [55, 76, 23, 21], [7D, 31, 75, 4F]]

33 7D 75 52 
63 3C 7D 73 
5B 63 6C 54 
32 7A 68 71 
[[33, 7D, 75, 52], [63, 3C, 7D, 73], [5B, 63, 6C, 54], [32, 7A, 68, 71]]
3c[2}<czu}lhRsTq
Answer from Hex Matrix: 
[[33, 7D, 75, 52], [63, 3C, 7D, 73], [5B, 63, 6C, 54], [32, 7A, 68, 71]]

69 2F 2B 74 
28 38 4C 47 
2A 46 6E 55 
38 7D 6D 2C 
[[69, 2F, 2B, 74], [28, 38, 4C, 47], [2A, 46, 6E, 55], [38, 7D, 6D, 2C]]
i(*8/8F}+LnmtGU,
Answer from Hex Matrix: 
[[69, 2F, 2B, 74], [28, 38, 4C, 47], [2A, 46, 6E, 55], [38, 7D, 6D, 2C]]

7B 31 3C 59 
36 73 6D 51 
6C 52 27 6A 
68 4B 69 7A 
[[7B, 31, 3C, 59], [36, 73, 6D, 51], [6C, 52, 27, 6A], [68, 4B, 69, 7A]]
{6lh1sRK<m'iYQjz
Answer from Hex Matrix: 
[[7B, 31, 3C, 59], [36, 73, 6D, 51], [6C, 52, 27, 6A], [68, 4B, 69, 7A]]

5D 5C 73 68 
5C 6E 53 4B 
77 6F 56 3E 
46 50 54 69 
[[5D, 5C, 73, 68], [5C, 6E, 53, 4B], [77, 6F, 56, 3E], [46, 50, 54, 69]]
]\wF\noPsSVThK>i
Answer from Hex Matrix: 
[[5D, 5C, 73, 68], [5C, 6E, 53, 4B], [77, 6F, 56, 3E], [46, 50, 54, 69]]

69 3B 4B 30 
7B 41 22 5F 
72 53 56 79 
7A 4B 50 28 
[[69, 3B, 4B, 30], [7B, 41, 22, 5F], [72, 53, 56, 79], [7A, 4B, 50, 28]]
i{rz;ASKK"VP0_y(
Answer from Hex Matrix: 
[[69, 3B, 4B, 30], [7B, 41, 22, 5F], [72, 53, 56, 79], [7A, 4B, 50, 28]]

2B 4E 2F 3A 
53 47 72 2F 
2A 61 33 7B 
51 79 6C 4B 
[[2B, 4E, 2F, 3A], [53, 47, 72, 2F], [2A, 61, 33, 7B], [51, 79, 6C, 4B]]
+S*QNGay/r3l:/{K
Answer from Hex Matrix: 
[[2B, 4E, 2F, 3A], [53, 47, 72, 2F], [2A, 61, 33, 7B], [51, 79, 6C, 4B]]

7A 3A 58 6F 
7A 71 38 77 
57 34 58 5B 
52 37 74 7D 
[[7A, 3A, 58, 6F], [7A, 71, 38, 77], [57, 34, 58, 5B], [52, 37, 74, 7D]]
zzWR:q47X8Xtow[}
Answer from Hex Matrix: 
[[7A, 3A, 58, 6F], [7A, 71, 38, 77], [57, 34, 58, 5B], [52, 37, 74, 7D]]

75 7D 53 3A 
24 59 2F 79 
59 66 36 6D 
5F 39 70 50 
[[75, 7D, 53, 3A], [24, 59, 2F, 79], [59, 66, 36, 6D], [5F, 39, 70, 50]]
u$Y_}Yf9S/6p:ymP
Answer from Hex Matrix: 
[[75, 7D, 53, 3A], [24, 59, 2F, 79], [59, 66, 36, 6D], [5F, 39, 70, 50]]

49 5C 65 63 
51 67 65 7B 
2C 78 25 6A 
69 21 76 57 
[[49, 5C, 65, 63], [51, 67, 65, 7B], [2C, 78, 25, 6A], [69, 21, 76, 57]]
IQ,i\gx!ee%vc{jW
Answer from Hex Matrix: 
[[49, 5C, 65, 63], [51, 67, 65, 7B], [2C, 78, 25, 6A], [69, 21, 76, 57]]

6B 7A 2E 2A 
74 59 4C 6B 
36 70 27 66 
2C 34 7C 26 
[[6B, 7A, 2E, 2A], [74, 59, 4C, 6B], [36, 70, 27, 66], [2C, 34, 7C, 26]]
kt6,zYp4.L'|*kf&
Answer from Hex Matrix: 
[[6B, 7A, 2E, 2A], [74, 59, 4C, 6B], [36, 70, 27, 66], [2C, 34, 7C, 26]]

6B 2A 3F 29 
45 41 32 6E 
64 64 24 4A 
21 69 6B 5D 
[[6B, 2A, 3F, 29], [45, 41, 32, 6E], [64, 64, 24, 4A], [21, 69, 6B, 5D]]
kEd!*Adi?2$k)nJ]
Answer from Hex Matrix: 
[[6B, 2A, 3F, 29], [45, 41, 32, 6E], [64, 64, 24, 4A], [21, 69, 6B, 5D]]

66 26 2E 7D 
22 26 40 54 
49 3E 50 69 
46 33 6E 32 
[[66, 26, 2E, 7D], [22, 26, 40, 54], [49, 3E, 50, 69], [46, 33, 6E, 32]]
f"IF&&>3.@Pn}Ti2
Answer from Hex Matrix: 
[[66, 26, 2E, 7D], [22, 26, 40, 54], [49, 3E, 50, 69], [46, 33, 6E, 32]]

72 7B 6D 7C 
5B 39 6C 2A 
27 38 30 7B 
66 4D 77 41 
[[72, 7B, 6D, 7C], [5B, 39, 6C, 2A], [27, 38, 30, 7B], [66, 4D, 77, 41]]
r['f{98Mml0w|*{A
Answer from Hex Matrix: 
[[72, 7B, 6D, 7C], [5B, 39, 6C, 2A], [27, 38, 30, 7B], [66, 4D, 77, 41]]

42 59 5A 48 
21 62 53 48 
61 5E 41 53 
4E 63 65 65 
[[42, 59, 5A, 48], [21, 62, 53, 48], [61, 5E, 41, 53], [4E, 63, 65, 65]]
B!aNYb^cZSAeHHSe
Answer from Hex Matrix: 
[[42, 59, 5A, 48], [21, 62, 53, 48], [61, 5E, 41, 53], [4E, 63, 65, 65]]

29 46 65 77 
7C 66 2C 2E 
3E 43 7B 63 
50 75 6F 4B 
[[29, 46, 65, 77], [7C, 66, 2C, 2E], [3E, 43, 7B, 63], [50, 75, 6F, 4B]]
)|>PFfCue,{ow.cK
Answer from Hex Matrix: 
[[29, 46, 65, 77], [7C, 66, 2C, 2E], [3E, 43, 7B, 63], [50, 75, 6F, 4B]]

24 51 75 53 
63 3E 71 40 
56 47 72 7D 
5E 36 3F 47 
[[24, 51, 75, 53], [63, 3E, 71, 40], [56, 47, 72, 7D], [5E, 36, 3F, 47]]
$cV^Q>G6uqr?S@}G
Answer from Hex Matrix: 
[[24, 51, 75, 53], [63, 3E, 71, 40], [56, 47, 72, 7D], [5E, 36, 3F, 47]]

3C 33 38 2F 
58 7D 2B 2C 
5F 27 61 5B 
27 6A 5A 21 
[[3C, 33, 38, 2F], [58, 7D, 2B, 2C], [5F, 27, 61, 5B], [27, 6A, 5A, 21]]
<X_'3}'j8+aZ/,[!
Answer from Hex Matrix: 
[[3C, 33, 38, 2F], [58, 7D, 2B, 2C], [5F, 27, 61, 5B], [27, 6A, 5A, 21]]

2D 5F 33 56 
71 3B 35 57 
49 74 61 58 
26 4D 71 5E 
[[2D, 5F, 33, 56], [71, 3B, 35, 57], [49, 74, 61, 58], [26, 4D, 71, 5E]]
-qI&_;tM35aqVWX^
Answer from Hex Matrix: 
[[2D, 5F, 33, 56], [71, 3B, 35, 57], [49, 74, 61, 58], [26, 4D, 71, 5E]]

28 33 76 3B 
36 38 55 3E 
6F 7B 4D 69 
73 51 24 77 
[[28, 33, 76, 3B], [36, 38, 55, 3E], [6F, 7B, 4D, 69], [73, 51, 24, 77]]
(6os38{QvUM$;>iw
Answer from Hex Matrix: 
[[28, 33, 76, 3B], [36, 38, 55, 3E], [6F, 7B, 4D, 69], [73, 51, 24, 77]]

2A 3A 6B 75 
3D 7C 53 6F 
57 78 75 31 
4D 5D 48 40 
[[2A, 3A, 6B, 75], [3D, 7C, 53, 6F], [57, 78, 75, 31], [4D, 5D, 48, 40]]
*=WM:|x]kSuHuo1@
Answer from Hex Matrix: 
[[2A, 3A, 6B, 75], [3D, 7C, 53, 6F], [57, 78, 75, 31], [4D, 5D, 48, 40]]

2F 7D 7B 72 
2B 40 39 47 
21 47 70 59 
34 33 3A 71 
[[2F, 7D, 7B, 72], [2B, 40, 39, 47], [21, 47, 70, 59], [34, 33, 3A, 71]]
/+!4}@G3{9p:rGYq
Answer from Hex Matrix: 
[[2F, 7D, 7B, 72], [2B, 40, 39, 47], [21, 47, 70, 59], [34, 33, 3A, 71]]

34 30 50 64 
73 32 5A 66 
46 24 59 23 
64 28 35 5F 
[[34, 30, 50, 64], [73, 32, 5A, 66], [46, 24, 59, 23], [64, 28, 35, 5F]]
4sFd02$(PZY5df#_
Answer from Hex Matrix: 
[[34, 30, 50, 64], [73, 32, 5A, 66], [46, 24, 59, 23], [64, 28, 35, 5F]]

5E 26 39 2F 
3D 5F 2E 39 
3C 60 3A 6C 
5F 25 42 2D 
[[5E, 26, 39, 2F], [3D, 5F, 2E, 39], [3C, 60, 3A, 6C], [5F, 25, 42, 2D]]
^=<_&_`%9.:B/9l-
Answer from Hex Matrix: 
[[5E, 26, 39, 2F], [3D, 5F, 2E, 39], [3C, 60, 3A, 6C], [5F, 25, 42, 2D]]

3B 21 30 35 
6B 2D 50 7C 
48 66 21 6A 
70 77 40 28 
[[3B, 21, 30, 35], [6B, 2D, 50, 7C], [48, 66, 21, 6A], [70, 77, 40, 28]]
;kHp!-fw0P!@5|j(
Answer from Hex Matrix: 
[[3B, 21, 30, 35], [6B, 2D, 50, 7C], [48, 66, 21, 6A], [70, 77, 40, 28]]

59 68 26 5F 
79 4F 2B 5A 
48 5B 6D 22 
53 31 71 3B 
[[59, 68, 26, 5F], [79, 4F, 2B, 5A], [48, 5B, 6D, 22], [53, 31, 71, 3B]]
YyHShO[1&+mq_Z";
Answer from Hex Matrix: 
[[59, 68, 26, 5F], [79, 4F, 2B, 5A], [48, 5B, 6D, 22], [53, 31, 71, 3B]]

4D 32 6B 6A 
41 63 52 3C 
73 6C 79 6A 
76 72 56 33 
[[4D, 32, 6B, 6A], [41, 63, 52, 3C], [73, 6C, 79, 6A], [76, 72, 56, 33]]
MAsv2clrkRyVj<j3
Answer from Hex Matrix: 
[[4D, 32, 6B, 6A], [41, 63, 52, 3C], [73, 6C, 79, 6A], [76, 72, 56, 33]]

58 5E 57 44 
59 39 37 4D 
3D 67 75 5F 
50 71 48 5E 
[[58, 5E, 57, 44], [59, 39, 37, 4D], [3D, 67, 75, 5F], [50, 71, 48, 5E]]
XY=P^9gqW7uHDM_^
Answer from Hex Matrix: 
[[58, 5E, 57, 44], [59, 39, 37, 4D], [3D, 67, 75, 5F], [50, 71, 48, 5E]]

72 58 3C 33 
36 66 43 6B 
49 59 33 48 
40 37 7A 44 
[[72, 58, 3C, 33], [36, 66, 43, 6B], [49, 59, 33, 48], [40, 37, 7A, 44]]
r6I@XfY7<C3z3kHD
Answer from Hex Matrix: 
[[72, 58, 3C, 33], [36, 66, 43, 6B], [49, 59, 33, 48], [40, 37, 7A, 44]]

78 2A 66 34 
5D 5F 65 2A 
55 35 3A 44 
64 44 5A 47 
[[78, 2A, 66, 34], [5D, 5F, 65, 2A], [55, 35, 3A, 44], [64, 44, 5A, 47]]
x]Ud*_5Dfe:Z4*DG
Answer from Hex Matrix: 
[[78, 2A, 66, 34], [5D, 5F, 65, 2A], [55, 35, 3A, 44], [64, 44, 5A, 47]]

2A 4A 36 6A 
55 6E 28 3A 
40 30 31 5F 
3E 55 70 42 
[[2A, 4A, 36, 6A], [55, 6E, 28, 3A], [40, 30, 31, 5F], [3E, 55, 70, 42]]
*U@>Jn0U6(1pj:_B
Answer from Hex Matrix: 
[[2A, 4A, 36, 6A], [55, 6E, 28, 3A], [40, 30, 31, 5F], [3E, 55, 70, 42]]

68 44 28 72 
5C 43 5C 52 
3A 71 71 70 
35 3D 23 64 
[[68, 44, 28, 72], [5C, 43, 5C, 52], [3A, 71, 71, 70], [35, 3D, 23, 64]]
h\:5DCq=(\q#rRpd
Answer from Hex Matrix: 
[[68, 44, 28, 72], [5C, 43, 5C, 52], [3A, 71, 71, 70], [35, 3D, 23, 64]]

72 2E 41 73 
47 31 57 36 
4E 54 46 58 
4B 69 3B 2A 
[[72, 2E, 41, 73], [47, 31, 57, 36], [4E, 54, 46, 58], [4B, 69, 3B, 2A]]
rGNK.1TiAWF;s6X*
Answer from Hex Matrix: 
[[72, 2E, 41, 73], [47, 31, 57, 36], [4E, 54, 46, 58], [4B, 69, 3B, 2A]]

28 4B 5A 48 
7A 6A 46 7D 
2F 5C 3C 2E 
39 74 41 3D 
[[28, 4B, 5A, 48], [7A, 6A, 46, 7D], [2F, 5C, 3C, 2E], [39, 74, 41, 3D]]
(z/9Kj\tZF<AH}.=
Answer from Hex Matrix: 
[[28, 4B, 5A, 48], [7A, 6A, 46, 7D], [2F, 5C, 3C, 2E], [39, 74, 41, 3D]]

54 6B 54 3E 
60 5D 5A 4A 
25 73 4D 50 
69 35 62 23 
[[54, 6B, 54, 3E], [60, 5D, 5A, 4A], [25, 73, 4D, 50], [69, 35, 62, 23]]
T`%ik]s5TZMb>JP#
Answer from Hex Matrix: 
[[54, 6B, 54, 3E], [60, 5D, 5A, 4A], [25, 73, 4D, 50], [69, 35, 62, 23]]

67 34 45 29 
2E 50 28 6E 
65 5E 43 6D 
60 46 79 32 
[[67, 34, 45, 29], [2E, 50, 28, 6E], [65, 5E, 43, 6D], [60, 46, 79, 32]]
g.e`4P^FE(Cy)nm2
Answer from Hex Matrix: 
[[67, 34, 45, 29], [2E, 50, 28, 6E], [65, 5E, 43, 6D], [60, 46, 79, 32]]

55 47 4C 38 
25 69 4A 26 
68 36 4B 49 
2B 53 71 51 
[[55, 47, 4C, 38], [25, 69, 4A, 26], [68, 36, 4B, 49], [2B, 53, 71, 51]]
U%h+Gi6SLJKq8&IQ
Answer from Hex Matrix: 
[[55, 47, 4C, 38], [25, 69, 4A, 26], [68, 36, 4B, 49], [2B, 53, 71, 51]]

2E 5A 31 77 
45 68 72 4B 
4B 4A 57 46 
4A 59 6B 2F 
[[2E, 5A, 31, 77], [45, 68, 72, 4B], [4B, 4A, 57, 46], [4A, 59, 6B, 2F]]
.EKJZhJY1rWkwKF/
Answer from Hex Matrix: 
[[2E, 5A, 31, 77], [45, 68, 72, 4B], [4B, 4A, 57, 46], [4A, 59, 6B, 2F]]

7C 58 32 3B 
55 51 38 49 
30 6F 23 65 
31 27 4D 5D 
[[7C, 58, 32, 3B], [55, 51, 38, 49], [30, 6F, 23, 65], [31, 27, 4D, 5D]]
|U01XQo'28#M;Ie]
Answer from Hex Matrix: 
[[7C, 58, 32, 3B], [55, 51, 38, 49], [30, 6F, 23, 65], [31, 27, 4D, 5D]]

4B 4E 39 24 
30 43 27 25 
2C 44 38 40 
51 4D 3A 43 
[[4B, 4E, 39, 24], [30, 43, 27, 25], [2C, 44, 38, 40], [51, 4D, 3A, 43]]
K0,QNCDM9'8:$%@C
Answer from Hex Matrix: 
[[4B, 4E, 39, 24], [30, 43, 27, 25], [2C, 44, 38, 40], [51, 4D, 3A, 43]]

63 66 69 34 
6F 22 5A 27 
45 6E 6C 40 
7D 42 55 30 
[[63, 66, 69, 34], [6F, 22, 5A, 27], [45, 6E, 6C, 40], [7D, 42, 55, 30]]
coE}f"nBiZlU4'@0
Answer from Hex Matrix: 
[[63, 66, 69, 34], [6F, 22, 5A, 27], [45, 6E, 6C, 40], [7D, 42, 55, 30]]

33 60 4D 6E 
29 43 71 56 
55 29 4C 53 
36 7A 26 73 
[[33, 60, 4D, 6E], [29, 43, 71, 56], [55, 29, 4C, 53], [36, 7A, 26, 73]]
3)U6`C)zMqL&nVSs
Answer from Hex Matrix: 
[[33, 60, 4D, 6E], [29, 43, 71, 56], [55, 29, 4C, 53], [36, 7A, 26, 73]]

57 2E 36 3A 
4A 66 51 2F 
70 59 34 72 
5F 6B 77 2C 
[[57, 2E, 36, 3A], [4A, 66, 51, 2F], [70, 59, 34, 72], [5F, 6B, 77, 2C]]
WJp_.fYk6Q4w:/r,
Answer from Hex Matrix: 
[[57, 2E, 36, 3A], [4A, 66, 51, 2F], [70, 59, 34, 72], [5F, 6B, 77, 2C]]

25 59 72 2D 
2C 58 76 3F 
44 79 79 68 
76 50 24 5D 
[[25, 59, 72, 2D], [2C, 58, 76, 3F], [44, 79, 79, 68], [76, 50, 24, 5D]]
%,DvYXyPrvy$-?h]
Answer from Hex Matrix: 
[[25, 59, 72, 2D], [2C, 58, 76, 3F], [44, 79, 79, 68], [76, 50, 24, 5D]]

43 67 34 33 
4B 2B 21 5A 
78 5E 2E 78 
65 25 51 7A 
[[43, 67, 34, 33], [4B, 2B, 21, 5A], [78, 5E, 2E, 78], [65, 25, 51, 7A]]
CKxeg+^%4!.Q3Zxz
Answer from Hex Matrix: 
[[43, 67, 34, 33], [4B, 2B, 21, 5A], [78, 5E, 2E, 78], [65, 25, 51, 7A]]

28 5A 22 5E 
75 6C 69 79 
61 23 6E 31 
38 37 43 3D 
[[28, 5A, 22, 5E], [75, 6C, 69, 79], [61, 23, 6E, 31], [38, 37, 43, 3D]]
(ua8Zl#7"inC^y1=
Answer from Hex Matrix: 
[[28, 5A, 22, 5E], [75, 6C, 69, 79], [61, 23, 6E, 31], [38, 37, 43, 3D]]

23 4A 60 7B 
69 21 64 3B 
76 49 75 4A 
47 4B 51 28 
[[23, 4A, 60, 7B], [69, 21, 64, 3B], [76, 49, 75, 4A], [47, 4B, 51, 28]]
#ivGJ!IK`duQ{;J(
Answer from Hex Matrix: 
[[23, 4A, 60, 7B], [69, 21, 64, 3B], [76, 49, 75, 4A], [47, 4B, 51, 28]]

62 31 4C 3B 
48 41 4E 3B 
78 4D 6E 76 
2C 41 54 31 
[[62, 31, 4C, 3B], [48, 41, 4E, 3B], [78, 4D, 6E, 76], [2C, 41, 54, 31]]
bHx,1AMALNnT;;v1
Answer from Hex Matrix: 
[[62, 31, 4C, 3B], [48, 41, 4E, 3B], [78, 4D, 6E, 76], [2C, 41, 54, 31]]

5C 28 55 50 
2D 77 2A 21 
59 48 37 4C 
6B 6F 74 55 
[[5C, 28, 55, 50], [2D, 77, 2A, 21], [59, 48, 37, 4C], [6B, 6F, 74, 55]]
\-Yk(wHoU*7tP!LU
Answer from Hex Matrix: 
[[5C, 28, 55, 50], [2D, 77, 2A, 21], [59, 48, 37, 4C], [6B, 6F, 74, 55]]

3C 4B 7C 43 
40 36 3E 61 
43 4C 79 59 
31 6F 2D 3C 
[[3C, 4B, 7C, 43], [40, 36, 3E, 61], [43, 4C, 79, 59], [31, 6F, 2D, 3C]]
<@C1K6Lo|>y-CaY<
Answer from Hex Matrix: 
[[3C, 4B, 7C, 43], [40, 36, 3E, 61], [43, 4C, 79, 59], [31, 6F, 2D, 3C]]

2D 5C 77 50 
69 5A 27 66 
29 28 51 68 
32 29 37 60 
[[2D, 5C, 77, 50], [69, 5A, 27, 66], [29, 28, 51, 68], [32, 29, 37, 60]]
-i)2\Z()w'Q7Pfh`
Answer from Hex Matrix: 
[[2D, 5C, 77, 50], [69, 5A, 27, 66], [29, 28, 51, 68], [32, 29, 37, 60]]

4E 44 78 32 
38 29 57 3C 
35 6E 31 50 
6E 71 39 5E 
[[4E, 44, 78, 32], [38, 29, 57, 3C], [35, 6E, 31, 50], [6E, 71, 39, 5E]]
N85nD)nqxW192<P^
Answer from Hex Matrix: 
[[4E, 44, 78, 32], [38, 29, 57, 3C], [35, 6E, 31, 50], [6E, 71, 39, 5E]]

6E 7A 2A 54 
75 65 67 2F 
3C 44 53 54 
4D 40 4B 24 
[[6E, 7A, 2A, 54], [75, 65, 67, 2F], [3C, 44, 53, 54], [4D, 40, 4B, 24]]
nu<MzeD@*gSKT/T$
Answer from Hex Matrix: 
[[6E, 7A, 2A, 54], [75, 65, 67, 2F], [3C, 44, 53, 54], [4D, 40, 4B, 24]]

5B 3D 64 60 
5C 7C 51 77 
40 51 5E 30 
49 34 6F 5C 
[[5B, 3D, 64, 60], [5C, 7C, 51, 77], [40, 51, 5E, 30], [49, 34, 6F, 5C]]
[\@I=|Q4dQ^o`w0\
Answer from Hex Matrix: 
[[5B, 3D, 64, 60], [5C, 7C, 51, 77], [40, 51, 5E, 30], [49, 34, 6F, 5C]]

35 78 69 60 
73 65 59 47 
64 62 44 25 
3E 4B 27 2C 
[[35, 78, 69, 60], [73, 65, 59, 47], [64, 62, 44, 25], [3E, 4B, 27, 2C]]
5sd>xebKiYD'`G%,
Answer from Hex Matrix: 
[[35, 78, 69, 60], [73, 65, 59, 47], [64, 62, 44, 25], [3E, 4B, 27, 2C]]

71 2B 3D 7A 
79 28 2E 70 
6A 6D 3F 71 
26 63 7B 65 
[[71, 2B, 3D, 7A], [79, 28, 2E, 70], [6A, 6D, 3F, 71], [26, 63, 7B, 65]]
qyj&+(mc=.?{zpqe
Answer from Hex Matrix: 
[[71, 2B, 3D, 7A], [79, 28, 2E, 70], [6A, 6D, 3F, 71], [26, 63, 7B, 65]]

40 2D 47 42 
4F 34 2E 66 
41 52 2D 7D 
77 47 4D 56 
[[40, 2D, 47, 42], [4F, 34, 2E, 66], [41, 52, 2D, 7D], [77, 47, 4D, 56]]
@OAw-4RGG.-MBf}V
Answer from Hex Matrix: 
[[40, 2D, 47, 42], [4F, 34, 2E, 66], [41, 52, 2D, 7D], [77, 47, 4D, 56]]

39 51 3B 7B 
37 76 71 74 
35 7A 25 31 
51 2A 41 32 
[[39, 51, 3B, 7B], [37, 76, 71, 74], [35, 7A, 25, 31], [51, 2A, 41, 32]]
975QQvz*;q%A{t12
Answer from Hex Matrix: 
[[39, 51, 3B, 7B], [37, 76, 71, 74], [35, 7A, 25, 31], [51, 2A, 41, 32]]

56 76 6C 4A 
76 54 32 7D 
5B 4C 7A 3A 
57 74 48 55 
[[56, 76, 6C, 4A], [76, 54, 32, 7D], [5B, 4C, 7A, 3A], [57, 74, 48, 55]]
Vv[WvTLtl2zHJ}:U
Answer from Hex Matrix: 
[[56, 76, 6C, 4A], [76, 54, 32, 7D], [5B, 4C, 7A, 3A], [57, 74, 48, 55]]

5E 32 35 54 
4B 3F 36 62 
3B 22 38 57 
70 62 4D 35 
[[5E, 32, 35, 54], [4B, 3F, 36, 62], [3B, 22, 38, 57], [70, 62, 4D, 35]]
^K;p2?"b568MTbW5
Answer from Hex Matrix: 
[[5E, 32, 35, 54], [4B, 3F, 36, 62], [3B, 22, 38, 57], [70, 62, 4D, 35]]

4A 5E 30 2D 
7D 72 32 69 
2A 23 5F 36 
2E 3C 79 2F 
[[4A, 5E, 30, 2D], [7D, 72, 32, 69], [2A, 23, 5F, 36], [2E, 3C, 79, 2F]]
J}*.^r#<02_y-i6/
Answer from Hex Matrix: 
[[4A, 5E, 30, 2D], [7D, 72, 32, 69], [2A, 23, 5F, 36], [2E, 3C, 79, 2F]]

57 50 3F 55 
32 22 60 41 
2F 3F 5B 73 
36 46 2F 46 
[[57, 50, 3F, 55], [32, 22, 60, 41], [2F, 3F, 5B, 73], [36, 46, 2F, 46]]
W2/6P"?F?`[/UAsF
Answer from Hex Matrix: 
[[57, 50, 3F, 55], [32, 22, 60, 41], [2F, 3F, 5B, 73], [36, 46, 2F, 46]]

49 52 33 50 
27 39 6F 38 
23 65 46 67 
41 66 49 27 
[[49, 52, 33, 50], [27, 39, 6F, 38], [23, 65, 46, 67], [41, 66, 49, 27]]
I'#AR9ef3oFIP8g'
Answer from Hex Matrix: 
[[49, 52, 33, 50], [27, 39, 6F, 38], [23, 65, 46, 67], [41, 66, 49, 27]]

3E 2B 74 54 
50 3A 77 72 
4B 53 50 57 
69 43 3F 35 
[[3E, 2B, 74, 54], [50, 3A, 77, 72], [4B, 53, 50, 57], [69, 43, 3F, 35]]
>PKi+:SCtwP?TrW5
Answer from Hex Matrix: 
[[3E, 2B, 74, 54], [50, 3A, 77, 72], [4B, 53, 50, 57], [69, 43, 3F, 35]]

3C 7C 50 2D 
6A 2D 38 5D 
3E 51 79 62 
3B 34 2C 57 
[[3C, 7C, 50, 2D], [6A, 2D, 38, 5D], [3E, 51, 79, 62], [3B, 34, 2C, 57]]
<j>;|-Q4P8y,-]bW
Answer from Hex Matrix: 
[[3C, 7C, 50, 2D], [6A, 2D, 38, 5D], [3E, 51, 79, 62], [3B, 34, 2C, 57]]

51 25 7A 35 
2C 73 3F 74 
35 46 64 5A 
72 6B 42 61 
[[51, 25, 7A, 35], [2C, 73, 3F, 74], [35, 46, 64, 5A], [72, 6B, 42, 61]]
Q,5r%sFkz?dB5tZa
Answer from Hex Matrix: 
[[51, 25, 7A, 35], [2C, 73, 3F, 74], [35, 46, 64, 5A], [72, 6B, 42, 61]]

56 50 4B 74 
27 62 7C 6F 
3D 30 68 39 
6E 3C 4C 39 
[[56, 50, 4B, 74], [27, 62, 7C, 6F], [3D, 30, 68, 39], [6E, 3C, 4C, 39]]
V'=nPb0<K|hLto99
Answer from Hex Matrix: 
[[56, 50, 4B, 74], [27, 62, 7C, 6F], [3D, 30, 68, 39], [6E, 3C, 4C, 39]]

6C 69 43 5C 
6B 64 21 79 
2A 32 38 73 
5E 5B 48 35 
[[6C, 69, 43, 5C], [6B, 64, 21, 79], [2A, 32, 38, 73], [5E, 5B, 48, 35]]
lk*^id2[C!8H\ys5
Answer from Hex Matrix: 
[[6C, 69, 43, 5C], [6B, 64, 21, 79], [2A, 32, 38, 73], [5E, 5B, 48, 35]]

67 35 23 40 
3F 35 3F 45 
3C 22 42 3B 
41 59 56 2B 
[[67, 35, 23, 40], [3F, 35, 3F, 45], [3C, 22, 42, 3B], [41, 59, 56, 2B]]
g?<A55"Y#?BV@E;+
Answer from Hex Matrix: 
[[67, 35, 23, 40], [3F, 35, 3F, 45], [3C, 22, 42, 3B], [41, 59, 56, 2B]]

60 39 48 36 
2B 5D 3A 6C 
3C 22 27 4A 
6F 59 39 75 
[[60, 39, 48, 36], [2B, 5D, 3A, 6C], [3C, 22, 27, 4A], [6F, 59, 39, 75]]
`+<o9]"YH:'96lJu
Answer from Hex Matrix: 
[[60, 39, 48, 36], [2B, 5D, 3A, 6C], [3C, 22, 27, 4A], [6F, 59, 39, 75]]

3C 66 6C 61 
3E 57 34 60 
4F 38 73 59 
3C 3D 32 63 
[[3C, 66, 6C, 61], [3E, 57, 34, 60], [4F, 38, 73, 59], [3C, 3D, 32, 63]]
<>O<fW8=l4s2a`Yc
Answer from Hex Matrix: 
[[3C, 66, 6C, 61], [3E, 57, 34, 60], [4F, 38, 73, 59], [3C, 3D, 32, 63]]

3B 5E 52 51 
51 38 64 3C 
4F 46 69 38 
78 31 41 72 
[[3B, 5E, 52, 51], [51, 38, 64, 3C], [4F, 46, 69, 38], [78, 31, 41, 72]]
;QOx^8F1RdiAQ<8r
Answer from Hex Matrix: 
[[3B, 5E, 52, 51], [51, 38, 64, 3C], [4F, 46, 69, 38], [78, 31, 41, 72]]

6C 3F 4E 50 
4D 7B 54 6F 
76 50 4A 24 
5C 57 2B 25 
[[6C, 3F, 4E, 50], [4D, 7B, 54, 6F], [76, 50, 4A, 24], [5C, 57, 2B, 25]]
lMv\?{PWNTJ+Po$%
Answer from Hex Matrix: 
[[6C, 3F, 4E, 50], [4D, 7B, 54, 6F], [76, 50, 4A, 24], [5C, 57, 2B, 25]]

30 5E 6F 50 
2D 6B 2A 32 
27 57 55 63 
4A 2D 6D 7A 
[[30, 5E, 6F, 50], [2D, 6B, 2A, 32], [27, 57, 55, 63], [4A, 2D, 6D, 7A]]
0-'J^kW-o*UmP2cz
Answer from Hex Matrix: 
[[30, 5E, 6F, 50], [2D, 6B, 2A, 32], [27, 57, 55, 63], [4A, 2D, 6D, 7A]]

6F 31 33 22 
7C 76 27 4D 
61 54 69 2F 
48 22 48 50 
[[6F, 31, 33, 22], [7C, 76, 27, 4D], [61, 54, 69, 2F], [48, 22, 48, 50]]
o|aH1vT"3'iH"M/P
Answer from Hex Matrix: 
[[6F, 31, 33, 22], [7C, 76, 27, 4D], [61, 54, 69, 2F], [48, 22, 48, 50]]

43 5B 7D 7A 
78 57 49 59 
42 66 49 31 
41 75 26 35 
[[43, 5B, 7D, 7A], [78, 57, 49, 59], [42, 66, 49, 31], [41, 75, 26, 35]]
CxBA[Wfu}II&zY15
Answer from Hex Matrix: 
[[43, 5B, 7D, 7A], [78, 57, 49, 59], [42, 66, 49, 31], [41, 75, 26, 35]]

5C 37 53 5A 
6A 5D 2F 2C 
2D 6B 2B 39 
59 39 67 78 
[[5C, 37, 53, 5A], [6A, 5D, 2F, 2C], [2D, 6B, 2B, 39], [59, 39, 67, 78]]
\j-Y7]k9S/+gZ,9x
Answer from Hex Matrix: 
[[5C, 37, 53, 5A], [6A, 5D, 2F, 2C], [2D, 6B, 2B, 39], [59, 39, 67, 78]]

58 79 43 66 
51 33 33 3F 
3A 40 5F 55 
4B 4D 4C 64 
[[58, 79, 43, 66], [51, 33, 33, 3F], [3A, 40, 5F, 55], [4B, 4D, 4C, 64]]
XQ:Ky3@MC3_Lf?Ud
Answer from Hex Matrix: 
[[58, 79, 43, 66], [51, 33, 33, 3F], [3A, 40, 5F, 55], [4B, 4D, 4C, 64]]

46 4C 70 32 
63 2E 72 6E 
71 58 22 7B 
70 70 72 51 
[[46, 4C, 70, 32], [63, 2E, 72, 6E], [71, 58, 22, 7B], [70, 70, 72, 51]]
FcqpL.Xppr"r2n{Q
Answer from Hex Matrix: 
[[46, 4C, 70, 32], [63, 2E, 72, 6E], [71, 58, 22, 7B], [70, 70, 72, 51]]

3A 58 22 46 
2A 6D 71 4F 
59 27 74 4E 
53 2D 48 77 
[[3A, 58, 22, 46], [2A, 6D, 71, 4F], [59, 27, 74, 4E], [53, 2D, 48, 77]]
:*YSXm'-"qtHFONw
Answer from Hex Matrix: 
[[3A, 58, 22, 46], [2A, 6D, 71, 4F], [59, 27, 74, 4E], [53, 2D, 48, 77]]

5A 28 41 45 
6D 43 28 6E 
66 4B 48 24 
78 40 3B 23 
[[5A, 28, 41, 45], [6D, 43, 28, 6E], [66, 4B, 48, 24], [78, 40, 3B, 23]]
Zmfx(CK@A(H;En$#
Answer from Hex Matrix: 
[[5A, 28, 41, 45], [6D, 43, 28, 6E], [66, 4B, 48, 24], [78, 40, 3B, 23]]

72 3F 44 2F 
3D 64 70 75 
6F 6F 27 57 
26 3F 4E 58 
[[72, 3F, 44, 2F], [3D, 64, 70, 75], [6F, 6F, 27, 57], [26, 3F, 4E, 58]]
r=o&?do?Dp'N/uWX
Answer from Hex Matrix: 
[[72, 3F, 44, 2F], [3D, 64, 70, 75], [6F, 6F, 27, 57], [26, 3F, 4E, 58]]

30 6A 66 29 
76 5B 4D 77 
4D 75 42 68 
28 29 43 6D 
[[30, 6A, 66, 29], [76, 5B, 4D, 77], [4D, 75, 42, 68], [28, 29, 43, 6D]]
0vM(j[u)fMBC)whm
Answer from Hex Matrix: 
[[30, 6A, 66, 29], [76, 5B, 4D, 77], [4D, 75, 42, 68], [28, 29, 43, 6D]]

52 40 52 5F 
6A 2D 3B 2C 
47 58 28 6A 
32 2E 78 4D 
[[52, 40, 52, 5F], [6A, 2D, 3B, 2C], [47, 58, 28, 6A], [32, 2E, 78, 4D]]
RjG2@-X.R;(x_,jM
Answer from Hex Matrix: 
[[52, 40, 52, 5F], [6A, 2D, 3B, 2C], [47, 58, 28, 6A], [32, 2E, 78, 4D]]

61 59 42 4A 
5D 60 42 4E 
52 36 3E 5B 
58 48 3C 6E 
[[61, 59, 42, 4A], [5D, 60, 42, 4E], [52, 36, 3E, 5B], [58, 48, 3C, 6E]]
a]RXY`6HBB><JN[n
Answer from Hex Matrix: 
[[61, 59, 42, 4A], [5D, 60, 42, 4E], [52, 36, 3E, 5B], [58, 48, 3C, 6E]]

57 68 3C 61 
3C 46 7D 49 
7A 77 27 74 
25 63 68 51 
[[57, 68, 3C, 61], [3C, 46, 7D, 49], [7A, 77, 27, 74], [25, 63, 68, 51]]
W<z%hFwc<}'haItQ
Answer from Hex Matrix: 
[[57, 68, 3C, 61], [3C, 46, 7D, 49], [7A, 77, 27, 74], [25, 63, 68, 51]]

4E 32 3B 48 
3B 77 7C 5C 
51 36 2F 5D 
56 67 2F 4E 
[[4E, 32, 3B, 48], [3B, 77, 7C, 5C], [51, 36, 2F, 5D], [56, 67, 2F, 4E]]
N;QV2w6g;|//H\]N
Answer from Hex Matrix: 
[[4E, 32, 3B, 48], [3B, 77, 7C, 5C], [51, 36, 2F, 5D], [56, 67, 2F, 4E]]

31 5F 2A 7C 
49 57 42 24 
54 79 69 69 
61 72 6C 4F 
[[31, 5F, 2A, 7C], [49, 57, 42, 24], [54, 79, 69, 69], [61, 72, 6C, 4F]]
1ITa_Wyr*Bil|$iO
Answer from Hex Matrix: 
[[31, 5F, 2A, 7C], [49, 57, 42, 24], [54, 79, 69, 69], [61, 72, 6C, 4F]]

4D 4D 5D 42 
29 5A 59 75 
47 68 50 28 
5C 49 7B 5F 
[[4D, 4D, 5D, 42], [29, 5A, 59, 75], [47, 68, 50, 28], [5C, 49, 7B, 5F]]
M)G\MZhI]YP{Bu(_
Answer from Hex Matrix: 
[[4D, 4D, 5D, 42], [29, 5A, 59, 75], [47, 68, 50, 28], [5C, 49, 7B, 5F]]

5D 41 71 37 
41 25 6D 49 
71 4A 24 2F 
63 75 48 38 
[[5D, 41, 71, 37], [41, 25, 6D, 49], [71, 4A, 24, 2F], [63, 75, 48, 38]]
]AqcA%Juqm$H7I/8
Answer from Hex Matrix: 
[[5D, 41, 71, 37], [41, 25, 6D, 49], [71, 4A, 24, 2F], [63, 75, 48, 38]]

66 63 5B 6A 
30 78 72 66 
68 42 2E 29 
6C 47 6E 23 
[[66, 63, 5B, 6A], [30, 78, 72, 66], [68, 42, 2E, 29], [6C, 47, 6E, 23]]
f0hlcxBG[r.njf)#
Answer from Hex Matrix: 
[[66, 63, 5B, 6A], [30, 78, 72, 66], [68, 42, 2E, 29], [6C, 47, 6E, 23]]

33 53 2C 52 
6C 32 7B 3D 
73 29 5D 67 
3B 67 28 46 
[[33, 53, 2C, 52], [6C, 32, 7B, 3D], [73, 29, 5D, 67], [3B, 67, 28, 46]]
3ls;S2)g,{](R=gF
Answer from Hex Matrix: 
[[33, 53, 2C, 52], [6C, 32, 7B, 3D], [73, 29, 5D, 67], [3B, 67, 28, 46]]

4B 28 5B 67 
3C 6E 7B 72 
78 4D 33 3B 
29 79 37 4F 
[[4B, 28, 5B, 67], [3C, 6E, 7B, 72], [78, 4D, 33, 3B], [29, 79, 37, 4F]]
K<x)(nMy[{37gr;O
Answer from Hex Matrix: 
[[4B, 28, 5B, 67], [3C, 6E, 7B, 72], [78, 4D, 33, 3B], [29, 79, 37, 4F]]

35 7B 36 65 
22 5A 28 5C 
72 38 38 69 
51 21 22 5C 
[[35, 7B, 36, 65], [22, 5A, 28, 5C], [72, 38, 38, 69], [51, 21, 22, 5C]]
5"rQ{Z8!6(8"e\i\
Answer from Hex Matrix: 
[[35, 7B, 36, 65], [22, 5A, 28, 5C], [72, 38, 38, 69], [51, 21, 22, 5C]]

57 22 3E 43 
40 40 24 6B 
38 71 21 58 
73 73 6A 5C 
[[57, 22, 3E, 43], [40, 40, 24, 6B], [38, 71, 21, 58], [73, 73, 6A, 5C]]
W@8s"@qs>$!jCkX\
Answer from Hex Matrix: 
[[57, 22, 3E, 43], [40, 40, 24, 6B], [38, 71, 21, 58], [73, 73, 6A, 5C]]

23 24 3C 21 
6E 7B 34 39 
2B 5E 7C 58 
78 6A 30 52 
[[23, 24, 3C, 21], [6E, 7B, 34, 39], [2B, 5E, 7C, 58], [78, 6A, 30, 52]]
#n+x${^j<4|0!9XR
Answer from Hex Matrix: 
[[23, 24, 3C, 21], [6E, 7B, 34, 39], [2B, 5E, 7C, 58], [78, 6A, 30, 52]]

49 32 29 79 
39 40 74 3F 
5A 5D 45 37 
3C 3B 4C 69 
[[49, 32, 29, 79], [39, 40, 74, 3F], [5A, 5D, 45, 37], [3C, 3B, 4C, 69]]
I9Z<2@];)tELy?7i
Answer from Hex Matrix: 
[[49, 32, 29, 79], [39, 40, 74, 3F], [5A, 5D, 45, 37], [3C, 3B, 4C, 69]]

4D 77 5C 5F 
4E 7A 32 7D 
37 73 69 51 
3B 78 40 3B 
[[4D, 77, 5C, 5F], [4E, 7A, 32, 7D], [37, 73, 69, 51], [3B, 78, 40, 3B]]
MN7;wzsx\2i@_}Q;
Answer from Hex Matrix: 
[[4D, 77, 5C, 5F], [4E, 7A, 32, 7D], [37, 73, 69, 51], [3B, 78, 40, 3B]]

34 3A 58 46 
3B 33 3D 7C 
68 23 61 2B 
3C 7B 62 36 
[[34, 3A, 58, 46], [3B, 33, 3D, 7C], [68, 23, 61, 2B], [3C, 7B, 62, 36]]
4;h<:3#{X=abF|+6
Answer from Hex Matrix: 
[[34, 3A, 58, 46], [3B, 33, 3D, 7C], [68, 23, 61, 2B], [3C, 7B, 62, 36]]

75 4D 7A 37 
41 6A 5C 4C 
65 4D 76 71 
74 3D 77 61 
[[75, 4D, 7A, 37], [41, 6A, 5C, 4C], [65, 4D, 76, 71], [74, 3D, 77, 61]]
uAetMjM=z\vw7Lqa
Answer from Hex Matrix: 
[[75, 4D, 7A, 37], [41, 6A, 5C, 4C], [65, 4D, 76, 71], [74, 3D, 77, 61]]

3B 2E 49 5A 
4A 6F 65 39 
67 3B 2B 4E 
31 63 4C 3D 
[[3B, 2E, 49, 5A], [4A, 6F, 65, 39], [67, 3B, 2B, 4E], [31, 63, 4C, 3D]]
;Jg1.o;cIe+LZ9N=
Answer from Hex Matrix: 
[[3B, 2E, 49, 5A], [4A, 6F, 65, 39], [67, 3B, 2B, 4E], [31, 63, 4C, 3D]]

65 51 50 36 
68 31 35 23 
21 39 35 74 
3F 60 54 2E 
[[65, 51, 50, 36], [68, 31, 35, 23], [21, 39, 35, 74], [3F, 60, 54, 2E]]
eh!?Q19`P55T6#t.
Answer from Hex Matrix: 
[[65, 51, 50, 36], [68, 31, 35, 23], [21, 39, 35, 74], [3F, 60, 54, 2E]]

7C 3C 38 74 
55 67 3B 40 
7A 4D 79 5A 
61 46 36 28 
[[7C, 3C, 38, 74], [55, 67, 3B, 40], [7A, 4D, 79, 5A], [61, 46, 36, 28]]
|Uza<gMF8;y6t@Z(
Answer from Hex Matrix: 
[[7C, 3C, 38, 74], [55, 67, 3B, 40], [7A, 4D, 79, 5A], [61, 46, 36, 28]]

79 42 78 29 
36 79 4C 4B 
41 52 25 28 
42 49 2D 3E 
[[79, 42, 78, 29], [36, 79, 4C, 4B], [41, 52, 25, 28], [42, 49, 2D, 3E]]
y6ABByRIxL%-)K(>
Answer from Hex Matrix: 
[[79, 42, 78, 29], [36, 79, 4C, 4B], [41, 52, 25, 28], [42, 49, 2D, 3E]]

52 3E 77 42 
56 62 72 50 
3B 7C 52 34 
6B 35 4D 5A 
[[52, 3E, 77, 42], [56, 62, 72, 50], [3B, 7C, 52, 34], [6B, 35, 4D, 5A]]
RV;k>b|5wrRMBP4Z
Answer from Hex Matrix: 
[[52, 3E, 77, 42], [56, 62, 72, 50], [3B, 7C, 52, 34], [6B, 35, 4D, 5A]]

7C 45 40 6A 
75 54 36 62 
3E 39 6A 2B 
26 63 48 5F 
[[7C, 45, 40, 6A], [75, 54, 36, 62], [3E, 39, 6A, 2B], [26, 63, 48, 5F]]
|u>&ET9c@6jHjb+_
Answer from Hex Matrix: 
[[7C, 45, 40, 6A], [75, 54, 36, 62], [3E, 39, 6A, 2B], [26, 63, 48, 5F]]

54 31 61 48 
2E 71 7C 4E 
3B 45 6F 46 
36 50 30 44 
[[54, 31, 61, 48], [2E, 71, 7C, 4E], [3B, 45, 6F, 46], [36, 50, 30, 44]]
T.;61qEPa|o0HNFD
Answer from Hex Matrix: 
[[54, 31, 61, 48], [2E, 71, 7C, 4E], [3B, 45, 6F, 46], [36, 50, 30, 44]]

25 6C 59 34 
53 5C 2F 59 
5B 54 49 7C 
7C 58 41 6C 
[[25, 6C, 59, 34], [53, 5C, 2F, 59], [5B, 54, 49, 7C], [7C, 58, 41, 6C]]
%S[|l\TXY/IA4Y|l
Answer from Hex Matrix: 
[[25, 6C, 59, 34], [53, 5C, 2F, 59], [5B, 54, 49, 7C], [7C, 58, 41, 6C]]

54 5D 72 52 
72 69 7C 3E 
2F 7B 41 3D 
66 5E 44 71 
[[54, 5D, 72, 52], [72, 69, 7C, 3E], [2F, 7B, 41, 3D], [66, 5E, 44, 71]]
Tr/f]i{^r|ADR>=q
Answer from Hex Matrix: 
[[54, 5D, 72, 52], [72, 69, 7C, 3E], [2F, 7B, 41, 3D], [66, 5E, 44, 71]]

4C 60 4F 4C 
6A 2A 5C 67 
41 25 41 25 
31 5C 4E 76 
[[4C, 60, 4F, 4C], [6A, 2A, 5C, 67], [41, 25, 41, 25], [31, 5C, 4E, 76]]
LjA1`*%\O\ANLg%v
Answer from Hex Matrix: 
[[4C, 60, 4F, 4C], [6A, 2A, 5C, 67], [41, 25, 41, 25], [31, 5C, 4E, 76]]

75 74 64 25 
28 24 39 70 
6A 7C 48 56 
66 70 79 64 
[[75, 74, 64, 25], [28, 24, 39, 70], [6A, 7C, 48, 56], [66, 70, 79, 64]]
u(jft$|pd9Hy%pVd
Answer from Hex Matrix: 
[[75, 74, 64, 25], [28, 24, 39, 70], [6A, 7C, 48, 56], [66, 70, 79, 64]]

2A 46 2D 60 
39 73 44 2A 
39 3E 38 6C 
66 63 61 30 
[[2A, 46, 2D, 60], [39, 73, 44, 2A], [39, 3E, 38, 6C], [66, 63, 61, 30]]
*99fFs>c-D8a`*l0
Answer from Hex Matrix: 
[[2A, 46, 2D, 60], [39, 73, 44, 2A], [39, 3E, 38, 6C], [66, 63, 61, 30]]

73 6B 79 7C 
75 49 49 7D 
3B 4D 33 78 
48 2D 45 6F 
[[73, 6B, 79, 7C], [75, 49, 49, 7D], [3B, 4D, 33, 78], [48, 2D, 45, 6F]]
su;HkIM-yI3E|}xo
Answer from Hex Matrix: 
[[73, 6B, 79, 7C], [75, 49, 49, 7D], [3B, 4D, 33, 78], [48, 2D, 45, 6F]]

77 49 42 6D 
58 53 34 65 
3A 5E 4C 5F 
3B 22 21 61 
[[77, 49, 42, 6D], [58, 53, 34, 65], [3A, 5E, 4C, 5F], [3B, 22, 21, 61]]
wX:;IS^"B4L!me_a
Answer from Hex Matrix: 
[[77, 49, 42, 6D], [58, 53, 34, 65], [3A, 5E, 4C, 5F], [3B, 22, 21, 61]]

78 22 46 3F 
36 38 5C 2E 
5C 4C 42 2E 
61 4B 5A 70 
[[78, 22, 46, 3F], [36, 38, 5C, 2E], [5C, 4C, 42, 2E], [61, 4B, 5A, 70]]
x6\a"8LKF\BZ?..p
Answer from Hex Matrix: 
[[78, 22, 46, 3F], [36, 38, 5C, 2E], [5C, 4C, 42, 2E], [61, 4B, 5A, 70]]

3B 31 5F 4D 
77 49 51 67 
58 57 70 5C 
70 70 6D 3A 
[[3B, 31, 5F, 4D], [77, 49, 51, 67], [58, 57, 70, 5C], [70, 70, 6D, 3A]]
;wXp1IWp_QpmMg\:
Answer from Hex Matrix: 
[[3B, 31, 5F, 4D], [77, 49, 51, 67], [58, 57, 70, 5C], [70, 70, 6D, 3A]]

23 2F 74 29 
41 2B 48 5B 
27 30 5B 72 
5A 45 64 29 
[[23, 2F, 74, 29], [41, 2B, 48, 5B], [27, 30, 5B, 72], [5A, 45, 64, 29]]
#A'Z/+0EtH[d)[r)
Answer from Hex Matrix: 
[[23, 2F, 74, 29], [41, 2B, 48, 5B], [27, 30, 5B, 72], [5A, 45, 64, 29]]

6F 59 77 26 
52 49 61 61 
31 28 29 4E 
5D 78 7C 43 
[[6F, 59, 77, 26], [52, 49, 61, 61], [31, 28, 29, 4E], [5D, 78, 7C, 43]]
oR1]YI(xwa)|&aNC
Answer from Hex Matrix: 
[[6F, 59, 77, 26], [52, 49, 61, 61], [31, 28, 29, 4E], [5D, 78, 7C, 43]]

2B 6E 6B 46 
3A 2B 72 2F 
29 5A 40 2A 
4A 5E 3F 37 
[[2B, 6E, 6B, 46], [3A, 2B, 72, 2F], [29, 5A, 40, 2A], [4A, 5E, 3F, 37]]
+:)Jn+Z^kr@?F/*7
Answer from Hex Matrix: 
[[2B, 6E, 6B, 46], [3A, 2B, 72, 2F], [29, 5A, 40, 2A], [4A, 5E, 3F, 37]]

54 3F 42 3E 
7A 65 7A 4C 
33 36 31 68 
48 64 5E 71 
[[54, 3F, 42, 3E], [7A, 65, 7A, 4C], [33, 36, 31, 68], [48, 64, 5E, 71]]
Tz3H?e6dBz1^>Lhq
Answer from Hex Matrix: 
[[54, 3F, 42, 3E], [7A, 65, 7A, 4C], [33, 36, 31, 68], [48, 64, 5E, 71]]

69 24 41 39 
55 27 30 77 
5B 31 5F 6A 
72 21 3A 48 
[[69, 24, 41, 39], [55, 27, 30, 77], [5B, 31, 5F, 6A], [72, 21, 3A, 48]]
iU[r$'1!A0_:9wjH
Answer from Hex Matrix: 
[[69, 24, 41, 39], [55, 27, 30, 77], [5B, 31, 5F, 6A], [72, 21, 3A, 48]]

4A 43 2E 29 
65 4F 79 23 
21 48 7A 22 
2F 3B 42 3E 
[[4A, 43, 2E, 29], [65, 4F, 79, 23], [21, 48, 7A, 22], [2F, 3B, 42, 3E]]
Je!/COH;.yzB)#">
Answer from Hex Matrix: 
[[4A, 43, 2E, 29], [65, 4F, 79, 23], [21, 48, 7A, 22], [2F, 3B, 42, 3E]]

26 35 6D 3C 
64 53 5C 63 
4B 59 32 77 
24 22 65 3E 
[[26, 35, 6D, 3C], [64, 53, 5C, 63], [4B, 59, 32, 77], [24, 22, 65, 3E]]
&dK$5SY"m\2e<cw>
Answer from Hex Matrix: 
[[26, 35, 6D, 3C], [64, 53, 5C, 63], [4B, 59, 32, 77], [24, 22, 65, 3E]]

55 6C 57 7A 
47 70 31 65 
53 5B 7D 5F 
40 5D 23 5D 
[[55, 6C, 57, 7A], [47, 70, 31, 65], [53, 5B, 7D, 5F], [40, 5D, 23, 5D]]
UGS@lp[]W1}#ze_]
Answer from Hex Matrix: 
[[55, 6C, 57, 7A], [47, 70, 31, 65], [53, 5B, 7D, 5F], [40, 5D, 23, 5D]]

42 3A 65 2D 
7C 31 5E 2A 
3A 43 59 76 
5D 78 6C 5F 
[[42, 3A, 65, 2D], [7C, 31, 5E, 2A], [3A, 43, 59, 76], [5D, 78, 6C, 5F]]
B|:]:1Cxe^Yl-*v_
Answer from Hex Matrix: 
[[42, 3A, 65, 2D], [7C, 31, 5E, 2A], [3A, 43, 59, 76], [5D, 78, 6C, 5F]]

49 6E 78 5C 
65 2D 23 50 
23 41 3E 47 
2E 6A 2C 67 
[[49, 6E, 78, 5C], [65, 2D, 23, 50], [23, 41, 3E, 47], [2E, 6A, 2C, 67]]
Ie#.n-Ajx#>,\PGg
Answer from Hex Matrix: 
[[49, 6E, 78, 5C], [65, 2D, 23, 50], [23, 41, 3E, 47], [2E, 6A, 2C, 67]]

28 5B 50 31 
3E 6A 74 49 
6F 62 59 43 
7D 38 55 7B 
[[28, 5B, 50, 31], [3E, 6A, 74, 49], [6F, 62, 59, 43], [7D, 38, 55, 7B]]
(>o}[jb8PtYU1IC{
Answer from Hex Matrix: 
[[28, 5B, 50, 31], [3E, 6A, 74, 49], [6F, 62, 59, 43], [7D, 38, 55, 7B]]

21 7A 2F 55 
6C 57 6A 6C 
43 3F 46 3C 
35 50 29 5D 
[[21, 7A, 2F, 55], [6C, 57, 6A, 6C], [43, 3F, 46, 3C], [35, 50, 29, 5D]]
!lC5zW?P/jF)Ul<]
Answer from Hex Matrix: 
[[21, 7A, 2F, 55], [6C, 57, 6A, 6C], [43, 3F, 46, 3C], [35, 50, 29, 5D]]

60 72 72 54 
6F 64 2E 26 
40 27 51 40 
5E 50 35 6D 
[[60, 72, 72, 54], [6F, 64, 2E, 26], [40, 27, 51, 40], [5E, 50, 35, 6D]]
`o@^rd'Pr.Q5T&@m
Answer from Hex Matrix: 
[[60, 72, 72, 54], [6F, 64, 2E, 26], [40, 27, 51, 40], [5E, 50, 35, 6D]]

4A 5F 36 3E 
28 53 5F 5C 
6B 33 2B 66 
59 3B 54 7A 
[[4A, 5F, 36, 3E], [28, 53, 5F, 5C], [6B, 33, 2B, 66], [59, 3B, 54, 7A]]
J(kY_S3;6_+T>\fz
Answer from Hex Matrix: 
[[4A, 5F, 36, 3E], [28, 53, 5F, 5C], [6B, 33, 2B, 66], [59, 3B, 54, 7A]]

5C 33 26 69 
5E 60 22 34 
4D 54 4B 74 
7C 71 27 51 
[[5C, 33, 26, 69], [5E, 60, 22, 34], [4D, 54, 4B, 74], [7C, 71, 27, 51]]
\^M|3`Tq&"K'i4tQ
Answer from Hex Matrix: 
[[5C, 33, 26, 69], [5E, 60, 22, 34], [4D, 54, 4B, 74], [7C, 71, 27, 51]]

40 30 3D 7A 
2F 25 4A 4C 
6E 2D 38 28 
39 46 6E 7C 
[[40, 30, 3D, 7A], [2F, 25, 4A, 4C], [6E, 2D, 38, 28], [39, 46, 6E, 7C]]
@/n90%-F=J8nzL(|
Answer from Hex Matrix: 
[[40, 30, 3D, 7A], [2F, 25, 4A, 4C], [6E, 2D, 38, 28], [39, 46, 6E, 7C]]

35 45 44 66 
5E 73 5B 6A 
36 73 5F 2C 
59 40 44 4E 
[[35, 45, 44, 66], [5E, 73, 5B, 6A], [36, 73, 5F, 2C], [59, 40, 44, 4E]]
5^6YEss@D[_Dfj,N
Answer from Hex Matrix: 
[[35, 45, 44, 66], [5E, 73, 5B, 6A], [36, 73, 5F, 2C], [59, 40, 44, 4E]]

21 64 48 2D 
52 70 37 41 
67 26 2E 31 
7D 72 5A 22 
[[21, 64, 48, 2D], [52, 70, 37, 41], [67, 26, 2E, 31], [7D, 72, 5A, 22]]
!Rg}dp&rH7.Z-A1"
Answer from Hex Matrix: 
[[21, 64, 48, 2D], [52, 70, 37, 41], [67, 26, 2E, 31], [7D, 72, 5A, 22]]

38 76 36 70 
76 40 60 78 
3C 71 4E 2D 
60 68 5A 3B 
[[38, 76, 36, 70], [76, 40, 60, 78], [3C, 71, 4E, 2D], [60, 68, 5A, 3B]]
8v<`v@qh6`NZpx-;
Answer from Hex Matrix: 
[[38, 76, 36, 70], [76, 40, 60, 78], [3C, 71, 4E, 2D], [60, 68, 5A, 3B]]

28 6D 73 64 
44 6E 75 57 
77 72 3F 45 
24 56 2E 68 
[[28, 6D, 73, 64], [44, 6E, 75, 57], [77, 72, 3F, 45], [24, 56, 2E, 68]]
(Dw$mnrVsu?.dWEh
Answer from Hex Matrix: 
[[28, 6D, 73, 64], [44, 6E, 75, 57], [77, 72, 3F, 45], [24, 56, 2E, 68]]

40 39 60 25 
33 56 6E 44 
63 4A 5B 64 
6A 2A 67 39 
[[40, 39, 60, 25], [33, 56, 6E, 44], [63, 4A, 5B, 64], [6A, 2A, 67, 39]]
@3cj9VJ*`n[g%Dd9
Answer from Hex Matrix: 
[[40, 39, 60, 25], [33, 56, 6E, 44], [63, 4A, 5B, 64], [6A, 2A, 67, 39]]

4A 5B 33 3A 
26 40 43 22 
26 28 27 52 
34 37 67 45 
[[4A, 5B, 33, 3A], [26, 40, 43, 22], [26, 28, 27, 52], [34, 37, 67, 45]]
J&&4[@(73C'g:"RE
Answer from Hex Matrix: 
[[4A, 5B, 33, 3A], [26, 40, 43, 22], [26, 28, 27, 52], [34, 37, 67, 45]]

35 77 2B 4F 
7B 4E 4C 3E 
21 75 70 4A 
2B 76 3A 5E 
[[35, 77, 2B, 4F], [7B, 4E, 4C, 3E], [21, 75, 70, 4A], [2B, 76, 3A, 5E]]
5{!+wNuv+Lp:O>J^
Answer from Hex Matrix: 
[[35, 77, 2B, 4F], [7B, 4E, 4C, 3E], [21, 75, 70, 4A], [2B, 76, 3A, 5E]]

52 75 76 55 
6A 76 60 6C 
24 56 45 46 
23 4C 29 68 
[[52, 75, 76, 55], [6A, 76, 60, 6C], [24, 56, 45, 46], [23, 4C, 29, 68]]
Rj$#uvVLv`E)UlFh
Answer from Hex Matrix: 
[[52, 75, 76, 55], [6A, 76, 60, 6C], [24, 56, 45, 46], [23, 4C, 29, 68]]

26 59 7B 3A 
54 66 24 47 
31 22 78 21 
60 3F 57 5D 
[[26, 59, 7B, 3A], [54, 66, 24, 47], [31, 22, 78, 21], [60, 3F, 57, 5D]]
&T1`Yf"?{$xW:G!]
Answer from Hex Matrix: 
[[26, 59, 7B, 3A], [54, 66, 24, 47], [31, 22, 78, 21], [60, 3F, 57, 5D]]

54 3B 6E 63 
5B 38 5C 3D 
34 6B 69 61 
34 2F 4C 6B 
[[54, 3B, 6E, 63], [5B, 38, 5C, 3D], [34, 6B, 69, 61], [34, 2F, 4C, 6B]]
T[44;8k/n\iLc=ak
Answer from Hex Matrix: 
[[54, 3B, 6E, 63], [5B, 38, 5C, 3D], [34, 6B, 69, 61], [34, 2F, 4C, 6B]]

37 75 55 43 
70 31 4E 2D 
72 5A 24 59 
72 72 5F 22 
[[37, 75, 55, 43], [70, 31, 4E, 2D], [72, 5A, 24, 59], [72, 72, 5F, 22]]
7prru1ZrUN$_C-Y"
Answer from Hex Matrix: 
[[37, 75, 55, 43], [70, 31, 4E, 2D], [72, 5A, 24, 59], [72, 72, 5F, 22]]

72 6D 38 50 
33 2D 6E 78 
30 30 52 25 
5B 41 25 75 
[[72, 6D, 38, 50], [33, 2D, 6E, 78], [30, 30, 52, 25], [5B, 41, 25, 75]]
r30[m-0A8nR%Px%u
Answer from Hex Matrix: 
[[72, 6D, 38, 50], [33, 2D, 6E, 78], [30, 30, 52, 25], [5B, 41, 25, 75]]

52 55 69 38 
75 63 24 5A 
4A 63 34 33 
22 5C 62 4C 
[[52, 55, 69, 38], [75, 63, 24, 5A], [4A, 63, 34, 33], [22, 5C, 62, 4C]]
RuJ"Ucc\i$4b8Z3L
Answer from Hex Matrix: 
[[52, 55, 69, 38], [75, 63, 24, 5A], [4A, 63, 34, 33], [22, 5C, 62, 4C]]

56 56 52 48 
22 6E 68 5D 
67 5C 6F 69 
65 76 32 44 
[[56, 56, 52, 48], [22, 6E, 68, 5D], [67, 5C, 6F, 69], [65, 76, 32, 44]]
V"geVn\vRho2H]iD
Answer from Hex Matrix: 
[[56, 56, 52, 48], [22, 6E, 68, 5D], [67, 5C, 6F, 69], [65, 76, 32, 44]]

47 66 50 74 
7C 28 77 71 
64 2C 79 7C 
7B 60 2C 3A 
[[47, 66, 50, 74], [7C, 28, 77, 71], [64, 2C, 79, 7C], [7B, 60, 2C, 3A]]
G|d{f(,`Pwy,tq|:
Answer from Hex Matrix: 
[[47, 66, 50, 74], [7C, 28, 77, 71], [64, 2C, 79, 7C], [7B, 60, 2C, 3A]]

26 7D 7D 54 
5F 43 40 4D 
4C 42 43 2E 
73 51 75 44 
[[26, 7D, 7D, 54], [5F, 43, 40, 4D], [4C, 42, 43, 2E], [73, 51, 75, 44]]
&_Ls}CBQ}@CuTM.D
Answer from Hex Matrix: 
[[26, 7D, 7D, 54], [5F, 43, 40, 4D], [4C, 42, 43, 2E], [73, 51, 75, 44]]

50 2C 38 78 
3E 75 69 6A 
2A 62 69 65 
61 7C 41 78 
[[50, 2C, 38, 78], [3E, 75, 69, 6A], [2A, 62, 69, 65], [61, 7C, 41, 78]]
P>*a,ub|8iiAxjex
Answer from Hex Matrix: 
[[50, 2C, 38, 78], [3E, 75, 69, 6A], [2A, 62, 69, 65], [61, 7C, 41, 78]]

68 2F 27 46 
62 2D 49 74 
68 3D 59 6C 
45 62 64 2D 
[[68, 2F, 27, 46], [62, 2D, 49, 74], [68, 3D, 59, 6C], [45, 62, 64, 2D]]
hbhE/-=b'IYdFtl-
Answer from Hex Matrix: 
[[68, 2F, 27, 46], [62, 2D, 49, 74], [68, 3D, 59, 6C], [45, 62, 64, 2D]]

68 55 44 76 
4C 65 64 2A 
2C 6F 4E 79 
22 51 4D 6F 
[[68, 55, 44, 76], [4C, 65, 64, 2A], [2C, 6F, 4E, 79], [22, 51, 4D, 6F]]
hL,"UeoQDdNMv*yo
Answer from Hex Matrix: 
[[68, 55, 44, 76], [4C, 65, 64, 2A], [2C, 6F, 4E, 79], [22, 51, 4D, 6F]]

42 57 67 46 
71 3C 4D 55 
60 35 7B 6F 
6E 38 3C 68 
[[42, 57, 67, 46], [71, 3C, 4D, 55], [60, 35, 7B, 6F], [6E, 38, 3C, 68]]
Bq`nW<58gM{<FUoh
Answer from Hex Matrix: 
[[42, 57, 67, 46], [71, 3C, 4D, 55], [60, 35, 7B, 6F], [6E, 38, 3C, 68]]

29 4E 65 48 
7C 6C 3F 53 
5C 5E 52 61 
70 2A 3A 62 
[[29, 4E, 65, 48], [7C, 6C, 3F, 53], [5C, 5E, 52, 61], [70, 2A, 3A, 62]]
)|\pNl^*e?R:HSab
Answer from Hex Matrix: 
[[29, 4E, 65, 48], [7C, 6C, 3F, 53], [5C, 5E, 52, 61], [70, 2A, 3A, 62]]

6A 31 5C 21 
7A 4A 67 69 
69 28 61 46 
46 4F 6F 4F 
[[6A, 31, 5C, 21], [7A, 4A, 67, 69], [69, 28, 61, 46], [46, 4F, 6F, 4F]]
jziF1J(O\gao!iFO
Answer from Hex Matrix: 
[[6A, 31, 5C, 21], [7A, 4A, 67, 69], [69, 28, 61, 46], [46, 4F, 6F, 4F]]

43 55 37 60 
64 4D 53 34 
3F 7C 6C 5E 
44 29 59 46 
[[43, 55, 37, 60], [64, 4D, 53, 34], [3F, 7C, 6C, 5E], [44, 29, 59, 46]]
Cd?DUM|)7SlY`4^F
Answer from Hex Matrix: 
[[43, 55, 37, 60], [64, 4D, 53, 34], [3F, 7C, 6C, 5E], [44, 29, 59, 46]]

61 76 3B 48 
2C 2F 70 73 
24 4E 79 35 
3B 75 5C 76 
[[61, 76, 3B, 48], [2C, 2F, 70, 73], [24, 4E, 79, 35], [3B, 75, 5C, 76]]
a,$;v/Nu;py\Hs5v
Answer from Hex Matrix: 
[[61, 76, 3B, 48], [2C, 2F, 70, 73], [24, 4E, 79, 35], [3B, 75, 5C, 76]]

25 74 6B 3A 
48 29 71 75 
2B 46 65 3A 
58 3C 39 57 
[[25, 74, 6B, 3A], [48, 29, 71, 75], [2B, 46, 65, 3A], [58, 3C, 39, 57]]
%H+Xt)F<kqe9:u:W
Answer from Hex Matrix: 
[[25, 74, 6B, 3A], [48, 29, 71, 75], [2B, 46, 65, 3A], [58, 3C, 39, 57]]

41 37 66 5B 
73 67 5A 31 
5D 4D 25 73 
57 3D 6A 4A 
[[41, 37, 66, 5B], [73, 67, 5A, 31], [5D, 4D, 25, 73], [57, 3D, 6A, 4A]]
As]W7gM=fZ%j[1sJ
Answer from Hex Matrix: 
[[41, 37, 66, 5B], [73, 67, 5A, 31], [5D, 4D, 25, 73], [57, 3D, 6A, 4A]]

67 2A 42 6B 
59 2B 32 4E 
21 3B 46 48 
40 49 3C 79 
[[67, 2A, 42, 6B], [59, 2B, 32, 4E], [21, 3B, 46, 48], [40, 49, 3C, 79]]
gY!@*+;IB2F<kNHy
Answer from Hex Matrix: 
[[67, 2A, 42, 6B], [59, 2B, 32, 4E], [21, 3B, 46, 48], [40, 49, 3C, 79]]

3C 51 46 65 
75 6D 2E 36 
49 4C 50 6F 
65 3C 2A 66 
[[3C, 51, 46, 65], [75, 6D, 2E, 36], [49, 4C, 50, 6F], [65, 3C, 2A, 66]]
<uIeQmL<F.P*e6of
Answer from Hex Matrix: 
[[3C, 51, 46, 65], [75, 6D, 2E, 36], [49, 4C, 50, 6F], [65, 3C, 2A, 66]]

61 6B 6C 28 
6F 72 5B 47 
79 49 77 5B 
67 33 4E 3F 
[[61, 6B, 6C, 28], [6F, 72, 5B, 47], [79, 49, 77, 5B], [67, 33, 4E, 3F]]
aoygkrI3l[wN(G[?
Answer from Hex Matrix: 
[[61, 6B, 6C, 28], [6F, 72, 5B, 47], [79, 49, 77, 5B], [67, 33, 4E, 3F]]

6D 32 73 7D 
5C 41 6A 4A 
26 77 23 6E 
74 40 64 58 
[[6D, 32, 73, 7D], [5C, 41, 6A, 4A], [26, 77, 23, 6E], [74, 40, 64, 58]]
m\&t2Aw@sj#d}JnX
Answer from Hex Matrix: 
[[6D, 32, 73, 7D], [5C, 41, 6A, 4A], [26, 77, 23, 6E], [74, 40, 64, 58]]

3D 64 63 6F 
49 3F 7B 49 
30 5D 60 4C 
2F 40 78 2F 
[[3D, 64, 63, 6F], [49, 3F, 7B, 49], [30, 5D, 60, 4C], [2F, 40, 78, 2F]]
=I0/d?]@c{`xoIL/
Answer from Hex Matrix: 
[[3D, 64, 63, 6F], [49, 3F, 7B, 49], [30, 5D, 60, 4C], [2F, 40, 78, 2F]]

2A 53 57 33 
21 56 78 3D 
24 6B 66 47 
54 6F 5D 54 
[[2A, 53, 57, 33], [21, 56, 78, 3D], [24, 6B, 66, 47], [54, 6F, 5D, 54]]
*!$TSVkoWxf]3=GT
Answer from Hex Matrix: 
[[2A, 53, 57, 33], [21, 56, 78, 3D], [24, 6B, 66, 47], [54, 6F, 5D, 54]]

53 6E 3C 65 
56 67 6A 7C 
58 4A 57 4F 
6C 21 60 70 
[[53, 6E, 3C, 65], [56, 67, 6A, 7C], [58, 4A, 57, 4F], [6C, 21, 60, 70]]
SVXlngJ!<jW`e|Op
Answer from Hex Matrix: 
[[53, 6E, 3C, 65], [56, 67, 6A, 7C], [58, 4A, 57, 4F], [6C, 21, 60, 70]]

6B 3E 50 77 
2A 61 50 52 
6E 2B 67 78 
73 4A 57 33 
[[6B, 3E, 50, 77], [2A, 61, 50, 52], [6E, 2B, 67, 78], [73, 4A, 57, 33]]
k*ns>a+JPPgWwRx3
Answer from Hex Matrix: 
[[6B, 3E, 50, 77], [2A, 61, 50, 52], [6E, 2B, 67, 78], [73, 4A, 57, 33]]

37 4C 57 50 
2A 2B 31 71 
35 5B 45 3E 
5C 35 33 42 
[[37, 4C, 57, 50], [2A, 2B, 31, 71], [35, 5B, 45, 3E], [5C, 35, 33, 42]]
7*5\L+[5W1E3Pq>B
Answer from Hex Matrix: 
[[37, 4C, 57, 50], [2A, 2B, 31, 71], [35, 5B, 45, 3E], [5C, 35, 33, 42]]

5F 73 7A 4C 
47 4F 67 22 
5B 3D 49 51 
23 6C 41 6F 
[[5F, 73, 7A, 4C], [47, 4F, 67, 22], [5B, 3D, 49, 51], [23, 6C, 41, 6F]]
_G[#sO=lzgIAL"Qo
Answer from Hex Matrix: 
[[5F, 73, 7A, 4C], [47, 4F, 67, 22], [5B, 3D, 49, 51], [23, 6C, 41, 6F]]

5A 72 49 30 
6B 3B 6D 68 
66 50 33 48 
22 73 69 33 
[[5A, 72, 49, 30], [6B, 3B, 6D, 68], [66, 50, 33, 48], [22, 73, 69, 33]]
Zkf"r;PsIm3i0hH3
Answer from Hex Matrix: 
[[5A, 72, 49, 30], [6B, 3B, 6D, 68], [66, 50, 33, 48], [22, 73, 69, 33]]

45 38 76 56 
6B 27 47 50 
58 78 41 42 
2E 5C 78 4D 
[[45, 38, 76, 56], [6B, 27, 47, 50], [58, 78, 41, 42], [2E, 5C, 78, 4D]]
EkX.8'x\vGAxVPBM
Answer from Hex Matrix: 
[[45, 38, 76, 56], [6B, 27, 47, 50], [58, 78, 41, 42], [2E, 5C, 78, 4D]]

6C 47 5B 68 
23 53 4D 4D 
50 73 55 77 
71 36 41 5E 
[[6C, 47, 5B, 68], [23, 53, 4D, 4D], [50, 73, 55, 77], [71, 36, 41, 5E]]
l#PqGSs6[MUAhMw^
Answer from Hex Matrix: 
[[6C, 47, 5B, 68], [23, 53, 4D, 4D], [50, 73, 55, 77], [71, 36, 41, 5E]]

7B 75 31 31 
7D 34 27 39 
61 39 67 24 
3A 34 51 25 
[[7B, 75, 31, 31], [7D, 34, 27, 39], [61, 39, 67, 24], [3A, 34, 51, 25]]
{}a:u4941'gQ19$%
Answer from Hex Matrix: 
[[7B, 75, 31, 31], [7D, 34, 27, 39], [61, 39, 67, 24], [3A, 34, 51, 25]]

34 7C 38 2C 
34 3F 3A 5B 
37 7A 57 77 
53 4C 40 37 
[[34, 7C, 38, 2C], [34, 3F, 3A, 5B], [37, 7A, 57, 77], [53, 4C, 40, 37]]
447S|?zL8:W@,[w7
Answer from Hex Matrix: 
[[34, 7C, 38, 2C], [34, 3F, 3A, 5B], [37, 7A, 57, 77], [53, 4C, 40, 37]]

44 67 7D 6D 
50 5F 52 66 
37 53 61 2E 
59 36 44 3B 
[[44, 67, 7D, 6D], [50, 5F, 52, 66], [37, 53, 61, 2E], [59, 36, 44, 3B]]
DP7Yg_S6}RaDmf.;
Answer from Hex Matrix: 
[[44, 67, 7D, 6D], [50, 5F, 52, 66], [37, 53, 61, 2E], [59, 36, 44, 3B]]

66 27 46 48 
3D 67 2F 78 
4E 55 49 78 
3D 7A 68 7D 
[[66, 27, 46, 48], [3D, 67, 2F, 78], [4E, 55, 49, 78], [3D, 7A, 68, 7D]]
f=N='gUzF/IhHxx}
Answer from Hex Matrix: 
[[66, 27, 46, 48], [3D, 67, 2F, 78], [4E, 55, 49, 78], [3D, 7A, 68, 7D]]

44 40 69 62 
56 36 44 30 
52 32 7A 52 
3D 5F 49 6D 
[[44, 40, 69, 62], [56, 36, 44, 30], [52, 32, 7A, 52], [3D, 5F, 49, 6D]]
DVR=@62_iDzIb0Rm
Answer from Hex Matrix: 
[[44, 40, 69, 62], [56, 36, 44, 30], [52, 32, 7A, 52], [3D, 5F, 49, 6D]]

5D 69 73 2F 
59 2E 64 2C 
5A 68 41 31 
3C 47 3E 71 
[[5D, 69, 73, 2F], [59, 2E, 64, 2C], [5A, 68, 41, 31], [3C, 47, 3E, 71]]
]YZ<i.hGsdA>/,1q
Answer from Hex Matrix: 
[[5D, 69, 73, 2F], [59, 2E, 64, 2C], [5A, 68, 41, 31], [3C, 47, 3E, 71]]

72 6B 4D 2C 
6F 71 2B 3C 
4D 35 58 62 
77 30 65 7C 
[[72, 6B, 4D, 2C], [6F, 71, 2B, 3C], [4D, 35, 58, 62], [77, 30, 65, 7C]]
roMwkq50M+Xe,<b|
Answer from Hex Matrix: 
[[72, 6B, 4D, 2C], [6F, 71, 2B, 3C], [4D, 35, 58, 62], [77, 30, 65, 7C]]

56 78 2B 24 
3C 7B 72 61 
2B 2D 2E 27 
3D 59 69 45 
[[56, 78, 2B, 24], [3C, 7B, 72, 61], [2B, 2D, 2E, 27], [3D, 59, 69, 45]]
V<+=x{-Y+r.i$a'E
Answer from Hex Matrix: 
[[56, 78, 2B, 24], [3C, 7B, 72, 61], [2B, 2D, 2E, 27], [3D, 59, 69, 45]]

2C 27 4A 4B 
76 6D 23 57 
49 6F 40 6B 
59 5B 34 76 
[[2C, 27, 4A, 4B], [76, 6D, 23, 57], [49, 6F, 40, 6B], [59, 5B, 34, 76]]
,vIY'mo[J#@4KWkv
Answer from Hex Matrix: 
[[2C, 27, 4A, 4B], [76, 6D, 23, 57], [49, 6F, 40, 6B], [59, 5B, 34, 76]]

2C 7D 6C 3B 
72 39 52 28 
4A 25 58 63 
2B 48 6E 62 
[[2C, 7D, 6C, 3B], [72, 39, 52, 28], [4A, 25, 58, 63], [2B, 48, 6E, 62]]
,rJ+}9%HlRXn;(cb
Answer from Hex Matrix: 
[[2C, 7D, 6C, 3B], [72, 39, 52, 28], [4A, 25, 58, 63], [2B, 48, 6E, 62]]

72 49 4A 55 
65 5D 24 7A 
24 48 6A 6A 
70 59 33 60 
[[72, 49, 4A, 55], [65, 5D, 24, 7A], [24, 48, 6A, 6A], [70, 59, 33, 60]]
re$pI]HYJ$j3Uzj`
Answer from Hex Matrix: 
[[72, 49, 4A, 55], [65, 5D, 24, 7A], [24, 48, 6A, 6A], [70, 59, 33, 60]]

43 64 75 5E 
3E 6D 43 3D 
60 79 67 5A 
6E 2F 21 4D 
[[43, 64, 75, 5E], [3E, 6D, 43, 3D], [60, 79, 67, 5A], [6E, 2F, 21, 4D]]
C>`ndmy/uCg!^=ZM
Answer from Hex Matrix: 
[[43, 64, 75, 5E], [3E, 6D, 43, 3D], [60, 79, 67, 5A], [6E, 2F, 21, 4D]]

6B 3D 36 5D 
47 39 79 48 
21 61 35 3E 
33 31 6F 30 
[[6B, 3D, 36, 5D], [47, 39, 79, 48], [21, 61, 35, 3E], [33, 31, 6F, 30]]
kG!3=9a16y5o]H>0
Answer from Hex Matrix: 
[[6B, 3D, 36, 5D], [47, 39, 79, 48], [21, 61, 35, 3E], [33, 31, 6F, 30]]

38 45 4E 52 
51 5B 7C 46 
42 74 5F 5E 
65 22 63 2F 
[[38, 45, 4E, 52], [51, 5B, 7C, 46], [42, 74, 5F, 5E], [65, 22, 63, 2F]]
8QBeE[t"N|_cRF^/
Answer from Hex Matrix: 
[[38, 45, 4E, 52], [51, 5B, 7C, 46], [42, 74, 5F, 5E], [65, 22, 63, 2F]]

2C 59 4E 71 
44 7A 75 64 
35 3D 78 50 
58 47 38 68 
[[2C, 59, 4E, 71], [44, 7A, 75, 64], [35, 3D, 78, 50], [58, 47, 38, 68]]
,D5XYz=GNux8qdPh
Answer from Hex Matrix: 
[[2C, 59, 4E, 71], [44, 7A, 75, 64], [35, 3D, 78, 50], [58, 47, 38, 68]]

69 2B 2B 72 
45 32 44 37 
73 7D 39 31 
41 57 3B 27 
[[69, 2B, 2B, 72], [45, 32, 44, 37], [73, 7D, 39, 31], [41, 57, 3B, 27]]
iEsA+2}W+D9;r71'
Answer from Hex Matrix: 
[[69, 2B, 2B, 72], [45, 32, 44, 37], [73, 7D, 39, 31], [41, 57, 3B, 27]]

26 70 56 61 
46 30 47 52 
60 4D 22 71 
73 6D 44 3E 
[[26, 70, 56, 61], [46, 30, 47, 52], [60, 4D, 22, 71], [73, 6D, 44, 3E]]
&F`sp0MmVG"DaRq>
Answer from Hex Matrix: 
[[26, 70, 56, 61], [46, 30, 47, 52], [60, 4D, 22, 71], [73, 6D, 44, 3E]]

6A 36 3B 78 
33 59 71 5C 
2C 44 66 59 
3B 31 53 7B 
[[6A, 36, 3B, 78], [33, 59, 71, 5C], [2C, 44, 66, 59], [3B, 31, 53, 7B]]
j3,;6YD1;qfSx\Y{
Answer from Hex Matrix: 
[[6A, 36, 3B, 78], [33, 59, 71, 5C], [2C, 44, 66, 59], [3B, 31, 53, 7B]]

3E 4B 67 3A 
64 5A 4A 35 
66 22 6B 72 
48 5B 57 68 
[[3E, 4B, 67, 3A], [64, 5A, 4A, 35], [66, 22, 6B, 72], [48, 5B, 57, 68]]
>dfHKZ"[gJkW:5rh
Answer from Hex Matrix: 
[[3E, 4B, 67, 3A], [64, 5A, 4A, 35], [66, 22, 6B, 72], [48, 5B, 57, 68]]

52 65 2B 25 
5B 3C 40 7C 
48 2F 31 60 
2D 38 76 7A 
[[52, 65, 2B, 25], [5B, 3C, 40, 7C], [48, 2F, 31, 60], [2D, 38, 76, 7A]]
R[H-e</8+@1v%|`z
Answer from Hex Matrix: 
[[52, 65, 2B, 25], [5B, 3C, 40, 7C], [48, 2F, 31, 60], [2D, 38, 76, 7A]]

60 4D 7C 48 
3E 5D 3B 77 
7A 45 4B 76 
5F 41 3E 5E 
[[60, 4D, 7C, 48], [3E, 5D, 3B, 77], [7A, 45, 4B, 76], [5F, 41, 3E, 5E]]
`>z_M]EA|;K>Hwv^
Answer from Hex Matrix: 
[[60, 4D, 7C, 48], [3E, 5D, 3B, 77], [7A, 45, 4B, 76], [5F, 41, 3E, 5E]]

2A 45 3F 34 
6D 42 50 2D 
4F 5A 29 2F 
73 38 69 2E 
[[2A, 45, 3F, 34], [6D, 42, 50, 2D], [4F, 5A, 29, 2F], [73, 38, 69, 2E]]
*mOsEBZ8?P)i4-/.
Answer from Hex Matrix: 
[[2A, 45, 3F, 34], [6D, 42, 50, 2D], [4F, 5A, 29, 2F], [73, 38, 69, 2E]]

45 70 2B 66 
49 76 6C 24 
48 27 22 35 
45 78 38 36 
[[45, 70, 2B, 66], [49, 76, 6C, 24], [48, 27, 22, 35], [45, 78, 38, 36]]
EIHEpv'x+l"8f$56
Answer from Hex Matrix: 
[[45, 70, 2B, 66], [49, 76, 6C, 24], [48, 27, 22, 35], [45, 78, 38, 36]]

34 58 46 79 
62 60 77 3D 
65 71 55 6E 
62 3E 79 52 
[[34, 58, 46, 79], [62, 60, 77, 3D], [65, 71, 55, 6E], [62, 3E, 79, 52]]
4bebX`q>FwUyy=nR
Answer from Hex Matrix: 
[[34, 58, 46, 79], [62, 60, 77, 3D], [65, 71, 55, 6E], [62, 3E, 79, 52]]

7C 43 54 66 
7A 26 4F 31 
26 6F 45 4A 
59 7B 23 6B 
[[7C, 43, 54, 66], [7A, 26, 4F, 31], [26, 6F, 45, 4A], [59, 7B, 23, 6B]]
|z&YC&o{TOE#f1Jk
Answer from Hex Matrix: 
[[7C, 43, 54, 66], [7A, 26, 4F, 31], [26, 6F, 45, 4A], [59, 7B, 23, 6B]]

61 77 63 5C 
67 2D 3E 4D 
3F 2E 22 52 
2F 54 49 5D 
[[61, 77, 63, 5C], [67, 2D, 3E, 4D], [3F, 2E, 22, 52], [2F, 54, 49, 5D]]
ag?/w-.Tc>"I\MR]
Answer from Hex Matrix: 
[[61, 77, 63, 5C], [67, 2D, 3E, 4D], [3F, 2E, 22, 52], [2F, 54, 49, 5D]]

3A 3A 5A 61 
65 57 2A 36 
58 3C 7D 46 
49 5D 6F 45 
[[3A, 3A, 5A, 61], [65, 57, 2A, 36], [58, 3C, 7D, 46], [49, 5D, 6F, 45]]
:eXI:W<]Z*}oa6FE
Answer from Hex Matrix: 
[[3A, 3A, 5A, 61], [65, 57, 2A, 36], [58, 3C, 7D, 46], [49, 5D, 6F, 45]]

7C 6D 27 77 
72 64 4C 37 
65 5D 23 58 
48 39 2F 64 
[[7C, 6D, 27, 77], [72, 64, 4C, 37], [65, 5D, 23, 58], [48, 39, 2F, 64]]
|reHmd]9'L#/w7Xd
Answer from Hex Matrix: 
[[7C, 6D, 27, 77], [72, 64, 4C, 37], [65, 5D, 23, 58], [48, 39, 2F, 64]]

62 4D 28 4D 
3F 3D 56 75 
68 72 43 5D 
76 54 66 36 
[[62, 4D, 28, 4D], [3F, 3D, 56, 75], [68, 72, 43, 5D], [76, 54, 66, 36]]
b?hvM=rT(VCfMu]6
Answer from Hex Matrix: 
[[62, 4D, 28, 4D], [3F, 3D, 56, 75], [68, 72, 43, 5D], [76, 54, 66, 36]]

51 25 55 2B 
5B 45 3F 78 
22 2D 64 42 
33 56 43 5A 
[[51, 25, 55, 2B], [5B, 45, 3F, 78], [22, 2D, 64, 42], [33, 56, 43, 5A]]
Q["3%E-VU?dC+xBZ
Answer from Hex Matrix: 
[[51, 25, 55, 2B], [5B, 45, 3F, 78], [22, 2D, 64, 42], [33, 56, 43, 5A]]

41 3B 58 4B 
28 4B 38 3E 
36 66 5F 43 
29 31 29 6B 
[[41, 3B, 58, 4B], [28, 4B, 38, 3E], [36, 66, 5F, 43], [29, 31, 29, 6B]]
A(6);Kf1X8_)K>Ck
Answer from Hex Matrix: 
[[41, 3B, 58, 4B], [28, 4B, 38, 3E], [36, 66, 5F, 43], [29, 31, 29, 6B]]

70 40 65 47 
2B 6B 22 26 
5F 51 79 6A 
3E 23 5C 4A 
[[70, 40, 65, 47], [2B, 6B, 22, 26], [5F, 51, 79, 6A], [3E, 23, 5C, 4A]]
p+_>@kQ#e"y\G&jJ
Answer from Hex Matrix: 
[[70, 40, 65, 47], [2B, 6B, 22, 26], [5F, 51, 79, 6A], [3E, 23, 5C, 4A]]

36 4D 5A 2A 
3C 3B 42 38 
7D 2D 50 65 
63 28 68 3D 
[[36, 4D, 5A, 2A], [3C, 3B, 42, 38], [7D, 2D, 50, 65], [63, 28, 68, 3D]]
6<}cM;-(ZBPh*8e=
Answer from Hex Matrix: 
[[36, 4D, 5A, 2A], [3C, 3B, 42, 38], [7D, 2D, 50, 65], [63, 28, 68, 3D]]

2F 6C 68 63 
55 32 7C 29 
47 49 64 76 
63 50 6E 60 
[[2F, 6C, 68, 63], [55, 32, 7C, 29], [47, 49, 64, 76], [63, 50, 6E, 60]]
/UGcl2IPh|dnc)v`
Answer from Hex Matrix: 
[[2F, 6C, 68, 63], [55, 32, 7C, 29], [47, 49, 64, 76], [63, 50, 6E, 60]]

5A 27 7D 3F 
49 48 79 30 
55 55 58 2B 
75 70 6D 66 
[[5A, 27, 7D, 3F], [49, 48, 79, 30], [55, 55, 58, 2B], [75, 70, 6D, 66]]
ZIUu'HUp}yXm?0+f
Answer from Hex Matrix: 
[[5A, 27, 7D, 3F], [49, 48, 79, 30], [55, 55, 58, 2B], [75, 70, 6D, 66]]

35 62 48 23 
45 3F 63 5E 
27 3D 73 24 
43 76 21 5B 
[[35, 62, 48, 23], [45, 3F, 63, 5E], [27, 3D, 73, 24], [43, 76, 21, 5B]]
5E'Cb?=vHcs!#^$[
Answer from Hex Matrix: 
[[35, 62, 48, 23], [45, 3F, 63, 5E], [27, 3D, 73, 24], [43, 76, 21, 5B]]

35 2D 6E 6C 
76 4D 31 23 
6E 64 67 64 
3C 61 54 4E 
[[35, 2D, 6E, 6C], [76, 4D, 31, 23], [6E, 64, 67, 64], [3C, 61, 54, 4E]]
5vn<-Mdan1gTl#dN
Answer from Hex Matrix: 
[[35, 2D, 6E, 6C], [76, 4D, 31, 23], [6E, 64, 67, 64], [3C, 61, 54, 4E]]

55 32 63 53 
36 59 4F 66 
2B 4D 55 50 
60 6C 3B 57 
[[55, 32, 63, 53], [36, 59, 4F, 66], [2B, 4D, 55, 50], [60, 6C, 3B, 57]]
U6+`2YMlcOU;SfPW
Answer from Hex Matrix: 
[[55, 32, 63, 53], [36, 59, 4F, 66], [2B, 4D, 55, 50], [60, 6C, 3B, 57]]

47 75 54 3A 
33 27 6E 70 
23 24 42 58 
21 5D 66 70 
[[47, 75, 54, 3A], [33, 27, 6E, 70], [23, 24, 42, 58], [21, 5D, 66, 70]]
G3#!u'$]TnBf:pXp
Answer from Hex Matrix: 
[[47, 75, 54, 3A], [33, 27, 6E, 70], [23, 24, 42, 58], [21, 5D, 66, 70]]

76 48 29 2E 
70 32 4C 5B 
37 2E 2A 4C 
53 4F 6C 26 
[[76, 48, 29, 2E], [70, 32, 4C, 5B], [37, 2E, 2A, 4C], [53, 4F, 6C, 26]]
vp7SH2.O)L*l.[L&
Answer from Hex Matrix: 
[[76, 48, 29, 2E], [70, 32, 4C, 5B], [37, 2E, 2A, 4C], [53, 4F, 6C, 26]]

37 37 50 2D 
6F 42 52 57 
66 4C 22 48 
6E 74 7D 30 
[[37, 37, 50, 2D], [6F, 42, 52, 57], [66, 4C, 22, 48], [6E, 74, 7D, 30]]
7ofn7BLtPR"}-WH0
Answer from Hex Matrix: 
[[37, 37, 50, 2D], [6F, 42, 52, 57], [66, 4C, 22, 48], [6E, 74, 7D, 30]]

43 4A 42 44 
3B 47 48 44 
22 27 6D 78 
29 7C 24 23 
[[43, 4A, 42, 44], [3B, 47, 48, 44], [22, 27, 6D, 78], [29, 7C, 24, 23]]
C;")JG'|BHm$DDx#
Answer from Hex Matrix: 
[[43, 4A, 42, 44], [3B, 47, 48, 44], [22, 27, 6D, 78], [29, 7C, 24, 23]]

43 3C 57 30 
70 24 4B 49 
5A 78 29 4D 
4E 26 44 6A 
[[43, 3C, 57, 30], [70, 24, 4B, 49], [5A, 78, 29, 4D], [4E, 26, 44, 6A]]
CpZN<$x&WK)D0IMj
Answer from Hex Matrix: 
[[43, 3C, 57, 30], [70, 24, 4B, 49], [5A, 78, 29, 4D], [4E, 26, 44, 6A]]

59 31 7D 6F 
60 74 41 28 
33 6B 33 76 
75 3F 26 5D 
[[59, 31, 7D, 6F], [60, 74, 41, 28], [33, 6B, 33, 76], [75, 3F, 26, 5D]]
Y`3u1tk?}A3&o(v]
Answer from Hex Matrix: 
[[59, 31, 7D, 6F], [60, 74, 41, 28], [33, 6B, 33, 76], [75, 3F, 26, 5D]]

6F 24 69 56 
61 67 54 4F 
73 36 4F 76 
57 77 23 6C 
[[6F, 24, 69, 56], [61, 67, 54, 4F], [73, 36, 4F, 76], [57, 77, 23, 6C]]
oasW$g6wiTO#VOvl
Answer from Hex Matrix: 
[[6F, 24, 69, 56], [61, 67, 54, 4F], [73, 36, 4F, 76], [57, 77, 23, 6C]]

44 6D 33 26 
44 6F 49 30 
6D 28 53 65 
5F 21 51 30 
[[44, 6D, 33, 26], [44, 6F, 49, 30], [6D, 28, 53, 65], [5F, 21, 51, 30]]
DDm_mo(!3ISQ&0e0
Answer from Hex Matrix: 
[[44, 6D, 33, 26], [44, 6F, 49, 30], [6D, 28, 53, 65], [5F, 21, 51, 30]]

6B 6E 29 3A 
3A 74 6A 23 
6D 49 42 67 
57 3E 75 58 
[[6B, 6E, 29, 3A], [3A, 74, 6A, 23], [6D, 49, 42, 67], [57, 3E, 75, 58]]
k:mWntI>)jBu:#gX
Answer from Hex Matrix: 
[[6B, 6E, 29, 3A], [3A, 74, 6A, 23], [6D, 49, 42, 67], [57, 3E, 75, 58]]

70 77 27 30 
53 33 56 61 
61 7C 3A 3D 
4B 62 3A 23 
[[70, 77, 27, 30], [53, 33, 56, 61], [61, 7C, 3A, 3D], [4B, 62, 3A, 23]]
pSaKw3|b'V::0a=#
Answer from Hex Matrix: 
[[70, 77, 27, 30], [53, 33, 56, 61], [61, 7C, 3A, 3D], [4B, 62, 3A, 23]]

24 6E 51 74 
6E 59 23 48 
36 23 2B 79 
43 67 6A 3F 
[[24, 6E, 51, 74], [6E, 59, 23, 48], [36, 23, 2B, 79], [43, 67, 6A, 3F]]
$n6CnY#gQ#+jtHy?
Answer from Hex Matrix: 
[[24, 6E, 51, 74], [6E, 59, 23, 48], [36, 23, 2B, 79], [43, 67, 6A, 3F]]

57 66 45 54 
37 53 75 5A 
5D 53 7A 2B 
6A 58 24 4D 
[[57, 66, 45, 54], [37, 53, 75, 5A], [5D, 53, 7A, 2B], [6A, 58, 24, 4D]]
W7]jfSSXEuz$TZ+M
Answer from Hex Matrix: 
[[57, 66, 45, 54], [37, 53, 75, 5A], [5D, 53, 7A, 2B], [6A, 58, 24, 4D]]

70 7A 38 5E 
2A 26 34 4A 
58 3F 25 62 
37 57 34 47 
[[70, 7A, 38, 5E], [2A, 26, 34, 4A], [58, 3F, 25, 62], [37, 57, 34, 47]]
p*X7z&?W84%4^JbG
Answer from Hex Matrix: 
[[70, 7A, 38, 5E], [2A, 26, 34, 4A], [58, 3F, 25, 62], [37, 57, 34, 47]]

5F 6E 50 49 
27 32 78 7D 
3A 36 67 31 
6B 32 4F 3C 
[[5F, 6E, 50, 49], [27, 32, 78, 7D], [3A, 36, 67, 31], [6B, 32, 4F, 3C]]
_':kn262PxgOI}1<
Answer from Hex Matrix: 
[[5F, 6E, 50, 49], [27, 32, 78, 7D], [3A, 36, 67, 31], [6B, 32, 4F, 3C]]

35 60 57 5F 
71 33 36 2B 
44 23 33 56 
66 3E 56 34 
[[35, 60, 57, 5F], [71, 33, 36, 2B], [44, 23, 33, 56], [66, 3E, 56, 34]]
5qDf`3#>W63V_+V4
Answer from Hex Matrix: 
[[35, 60, 57, 5F], [71, 33, 36, 2B], [44, 23, 33, 56], [66, 3E, 56, 34]]

75 4D 6F 57 
47 21 62 34 
50 6C 68 43 
4F 22 66 2D 
[[75, 4D, 6F, 57], [47, 21, 62, 34], [50, 6C, 68, 43], [4F, 22, 66, 2D]]
uGPOM!l"obhfW4C-
Answer from Hex Matrix: 
[[75, 4D, 6F, 57], [47, 21, 62, 34], [50, 6C, 68, 43], [4F, 22, 66, 2D]]

7B 77 60 50 
24 48 25 6D 
70 43 75 6B 
36 78 29 57 
[[7B, 77, 60, 50], [24, 48, 25, 6D], [70, 43, 75, 6B], [36, 78, 29, 57]]
{$p6wHCx`%u)PmkW
Answer from Hex Matrix: 
[[7B, 77, 60, 50], [24, 48, 25, 6D], [70, 43, 75, 6B], [36, 78, 29, 57]]

4F 72 55 54 
55 4E 2A 77 
73 5C 5A 65 
73 7D 40 39 
[[4F, 72, 55, 54], [55, 4E, 2A, 77], [73, 5C, 5A, 65], [73, 7D, 40, 39]]
OUssrN\}U*Z@Twe9
Answer from Hex Matrix: 
[[4F, 72, 55, 54], [55, 4E, 2A, 77], [73, 5C, 5A, 65], [73, 7D, 40, 39]]

35 4A 55 60 
74 64 5F 57 
2D 2A 75 47 
51 3B 39 3F 
[[35, 4A, 55, 60], [74, 64, 5F, 57], [2D, 2A, 75, 47], [51, 3B, 39, 3F]]
5t-QJd*;U_u9`WG?
Answer from Hex Matrix: 
[[35, 4A, 55, 60], [74, 64, 5F, 57], [2D, 2A, 75, 47], [51, 3B, 39, 3F]]

39 55 5E 37 
6C 64 45 49 
3B 56 34 4A 
48 7B 36 4A 
[[39, 55, 5E, 37], [6C, 64, 45, 49], [3B, 56, 34, 4A], [48, 7B, 36, 4A]]
9l;HUdV{^E467IJJ
Answer from Hex Matrix: 
[[39, 55, 5E, 37], [6C, 64, 45, 49], [3B, 56, 34, 4A], [48, 7B, 36, 4A]]

47 6D 71 4D 
6E 32 23 56 
77 37 75 56 
39 4E 31 75 
[[47, 6D, 71, 4D], [6E, 32, 23, 56], [77, 37, 75, 56], [39, 4E, 31, 75]]
Gnw9m27Nq#u1MVVu
Answer from Hex Matrix: 
[[47, 6D, 71, 4D], [6E, 32, 23, 56], [77, 37, 75, 56], [39, 4E, 31, 75]]

42 68 61 25 
59 56 6E 60 
3C 58 46 49 
74 5D 6C 47 
[[42, 68, 61, 25], [59, 56, 6E, 60], [3C, 58, 46, 49], [74, 5D, 6C, 47]]
BY<thVX]anFl%`IG
Answer from Hex Matrix: 
[[42, 68, 61, 25], [59, 56, 6E, 60], [3C, 58, 46, 49], [74, 5D, 6C, 47]]

4E 3E 4D 3F 
68 53 33 25 
3C 3C 23 65 
39 44 6E 37 
[[4E, 3E, 4D, 3F], [68, 53, 33, 25], [3C, 3C, 23, 65], [39, 44, 6E, 37]]
Nh<9>S<DM3#n?%e7
Answer from Hex Matrix: 
[[4E, 3E, 4D, 3F], [68, 53, 33, 25], [3C, 3C, 23, 65], [39, 44, 6E, 37]]

40 27 4D 7B 
3A 44 5D 53 
29 6F 6D 6C 
41 53 31 6C 
[[40, 27, 4D, 7B], [3A, 44, 5D, 53], [29, 6F, 6D, 6C], [41, 53, 31, 6C]]
@:)A'DoSM]m1{Sll
Answer from Hex Matrix: 
[[40, 27, 4D, 7B], [3A, 44, 5D, 53], [29, 6F, 6D, 6C], [41, 53, 31, 6C]]

53 36 77 39 
49 53 5E 4B 
3C 5F 62 68 
32 3C 73 7C 
[[53, 36, 77, 39], [49, 53, 5E, 4B], [3C, 5F, 62, 68], [32, 3C, 73, 7C]]
SI<26S_<w^bs9Kh|
Answer from Hex Matrix: 
[[53, 36, 77, 39], [49, 53, 5E, 4B], [3C, 5F, 62, 68], [32, 3C, 73, 7C]]

30 4C 25 66 
5C 66 3E 33 
7A 2D 68 4B 
76 2F 4A 5C 
[[30, 4C, 25, 66], [5C, 66, 3E, 33], [7A, 2D, 68, 4B], [76, 2F, 4A, 5C]]
0\zvLf-/%>hJf3K\
Answer from Hex Matrix: 
[[30, 4C, 25, 66], [5C, 66, 3E, 33], [7A, 2D, 68, 4B], [76, 2F, 4A, 5C]]

6C 3F 75 6B 
66 46 5A 76 
4C 23 7C 2A 
77 57 52 74 
[[6C, 3F, 75, 6B], [66, 46, 5A, 76], [4C, 23, 7C, 2A], [77, 57, 52, 74]]
lfLw?F#WuZ|Rkv*t
Answer from Hex Matrix: 
[[6C, 3F, 75, 6B], [66, 46, 5A, 76], [4C, 23, 7C, 2A], [77, 57, 52, 74]]

2F 44 6F 54 
25 70 71 33 
27 58 41 5B 
4D 44 6B 6E 
[[2F, 44, 6F, 54], [25, 70, 71, 33], [27, 58, 41, 5B], [4D, 44, 6B, 6E]]
/%'MDpXDoqAkT3[n
Answer from Hex Matrix: 
[[2F, 44, 6F, 54], [25, 70, 71, 33], [27, 58, 41, 5B], [4D, 44, 6B, 6E]]

33 57 6B 37 
4A 2B 64 74 
5D 31 3A 43 
69 70 25 37 
[[33, 57, 6B, 37], [4A, 2B, 64, 74], [5D, 31, 3A, 43], [69, 70, 25, 37]]
3J]iW+1pkd:%7tC7
Answer from Hex Matrix: 
[[33, 57, 6B, 37], [4A, 2B, 64, 74], [5D, 31, 3A, 43], [69, 70, 25, 37]]

22 7C 4C 53 
55 2E 39 69 
3D 79 26 2E 
51 31 57 6D 
[[22, 7C, 4C, 53], [55, 2E, 39, 69], [3D, 79, 26, 2E], [51, 31, 57, 6D]]
"U=Q|.y1L9&WSi.m
Answer from Hex Matrix: 
[[22, 7C, 4C, 53], [55, 2E, 39, 69], [3D, 79, 26, 2E], [51, 31, 57, 6D]]

28 50 67 63 
4C 4D 50 5C 
55 5A 65 4E 
2F 57 2A 57 
[[28, 50, 67, 63], [4C, 4D, 50, 5C], [55, 5A, 65, 4E], [2F, 57, 2A, 57]]
(LU/PMZWgPe*c\NW
Answer from Hex Matrix: 
[[28, 50, 67, 63], [4C, 4D, 50, 5C], [55, 5A, 65, 4E], [2F, 57, 2A, 57]]

4D 32 4B 74 
39 7A 6C 65 
3F 40 6D 2F 
58 2E 7C 60 
[[4D, 32, 4B, 74], [39, 7A, 6C, 65], [3F, 40, 6D, 2F], [58, 2E, 7C, 60]]
M9?X2z@.Klm|te/`
Answer from Hex Matrix: 
[[4D, 32, 4B, 74], [39, 7A, 6C, 65], [3F, 40, 6D, 2F], [58, 2E, 7C, 60]]

79 7A 5C 5B 
49 6A 4C 51 
70 72 50 4B 
38 44 69 4A 
[[79, 7A, 5C, 5B], [49, 6A, 4C, 51], [70, 72, 50, 4B], [38, 44, 69, 4A]]
yIp8zjrD\LPi[QKJ
Answer from Hex Matrix: 
[[79, 7A, 5C, 5B], [49, 6A, 4C, 51], [70, 72, 50, 4B], [38, 44, 69, 4A]]

5D 5E 39 52 
53 28 79 68 
7A 78 55 2E 
7A 49 4D 48 
[[5D, 5E, 39, 52], [53, 28, 79, 68], [7A, 78, 55, 2E], [7A, 49, 4D, 48]]
]Szz^(xI9yUMRh.H
Answer from Hex Matrix: 
[[5D, 5E, 39, 52], [53, 28, 79, 68], [7A, 78, 55, 2E], [7A, 49, 4D, 48]]

4C 67 38 2E 
63 69 75 50 
50 4B 22 53 
24 26 79 32 
[[4C, 67, 38, 2E], [63, 69, 75, 50], [50, 4B, 22, 53], [24, 26, 79, 32]]
LcP$giK&8u"y.PS2
Answer from Hex Matrix: 
[[4C, 67, 38, 2E], [63, 69, 75, 50], [50, 4B, 22, 53], [24, 26, 79, 32]]

22 7C 64 34 
43 5B 42 66 
7D 2F 55 62 
33 45 61 5C 
[[22, 7C, 64, 34], [43, 5B, 42, 66], [7D, 2F, 55, 62], [33, 45, 61, 5C]]
"C}3|[/EdBUa4fb\
Answer from Hex Matrix: 
[[22, 7C, 64, 34], [43, 5B, 42, 66], [7D, 2F, 55, 62], [33, 45, 61, 5C]]

5D 3C 6A 44 
62 25 51 7D 
4F 63 48 6D 
51 42 49 4D 
[[5D, 3C, 6A, 44], [62, 25, 51, 7D], [4F, 63, 48, 6D], [51, 42, 49, 4D]]
]bOQ<%cBjQHID}mM
Answer from Hex Matrix: 
[[5D, 3C, 6A, 44], [62, 25, 51, 7D], [4F, 63, 48, 6D], [51, 42, 49, 4D]]

71 66 3A 5F 
23 7B 65 70 
6F 54 42 56 
5D 3C 73 65 
[[71, 66, 3A, 5F], [23, 7B, 65, 70], [6F, 54, 42, 56], [5D, 3C, 73, 65]]
q#o]f{T<:eBs_pVe
Answer from Hex Matrix: 
[[71, 66, 3A, 5F], [23, 7B, 65, 70], [6F, 54, 42, 56], [5D, 3C, 73, 65]]

42 31 43 7C 
60 4D 7B 71 
2E 3D 50 5D 
27 79 55 78 
[[42, 31, 43, 7C], [60, 4D, 7B, 71], [2E, 3D, 50, 5D], [27, 79, 55, 78]]
B`.'1M=yC{PU|q]x
Answer from Hex Matrix: 
[[42, 31, 43, 7C], [60, 4D, 7B, 71], [2E, 3D, 50, 5D], [27, 79, 55, 78]]

75 59 25 5C 
25 48 73 49 
4A 6E 68 2C 
74 2E 6A 6F 
[[75, 59, 25, 5C], [25, 48, 73, 49], [4A, 6E, 68, 2C], [74, 2E, 6A, 6F]]
u%JtYHn.%shj\I,o
Answer from Hex Matrix: 
[[75, 59, 25, 5C], [25, 48, 73, 49], [4A, 6E, 68, 2C], [74, 2E, 6A, 6F]]

7C 69 79 5D 
71 7A 41 7A 
2E 3A 34 4B 
29 7A 60 5D 
[[7C, 69, 79, 5D], [71, 7A, 41, 7A], [2E, 3A, 34, 4B], [29, 7A, 60, 5D]]
|q.)iz:zyA4`]zK]
Answer from Hex Matrix: 
[[7C, 69, 79, 5D], [71, 7A, 41, 7A], [2E, 3A, 34, 4B], [29, 7A, 60, 5D]]

5B 2B 3A 4F 
47 58 2F 3B 
4C 2E 75 51 
21 53 44 32 
[[5B, 2B, 3A, 4F], [47, 58, 2F, 3B], [4C, 2E, 75, 51], [21, 53, 44, 32]]
[GL!+X.S:/uDO;Q2
Answer from Hex Matrix: 
[[5B, 2B, 3A, 4F], [47, 58, 2F, 3B], [4C, 2E, 75, 51], [21, 53, 44, 32]]

55 61 47 63 
70 6D 58 4B 
68 49 2D 2D 
31 5F 5D 63 
[[55, 61, 47, 63], [70, 6D, 58, 4B], [68, 49, 2D, 2D], [31, 5F, 5D, 63]]
Uph1amI_GX-]cK-c
Answer from Hex Matrix: 
[[55, 61, 47, 63], [70, 6D, 58, 4B], [68, 49, 2D, 2D], [31, 5F, 5D, 63]]

6C 2E 35 57 
50 49 2F 55 
3B 77 65 57 
7C 4A 27 55 
[[6C, 2E, 35, 57], [50, 49, 2F, 55], [3B, 77, 65, 57], [7C, 4A, 27, 55]]
lP;|.IwJ5/e'WUWU
Answer from Hex Matrix: 
[[6C, 2E, 35, 57], [50, 49, 2F, 55], [3B, 77, 65, 57], [7C, 4A, 27, 55]]

44 4B 44 71 
57 46 44 5E 
35 25 68 28 
4C 72 30 6D 
[[44, 4B, 44, 71], [57, 46, 44, 5E], [35, 25, 68, 28], [4C, 72, 30, 6D]]
DW5LKF%rDDh0q^(m
Answer from Hex Matrix: 
[[44, 4B, 44, 71], [57, 46, 44, 5E], [35, 25, 68, 28], [4C, 72, 30, 6D]]

5C 47 72 67 
63 4C 4E 4A 
62 38 3D 2B 
73 37 5A 67 
[[5C, 47, 72, 67], [63, 4C, 4E, 4A], [62, 38, 3D, 2B], [73, 37, 5A, 67]]
\cbsGL87rN=ZgJ+g
Answer from Hex Matrix: 
[[5C, 47, 72, 67], [63, 4C, 4E, 4A], [62, 38, 3D, 2B], [73, 37, 5A, 67]]

47 4A 22 45 
23 51 28 75 
2C 35 62 56 
68 76 52 4F 
[[47, 4A, 22, 45], [23, 51, 28, 75], [2C, 35, 62, 56], [68, 76, 52, 4F]]
G#,hJQ5v"(bREuVO
Answer from Hex Matrix: 
[[47, 4A, 22, 45], [23, 51, 28, 75], [2C, 35, 62, 56], [68, 76, 52, 4F]]

7A 36 47 79 
70 77 3D 50 
43 76 6C 38 
52 6C 76 33 
[[7A, 36, 47, 79], [70, 77, 3D, 50], [43, 76, 6C, 38], [52, 6C, 76, 33]]
zpCR6wvlG=lvyP83
Answer from Hex Matrix: 
[[7A, 36, 47, 79], [70, 77, 3D, 50], [43, 76, 6C, 38], [52, 6C, 76, 33]]

43 33 64 3D 
57 4D 7D 4C 
78 57 3A 25 
41 44 22 3C 
[[43, 33, 64, 3D], [57, 4D, 7D, 4C], [78, 57, 3A, 25], [41, 44, 22, 3C]]
CWxA3MWDd}:"=L%<
Answer from Hex Matrix: 
[[43, 33, 64, 3D], [57, 4D, 7D, 4C], [78, 57, 3A, 25], [41, 44, 22, 3C]]

7B 52 5E 77 
5C 42 6C 34 
26 4E 7C 74 
42 52 74 4B 
[[7B, 52, 5E, 77], [5C, 42, 6C, 34], [26, 4E, 7C, 74], [42, 52, 74, 4B]]
{\&BRBNR^l|tw4tK
Answer from Hex Matrix: 
[[7B, 52, 5E, 77], [5C, 42, 6C, 34], [26, 4E, 7C, 74], [42, 52, 74, 4B]]

55 54 21 29 
5C 2B 4F 75 
38 50 7A 39 
55 39 49 35 
[[55, 54, 21, 29], [5C, 2B, 4F, 75], [38, 50, 7A, 39], [55, 39, 49, 35]]
U\8UT+P9!OzI)u95
Answer from Hex Matrix: 
[[55, 54, 21, 29], [5C, 2B, 4F, 75], [38, 50, 7A, 39], [55, 39, 49, 35]]

5F 3D 4A 2D 
5B 5D 34 65 
2D 79 4F 54 
3C 3C 72 42 
[[5F, 3D, 4A, 2D], [5B, 5D, 34, 65], [2D, 79, 4F, 54], [3C, 3C, 72, 42]]
_[-<=]y<J4Or-eTB
Answer from Hex Matrix: 
[[5F, 3D, 4A, 2D], [5B, 5D, 34, 65], [2D, 79, 4F, 54], [3C, 3C, 72, 42]]

28 37 39 64 
34 68 29 3B 
5F 2F 67 52 
57 54 60 75 
[[28, 37, 39, 64], [34, 68, 29, 3B], [5F, 2F, 67, 52], [57, 54, 60, 75]]
(4_W7h/T9)g`d;Ru
Answer from Hex Matrix: 
[[28, 37, 39, 64], [34, 68, 29, 3B], [5F, 2F, 67, 52], [57, 54, 60, 75]]

66 71 5A 2C 
55 48 63 47 
25 79 24 6A 
69 55 21 23 
[[66, 71, 5A, 2C], [55, 48, 63, 47], [25, 79, 24, 6A], [69, 55, 21, 23]]
fU%iqHyUZc$!,Gj#
Answer from Hex Matrix: 
[[66, 71, 5A, 2C], [55, 48, 63, 47], [25, 79, 24, 6A], [69, 55, 21, 23]]

3E 56 25 3A 
54 58 3F 76 
2C 35 46 57 
36 42 69 2F 
[[3E, 56, 25, 3A], [54, 58, 3F, 76], [2C, 35, 46, 57], [36, 42, 69, 2F]]
>T,6VX5B%?Fi:vW/
Answer from Hex Matrix: 
[[3E, 56, 25, 3A], [54, 58, 3F, 76], [2C, 35, 46, 57], [36, 42, 69, 2F]]

42 74 54 36 
39 4C 3C 68 
63 45 68 25 
4D 5A 29 52 
[[42, 74, 54, 36], [39, 4C, 3C, 68], [63, 45, 68, 25], [4D, 5A, 29, 52]]
B9cMtLEZT<h)6h%R
Answer from Hex Matrix: 
[[42, 74, 54, 36], [39, 4C, 3C, 68], [63, 45, 68, 25], [4D, 5A, 29, 52]]

67 77 3A 56 
5E 79 28 7B 
3A 6D 45 2B 
34 35 70 5E 
[[67, 77, 3A, 56], [5E, 79, 28, 7B], [3A, 6D, 45, 2B], [34, 35, 70, 5E]]
g^:4wym5:(EpV{+^
Answer from Hex Matrix: 
[[67, 77, 3A, 56], [5E, 79, 28, 7B], [3A, 6D, 45, 2B], [34, 35, 70, 5E]]

64 67 21 76 
6C 7D 5D 23 
23 59 71 6F 
6B 35 41 36 
[[64, 67, 21, 76], [6C, 7D, 5D, 23], [23, 59, 71, 6F], [6B, 35, 41, 36]]
dl#kg}Y5!]qAv#o6
Answer from Hex Matrix: 
[[64, 67, 21, 76], [6C, 7D, 5D, 23], [23, 59, 71, 6F], [6B, 35, 41, 36]]

38 4F 7A 4D 
31 78 57 2A 
3C 31 46 62 
74 60 39 6B 
[[38, 4F, 7A, 4D], [31, 78, 57, 2A], [3C, 31, 46, 62], [74, 60, 39, 6B]]
81<tOx1`zWF9M*bk
Answer from Hex Matrix: 
[[38, 4F, 7A, 4D], [31, 78, 57, 2A], [3C, 31, 46, 62], [74, 60, 39, 6B]]

7A 4E 26 22 
5F 4F 4F 62 
30 50 7A 4C 
68 79 33 37 
[[7A, 4E, 26, 22], [5F, 4F, 4F, 62], [30, 50, 7A, 4C], [68, 79, 33, 37]]
z_0hNOPy&Oz3"bL7
Answer from Hex Matrix: 
[[7A, 4E, 26, 22], [5F, 4F, 4F, 62], [30, 50, 7A, 4C], [68, 79, 33, 37]]

42 4A 21 55 
44 6F 34 67 
38 33 47 4E 
59 29 49 4A 
[[42, 4A, 21, 55], [44, 6F, 34, 67], [38, 33, 47, 4E], [59, 29, 49, 4A]]
BD8YJo3)!4GIUgNJ
Answer from Hex Matrix: 
[[42, 4A, 21, 55], [44, 6F, 34, 67], [38, 33, 47, 4E], [59, 29, 49, 4A]]

79 38 26 23 
3D 31 5C 2E 
46 4D 4B 7A 
22 51 73 28 
[[79, 38, 26, 23], [3D, 31, 5C, 2E], [46, 4D, 4B, 7A], [22, 51, 73, 28]]
y=F"81MQ&\Ks#.z(
Answer from Hex Matrix: 
[[79, 38, 26, 23], [3D, 31, 5C, 2E], [46, 4D, 4B, 7A], [22, 51, 73, 28]]

62 75 24 25 
6C 33 31 58 
5A 3B 29 3F 
7C 70 59 6B 
[[62, 75, 24, 25], [6C, 33, 31, 58], [5A, 3B, 29, 3F], [7C, 70, 59, 6B]]
blZ|u3;p$1)Y%X?k
Answer from Hex Matrix: 
[[62, 75, 24, 25], [6C, 33, 31, 58], [5A, 3B, 29, 3F], [7C, 70, 59, 6B]]

21 63 6B 58 
38 78 6F 2B 
6D 23 51 4A 
33 4B 6B 75 
[[21, 63, 6B, 58], [38, 78, 6F, 2B], [6D, 23, 51, 4A], [33, 4B, 6B, 75]]
!8m3cx#KkoQkX+Ju
Answer from Hex Matrix: 
[[21, 63, 6B, 58], [38, 78, 6F, 2B], [6D, 23, 51, 4A], [33, 4B, 6B, 75]]

78 47 30 23 
3C 60 3E 78 
55 46 3C 2B 
77 5A 7A 5E 
[[78, 47, 30, 23], [3C, 60, 3E, 78], [55, 46, 3C, 2B], [77, 5A, 7A, 5E]]
x<UwG`FZ0><z#x+^
Answer from Hex Matrix: 
[[78, 47, 30, 23], [3C, 60, 3E, 78], [55, 46, 3C, 2B], [77, 5A, 7A, 5E]]

56 2D 29 6C 
38 24 4B 53 
2C 41 54 53 
4A 6F 31 57 
[[56, 2D, 29, 6C], [38, 24, 4B, 53], [2C, 41, 54, 53], [4A, 6F, 31, 57]]
V8,J-$Ao)KT1lSSW
Answer from Hex Matrix: 
[[56, 2D, 29, 6C], [38, 24, 4B, 53], [2C, 41, 54, 53], [4A, 6F, 31, 57]]

57 61 65 64 
3F 23 44 49 
59 57 35 24 
2E 2F 58 4C 
[[57, 61, 65, 64], [3F, 23, 44, 49], [59, 57, 35, 24], [2E, 2F, 58, 4C]]
W?Y.a#W/eD5XdI$L
Answer from Hex Matrix: 
[[57, 61, 65, 64], [3F, 23, 44, 49], [59, 57, 35, 24], [2E, 2F, 58, 4C]]

46 6A 77 36 
4C 43 32 2C 
63 4C 6F 3E 
6F 64 3C 47 
[[46, 6A, 77, 36], [4C, 43, 32, 2C], [63, 4C, 6F, 3E], [6F, 64, 3C, 47]]
FLcojCLdw2o<6,>G
Answer from Hex Matrix: 
[[46, 6A, 77, 36], [4C, 43, 32, 2C], [63, 4C, 6F, 3E], [6F, 64, 3C, 47]]

5C 22 79 79 
4A 58 2F 66 
56 43 2B 62 
32 6D 67 44 
[[5C, 22, 79, 79], [4A, 58, 2F, 66], [56, 43, 2B, 62], [32, 6D, 67, 44]]
\JV2"XCmy/+gyfbD
Answer from Hex Matrix: 
[[5C, 22, 79, 79], [4A, 58, 2F, 66], [56, 43, 2B, 62], [32, 6D, 67, 44]]

37 53 66 30 
65 36 40 70 
6A 3A 3B 78 
59 32 6B 44 
[[37, 53, 66, 30], [65, 36, 40, 70], [6A, 3A, 3B, 78], [59, 32, 6B, 44]]
7ejYS6:2f@;k0pxD
Answer from Hex Matrix: 
[[37, 53, 66, 30], [65, 36, 40, 70], [6A, 3A, 3B, 78], [59, 32, 6B, 44]]

50 48 63 3F 
5E 53 38 2C 
27 2C 5F 66 
33 4A 61 41 
[[50, 48, 63, 3F], [5E, 53, 38, 2C], [27, 2C, 5F, 66], [33, 4A, 61, 41]]
P^'3HS,Jc8_a?,fA
Answer from Hex Matrix: 
[[50, 48, 63, 3F], [5E, 53, 38, 2C], [27, 2C, 5F, 66], [33, 4A, 61, 41]]

22 55 3C 5D 
54 32 6E 7D 
4D 2B 6B 56 
4C 31 69 57 
[[22, 55, 3C, 5D], [54, 32, 6E, 7D], [4D, 2B, 6B, 56], [4C, 31, 69, 57]]
"TMLU2+1<nki]}VW
Answer from Hex Matrix: 
[[22, 55, 3C, 5D], [54, 32, 6E, 7D], [4D, 2B, 6B, 56], [4C, 31, 69, 57]]

40 57 48 52 
3E 6A 7B 21 
42 5D 7B 43 
33 30 41 3F 
[[40, 57, 48, 52], [3E, 6A, 7B, 21], [42, 5D, 7B, 43], [33, 30, 41, 3F]]
@>B3Wj]0H{{AR!C?
Answer from Hex Matrix: 
[[40, 57, 48, 52], [3E, 6A, 7B, 21], [42, 5D, 7B, 43], [33, 30, 41, 3F]]

5B 44 62 3F 
6F 6F 39 49 
78 59 64 5E 
2D 5C 43 47 
[[5B, 44, 62, 3F], [6F, 6F, 39, 49], [78, 59, 64, 5E], [2D, 5C, 43, 47]]
[ox-DoY\b9dC?I^G
Answer from Hex Matrix: 
[[5B, 44, 62, 3F], [6F, 6F, 39, 49], [78, 59, 64, 5E], [2D, 5C, 43, 47]]

6B 42 39 5B 
76 36 28 57 
5A 3C 57 38 
64 40 2C 67 
[[6B, 42, 39, 5B], [76, 36, 28, 57], [5A, 3C, 57, 38], [64, 40, 2C, 67]]
kvZdB6<@9(W,[W8g
Answer from Hex Matrix: 
[[6B, 42, 39, 5B], [76, 36, 28, 57], [5A, 3C, 57, 38], [64, 40, 2C, 67]]

43 7B 62 48 
74 5C 21 74 
4F 6D 76 69 
4F 24 2A 5B 
[[43, 7B, 62, 48], [74, 5C, 21, 74], [4F, 6D, 76, 69], [4F, 24, 2A, 5B]]
CtOO{\m$b!v*Hti[
Answer from Hex Matrix: 
[[43, 7B, 62, 48], [74, 5C, 21, 74], [4F, 6D, 76, 69], [4F, 24, 2A, 5B]]

2A 29 6E 6D 
52 3C 4E 2E 
4D 39 21 48 
41 2C 51 64 
[[2A, 29, 6E, 6D], [52, 3C, 4E, 2E], [4D, 39, 21, 48], [41, 2C, 51, 64]]
*RMA)<9,nN!Qm.Hd
Answer from Hex Matrix: 
[[2A, 29, 6E, 6D], [52, 3C, 4E, 2E], [4D, 39, 21, 48], [41, 2C, 51, 64]]

76 48 2B 78 
77 6E 23 2E 
26 52 6A 57 
4C 3A 4C 5B 
[[76, 48, 2B, 78], [77, 6E, 23, 2E], [26, 52, 6A, 57], [4C, 3A, 4C, 5B]]
vw&LHnR:+#jLx.W[
Answer from Hex Matrix: 
[[76, 48, 2B, 78], [77, 6E, 23, 2E], [26, 52, 6A, 57], [4C, 3A, 4C, 5B]]

53 63 79 6B 
3E 5A 32 27 
3E 35 29 5B 
2A 6B 2E 3D 
[[53, 63, 79, 6B], [3E, 5A, 32, 27], [3E, 35, 29, 5B], [2A, 6B, 2E, 3D]]
S>>*cZ5ky2).k'[=
Answer from Hex Matrix: 
[[53, 63, 79, 6B], [3E, 5A, 32, 27], [3E, 35, 29, 5B], [2A, 6B, 2E, 3D]]

6E 5A 56 34 
53 53 76 67 
78 48 54 64 
50 4B 41 4D 
[[6E, 5A, 56, 34], [53, 53, 76, 67], [78, 48, 54, 64], [50, 4B, 41, 4D]]
nSxPZSHKVvTA4gdM
Answer from Hex Matrix: 
[[6E, 5A, 56, 34], [53, 53, 76, 67], [78, 48, 54, 64], [50, 4B, 41, 4D]]

3C 2B 70 57 
3D 35 39 2E 
70 3A 42 67 
54 48 2B 77 
[[3C, 2B, 70, 57], [3D, 35, 39, 2E], [70, 3A, 42, 67], [54, 48, 2B, 77]]
<=pT+5:Hp9B+W.gw
Answer from Hex Matrix: 
[[3C, 2B, 70, 57], [3D, 35, 39, 2E], [70, 3A, 42, 67], [54, 48, 2B, 77]]

2E 43 57 35 
3A 2A 64 64 
52 56 30 4D 
25 39 41 3E 
[[2E, 43, 57, 35], [3A, 2A, 64, 64], [52, 56, 30, 4D], [25, 39, 41, 3E]]
.:R%C*V9Wd0A5dM>
Answer from Hex Matrix: 
[[2E, 43, 57, 35], [3A, 2A, 64, 64], [52, 56, 30, 4D], [25, 39, 41, 3E]]

45 50 75 3F 
30 68 52 79 
6B 7C 2B 2F 
76 28 67 31 
[[45, 50, 75, 3F], [30, 68, 52, 79], [6B, 7C, 2B, 2F], [76, 28, 67, 31]]
E0kvPh|(uR+g?y/1
Answer from Hex Matrix: 
[[45, 50, 75, 3F], [30, 68, 52, 79], [6B, 7C, 2B, 2F], [76, 28, 67, 31]]

3C 77 2D 26 
42 63 4F 5D 
69 28 53 7C 
36 45 31 23 
[[3C, 77, 2D, 26], [42, 63, 4F, 5D], [69, 28, 53, 7C], [36, 45, 31, 23]]
<Bi6wc(E-OS1&]|#
Answer from Hex Matrix: 
[[3C, 77, 2D, 26], [42, 63, 4F, 5D], [69, 28, 53, 7C], [36, 45, 31, 23]]

5E 35 39 55 
7C 42 47 6B 
47 2B 4D 7B 
53 5B 2E 76 
[[5E, 35, 39, 55], [7C, 42, 47, 6B], [47, 2B, 4D, 7B], [53, 5B, 2E, 76]]
^|GS5B+[9GM.Uk{v
Answer from Hex Matrix: 
[[5E, 35, 39, 55], [7C, 42, 47, 6B], [47, 2B, 4D, 7B], [53, 5B, 2E, 76]]

58 4E 3B 63 
4D 3B 29 21 
71 2D 41 5D 
73 57 57 64 
[[58, 4E, 3B, 63], [4D, 3B, 29, 21], [71, 2D, 41, 5D], [73, 57, 57, 64]]
XMqsN;-W;)AWc!]d
Answer from Hex Matrix: 
[[58, 4E, 3B, 63], [4D, 3B, 29, 21], [71, 2D, 41, 5D], [73, 57, 57, 64]]

74 78 32 72 
36 2C 3D 4C 
6D 51 24 42 
78 77 49 7B 
[[74, 78, 32, 72], [36, 2C, 3D, 4C], [6D, 51, 24, 42], [78, 77, 49, 7B]]
t6mxx,Qw2=$IrLB{
Answer from Hex Matrix: 
[[74, 78, 32, 72], [36, 2C, 3D, 4C], [6D, 51, 24, 42], [78, 77, 49, 7B]]

5B 56 33 76 
3F 21 56 3D 
2D 3F 2B 73 
7A 27 58 6C 
[[5B, 56, 33, 76], [3F, 21, 56, 3D], [2D, 3F, 2B, 73], [7A, 27, 58, 6C]]
[?-zV!?'3V+Xv=sl
Answer from Hex Matrix: 
[[5B, 56, 33, 76], [3F, 21, 56, 3D], [2D, 3F, 2B, 73], [7A, 27, 58, 6C]]

25 6B 6C 5E 
27 22 71 4D 
21 6C 24 56 
4F 63 2D 7D 
[[25, 6B, 6C, 5E], [27, 22, 71, 4D], [21, 6C, 24, 56], [4F, 63, 2D, 7D]]
%'!Ok"lclq$-^MV}
Answer from Hex Matrix: 
[[25, 6B, 6C, 5E], [27, 22, 71, 4D], [21, 6C, 24, 56], [4F, 63, 2D, 7D]]

3F 4D 4B 6F 
75 25 4C 73 
60 7A 5C 63 
24 3E 4C 67 
[[3F, 4D, 4B, 6F], [75, 25, 4C, 73], [60, 7A, 5C, 63], [24, 3E, 4C, 67]]
?u`$M%z>KL\Loscg
Answer from Hex Matrix: 
[[3F, 4D, 4B, 6F], [75, 25, 4C, 73], [60, 7A, 5C, 63], [24, 3E, 4C, 67]]

3F 6A 7B 79 
7A 79 50 4A 
48 68 65 3E 
36 49 59 39 
[[3F, 6A, 7B, 79], [7A, 79, 50, 4A], [48, 68, 65, 3E], [36, 49, 59, 39]]
?zH6jyhI{PeYyJ>9
Answer from Hex Matrix: 
[[3F, 6A, 7B, 79], [7A, 79, 50, 4A], [48, 68, 65, 3E], [36, 49, 59, 39]]

76 74 4D 37 
76 29 50 55 
41 32 2C 60 
52 76 5F 2D 
[[76, 74, 4D, 37], [76, 29, 50, 55], [41, 32, 2C, 60], [52, 76, 5F, 2D]]
vvARt)2vMP,_7U`-
Answer from Hex Matrix: 
[[76, 74, 4D, 37], [76, 29, 50, 55], [41, 32, 2C, 60], [52, 76, 5F, 2D]]

58 75 28 27 
41 59 34 5D 
7D 78 5D 76 
42 7A 7C 5D 
[[58, 75, 28, 27], [41, 59, 34, 5D], [7D, 78, 5D, 76], [42, 7A, 7C, 5D]]
XA}BuYxz(4]|']v]
Answer from Hex Matrix: 
[[58, 75, 28, 27], [41, 59, 34, 5D], [7D, 78, 5D, 76], [42, 7A, 7C, 5D]]

2D 58 62 49 
47 5F 6F 3D 
4D 25 31 4F 
39 7D 38 7B 
[[2D, 58, 62, 49], [47, 5F, 6F, 3D], [4D, 25, 31, 4F], [39, 7D, 38, 7B]]
-GM9X_%}bo18I=O{
Answer from Hex Matrix: 
[[2D, 58, 62, 49], [47, 5F, 6F, 3D], [4D, 25, 31, 4F], [39, 7D, 38, 7B]]

6D 30 22 53 
75 74 4E 6D 
60 5C 7D 37 
7A 68 49 57 
[[6D, 30, 22, 53], [75, 74, 4E, 6D], [60, 5C, 7D, 37], [7A, 68, 49, 57]]
mu`z0t\h"N}ISm7W
Answer from Hex Matrix: 
[[6D, 30, 22, 53], [75, 74, 4E, 6D], [60, 5C, 7D, 37], [7A, 68, 49, 57]]

62 35 51 28 
4A 3F 43 6B 
72 6E 5B 71 
60 44 4D 70 
[[62, 35, 51, 28], [4A, 3F, 43, 6B], [72, 6E, 5B, 71], [60, 44, 4D, 70]]
bJr`5?nDQC[M(kqp
Answer from Hex Matrix: 
[[62, 35, 51, 28], [4A, 3F, 43, 6B], [72, 6E, 5B, 71], [60, 44, 4D, 70]]

34 46 4C 7A 
45 2D 76 7C 
4D 5D 4B 64 
2A 6E 2B 33 
[[34, 46, 4C, 7A], [45, 2D, 76, 7C], [4D, 5D, 4B, 64], [2A, 6E, 2B, 33]]
4EM*F-]nLvK+z|d3
Answer from Hex Matrix: 
[[34, 46, 4C, 7A], [45, 2D, 76, 7C], [4D, 5D, 4B, 64], [2A, 6E, 2B, 33]]

71 70 25 22 
5A 2C 5D 2A 
24 6B 2F 31 
59 6A 6A 32 
[[71, 70, 25, 22], [5A, 2C, 5D, 2A], [24, 6B, 2F, 31], [59, 6A, 6A, 32]]
qZ$Yp,kj%]/j"*12
Answer from Hex Matrix: 
[[71, 70, 25, 22], [5A, 2C, 5D, 2A], [24, 6B, 2F, 31], [59, 6A, 6A, 32]]

58 39 29 62 
66 58 28 26 
53 32 57 52 
3E 70 76 22 
[[58, 39, 29, 62], [66, 58, 28, 26], [53, 32, 57, 52], [3E, 70, 76, 22]]
XfS>9X2p)(Wvb&R"
Answer from Hex Matrix: 
[[58, 39, 29, 62], [66, 58, 28, 26], [53, 32, 57, 52], [3E, 70, 76, 22]]

75 79 7A 6C 
5D 4C 3F 7A 
21 32 38 61 
6E 7C 2E 6D 
[[75, 79, 7A, 6C], [5D, 4C, 3F, 7A], [21, 32, 38, 61], [6E, 7C, 2E, 6D]]
u]!nyL2|z?8.lzam
Answer from Hex Matrix: 
[[75, 79, 7A, 6C], [5D, 4C, 3F, 7A], [21, 32, 38, 61], [6E, 7C, 2E, 6D]]

5E 2D 2D 49 
48 2B 38 42 
51 4F 26 51 
57 4D 7C 73 
[[5E, 2D, 2D, 49], [48, 2B, 38, 42], [51, 4F, 26, 51], [57, 4D, 7C, 73]]
^HQW-+OM-8&|IBQs
Answer from Hex Matrix: 
[[5E, 2D, 2D, 49], [48, 2B, 38, 42], [51, 4F, 26, 51], [57, 4D, 7C, 73]]

67 56 4C 3B 
5B 5E 74 77 
44 7D 32 6D 
54 62 4D 35 
[[67, 56, 4C, 3B], [5B, 5E, 74, 77], [44, 7D, 32, 6D], [54, 62, 4D, 35]]
g[DTV^}bLt2M;wm5
Answer from Hex Matrix: 
[[67, 56, 4C, 3B], [5B, 5E, 74, 77], [44, 7D, 32, 6D], [54, 62, 4D, 35]]

3C 6E 26 5A 
54 6B 43 55 
49 73 42 24 
6B 24 62 27 
[[3C, 6E, 26, 5A], [54, 6B, 43, 55], [49, 73, 42, 24], [6B, 24, 62, 27]]
<TIknks$&CBbZU$'
Answer from Hex Matrix: 
[[3C, 6E, 26, 5A], [54, 6B, 43, 55], [49, 73, 42, 24], [6B, 24, 62, 27]]

7C 62 5C 34 
6F 7C 22 39 
7D 74 77 55 
3B 54 38 29 
[[7C, 62, 5C, 34], [6F, 7C, 22, 39], [7D, 74, 77, 55], [3B, 54, 38, 29]]
|o};b|tT\"w849U)
Answer from Hex Matrix: 
[[7C, 62, 5C, 34], [6F, 7C, 22, 39], [7D, 74, 77, 55], [3B, 54, 38, 29]]

48 66 25 27 
5A 6D 4D 79 
70 32 4A 79 
2F 74 72 33 
[[48, 66, 25, 27], [5A, 6D, 4D, 79], [70, 32, 4A, 79], [2F, 74, 72, 33]]
HZp/fm2t%MJr'yy3
Answer from Hex Matrix: 
[[48, 66, 25, 27], [5A, 6D, 4D, 79], [70, 32, 4A, 79], [2F, 74, 72, 33]]

61 62 3B 42 
4E 6D 53 55 
4B 25 4D 7C 
53 33 6D 64 
[[61, 62, 3B, 42], [4E, 6D, 53, 55], [4B, 25, 4D, 7C], [53, 33, 6D, 64]]
aNKSbm%3;SMmBU|d
Answer from Hex Matrix: 
[[61, 62, 3B, 42], [4E, 6D, 53, 55], [4B, 25, 4D, 7C], [53, 33, 6D, 64]]

4D 36 37 65 
69 31 57 37 
4F 27 37 3C 
75 51 2E 25 
[[4D, 36, 37, 65], [69, 31, 57, 37], [4F, 27, 37, 3C], [75, 51, 2E, 25]]
MiOu61'Q7W7.e7<%
Answer from Hex Matrix: 
[[4D, 36, 37, 65], [69, 31, 57, 37], [4F, 27, 37, 3C], [75, 51, 2E, 25]]

23 2F 38 3E 
64 26 51 2A 
70 45 5B 43 
64 22 69 73 
[[23, 2F, 38, 3E], [64, 26, 51, 2A], [70, 45, 5B, 43], [64, 22, 69, 73]]
#dpd/&E"8Q[i>*Cs
Answer from Hex Matrix: 
[[23, 2F, 38, 3E], [64, 26, 51, 2A], [70, 45, 5B, 43], [64, 22, 69, 73]]

48 44 32 77 
34 3E 32 42 
6B 23 62 56 
49 28 57 36 
[[48, 44, 32, 77], [34, 3E, 32, 42], [6B, 23, 62, 56], [49, 28, 57, 36]]
H4kID>#(22bWwBV6
Answer from Hex Matrix: 
[[48, 44, 32, 77], [34, 3E, 32, 42], [6B, 23, 62, 56], [49, 28, 57, 36]]

43 34 4E 6B 
41 5F 30 53 
68 74 46 79 
37 3C 3D 66 
[[43, 34, 4E, 6B], [41, 5F, 30, 53], [68, 74, 46, 79], [37, 3C, 3D, 66]]
CAh74_t<N0F=kSyf
Answer from Hex Matrix: 
[[43, 34, 4E, 6B], [41, 5F, 30, 53], [68, 74, 46, 79], [37, 3C, 3D, 66]]

29 28 23 3A 
2D 2E 5B 2B 
3D 50 34 3C 
36 55 6F 5B 
[[29, 28, 23, 3A], [2D, 2E, 5B, 2B], [3D, 50, 34, 3C], [36, 55, 6F, 5B]]
)-=6(.PU#[4o:+<[
Answer from Hex Matrix: 
[[29, 28, 23, 3A], [2D, 2E, 5B, 2B], [3D, 50, 34, 3C], [36, 55, 6F, 5B]]

5C 51 66 2B 
41 48 33 5C 
66 26 48 43 
77 62 60 5A 
[[5C, 51, 66, 2B], [41, 48, 33, 5C], [66, 26, 48, 43], [77, 62, 60, 5A]]
\AfwQH&bf3H`+\CZ
Answer from Hex Matrix: 
[[5C, 51, 66, 2B], [41, 48, 33, 5C], [66, 26, 48, 43], [77, 62, 60, 5A]]

2A 6B 37 21 
69 3F 2C 55 
4D 75 44 79 
26 5E 65 31 
[[2A, 6B, 37, 21], [69, 3F, 2C, 55], [4D, 75, 44, 79], [26, 5E, 65, 31]]
*iM&k?u^7,De!Uy1
Answer from Hex Matrix: 
[[2A, 6B, 37, 21], [69, 3F, 2C, 55], [4D, 75, 44, 79], [26, 5E, 65, 31]]

48 6E 41 3E 
51 49 3B 2B 
77 4F 75 5A 
6D 71 3D 33 
[[48, 6E, 41, 3E], [51, 49, 3B, 2B], [77, 4F, 75, 5A], [6D, 71, 3D, 33]]
HQwmnIOqA;u=>+Z3
Answer from Hex Matrix: 
[[48, 6E, 41, 3E], [51, 49, 3B, 2B], [77, 4F, 75, 5A], [6D, 71, 3D, 33]]

4E 29 2C 5D 
32 41 7C 5D 
40 62 6B 6A 
3E 79 5C 3D 
[[4E, 29, 2C, 5D], [32, 41, 7C, 5D], [40, 62, 6B, 6A], [3E, 79, 5C, 3D]]
N2@>)Aby,|k\]]j=
Answer from Hex Matrix: 
[[4E, 29, 2C, 5D], [32, 41, 7C, 5D], [40, 62, 6B, 6A], [3E, 79, 5C, 3D]]

65 3B 6E 53 
34 38 35 60 
4D 23 67 40 
2E 61 55 66 
[[65, 3B, 6E, 53], [34, 38, 35, 60], [4D, 23, 67, 40], [2E, 61, 55, 66]]
e4M.;8#an5gUS`@f
Answer from Hex Matrix: 
[[65, 3B, 6E, 53], [34, 38, 35, 60], [4D, 23, 67, 40], [2E, 61, 55, 66]]

43 4C 33 54 
78 39 38 59 
6F 6F 5F 2F 
4E 45 55 30 
[[43, 4C, 33, 54], [78, 39, 38, 59], [6F, 6F, 5F, 2F], [4E, 45, 55, 30]]
CxoNL9oE38_UTY/0
Answer from Hex Matrix: 
[[43, 4C, 33, 54], [78, 39, 38, 59], [6F, 6F, 5F, 2F], [4E, 45, 55, 30]]

5A 6F 54 46 
28 5C 2E 62 
39 2A 4F 4A 
65 3A 62 2F 
[[5A, 6F, 54, 46], [28, 5C, 2E, 62], [39, 2A, 4F, 4A], [65, 3A, 62, 2F]]
Z(9eo\*:T.ObFbJ/
Answer from Hex Matrix: 
[[5A, 6F, 54, 46], [28, 5C, 2E, 62], [39, 2A, 4F, 4A], [65, 3A, 62, 2F]]

6E 67 61 3F 
66 48 7A 45 
60 2E 2B 43 
4C 7D 6E 44 
[[6E, 67, 61, 3F], [66, 48, 7A, 45], [60, 2E, 2B, 43], [4C, 7D, 6E, 44]]
nf`LgH.}az+n?ECD
Answer from Hex Matrix: 
[[6E, 67, 61, 3F], [66, 48, 7A, 45], [60, 2E, 2B, 43], [4C, 7D, 6E, 44]]

30 5E 37 2E 
3A 67 66 49 
32 22 34 48 
62 6E 71 6D 
[[30, 5E, 37, 2E], [3A, 67, 66, 49], [32, 22, 34, 48], [62, 6E, 71, 6D]]
0:2b^g"n7f4q.IHm
Answer from Hex Matrix: 
[[30, 5E, 37, 2E], [3A, 67, 66, 49], [32, 22, 34, 48], [62, 6E, 71, 6D]]

32 28 69 28 
50 6E 3C 22 
46 36 25 58 
33 30 78 24 
[[32, 28, 69, 28], [50, 6E, 3C, 22], [46, 36, 25, 58], [33, 30, 78, 24]]
2PF3(n60i<%x("X$
Answer from Hex Matrix: 
[[32, 28, 69, 28], [50, 6E, 3C, 22], [46, 36, 25, 58], [33, 30, 78, 24]]

5F 38 64 67 
3B 55 79 2A 
47 6D 52 4F 
67 77 4D 75 
[[5F, 38, 64, 67], [3B, 55, 79, 2A], [47, 6D, 52, 4F], [67, 77, 4D, 75]]
_;Gg8UmwdyRMg*Ou
Answer from Hex Matrix: 
[[5F, 38, 64, 67], [3B, 55, 79, 2A], [47, 6D, 52, 4F], [67, 77, 4D, 75]]

71 55 45 29 
73 4E 5A 69 
57 68 37 68 
5E 5D 48 67 
[[71, 55, 45, 29], [73, 4E, 5A, 69], [57, 68, 37, 68], [5E, 5D, 48, 67]]
qsW^UNh]EZ7H)ihg
Answer from Hex Matrix: 
[[71, 55, 45, 29], [73, 4E, 5A, 69], [57, 68, 37, 68], [5E, 5D, 48, 67]]

73 71 44 59 
38 55 6D 22 
34 43 2A 7D 
27 6A 39 39 
[[73, 71, 44, 59], [38, 55, 6D, 22], [34, 43, 2A, 7D], [27, 6A, 39, 39]]
s84'qUCjDm*9Y"}9
Answer from Hex Matrix: 
[[73, 71, 44, 59], [38, 55, 6D, 22], [34, 43, 2A, 7D], [27, 6A, 39, 39]]

75 2D 21 68 
4F 76 54 45 
3A 2D 21 24 
63 77 59 77 
[[75, 2D, 21, 68], [4F, 76, 54, 45], [3A, 2D, 21, 24], [63, 77, 59, 77]]
uO:c-v-w!T!YhE$w
Answer from Hex Matrix: 
[[75, 2D, 21, 68], [4F, 76, 54, 45], [3A, 2D, 21, 24], [63, 77, 59, 77]]

52 5C 68 3A 
59 72 6A 75 
42 42 3E 5B 
53 79 7B 7B 
[[52, 5C, 68, 3A], [59, 72, 6A, 75], [42, 42, 3E, 5B], [53, 79, 7B, 7B]]
RYBS\rByhj>{:u[{
Answer from Hex Matrix: 
[[52, 5C, 68, 3A], [59, 72, 6A, 75], [42, 42, 3E, 5B], [53, 79, 7B, 7B]]

5D 4C 56 73 
4D 61 2A 46 
78 56 61 45 
4A 38 77 3E 
[[5D, 4C, 56, 73], [4D, 61, 2A, 46], [78, 56, 61, 45], [4A, 38, 77, 3E]]
]MxJLaV8V*awsFE>
Answer from Hex Matrix: 
[[5D, 4C, 56, 73], [4D, 61, 2A, 46], [78, 56, 61, 45], [4A, 38, 77, 3E]]

25 76 64 43 
42 5B 5F 6D 
60 72 39 6B 
21 31 49 59 
[[25, 76, 64, 43], [42, 5B, 5F, 6D], [60, 72, 39, 6B], [21, 31, 49, 59]]
%B`!v[r1d_9ICmkY
Answer from Hex Matrix: 
[[25, 76, 64, 43], [42, 5B, 5F, 6D], [60, 72, 39, 6B], [21, 31, 49, 59]]

5C 38 24 56 
35 75 32 3B 
21 58 5D 72 
5E 53 60 37 
[[5C, 38, 24, 56], [35, 75, 32, 3B], [21, 58, 5D, 72], [5E, 53, 60, 37]]
\5!^8uXS$2]`V;r7
Answer from Hex Matrix: 
[[5C, 38, 24, 56], [35, 75, 32, 3B], [21, 58, 5D, 72], [5E, 53, 60, 37]]

22 58 22 2A 
6F 5D 4B 7B 
3B 39 28 2F 
22 64 51 25 
[[22, 58, 22, 2A], [6F, 5D, 4B, 7B], [3B, 39, 28, 2F], [22, 64, 51, 25]]
"o;"X]9d"K(Q*{/%
Answer from Hex Matrix: 
[[22, 58, 22, 2A], [6F, 5D, 4B, 7B], [3B, 39, 28, 2F], [22, 64, 51, 25]]

30 22 3B 33 
3E 50 6B 43 
2A 79 66 58 
77 71 3E 2E 
[[30, 22, 3B, 33], [3E, 50, 6B, 43], [2A, 79, 66, 58], [77, 71, 3E, 2E]]
0>*w"Pyq;kf>3CX.
Answer from Hex Matrix: 
[[30, 22, 3B, 33], [3E, 50, 6B, 43], [2A, 79, 66, 58], [77, 71, 3E, 2E]]

50 37 2E 25 
35 72 50 53 
71 2B 78 76 
45 47 71 5E 
[[50, 37, 2E, 25], [35, 72, 50, 53], [71, 2B, 78, 76], [45, 47, 71, 5E]]
P5qE7r+G.Pxq%Sv^
Answer from Hex Matrix: 
[[50, 37, 2E, 25], [35, 72, 50, 53], [71, 2B, 78, 76], [45, 47, 71, 5E]]

39 6E 79 47 
41 70 66 45 
46 59 44 64 
52 74 28 3B 
[[39, 6E, 79, 47], [41, 70, 66, 45], [46, 59, 44, 64], [52, 74, 28, 3B]]
9AFRnpYtyfD(GEd;
Answer from Hex Matrix: 
[[39, 6E, 79, 47], [41, 70, 66, 45], [46, 59, 44, 64], [52, 74, 28, 3B]]

2D 68 55 76 
54 78 28 75 
52 6C 2B 5B 
4B 28 6F 6B 
[[2D, 68, 55, 76], [54, 78, 28, 75], [52, 6C, 2B, 5B], [4B, 28, 6F, 6B]]
-TRKhxl(U(+ovu[k
Answer from Hex Matrix: 
[[2D, 68, 55, 76], [54, 78, 28, 75], [52, 6C, 2B, 5B], [4B, 28, 6F, 6B]]

60 70 59 21 
54 44 22 44 
2D 4C 26 52 
24 24 44 42 
[[60, 70, 59, 21], [54, 44, 22, 44], [2D, 4C, 26, 52], [24, 24, 44, 42]]
`T-$pDL$Y"&D!DRB
Answer from Hex Matrix: 
[[60, 70, 59, 21], [54, 44, 22, 44], [2D, 4C, 26, 52], [24, 24, 44, 42]]

54 47 6D 39 
45 2E 3C 72 
4B 66 44 2D 
26 22 45 5E 
[[54, 47, 6D, 39], [45, 2E, 3C, 72], [4B, 66, 44, 2D], [26, 22, 45, 5E]]
TEK&G.f"m<DE9r-^
Answer from Hex Matrix: 
[[54, 47, 6D, 39], [45, 2E, 3C, 72], [4B, 66, 44, 2D], [26, 22, 45, 5E]]

72 6A 73 7D 
5B 28 38 45 
72 66 31 25 
5C 5A 63 66 
[[72, 6A, 73, 7D], [5B, 28, 38, 45], [72, 66, 31, 25], [5C, 5A, 63, 66]]
r[r\j(fZs81c}E%f
Answer from Hex Matrix: 
[[72, 6A, 73, 7D], [5B, 28, 38, 45], [72, 66, 31, 25], [5C, 5A, 63, 66]]

7C 54 69 4A 
52 43 27 33 
46 45 21 3E 
62 2D 7B 6F 
[[7C, 54, 69, 4A], [52, 43, 27, 33], [46, 45, 21, 3E], [62, 2D, 7B, 6F]]
|RFbTCE-i'!{J3>o
Answer from Hex Matrix: 
[[7C, 54, 69, 4A], [52, 43, 27, 33], [46, 45, 21, 3E], [62, 2D, 7B, 6F]]

4A 21 24 44 
56 43 43 6A 
76 21 26 30 
23 3D 25 68 
[[4A, 21, 24, 44], [56, 43, 43, 6A], [76, 21, 26, 30], [23, 3D, 25, 68]]
JVv#!C!=$C&%Dj0h
Answer from Hex Matrix: 
[[4A, 21, 24, 44], [56, 43, 43, 6A], [76, 21, 26, 30], [23, 3D, 25, 68]]

3D 6C 66 3D 
3F 2E 4D 50 
2E 5F 57 59 
70 41 23 59 
[[3D, 6C, 66, 3D], [3F, 2E, 4D, 50], [2E, 5F, 57, 59], [70, 41, 23, 59]]
=?.pl._AfMW#=PYY
Answer from Hex Matrix: 
[[3D, 6C, 66, 3D], [3F, 2E, 4D, 50], [2E, 5F, 57, 59], [70, 41, 23, 59]]

75 47 55 37 
4A 7C 54 67 
68 42 65 7D 
73 3D 2D 60 
[[75, 47, 55, 37], [4A, 7C, 54, 67], [68, 42, 65, 7D], [73, 3D, 2D, 60]]
uJhsG|B=UTe-7g}`
Answer from Hex Matrix: 
[[75, 47, 55, 37], [4A, 7C, 54, 67], [68, 42, 65, 7D], [73, 3D, 2D, 60]]

5A 6F 48 50 
55 43 49 7D 
59 3C 2E 5B 
27 67 26 2E 
[[5A, 6F, 48, 50], [55, 43, 49, 7D], [59, 3C, 2E, 5B], [27, 67, 26, 2E]]
ZUY'oC<gHI.&P}[.
Answer from Hex Matrix: 
[[5A, 6F, 48, 50], [55, 43, 49, 7D], [59, 3C, 2E, 5B], [27, 67, 26, 2E]]

22 53 6D 5C 
55 39 40 5E 
64 38 2E 57 
23 4E 7D 26 
[[22, 53, 6D, 5C], [55, 39, 40, 5E], [64, 38, 2E, 57], [23, 4E, 7D, 26]]
"Ud#S98Nm@.}\^W&
Answer from Hex Matrix: 
[[22, 53, 6D, 5C], [55, 39, 40, 5E], [64, 38, 2E, 57], [23, 4E, 7D, 26]]

48 77 32 72 
43 2B 21 5E 
6C 2E 24 31 
30 4B 2A 52 
[[48, 77, 32, 72], [43, 2B, 21, 5E], [6C, 2E, 24, 31], [30, 4B, 2A, 52]]
HCl0w+.K2!$*r^1R
Answer from Hex Matrix: 
[[48, 77, 32, 72], [43, 2B, 21, 5E], [6C, 2E, 24, 31], [30, 4B, 2A, 52]]

56 30 3D 39 
36 4A 4A 6E 
57 37 2F 58 
47 24 59 23 
[[56, 30, 3D, 39], [36, 4A, 4A, 6E], [57, 37, 2F, 58], [47, 24, 59, 23]]
V6WG0J7$=J/Y9nX#
Answer from Hex Matrix: 
[[56, 30, 3D, 39], [36, 4A, 4A, 6E], [57, 37, 2F, 58], [47, 24, 59, 23]]

24 2E 39 23 
29 70 36 6A 
39 3E 49 55 
57 5A 27 3F 
[[24, 2E, 39, 23], [29, 70, 36, 6A], [39, 3E, 49, 55], [57, 5A, 27, 3F]]
$)9W.p>Z96I'#jU?
Answer from Hex Matrix: 
[[24, 2E, 39, 23], [29, 70, 36, 6A], [39, 3E, 49, 55], [57, 5A, 27, 3F]]

76 2F 6A 59 
3C 48 72 65 
54 60 54 77 
73 4B 6C 6B 
[[76, 2F, 6A, 59], [3C, 48, 72, 65], [54, 60, 54, 77], [73, 4B, 6C, 6B]]
v<Ts/H`KjrTlYewk
Answer from Hex Matrix: 
[[76, 2F, 6A, 59], [3C, 48, 72, 65], [54, 60, 54, 77], [73, 4B, 6C, 6B]]

2B 69 48 4F 
49 34 24 50 
35 5F 28 31 
6D 28 2B 6C 
[[2B, 69, 48, 4F], [49, 34, 24, 50], [35, 5F, 28, 31], [6D, 28, 2B, 6C]]
+I5mi4_(H$(+OP1l
Answer from Hex Matrix: 
[[2B, 69, 48, 4F], [49, 34, 24, 50], [35, 5F, 28, 31], [6D, 28, 2B, 6C]]

28 5A 61 34 
55 63 53 44 
2F 50 7A 26 
49 40 49 5E 
[[28, 5A, 61, 34], [55, 63, 53, 44], [2F, 50, 7A, 26], [49, 40, 49, 5E]]
(U/IZcP@aSzI4D&^
Answer from Hex Matrix: 
[[28, 5A, 61, 34], [55, 63, 53, 44], [2F, 50, 7A, 26], [49, 40, 49, 5E]]

34 51 36 59 
31 3B 78 3A 
50 3A 59 78 
34 72 6D 3A 
[[34, 51, 36, 59], [31, 3B, 78, 3A], [50, 3A, 59, 78], [34, 72, 6D, 3A]]
41P4Q;:r6xYmY:x:
Answer from Hex Matrix: 
[[34, 51, 36, 59], [31, 3B, 78, 3A], [50, 3A, 59, 78], [34, 72, 6D, 3A]]

41 4B 3E 58 
77 49 71 63 
72 72 24 23 
5E 45 51 4B 
[[41, 4B, 3E, 58], [77, 49, 71, 63], [72, 72, 24, 23], [5E, 45, 51, 4B]]
Awr^KIrE>q$QXc#K
Answer from Hex Matrix: 
[[41, 4B, 3E, 58], [77, 49, 71, 63], [72, 72, 24, 23], [5E, 45, 51, 4B]]

6B 6C 68 59 
3C 78 43 67 
7D 4C 5B 31 
79 57 43 39 
[[6B, 6C, 68, 59], [3C, 78, 43, 67], [7D, 4C, 5B, 31], [79, 57, 43, 39]]
k<}ylxLWhC[CYg19
Answer from Hex Matrix: 
[[6B, 6C, 68, 59], [3C, 78, 43, 67], [7D, 4C, 5B, 31], [79, 57, 43, 39]]

6A 50 47 2D 
42 39 2A 38 
67 79 66 65 
35 65 47 7A 
[[6A, 50, 47, 2D], [42, 39, 2A, 38], [67, 79, 66, 65], [35, 65, 47, 7A]]
jBg5P9yeG*fG-8ez
Answer from Hex Matrix: 
[[6A, 50, 47, 2D], [42, 39, 2A, 38], [67, 79, 66, 65], [35, 65, 47, 7A]]

2B 5F 4B 73 
2A 38 65 4B 
34 27 53 5C 
4B 2C 52 6D 
[[2B, 5F, 4B, 73], [2A, 38, 65, 4B], [34, 27, 53, 5C], [4B, 2C, 52, 6D]]
+*4K_8',KeSRsK\m
Answer from Hex Matrix: 
[[2B, 5F, 4B, 73], [2A, 38, 65, 4B], [34, 27, 53, 5C], [4B, 2C, 52, 6D]]

3C 7A 3C 6B 
48 28 34 61 
46 38 29 74 
50 2E 60 32 
[[3C, 7A, 3C, 6B], [48, 28, 34, 61], [46, 38, 29, 74], [50, 2E, 60, 32]]
<HFPz(8.<4)`kat2
Answer from Hex Matrix: 
[[3C, 7A, 3C, 6B], [48, 28, 34, 61], [46, 38, 29, 74], [50, 2E, 60, 32]]

26 31 71 2B 
73 7D 2C 65 
59 61 57 34 
48 2E 28 3E 
[[26, 31, 71, 2B], [73, 7D, 2C, 65], [59, 61, 57, 34], [48, 2E, 28, 3E]]
&sYH1}a.q,W(+e4>
Answer from Hex Matrix: 
[[26, 31, 71, 2B], [73, 7D, 2C, 65], [59, 61, 57, 34], [48, 2E, 28, 3E]]

7D 3A 4E 28 
28 5D 47 67 
6E 2F 3C 3D 
68 3A 68 3C 
[[7D, 3A, 4E, 28], [28, 5D, 47, 67], [6E, 2F, 3C, 3D], [68, 3A, 68, 3C]]
}(nh:]/:NG<h(g=<
Answer from Hex Matrix: 
[[7D, 3A, 4E, 28], [28, 5D, 47, 67], [6E, 2F, 3C, 3D], [68, 3A, 68, 3C]]

50 47 27 6C 
4D 27 53 57 
5C 4D 5E 39 
72 45 6C 4D 
[[50, 47, 27, 6C], [4D, 27, 53, 57], [5C, 4D, 5E, 39], [72, 45, 6C, 4D]]
PM\rG'ME'S^llW9M
Answer from Hex Matrix: 
[[50, 47, 27, 6C], [4D, 27, 53, 57], [5C, 4D, 5E, 39], [72, 45, 6C, 4D]]

31 2E 36 45 
5F 77 32 25 
63 6F 61 3A 
75 2F 7A 3D 
[[31, 2E, 36, 45], [5F, 77, 32, 25], [63, 6F, 61, 3A], [75, 2F, 7A, 3D]]
1_cu.wo/62azE%:=
Answer from Hex Matrix: 
[[31, 2E, 36, 45], [5F, 77, 32, 25], [63, 6F, 61, 3A], [75, 2F, 7A, 3D]]

59 3C 6A 78 
4E 6C 72 6F 
3B 48 4C 4E 
56 63 22 7A 
[[59, 3C, 6A, 78], [4E, 6C, 72, 6F], [3B, 48, 4C, 4E], [56, 63, 22, 7A]]
YN;V<lHcjrL"xoNz
Answer from Hex Matrix: 
[[59, 3C, 6A, 78], [4E, 6C, 72, 6F], [3B, 48, 4C, 4E], [56, 63, 22, 7A]]

79 2B 5E 31 
55 3C 5A 49 
3C 53 6A 6C 
31 73 40 4D 
[[79, 2B, 5E, 31], [55, 3C, 5A, 49], [3C, 53, 6A, 6C], [31, 73, 40, 4D]]
yU<1+<Ss^Zj@1IlM
Answer from Hex Matrix: 
[[79, 2B, 5E, 31], [55, 3C, 5A, 49], [3C, 53, 6A, 6C], [31, 73, 40, 4D]]

4B 39 74 79 
72 4D 35 2C 
4F 71 32 5C 
7C 43 48 27 
[[4B, 39, 74, 79], [72, 4D, 35, 2C], [4F, 71, 32, 5C], [7C, 43, 48, 27]]
KrO|9MqCt52Hy,\'
Answer from Hex Matrix: 
[[4B, 39, 74, 79], [72, 4D, 35, 2C], [4F, 71, 32, 5C], [7C, 43, 48, 27]]

4E 70 73 42 
2E 3F 2B 2F 
52 7C 6C 73 
75 26 39 68 
[[4E, 70, 73, 42], [2E, 3F, 2B, 2F], [52, 7C, 6C, 73], [75, 26, 39, 68]]
N.Rup?|&s+l9B/sh
Answer from Hex Matrix: 
[[4E, 70, 73, 42], [2E, 3F, 2B, 2F], [52, 7C, 6C, 73], [75, 26, 39, 68]]

7B 5C 60 7A 
56 46 4A 53 
74 4D 6F 50 
64 36 42 45 
[[7B, 5C, 60, 7A], [56, 46, 4A, 53], [74, 4D, 6F, 50], [64, 36, 42, 45]]
{Vtd\FM6`JoBzSPE
Answer from Hex Matrix: 
[[7B, 5C, 60, 7A], [56, 46, 4A, 53], [74, 4D, 6F, 50], [64, 36, 42, 45]]

67 51 64 53 
56 2F 4B 79 
29 44 3B 6E 
74 74 75 23 
[[67, 51, 64, 53], [56, 2F, 4B, 79], [29, 44, 3B, 6E], [74, 74, 75, 23]]
gV)tQ/DtdK;uSyn#
Answer from Hex Matrix: 
[[67, 51, 64, 53], [56, 2F, 4B, 79], [29, 44, 3B, 6E], [74, 74, 75, 23]]

5F 57 7A 48 
74 35 29 42 
5C 36 37 5E 
4E 53 2C 77 
[[5F, 57, 7A, 48], [74, 35, 29, 42], [5C, 36, 37, 5E], [4E, 53, 2C, 77]]
_t\NW56Sz)7,HB^w
Answer from Hex Matrix: 
[[5F, 57, 7A, 48], [74, 35, 29, 42], [5C, 36, 37, 5E], [4E, 53, 2C, 77]]

4F 53 5A 5E 
3D 7A 25 48 
30 2B 36 47 
32 38 2C 61 
[[4F, 53, 5A, 5E], [3D, 7A, 25, 48], [30, 2B, 36, 47], [32, 38, 2C, 61]]
O=02Sz+8Z%6,^HGa
Answer from Hex Matrix: 
[[4F, 53, 5A, 5E], [3D, 7A, 25, 48], [30, 2B, 36, 47], [32, 38, 2C, 61]]

49 57 7B 4F 
21 63 52 59 
46 40 3B 65 
3D 30 3D 57 
[[49, 57, 7B, 4F], [21, 63, 52, 59], [46, 40, 3B, 65], [3D, 30, 3D, 57]]
I!F=Wc@0{R;=OYeW
Answer from Hex Matrix: 
[[49, 57, 7B, 4F], [21, 63, 52, 59], [46, 40, 3B, 65], [3D, 30, 3D, 57]]

32 5F 3F 45 
40 51 45 5D 
29 5A 2A 5E 
2F 76 4A 7C 
[[32, 5F, 3F, 45], [40, 51, 45, 5D], [29, 5A, 2A, 5E], [2F, 76, 4A, 7C]]
2@)/_QZv?E*JE]^|
Answer from Hex Matrix: 
[[32, 5F, 3F, 45], [40, 51, 45, 5D], [29, 5A, 2A, 5E], [2F, 76, 4A, 7C]]

74 51 6A 3D 
62 3D 56 45 
49 6B 67 40 
21 43 24 7B 
[[74, 51, 6A, 3D], [62, 3D, 56, 45], [49, 6B, 67, 40], [21, 43, 24, 7B]]
tbI!Q=kCjVg$=E@{
Answer from Hex Matrix: 
[[74, 51, 6A, 3D], [62, 3D, 56, 45], [49, 6B, 67, 40], [21, 43, 24, 7B]]

70 32 59 31 
59 5C 3F 4D 
4A 32 23 21 
78 6C 70 21 
[[70, 32, 59, 31], [59, 5C, 3F, 4D], [4A, 32, 23, 21], [78, 6C, 70, 21]]
pYJx2\2lY?#p1M!!
Answer from Hex Matrix: 
[[70, 32, 59, 31], [59, 5C, 3F, 4D], [4A, 32, 23, 21], [78, 6C, 70, 21]]

78 22 43 47 
3E 6F 7D 24 
71 6A 76 58 
7A 73 52 6D 
[[78, 22, 43, 47], [3E, 6F, 7D, 24], [71, 6A, 76, 58], [7A, 73, 52, 6D]]
x>qz"ojsC}vRG$Xm
Answer from Hex Matrix: 
[[78, 22, 43, 47], [3E, 6F, 7D, 24], [71, 6A, 76, 58], [7A, 73, 52, 6D]]

66 41 76 43 
24 4D 22 2F 
65 22 21 4F 
6C 64 53 38 
[[66, 41, 76, 43], [24, 4D, 22, 2F], [65, 22, 21, 4F], [6C, 64, 53, 38]]
f$elAM"dv"!SC/O8
Answer from Hex Matrix: 
[[66, 41, 76, 43], [24, 4D, 22, 2F], [65, 22, 21, 4F], [6C, 64, 53, 38]]

57 3B 50 5E 
5B 26 33 38 
3F 6D 37 74 
47 65 54 39 
[[57, 3B, 50, 5E], [5B, 26, 33, 38], [3F, 6D, 37, 74], [47, 65, 54, 39]]
W[?G;&meP37T^8t9
Answer from Hex Matrix: 
[[57, 3B, 50, 5E], [5B, 26, 33, 38], [3F, 6D, 37, 74], [47, 65, 54, 39]]

45 71 65 49 
6C 2D 64 62 
48 5B 2C 50 
26 58 41 34 
[[45, 71, 65, 49], [6C, 2D, 64, 62], [48, 5B, 2C, 50], [26, 58, 41, 34]]
ElH&q-[Xed,AIbP4
Answer from Hex Matrix: 
[[45, 71, 65, 49], [6C, 2D, 64, 62], [48, 5B, 2C, 50], [26, 58, 41, 34]]

73 71 65 5B 
2F 25 2A 2C 
29 79 31 3C 
50 25 7C 2D 
[[73, 71, 65, 5B], [2F, 25, 2A, 2C], [29, 79, 31, 3C], [50, 25, 7C, 2D]]
s/)Pq%y%e*1|[,<-
Answer from Hex Matrix: 
[[73, 71, 65, 5B], [2F, 25, 2A, 2C], [29, 79, 31, 3C], [50, 25, 7C, 2D]]

5B 2F 60 44 
4F 62 54 52 
59 79 32 78 
5E 2E 65 70 
[[5B, 2F, 60, 44], [4F, 62, 54, 52], [59, 79, 32, 78], [5E, 2E, 65, 70]]
[OY^/by.`T2eDRxp
Answer from Hex Matrix: 
[[5B, 2F, 60, 44], [4F, 62, 54, 52], [59, 79, 32, 78], [5E, 2E, 65, 70]]

6B 67 26 6C 
4B 26 6B 59 
63 5D 43 79 
55 75 59 62 
[[6B, 67, 26, 6C], [4B, 26, 6B, 59], [63, 5D, 43, 79], [55, 75, 59, 62]]
kKcUg&]u&kCYlYyb
Answer from Hex Matrix: 
[[6B, 67, 26, 6C], [4B, 26, 6B, 59], [63, 5D, 43, 79], [55, 75, 59, 62]]

3A 27 41 63 
5C 66 67 63 
4C 31 7C 34 
6F 5A 62 5B 
[[3A, 27, 41, 63], [5C, 66, 67, 63], [4C, 31, 7C, 34], [6F, 5A, 62, 5B]]
:\Lo'f1ZAg|bcc4[
Answer from Hex Matrix: 
[[3A, 27, 41, 63], [5C, 66, 67, 63], [4C, 31, 7C, 34], [6F, 5A, 62, 5B]]

5F 5F 76 5A 
45 52 6D 6B 
27 2C 45 6E 
5F 35 28 79 
[[5F, 5F, 76, 5A], [45, 52, 6D, 6B], [27, 2C, 45, 6E], [5F, 35, 28, 79]]
_E'__R,5vmE(Zkny
Answer from Hex Matrix: 
[[5F, 5F, 76, 5A], [45, 52, 6D, 6B], [27, 2C, 45, 6E], [5F, 35, 28, 79]]

62 74 24 2D 
72 57 3B 47 
51 3D 5B 6A 
65 65 74 45 
[[62, 74, 24, 2D], [72, 57, 3B, 47], [51, 3D, 5B, 6A], [65, 65, 74, 45]]
brQetW=e$;[t-GjE
Answer from Hex Matrix: 
[[62, 74, 24, 2D], [72, 57, 3B, 47], [51, 3D, 5B, 6A], [65, 65, 74, 45]]

23 54 32 48 
52 39 46 32 
61 30 22 78 
65 59 22 2C 
[[23, 54, 32, 48], [52, 39, 46, 32], [61, 30, 22, 78], [65, 59, 22, 2C]]
#RaeT90Y2F""H2x,
Answer from Hex Matrix: 
[[23, 54, 32, 48], [52, 39, 46, 32], [61, 30, 22, 78], [65, 59, 22, 2C]]

51 3C 61 68 
32 5D 71 77 
64 57 44 54 
5B 27 64 25 
[[51, 3C, 61, 68], [32, 5D, 71, 77], [64, 57, 44, 54], [5B, 27, 64, 25]]
Q2d[<]W'aqDdhwT%
Answer from Hex Matrix: 
[[51, 3C, 61, 68], [32, 5D, 71, 77], [64, 57, 44, 54], [5B, 27, 64, 25]]

67 26 44 38 
29 5F 33 4D 
46 44 7C 35 
45 51 53 6C 
[[67, 26, 44, 38], [29, 5F, 33, 4D], [46, 44, 7C, 35], [45, 51, 53, 6C]]
g)FE&_DQD3|S8M5l
Answer from Hex Matrix: 
[[67, 26, 44, 38], [29, 5F, 33, 4D], [46, 44, 7C, 35], [45, 51, 53, 6C]]

4F 5D 25 28 
4B 31 2D 4C 
4B 3B 4B 52 
4C 25 45 43 
[[4F, 5D, 25, 28], [4B, 31, 2D, 4C], [4B, 3B, 4B, 52], [4C, 25, 45, 43]]
OKKL]1;%%-KE(LRC
Answer from Hex Matrix: 
[[4F, 5D, 25, 28], [4B, 31, 2D, 4C], [4B, 3B, 4B, 52], [4C, 25, 45, 43]]

2B 27 2B 2A 
3B 51 4E 4F 
44 49 3F 46 
26 2A 22 36 
[[2B, 27, 2B, 2A], [3B, 51, 4E, 4F], [44, 49, 3F, 46], [26, 2A, 22, 36]]
+;D&'QI*+N?"*OF6
Answer from Hex Matrix: 
[[2B, 27, 2B, 2A], [3B, 51, 4E, 4F], [44, 49, 3F, 46], [26, 2A, 22, 36]]

45 6E 5F 36 
7D 47 43 5F 
76 6A 2E 27 
6B 74 7C 28 
[[45, 6E, 5F, 36], [7D, 47, 43, 5F], [76, 6A, 2E, 27], [6B, 74, 7C, 28]]
E}vknGjt_C.|6_'(
Answer from Hex Matrix: 
[[45, 6E, 5F, 36], [7D, 47, 43, 5F], [76, 6A, 2E, 27], [6B, 74, 7C, 28]]

53 60 6F 4E 
6B 6C 61 4A 
64 3B 3A 62 
2E 26 47 71 
[[53, 60, 6F, 4E], [6B, 6C, 61, 4A], [64, 3B, 3A, 62], [2E, 26, 47, 71]]
Skd.`l;&oa:GNJbq
Answer from Hex Matrix: 
[[53, 60, 6F, 4E], [6B, 6C, 61, 4A], [64, 3B, 3A, 62], [2E, 26, 47, 71]]

79 2A 71 72 
70 41 47 74 
35 66 67 74 
68 2B 3C 5A 
[[79, 2A, 71, 72], [70, 41, 47, 74], [35, 66, 67, 74], [68, 2B, 3C, 5A]]
yp5h*Af+qGg<rttZ
Answer from Hex Matrix: 
[[79, 2A, 71, 72], [70, 41, 47, 74], [35, 66, 67, 74], [68, 2B, 3C, 5A]]

3F 2E 44 52 
44 34 61 78 
2B 31 3D 78 
43 46 65 33 
[[3F, 2E, 44, 52], [44, 34, 61, 78], [2B, 31, 3D, 78], [43, 46, 65, 33]]
?D+C.41FDa=eRxx3
Answer from Hex Matrix: 
[[3F, 2E, 44, 52], [44, 34, 61, 78], [2B, 31, 3D, 78], [43, 46, 65, 33]]

73 7D 22 38 
5D 52 5B 4B 
6F 73 5C 3D 
79 73 33 3A 
[[73, 7D, 22, 38], [5D, 52, 5B, 4B], [6F, 73, 5C, 3D], [79, 73, 33, 3A]]
s]oy}Rss"[\38K=:
Answer from Hex Matrix: 
[[73, 7D, 22, 38], [5D, 52, 5B, 4B], [6F, 73, 5C, 3D], [79, 73, 33, 3A]]

21 6C 22 34 
65 7C 66 60 
3F 36 76 2F 
6B 59 64 5E 
[[21, 6C, 22, 34], [65, 7C, 66, 60], [3F, 36, 76, 2F], [6B, 59, 64, 5E]]
!e?kl|6Y"fvd4`/^
Answer from Hex Matrix: 
[[21, 6C, 22, 34], [65, 7C, 66, 60], [3F, 36, 76, 2F], [6B, 59, 64, 5E]]

2B 46 3F 26 
76 63 49 3A 
24 4D 75 32 
4B 24 22 24 
[[2B, 46, 3F, 26], [76, 63, 49, 3A], [24, 4D, 75, 32], [4B, 24, 22, 24]]
+v$KFcM$?Iu"&:2$
Answer from Hex Matrix: 
[[2B, 46, 3F, 26], [76, 63, 49, 3A], [24, 4D, 75, 32], [4B, 24, 22, 24]]

63 49 62 7A 
76 5B 54 43 
54 5A 5E 33 
5C 2E 5C 26 
[[63, 49, 62, 7A], [76, 5B, 54, 43], [54, 5A, 5E, 33], [5C, 2E, 5C, 26]]
cvT\I[Z.bT^\zC3&
Answer from Hex Matrix: 
[[63, 49, 62, 7A], [76, 5B, 54, 43], [54, 5A, 5E, 33], [5C, 2E, 5C, 26]]

31 50 4D 22 
37 5E 68 6D 
5B 5D 51 5E 
3E 44 2C 25 
[[31, 50, 4D, 22], [37, 5E, 68, 6D], [5B, 5D, 51, 5E], [3E, 44, 2C, 25]]
17[>P^]DMhQ,"m^%
Answer from Hex Matrix: 
[[31, 50, 4D, 22], [37, 5E, 68, 6D], [5B, 5D, 51, 5E], [3E, 44, 2C, 25]]

72 63 35 40 
3C 28 63 57 
24 69 43 41 
63 2A 69 62 
[[72, 63, 35, 40], [3C, 28, 63, 57], [24, 69, 43, 41], [63, 2A, 69, 62]]
r<$cc(i*5cCi@WAb
Answer from Hex Matrix: 
[[72, 63, 35, 40], [3C, 28, 63, 57], [24, 69, 43, 41], [63, 2A, 69, 62]]

7C 58 26 43 
5D 5E 28 7B 
56 54 41 30 
77 2A 54 63 
[[7C, 58, 26, 43], [5D, 5E, 28, 7B], [56, 54, 41, 30], [77, 2A, 54, 63]]
|]VwX^T*&(ATC{0c
Answer from Hex Matrix: 
[[7C, 58, 26, 43], [5D, 5E, 28, 7B], [56, 54, 41, 30], [77, 2A, 54, 63]]

31 55 5F 27 
44 43 56 24 
69 7D 4C 27 
3A 69 5F 69 
[[31, 55, 5F, 27], [44, 43, 56, 24], [69, 7D, 4C, 27], [3A, 69, 5F, 69]]
1Di:UC}i_VL_'$'i
Answer from Hex Matrix: 
[[31, 55, 5F, 27], [44, 43, 56, 24], [69, 7D, 4C, 27], [3A, 69, 5F, 69]]

22 4B 21 6D 
2A 23 21 69 
3F 2E 29 4B 
3A 2A 59 7B 
[[22, 4B, 21, 6D], [2A, 23, 21, 69], [3F, 2E, 29, 4B], [3A, 2A, 59, 7B]]
"*?:K#.*!!)YmiK{
Answer from Hex Matrix: 
[[22, 4B, 21, 6D], [2A, 23, 21, 69], [3F, 2E, 29, 4B], [3A, 2A, 59, 7B]]

53 43 78 2F 
73 42 72 60 
57 7D 3F 44 
30 27 35 33 
[[53, 43, 78, 2F], [73, 42, 72, 60], [57, 7D, 3F, 44], [30, 27, 35, 33]]
SsW0CB}'xr?5/`D3
Answer from Hex Matrix: 
[[53, 43, 78, 2F], [73, 42, 72, 60], [57, 7D, 3F, 44], [30, 27, 35, 33]]

74 6A 5F 76 
59 35 3A 73 
54 41 3A 43 
62 55 60 24 
[[74, 6A, 5F, 76], [59, 35, 3A, 73], [54, 41, 3A, 43], [62, 55, 60, 24]]
tYTbj5AU_::`vsC$
Answer from Hex Matrix: 
[[74, 6A, 5F, 76], [59, 35, 3A, 73], [54, 41, 3A, 43], [62, 55, 60, 24]]

65 73 2F 42 
40 46 62 4F 
7C 4D 47 79 
6A 2A 5A 78 
[[65, 73, 2F, 42], [40, 46, 62, 4F], [7C, 4D, 47, 79], [6A, 2A, 5A, 78]]
e@|jsFM*/bGZBOyx
Answer from Hex Matrix: 
[[65, 73, 2F, 42], [40, 46, 62, 4F], [7C, 4D, 47, 79], [6A, 2A, 5A, 78]]

66 58 33 6B 
48 33 3D 74 
3F 59 43 64 
6E 5A 26 3C 
[[66, 58, 33, 6B], [48, 33, 3D, 74], [3F, 59, 43, 64], [6E, 5A, 26, 3C]]
fH?nX3YZ3=C&ktd<
Answer from Hex Matrix: 
[[66, 58, 33, 6B], [48, 33, 3D, 74], [3F, 59, 43, 64], [6E, 5A, 26, 3C]]

2E 50 61 6F 
3B 79 3C 31 
7D 6C 40 24 
22 7C 35 49 
[[2E, 50, 61, 6F], [3B, 79, 3C, 31], [7D, 6C, 40, 24], [22, 7C, 35, 49]]
.;}"Pyl|a<@5o1$I
Answer from Hex Matrix: 
[[2E, 50, 61, 6F], [3B, 79, 3C, 31], [7D, 6C, 40, 24], [22, 7C, 35, 49]]

3E 3F 50 23 
6E 3D 47 2A 
3C 34 6A 29 
72 36 65 5C 
[[3E, 3F, 50, 23], [6E, 3D, 47, 2A], [3C, 34, 6A, 29], [72, 36, 65, 5C]]
>n<r?=46PGje#*)\
Answer from Hex Matrix: 
[[3E, 3F, 50, 23], [6E, 3D, 47, 2A], [3C, 34, 6A, 29], [72, 36, 65, 5C]]

3A 26 37 50 
21 21 55 46 
47 6A 37 6C 
5E 25 44 57 
[[3A, 26, 37, 50], [21, 21, 55, 46], [47, 6A, 37, 6C], [5E, 25, 44, 57]]
:!G^&!j%7U7DPFlW
Answer from Hex Matrix: 
[[3A, 26, 37, 50], [21, 21, 55, 46], [47, 6A, 37, 6C], [5E, 25, 44, 57]]

74 59 26 6F 
47 22 6F 48 
61 4B 4E 62 
57 37 3E 34 
[[74, 59, 26, 6F], [47, 22, 6F, 48], [61, 4B, 4E, 62], [57, 37, 3E, 34]]
tGaWY"K7&oN>oHb4
Answer from Hex Matrix: 
[[74, 59, 26, 6F], [47, 22, 6F, 48], [61, 4B, 4E, 62], [57, 37, 3E, 34]]

38 35 62 63 
7C 37 4D 65 
77 39 2B 5C 
5F 36 79 4D 
[[38, 35, 62, 63], [7C, 37, 4D, 65], [77, 39, 2B, 5C], [5F, 36, 79, 4D]]
8|w_5796bM+yce\M
Answer from Hex Matrix: 
[[38, 35, 62, 63], [7C, 37, 4D, 65], [77, 39, 2B, 5C], [5F, 36, 79, 4D]]

58 2F 28 76 
70 5C 7A 3B 
48 7D 46 25 
2D 52 29 78 
[[58, 2F, 28, 76], [70, 5C, 7A, 3B], [48, 7D, 46, 25], [2D, 52, 29, 78]]
XpH-/\}R(zF)v;%x
Answer from Hex Matrix: 
[[58, 2F, 28, 76], [70, 5C, 7A, 3B], [48, 7D, 46, 25], [2D, 52, 29, 78]]

68 50 66 6C 
6B 57 4F 67 
29 3D 63 42 
41 67 24 28 
[[68, 50, 66, 6C], [6B, 57, 4F, 67], [29, 3D, 63, 42], [41, 67, 24, 28]]
hk)APW=gfOc$lgB(
Answer from Hex Matrix: 
[[68, 50, 66, 6C], [6B, 57, 4F, 67], [29, 3D, 63, 42], [41, 67, 24, 28]]

76 7B 21 53 
3F 37 7D 23 
53 51 4E 65 
35 32 72 4A 
[[76, 7B, 21, 53], [3F, 37, 7D, 23], [53, 51, 4E, 65], [35, 32, 72, 4A]]
v?S5{7Q2!}NrS#eJ
Answer from Hex Matrix: 
[[76, 7B, 21, 53], [3F, 37, 7D, 23], [53, 51, 4E, 65], [35, 32, 72, 4A]]

4E 64 75 57 
43 5F 7C 24 
2A 2E 65 7A 
53 2B 33 42 
[[4E, 64, 75, 57], [43, 5F, 7C, 24], [2A, 2E, 65, 7A], [53, 2B, 33, 42]]
NC*Sd_.+u|e3W$zB
Answer from Hex Matrix: 
[[4E, 64, 75, 57], [43, 5F, 7C, 24], [2A, 2E, 65, 7A], [53, 2B, 33, 42]]

5B 30 35 39 
37 46 3E 59 
79 5D 48 2E 
23 4D 28 42 
[[5B, 30, 35, 39], [37, 46, 3E, 59], [79, 5D, 48, 2E], [23, 4D, 28, 42]]
[7y#0F]M5>H(9Y.B
Answer from Hex Matrix: 
[[5B, 30, 35, 39], [37, 46, 3E, 59], [79, 5D, 48, 2E], [23, 4D, 28, 42]]

6D 57 5D 26 
4E 64 31 23 
68 42 5F 59 
5A 44 62 6D 
[[6D, 57, 5D, 26], [4E, 64, 31, 23], [68, 42, 5F, 59], [5A, 44, 62, 6D]]
mNhZWdBD]1_b&#Ym
Answer from Hex Matrix: 
[[6D, 57, 5D, 26], [4E, 64, 31, 23], [68, 42, 5F, 59], [5A, 44, 62, 6D]]

5F 4D 6C 5C 
71 47 6E 73 
4B 3C 7C 64 
57 71 37 77 
[[5F, 4D, 6C, 5C], [71, 47, 6E, 73], [4B, 3C, 7C, 64], [57, 71, 37, 77]]
_qKWMG<qln|7\sdw
Answer from Hex Matrix: 
[[5F, 4D, 6C, 5C], [71, 47, 6E, 73], [4B, 3C, 7C, 64], [57, 71, 37, 77]]

3D 76 65 55 
52 50 55 5C 
55 3C 4C 75 
5A 4C 79 71 
[[3D, 76, 65, 55], [52, 50, 55, 5C], [55, 3C, 4C, 75], [5A, 4C, 79, 71]]
=RUZvP<LeULyU\uq
Answer from Hex Matrix: 
[[3D, 76, 65, 55], [52, 50, 55, 5C], [55, 3C, 4C, 75], [5A, 4C, 79, 71]]

26 50 30 26 
5D 45 72 5F 
44 71 3E 57 
6B 6F 6E 44 
[[26, 50, 30, 26], [5D, 45, 72, 5F], [44, 71, 3E, 57], [6B, 6F, 6E, 44]]
&]DkPEqo0r>n&_WD
Answer from Hex Matrix: 
[[26, 50, 30, 26], [5D, 45, 72, 5F], [44, 71, 3E, 57], [6B, 6F, 6E, 44]]

44 69 3A 53 
67 6E 55 2F 
77 6F 5E 4F 
6C 26 25 35 
[[44, 69, 3A, 53], [67, 6E, 55, 2F], [77, 6F, 5E, 4F], [6C, 26, 25, 35]]
Dgwlino&:U^%S/O5
Answer from Hex Matrix: 
[[44, 69, 3A, 53], [67, 6E, 55, 2F], [77, 6F, 5E, 4F], [6C, 26, 25, 35]]

4F 32 56 39 
37 6E 22 54 
53 5F 52 29 
22 52 54 6A 
[[4F, 32, 56, 39], [37, 6E, 22, 54], [53, 5F, 52, 29], [22, 52, 54, 6A]]
O7S"2n_RV"RT9T)j
Answer from Hex Matrix: 
[[4F, 32, 56, 39], [37, 6E, 22, 54], [53, 5F, 52, 29], [22, 52, 54, 6A]]

3F 69 3B 29 
4F 50 2A 52 
32 73 5A 37 
29 78 71 62 
[[3F, 69, 3B, 29], [4F, 50, 2A, 52], [32, 73, 5A, 37], [29, 78, 71, 62]]
?O2)iPsx;*Zq)R7b
Answer from Hex Matrix: 
[[3F, 69, 3B, 29], [4F, 50, 2A, 52], [32, 73, 5A, 37], [29, 78, 71, 62]]

32 6E 38 51 
3E 59 37 35 
49 2E 2C 29 
5D 2C 6A 52 
[[32, 6E, 38, 51], [3E, 59, 37, 35], [49, 2E, 2C, 29], [5D, 2C, 6A, 52]]
2>I]nY.,87,jQ5)R
Answer from Hex Matrix: 
[[32, 6E, 38, 51], [3E, 59, 37, 35], [49, 2E, 2C, 29], [5D, 2C, 6A, 52]]

74 7D 4C 6B 
5B 53 51 32 
36 6E 55 28 
2A 67 60 2B 
[[74, 7D, 4C, 6B], [5B, 53, 51, 32], [36, 6E, 55, 28], [2A, 67, 60, 2B]]
t[6*}SngLQU`k2(+
Answer from Hex Matrix: 
[[74, 7D, 4C, 6B], [5B, 53, 51, 32], [36, 6E, 55, 28], [2A, 67, 60, 2B]]

2B 6B 6A 64 
59 4F 61 2A 
6B 38 64 46 
5D 6B 6D 7D 
[[2B, 6B, 6A, 64], [59, 4F, 61, 2A], [6B, 38, 64, 46], [5D, 6B, 6D, 7D]]
+Yk]kO8kjadmd*F}
Answer from Hex Matrix: 
[[2B, 6B, 6A, 64], [59, 4F, 61, 2A], [6B, 38, 64, 46], [5D, 6B, 6D, 7D]]

67 30 59 55 
21 32 62 6E 
26 58 4D 24 
74 4F 3A 77 
[[67, 30, 59, 55], [21, 32, 62, 6E], [26, 58, 4D, 24], [74, 4F, 3A, 77]]
g!&t02XOYbM:Un$w
Answer from Hex Matrix: 
[[67, 30, 59, 55], [21, 32, 62, 6E], [26, 58, 4D, 24], [74, 4F, 3A, 77]]

62 4F 5F 55 
34 40 42 55 
25 42 38 67 
42 34 32 47 
[[62, 4F, 5F, 55], [34, 40, 42, 55], [25, 42, 38, 67], [42, 34, 32, 47]]
b4%BO@B4_B82UUgG
Answer from Hex Matrix: 
[[62, 4F, 5F, 55], [34, 40, 42, 55], [25, 42, 38, 67], [42, 34, 32, 47]]

7C 26 7A 4A 
32 5D 45 40 
3D 25 5D 2B 
25 5A 3A 40 
[[7C, 26, 7A, 4A], [32, 5D, 45, 40], [3D, 25, 5D, 2B], [25, 5A, 3A, 40]]
|2=%&]%ZzE]:J@+@
Answer from Hex Matrix: 
[[7C, 26, 7A, 4A], [32, 5D, 45, 40], [3D, 25, 5D, 2B], [25, 5A, 3A, 40]]

48 66 59 66 
31 3F 71 7D 
2D 3A 4E 2E 
38 4A 42 49 
[[48, 66, 59, 66], [31, 3F, 71, 7D], [2D, 3A, 4E, 2E], [38, 4A, 42, 49]]
H1-8f?:JYqNBf}.I
Answer from Hex Matrix: 
[[48, 66, 59, 66], [31, 3F, 71, 7D], [2D, 3A, 4E, 2E], [38, 4A, 42, 49]]

42 4E 6F 77 
3B 55 2F 32 
5D 30 39 3B 
6C 63 6E 69 
[[42, 4E, 6F, 77], [3B, 55, 2F, 32], [5D, 30, 39, 3B], [6C, 63, 6E, 69]]
B;]lNU0co/9nw2;i
Answer from Hex Matrix: 
[[42, 4E, 6F, 77], [3B, 55, 2F, 32], [5D, 30, 39, 3B], [6C, 63, 6E, 69]]

61 24 5B 36 
68 6C 7D 5D 
76 23 76 58 
61 3B 29 4B 
[[61, 24, 5B, 36], [68, 6C, 7D, 5D], [76, 23, 76, 58], [61, 3B, 29, 4B]]
ahva$l#;[}v)6]XK
Answer from Hex Matrix: 
[[61, 24, 5B, 36], [68, 6C, 7D, 5D], [76, 23, 76, 58], [61, 3B, 29, 4B]]

6C 3E 46 76 
25 21 2A 5D 
74 68 6A 36 
63 2C 5C 3D 
[[6C, 3E, 46, 76], [25, 21, 2A, 5D], [74, 68, 6A, 36], [63, 2C, 5C, 3D]]
l%tc>!h,F*j\v]6=
Answer from Hex Matrix: 
[[6C, 3E, 46, 76], [25, 21, 2A, 5D], [74, 68, 6A, 36], [63, 2C, 5C, 3D]]

47 36 39 70 
77 68 7A 55 
6B 2C 31 2B 
67 4C 29 5C 
[[47, 36, 39, 70], [77, 68, 7A, 55], [6B, 2C, 31, 2B], [67, 4C, 29, 5C]]
Gwkg6h,L9z1)pU+\
Answer from Hex Matrix: 
[[47, 36, 39, 70], [77, 68, 7A, 55], [6B, 2C, 31, 2B], [67, 4C, 29, 5C]]

3E 36 51 61 
3F 34 22 29 
3E 2D 26 21 
35 4D 4B 53 
[[3E, 36, 51, 61], [3F, 34, 22, 29], [3E, 2D, 26, 21], [35, 4D, 4B, 53]]
>?>564-MQ"&Ka)!S
Answer from Hex Matrix: 
[[3E, 36, 51, 61], [3F, 34, 22, 29], [3E, 2D, 26, 21], [35, 4D, 4B, 53]]

40 52 22 3D 
77 7B 30 3E 
46 73 79 2A 
52 21 73 2F 
[[40, 52, 22, 3D], [77, 7B, 30, 3E], [46, 73, 79, 2A], [52, 21, 73, 2F]]
@wFRR{s!"0ys=>*/
Answer from Hex Matrix: 
[[40, 52, 22, 3D], [77, 7B, 30, 3E], [46, 73, 79, 2A], [52, 21, 73, 2F]]

24 65 2A 47 
49 5F 59 2B 
73 57 44 4F 
29 55 69 34 
[[24, 65, 2A, 47], [49, 5F, 59, 2B], [73, 57, 44, 4F], [29, 55, 69, 34]]
$Is)e_WU*YDiG+O4
Answer from Hex Matrix: 
[[24, 65, 2A, 47], [49, 5F, 59, 2B], [73, 57, 44, 4F], [29, 55, 69, 34]]

5C 28 62 57 
26 65 48 67 
52 24 54 67 
30 5F 6D 6A 
[[5C, 28, 62, 57], [26, 65, 48, 67], [52, 24, 54, 67], [30, 5F, 6D, 6A]]
\&R0(e$_bHTmWggj
Answer from Hex Matrix: 
[[5C, 28, 62, 57], [26, 65, 48, 67], [52, 24, 54, 67], [30, 5F, 6D, 6A]]

75 6C 4A 55 
2C 5B 5C 4A 
30 43 71 73 
5D 22 76 78 
[[75, 6C, 4A, 55], [2C, 5B, 5C, 4A], [30, 43, 71, 73], [5D, 22, 76, 78]]
u,0]l[C"J\qvUJsx
Answer from Hex Matrix: 
[[75, 6C, 4A, 55], [2C, 5B, 5C, 4A], [30, 43, 71, 73], [5D, 22, 76, 78]]

48 79 3D 70 
5D 2A 58 22 
70 37 26 37 
4F 25 4C 59 
[[48, 79, 3D, 70], [5D, 2A, 58, 22], [70, 37, 26, 37], [4F, 25, 4C, 59]]
H]pOy*7%=X&Lp"7Y
Answer from Hex Matrix: 
[[48, 79, 3D, 70], [5D, 2A, 58, 22], [70, 37, 26, 37], [4F, 25, 4C, 59]]

78 51 25 54 
61 4D 79 25 
61 5F 7A 4C 
78 45 59 28 
[[78, 51, 25, 54], [61, 4D, 79, 25], [61, 5F, 7A, 4C], [78, 45, 59, 28]]
xaaxQM_E%yzYT%L(
Answer from Hex Matrix: 
[[78, 51, 25, 54], [61, 4D, 79, 25], [61, 5F, 7A, 4C], [78, 45, 59, 28]]

2E 5E 28 74 
75 3A 4E 46 
46 54 6E 52 
2F 7A 5F 49 
[[2E, 5E, 28, 74], [75, 3A, 4E, 46], [46, 54, 6E, 52], [2F, 7A, 5F, 49]]
.uF/^:Tz(Nn_tFRI
Answer from Hex Matrix: 
[[2E, 5E, 28, 74], [75, 3A, 4E, 46], [46, 54, 6E, 52], [2F, 7A, 5F, 49]]

60 42 44 5F 
60 4C 6D 7A 
24 39 46 67 
52 36 38 36 
[[60, 42, 44, 5F], [60, 4C, 6D, 7A], [24, 39, 46, 67], [52, 36, 38, 36]]
``$RBL96DmF8_zg6
Answer from Hex Matrix: 
[[60, 42, 44, 5F], [60, 4C, 6D, 7A], [24, 39, 46, 67], [52, 36, 38, 36]]

3C 5A 52 40 
69 65 4B 76 
3D 44 2B 3C 
3F 2A 56 6E 
[[3C, 5A, 52, 40], [69, 65, 4B, 76], [3D, 44, 2B, 3C], [3F, 2A, 56, 6E]]
<i=?ZeD*RK+V@v<n
Answer from Hex Matrix: 
[[3C, 5A, 52, 40], [69, 65, 4B, 76], [3D, 44, 2B, 3C], [3F, 2A, 56, 6E]]

30 7A 77 70 
45 78 46 23 
7A 75 4C 6D 
46 39 22 4E 
[[30, 7A, 77, 70], [45, 78, 46, 23], [7A, 75, 4C, 6D], [46, 39, 22, 4E]]
0EzFzxu9wFL"p#mN
Answer from Hex Matrix: 
[[30, 7A, 77, 70], [45, 78, 46, 23], [7A, 75, 4C, 6D], [46, 39, 22, 4E]]

27 79 4E 36 
61 46 38 67 
62 3B 67 62 
5F 7A 34 44 
[[27, 79, 4E, 36], [61, 46, 38, 67], [62, 3B, 67, 62], [5F, 7A, 34, 44]]
'ab_yF;zN8g46gbD
Answer from Hex Matrix: 
[[27, 79, 4E, 36], [61, 46, 38, 67], [62, 3B, 67, 62], [5F, 7A, 34, 44]]

6D 4B 21 3E 
79 47 5D 4D 
21 2B 37 56 
59 2A 46 5B 
[[6D, 4B, 21, 3E], [79, 47, 5D, 4D], [21, 2B, 37, 56], [59, 2A, 46, 5B]]
my!YKG+*!]7F>MV[
Answer from Hex Matrix: 
[[6D, 4B, 21, 3E], [79, 47, 5D, 4D], [21, 2B, 37, 56], [59, 2A, 46, 5B]]

49 44 25 36 
62 33 7C 64 
77 4C 72 6E 
35 70 50 75 
[[49, 44, 25, 36], [62, 33, 7C, 64], [77, 4C, 72, 6E], [35, 70, 50, 75]]
Ibw5D3Lp%|rP6dnu
Answer from Hex Matrix: 
[[49, 44, 25, 36], [62, 33, 7C, 64], [77, 4C, 72, 6E], [35, 70, 50, 75]]

32 43 4D 49 
5B 75 53 28 
7C 4E 36 7A 
56 4D 68 28 
[[32, 43, 4D, 49], [5B, 75, 53, 28], [7C, 4E, 36, 7A], [56, 4D, 68, 28]]
2[|VCuNMMS6hI(z(
Answer from Hex Matrix: 
[[32, 43, 4D, 49], [5B, 75, 53, 28], [7C, 4E, 36, 7A], [56, 4D, 68, 28]]

28 38 26 21 
49 4D 6F 75 
4D 4D 73 54 
48 4C 6C 58 
[[28, 38, 26, 21], [49, 4D, 6F, 75], [4D, 4D, 73, 54], [48, 4C, 6C, 58]]
(IMH8MML&osl!uTX
Answer from Hex Matrix: 
[[28, 38, 26, 21], [49, 4D, 6F, 75], [4D, 4D, 73, 54], [48, 4C, 6C, 58]]

7A 61 33 51 
34 2F 6F 62 
4C 43 33 33 
35 72 49 39 
[[7A, 61, 33, 51], [34, 2F, 6F, 62], [4C, 43, 33, 33], [35, 72, 49, 39]]
z4L5a/Cr3o3IQb39
Answer from Hex Matrix: 
[[7A, 61, 33, 51], [34, 2F, 6F, 62], [4C, 43, 33, 33], [35, 72, 49, 39]]

4C 74 3C 5E 
48 21 25 61 
4D 41 79 4F 
4A 61 51 3F 
[[4C, 74, 3C, 5E], [48, 21, 25, 61], [4D, 41, 79, 4F], [4A, 61, 51, 3F]]
LHMJt!Aa<%yQ^aO?
Answer from Hex Matrix: 
[[4C, 74, 3C, 5E], [48, 21, 25, 61], [4D, 41, 79, 4F], [4A, 61, 51, 3F]]

6A 2F 51 41 
79 26 3D 33 
63 6D 34 2D 
61 69 65 63 
[[6A, 2F, 51, 41], [79, 26, 3D, 33], [63, 6D, 34, 2D], [61, 69, 65, 63]]
jyca/&miQ=4eA3-c
Answer from Hex Matrix: 
[[6A, 2F, 51, 41], [79, 26, 3D, 33], [63, 6D, 34, 2D], [61, 69, 65, 63]]

7C 36 2E 29 
2F 54 71 66 
2A 26 76 45 
3A 41 35 3A 
[[7C, 36, 2E, 29], [2F, 54, 71, 66], [2A, 26, 76, 45], [3A, 41, 35, 3A]]
|/*:6T&A.qv5)fE:
Answer from Hex Matrix: 
[[7C, 36, 2E, 29], [2F, 54, 71, 66], [2A, 26, 76, 45], [3A, 41, 35, 3A]]

69 32 36 7D 
6C 74 66 4B 
71 59 36 51 
4D 75 45 79 
[[69, 32, 36, 7D], [6C, 74, 66, 4B], [71, 59, 36, 51], [4D, 75, 45, 79]]
ilqM2tYu6f6E}KQy
Answer from Hex Matrix: 
[[69, 32, 36, 7D], [6C, 74, 66, 4B], [71, 59, 36, 51], [4D, 75, 45, 79]]

6C 79 41 76 
4C 72 47 66 
73 48 2C 44 
3F 7D 67 74 
[[6C, 79, 41, 76], [4C, 72, 47, 66], [73, 48, 2C, 44], [3F, 7D, 67, 74]]
lLs?yrH}AG,gvfDt
Answer from Hex Matrix: 
[[6C, 79, 41, 76], [4C, 72, 47, 66], [73, 48, 2C, 44], [3F, 7D, 67, 74]]

31 41 26 31 
7D 2D 35 4C 
72 76 4C 62 
61 6E 2D 56 
[[31, 41, 26, 31], [7D, 2D, 35, 4C], [72, 76, 4C, 62], [61, 6E, 2D, 56]]
1}raA-vn&5L-1LbV
Answer from Hex Matrix: 
[[31, 41, 26, 31], [7D, 2D, 35, 4C], [72, 76, 4C, 62], [61, 6E, 2D, 56]]

59 4B 29 6B 
7C 50 48 3C 
72 69 36 37 
73 22 3F 23 
[[59, 4B, 29, 6B], [7C, 50, 48, 3C], [72, 69, 36, 37], [73, 22, 3F, 23]]
Y|rsKPi")H6?k<7#
Answer from Hex Matrix: 
[[59, 4B, 29, 6B], [7C, 50, 48, 3C], [72, 69, 36, 37], [73, 22, 3F, 23]]

5B 4B 41 38 
40 7B 3F 48 
64 22 46 2B 
60 5E 6B 64 
[[5B, 4B, 41, 38], [40, 7B, 3F, 48], [64, 22, 46, 2B], [60, 5E, 6B, 64]]
[@d`K{"^A?Fk8H+d
Answer from Hex Matrix: 
[[5B, 4B, 41, 38], [40, 7B, 3F, 48], [64, 22, 46, 2B], [60, 5E, 6B, 64]]

3D 70 44 42 
5C 52 62 35 
2B 59 32 61 
66 3D 7C 36 
[[3D, 70, 44, 42], [5C, 52, 62, 35], [2B, 59, 32, 61], [66, 3D, 7C, 36]]
=\+fpRY=Db2|B5a6
Answer from Hex Matrix: 
[[3D, 70, 44, 42], [5C, 52, 62, 35], [2B, 59, 32, 61], [66, 3D, 7C, 36]]

6E 23 51 70 
5D 2B 5D 55 
4D 43 2E 40 
55 64 21 51 
[[6E, 23, 51, 70], [5D, 2B, 5D, 55], [4D, 43, 2E, 40], [55, 64, 21, 51]]
n]MU#+CdQ].!pU@Q
Answer from Hex Matrix: 
[[6E, 23, 51, 70], [5D, 2B, 5D, 55], [4D, 43, 2E, 40], [55, 64, 21, 51]]

4C 62 2B 61 
22 2E 73 3D 
6C 4F 2B 7C 
7B 29 2B 3A 
[[4C, 62, 2B, 61], [22, 2E, 73, 3D], [6C, 4F, 2B, 7C], [7B, 29, 2B, 3A]]
L"l{b.O)+s++a=|:
Answer from Hex Matrix: 
[[4C, 62, 2B, 61], [22, 2E, 73, 3D], [6C, 4F, 2B, 7C], [7B, 29, 2B, 3A]]

66 69 23 73 
58 56 27 74 
39 57 5B 79 
42 21 63 29 
[[66, 69, 23, 73], [58, 56, 27, 74], [39, 57, 5B, 79], [42, 21, 63, 29]]
fX9BiVW!#'[csty)
Answer from Hex Matrix: 
[[66, 69, 23, 73], [58, 56, 27, 74], [39, 57, 5B, 79], [42, 21, 63, 29]]

54 44 2A 62 
31 49 3D 36 
74 26 60 26 
63 65 5C 5C 
[[54, 44, 2A, 62], [31, 49, 3D, 36], [74, 26, 60, 26], [63, 65, 5C, 5C]]
T1tcDI&e*=`\b6&\
Answer from Hex Matrix: 
[[54, 44, 2A, 62], [31, 49, 3D, 36], [74, 26, 60, 26], [63, 65, 5C, 5C]]

21 50 43 5D 
64 54 48 50 
75 6A 4B 56 
55 3B 7A 3B 
[[21, 50, 43, 5D], [64, 54, 48, 50], [75, 6A, 4B, 56], [55, 3B, 7A, 3B]]
!duUPTj;CHKz]PV;
Answer from Hex Matrix: 
[[21, 50, 43, 5D], [64, 54, 48, 50], [75, 6A, 4B, 56], [55, 3B, 7A, 3B]]

5D 33 24 32 
51 4C 79 55 
51 5D 63 34 
56 3B 56 30 
[[5D, 33, 24, 32], [51, 4C, 79, 55], [51, 5D, 63, 34], [56, 3B, 56, 30]]
]QQV3L];$ycV2U40
Answer from Hex Matrix: 
[[5D, 33, 24, 32], [51, 4C, 79, 55], [51, 5D, 63, 34], [56, 3B, 56, 30]]

77 51 46 77 
6B 47 58 2E 
4E 30 79 76 
73 42 2E 40 
[[77, 51, 46, 77], [6B, 47, 58, 2E], [4E, 30, 79, 76], [73, 42, 2E, 40]]
wkNsQG0BFXy.w.v@
Answer from Hex Matrix: 
[[77, 51, 46, 77], [6B, 47, 58, 2E], [4E, 30, 79, 76], [73, 42, 2E, 40]]

45 6A 5E 68 
7A 4A 52 3C 
52 55 75 4C 
60 31 2F 35 
[[45, 6A, 5E, 68], [7A, 4A, 52, 3C], [52, 55, 75, 4C], [60, 31, 2F, 35]]
EzR`jJU1^Ru/h<L5
Answer from Hex Matrix: 
[[45, 6A, 5E, 68], [7A, 4A, 52, 3C], [52, 55, 75, 4C], [60, 31, 2F, 35]]

67 5F 5E 72 
5A 39 3A 7B 
24 44 67 74 
64 40 6B 5C 
[[67, 5F, 5E, 72], [5A, 39, 3A, 7B], [24, 44, 67, 74], [64, 40, 6B, 5C]]
gZ$d_9D@^:gkr{t\
Answer from Hex Matrix: 
[[67, 5F, 5E, 72], [5A, 39, 3A, 7B], [24, 44, 67, 74], [64, 40, 6B, 5C]]

25 6D 7D 46 
4B 4D 50 4E 
3A 32 68 69 
3B 2D 36 5F 
[[25, 6D, 7D, 46], [4B, 4D, 50, 4E], [3A, 32, 68, 69], [3B, 2D, 36, 5F]]
%K:;mM2-}Ph6FNi_
Answer from Hex Matrix: 
[[25, 6D, 7D, 46], [4B, 4D, 50, 4E], [3A, 32, 68, 69], [3B, 2D, 36, 5F]]

22 2C 42 4F 
3C 4E 48 26 
36 44 5A 45 
47 4E 58 27 
[[22, 2C, 42, 4F], [3C, 4E, 48, 26], [36, 44, 5A, 45], [47, 4E, 58, 27]]
"<6G,NDNBHZXO&E'
Answer from Hex Matrix: 
[[22, 2C, 42, 4F], [3C, 4E, 48, 26], [36, 44, 5A, 45], [47, 4E, 58, 27]]

74 58 25 71 
57 75 60 4F 
54 53 23 23 
6E 79 5C 41 
[[74, 58, 25, 71], [57, 75, 60, 4F], [54, 53, 23, 23], [6E, 79, 5C, 41]]
tWTnXuSy%`#\qO#A
Answer from Hex Matrix: 
[[74, 58, 25, 71], [57, 75, 60, 4F], [54, 53, 23, 23], [6E, 79, 5C, 41]]

47 32 3F 7C 
34 56 6F 50 
55 21 38 3B 
57 28 47 2C 
[[47, 32, 3F, 7C], [34, 56, 6F, 50], [55, 21, 38, 3B], [57, 28, 47, 2C]]
G4UW2V!(?o8G|P;,
Answer from Hex Matrix: 
[[47, 32, 3F, 7C], [34, 56, 6F, 50], [55, 21, 38, 3B], [57, 28, 47, 2C]]

4D 32 64 54 
34 4C 50 67 
3A 3A 57 79 
47 6A 5F 33 
[[4D, 32, 64, 54], [34, 4C, 50, 67], [3A, 3A, 57, 79], [47, 6A, 5F, 33]]
M4:G2L:jdPW_Tgy3
Answer from Hex Matrix: 
[[4D, 32, 64, 54], [34, 4C, 50, 67], [3A, 3A, 57, 79], [47, 6A, 5F, 33]]

70 42 2F 4C 
42 5B 30 28 
3F 34 75 73 
28 73 76 57 
[[70, 42, 2F, 4C], [42, 5B, 30, 28], [3F, 34, 75, 73], [28, 73, 76, 57]]
pB?(B[4s/0uvL(sW
Answer from Hex Matrix: 
[[70, 42, 2F, 4C], [42, 5B, 30, 28], [3F, 34, 75, 73], [28, 73, 76, 57]]

67 76 47 45 
78 6A 39 28 
35 34 47 61 
55 69 35 25 
[[67, 76, 47, 45], [78, 6A, 39, 28], [35, 34, 47, 61], [55, 69, 35, 25]]
gx5Uvj4iG9G5E(a%
Answer from Hex Matrix: 
[[67, 76, 47, 45], [78, 6A, 39, 28], [35, 34, 47, 61], [55, 69, 35, 25]]

22 42 69 62 
25 78 7D 5B 
23 59 59 71 
5F 41 2F 43 
[[22, 42, 69, 62], [25, 78, 7D, 5B], [23, 59, 59, 71], [5F, 41, 2F, 43]]
"%#_BxYAi}Y/b[qC
Answer from Hex Matrix: 
[[22, 42, 69, 62], [25, 78, 7D, 5B], [23, 59, 59, 71], [5F, 41, 2F, 43]]

49 79 3D 68 
70 39 4A 73 
47 53 6C 3C 
60 4E 51 63 
[[49, 79, 3D, 68], [70, 39, 4A, 73], [47, 53, 6C, 3C], [60, 4E, 51, 63]]
IpG`y9SN=JlQhs<c
Answer from Hex Matrix: 
[[49, 79, 3D, 68], [70, 39, 4A, 73], [47, 53, 6C, 3C], [60, 4E, 51, 63]]

23 4D 21 3F 
5F 4A 4A 3F 
7A 6F 43 60 
6B 56 75 3F 
[[23, 4D, 21, 3F], [5F, 4A, 4A, 3F], [7A, 6F, 43, 60], [6B, 56, 75, 3F]]
#_zkMJoV!JCu??`?
Answer from Hex Matrix: 
[[23, 4D, 21, 3F], [5F, 4A, 4A, 3F], [7A, 6F, 43, 60], [6B, 56, 75, 3F]]

7C 32 62 7A 
3F 2F 42 7D 
32 23 25 77 
32 37 74 2E 
[[7C, 32, 62, 7A], [3F, 2F, 42, 7D], [32, 23, 25, 77], [32, 37, 74, 2E]]
|?222/#7bB%tz}w.
Answer from Hex Matrix: 
[[7C, 32, 62, 7A], [3F, 2F, 42, 7D], [32, 23, 25, 77], [32, 37, 74, 2E]]

69 72 4A 69 
63 79 5E 51 
38 42 50 68 
28 38 45 62 
[[69, 72, 4A, 69], [63, 79, 5E, 51], [38, 42, 50, 68], [28, 38, 45, 62]]
ic8(ryB8J^PEiQhb
Answer from Hex Matrix: 
[[69, 72, 4A, 69], [63, 79, 5E, 51], [38, 42, 50, 68], [28, 38, 45, 62]]

4A 6C 77 31 
5C 42 60 22 
54 41 2A 25 
3C 69 77 77 
[[4A, 6C, 77, 31], [5C, 42, 60, 22], [54, 41, 2A, 25], [3C, 69, 77, 77]]
J\T<lBAiw`*w1"%w
Answer from Hex Matrix: 
[[4A, 6C, 77, 31], [5C, 42, 60, 22], [54, 41, 2A, 25], [3C, 69, 77, 77]]

23 74 3E 45 
23 41 6D 58 
23 48 30 22 
6A 3A 69 3C 
[[23, 74, 3E, 45], [23, 41, 6D, 58], [23, 48, 30, 22], [6A, 3A, 69, 3C]]
###jtAH:>m0iEX"<
Answer from Hex Matrix: 
[[23, 74, 3E, 45], [23, 41, 6D, 58], [23, 48, 30, 22], [6A, 3A, 69, 3C]]

3A 6A 2B 40 
36 3B 34 39 
36 79 68 5B 
2C 5A 23 75 
[[3A, 6A, 2B, 40], [36, 3B, 34, 39], [36, 79, 68, 5B], [2C, 5A, 23, 75]]
:66,j;yZ+4h#@9[u
Answer from Hex Matrix: 
[[3A, 6A, 2B, 40], [36, 3B, 34, 39], [36, 79, 68, 5B], [2C, 5A, 23, 75]]

5C 2E 50 23 
3D 28 26 5B 
5D 78 60 4A 
21 3A 23 3C 
[[5C, 2E, 50, 23], [3D, 28, 26, 5B], [5D, 78, 60, 4A], [21, 3A, 23, 3C]]
\=]!.(x:P&`##[J<
Answer from Hex Matrix: 
[[5C, 2E, 50, 23], [3D, 28, 26, 5B], [5D, 78, 60, 4A], [21, 3A, 23, 3C]]

2B 27 2F 60 
3E 24 56 43 
75 22 5F 5C 
35 2C 59 5B 
[[2B, 27, 2F, 60], [3E, 24, 56, 43], [75, 22, 5F, 5C], [35, 2C, 59, 5B]]
+>u5'$",/V_Y`C\[
Answer from Hex Matrix: 
[[2B, 27, 2F, 60], [3E, 24, 56, 43], [75, 22, 5F, 5C], [35, 2C, 59, 5B]]

6B 36 2B 77 
61 74 59 41 
52 4F 41 5B 
4C 61 24 3F 
[[6B, 36, 2B, 77], [61, 74, 59, 41], [52, 4F, 41, 5B], [4C, 61, 24, 3F]]
kaRL6tOa+YA$wA[?
Answer from Hex Matrix: 
[[6B, 36, 2B, 77], [61, 74, 59, 41], [52, 4F, 41, 5B], [4C, 61, 24, 3F]]

6B 6D 4C 22 
56 57 40 50 
7A 5A 61 56 
54 58 4F 3C 
[[6B, 6D, 4C, 22], [56, 57, 40, 50], [7A, 5A, 61, 56], [54, 58, 4F, 3C]]
kVzTmWZXL@aO"PV<
Answer from Hex Matrix: 
[[6B, 6D, 4C, 22], [56, 57, 40, 50], [7A, 5A, 61, 56], [54, 58, 4F, 3C]]

3E 3E 57 7A 
70 75 75 52 
27 23 7B 58 
52 74 45 4C 
[[3E, 3E, 57, 7A], [70, 75, 75, 52], [27, 23, 7B, 58], [52, 74, 45, 4C]]
>p'R>u#tWu{EzRXL
Answer from Hex Matrix: 
[[3E, 3E, 57, 7A], [70, 75, 75, 52], [27, 23, 7B, 58], [52, 74, 45, 4C]]

6D 5E 2C 37 
4A 21 6E 25 
47 34 48 70 
4C 50 41 66 
[[6D, 5E, 2C, 37], [4A, 21, 6E, 25], [47, 34, 48, 70], [4C, 50, 41, 66]]
mJGL^!4P,nHA7%pf
Answer from Hex Matrix: 
[[6D, 5E, 2C, 37], [4A, 21, 6E, 25], [47, 34, 48, 70], [4C, 50, 41, 66]]

23 4C 32 68 
26 68 40 56 
38 2B 22 5E 
22 7B 2D 4F 
[[23, 4C, 32, 68], [26, 68, 40, 56], [38, 2B, 22, 5E], [22, 7B, 2D, 4F]]
#&8"Lh+{2@"-hV^O
Answer from Hex Matrix: 
[[23, 4C, 32, 68], [26, 68, 40, 56], [38, 2B, 22, 5E], [22, 7B, 2D, 4F]]

28 29 6D 2E 
7B 4B 54 62 
5B 2E 47 5F 
41 66 6D 6E 
[[28, 29, 6D, 2E], [7B, 4B, 54, 62], [5B, 2E, 47, 5F], [41, 66, 6D, 6E]]
({[A)K.fmTGm.b_n
Answer from Hex Matrix: 
[[28, 29, 6D, 2E], [7B, 4B, 54, 62], [5B, 2E, 47, 5F], [41, 66, 6D, 6E]]

3D 26 61 7B 
68 6F 5B 61 
29 3A 67 66 
2B 57 54 70 
[[3D, 26, 61, 7B], [68, 6F, 5B, 61], [29, 3A, 67, 66], [2B, 57, 54, 70]]
=h)+&o:Wa[gT{afp
Answer from Hex Matrix: 
[[3D, 26, 61, 7B], [68, 6F, 5B, 61], [29, 3A, 67, 66], [2B, 57, 54, 70]]

47 7B 39 4A 
78 68 76 32 
63 21 2E 74 
67 47 77 58 
[[47, 7B, 39, 4A], [78, 68, 76, 32], [63, 21, 2E, 74], [67, 47, 77, 58]]
Gxcg{h!G9v.wJ2tX
Answer from Hex Matrix: 
[[47, 7B, 39, 4A], [78, 68, 76, 32], [63, 21, 2E, 74], [67, 47, 77, 58]]

7D 2E 44 6B 
53 30 78 7B 
78 56 78 7C 
3E 5B 61 49 
[[7D, 2E, 44, 6B], [53, 30, 78, 7B], [78, 56, 78, 7C], [3E, 5B, 61, 49]]
}Sx>.0V[Dxxak{|I
Answer from Hex Matrix: 
[[7D, 2E, 44, 6B], [53, 30, 78, 7B], [78, 56, 78, 7C], [3E, 5B, 61, 49]]

7A 6A 3F 60 
5C 2B 40 2A 
47 27 35 33 
40 2A 68 72 
[[7A, 6A, 3F, 60], [5C, 2B, 40, 2A], [47, 27, 35, 33], [40, 2A, 68, 72]]
z\G@j+'*?@5h`*3r
Answer from Hex Matrix: 
[[7A, 6A, 3F, 60], [5C, 2B, 40, 2A], [47, 27, 35, 33], [40, 2A, 68, 72]]

58 21 6E 2E 
4A 3D 35 4C 
58 67 25 21 
57 7A 41 31 
[[58, 21, 6E, 2E], [4A, 3D, 35, 4C], [58, 67, 25, 21], [57, 7A, 41, 31]]
XJXW!=gzn5%A.L!1
Answer from Hex Matrix: 
[[58, 21, 6E, 2E], [4A, 3D, 35, 4C], [58, 67, 25, 21], [57, 7A, 41, 31]]

76 6F 78 34 
70 28 73 5A 
6E 22 39 69 
34 24 66 51 
[[76, 6F, 78, 34], [70, 28, 73, 5A], [6E, 22, 39, 69], [34, 24, 66, 51]]
vpn4o("$xs9f4ZiQ
Answer from Hex Matrix: 
[[76, 6F, 78, 34], [70, 28, 73, 5A], [6E, 22, 39, 69], [34, 24, 66, 51]]

64 59 32 5B 
74 7D 32 21 
6F 27 72 53 
45 25 71 6F 
[[64, 59, 32, 5B], [74, 7D, 32, 21], [6F, 27, 72, 53], [45, 25, 71, 6F]]
dtoEY}'%22rq[!So
Answer from Hex Matrix: 
[[64, 59, 32, 5B], [74, 7D, 32, 21], [6F, 27, 72, 53], [45, 25, 71, 6F]]

43 24 72 4F 
36 4E 59 6F 
3E 67 6C 60 
53 60 4C 58 
[[43, 24, 72, 4F], [36, 4E, 59, 6F], [3E, 67, 6C, 60], [53, 60, 4C, 58]]
C6>S$Ng`rYlLOo`X
Answer from Hex Matrix: 
[[43, 24, 72, 4F], [36, 4E, 59, 6F], [3E, 67, 6C, 60], [53, 60, 4C, 58]]

5A 25 53 3A 
71 34 7D 69 
25 7C 3E 53 
65 29 6F 5D 
[[5A, 25, 53, 3A], [71, 34, 7D, 69], [25, 7C, 3E, 53], [65, 29, 6F, 5D]]
Zq%e%4|)S}>o:iS]
Answer from Hex Matrix: 
[[5A, 25, 53, 3A], [71, 34, 7D, 69], [25, 7C, 3E, 53], [65, 29, 6F, 5D]]

71 33 51 36 
26 59 66 33 
62 69 42 3B 
6E 6A 2B 7D 
[[71, 33, 51, 36], [26, 59, 66, 33], [62, 69, 42, 3B], [6E, 6A, 2B, 7D]]
q&bn3YijQfB+63;}
Answer from Hex Matrix: 
[[71, 33, 51, 36], [26, 59, 66, 33], [62, 69, 42, 3B], [6E, 6A, 2B, 7D]]

7C 31 67 54 
73 4E 6A 52 
23 24 43 50 
72 73 71 45 
[[7C, 31, 67, 54], [73, 4E, 6A, 52], [23, 24, 43, 50], [72, 73, 71, 45]]
|s#r1N$sgjCqTRPE
Answer from Hex Matrix: 
[[7C, 31, 67, 54], [73, 4E, 6A, 52], [23, 24, 43, 50], [72, 73, 71, 45]]

4A 77 3C 30 
33 78 22 4C 
38 3E 2E 5D 
7C 2A 33 49 
[[4A, 77, 3C, 30], [33, 78, 22, 4C], [38, 3E, 2E, 5D], [7C, 2A, 33, 49]]
J38|wx>*<".30L]I
Answer from Hex Matrix: 
[[4A, 77, 3C, 30], [33, 78, 22, 4C], [38, 3E, 2E, 5D], [7C, 2A, 33, 49]]

34 49 23 49 
69 40 4B 6C 
57 64 44 5E 
69 6F 47 7D 
[[34, 49, 23, 49], [69, 40, 4B, 6C], [57, 64, 44, 5E], [69, 6F, 47, 7D]]
4iWiI@do#KDGIl^}
Answer from Hex Matrix: 
[[34, 49, 23, 49], [69, 40, 4B, 6C], [57, 64, 44, 5E], [69, 6F, 47, 7D]]

6C 6B 36 7C 
49 4A 38 4D 
33 3F 7A 36 
76 61 63 63 
[[6C, 6B, 36, 7C], [49, 4A, 38, 4D], [33, 3F, 7A, 36], [76, 61, 63, 63]]
lI3vkJ?a68zc|M6c
Answer from Hex Matrix: 
[[6C, 6B, 36, 7C], [49, 4A, 38, 4D], [33, 3F, 7A, 36], [76, 61, 63, 63]]

50 24 6E 66 
32 49 56 68 
72 6A 40 52 
54 6A 25 2E 
[[50, 24, 6E, 66], [32, 49, 56, 68], [72, 6A, 40, 52], [54, 6A, 25, 2E]]
P2rT$IjjnV@%fhR.
Answer from Hex Matrix: 
[[50, 24, 6E, 66], [32, 49, 56, 68], [72, 6A, 40, 52], [54, 6A, 25, 2E]]

32 65 31 33 
58 4D 59 45 
4F 55 65 72 
64 30 7D 22 
[[32, 65, 31, 33], [58, 4D, 59, 45], [4F, 55, 65, 72], [64, 30, 7D, 22]]
2XOdeMU01Ye}3Er"
Answer from Hex Matrix: 
[[32, 65, 31, 33], [58, 4D, 59, 45], [4F, 55, 65, 72], [64, 30, 7D, 22]]

4B 47 7A 4F 
43 2D 58 7B 
6B 23 43 62 
39 2F 54 78 
[[4B, 47, 7A, 4F], [43, 2D, 58, 7B], [6B, 23, 43, 62], [39, 2F, 54, 78]]
KCk9G-#/zXCTO{bx
Answer from Hex Matrix: 
[[4B, 47, 7A, 4F], [43, 2D, 58, 7B], [6B, 23, 43, 62], [39, 2F, 54, 78]]

49 65 40 6E 
6C 3D 2F 33 
6B 45 53 5E 
2F 40 54 53 
[[49, 65, 40, 6E], [6C, 3D, 2F, 33], [6B, 45, 53, 5E], [2F, 40, 54, 53]]
Ilk/e=E@@/STn3^S
Answer from Hex Matrix: 
[[49, 65, 40, 6E], [6C, 3D, 2F, 33], [6B, 45, 53, 5E], [2F, 40, 54, 53]]

73 22 53 4A 
31 52 4A 25 
54 75 2B 46 
31 67 46 7C 
[[73, 22, 53, 4A], [31, 52, 4A, 25], [54, 75, 2B, 46], [31, 67, 46, 7C]]
s1T1"RugSJ+FJ%F|
Answer from Hex Matrix: 
[[73, 22, 53, 4A], [31, 52, 4A, 25], [54, 75, 2B, 46], [31, 67, 46, 7C]]

30 74 3A 39 
43 3B 40 3E 
24 6E 53 25 
33 78 78 42 
[[30, 74, 3A, 39], [43, 3B, 40, 3E], [24, 6E, 53, 25], [33, 78, 78, 42]]
0C$3t;nx:@Sx9>%B
Answer from Hex Matrix: 
[[30, 74, 3A, 39], [43, 3B, 40, 3E], [24, 6E, 53, 25], [33, 78, 78, 42]]

61 7B 25 75 
6C 23 6E 33 
64 43 28 3D 
54 2E 4D 25 
[[61, 7B, 25, 75], [6C, 23, 6E, 33], [64, 43, 28, 3D], [54, 2E, 4D, 25]]
aldT{#C.%n(Mu3=%
Answer from Hex Matrix: 
[[61, 7B, 25, 75], [6C, 23, 6E, 33], [64, 43, 28, 3D], [54, 2E, 4D, 25]]

21 5D 46 38 
70 2E 58 44 
30 24 32 4F 
34 69 45 6A 
[[21, 5D, 46, 38], [70, 2E, 58, 44], [30, 24, 32, 4F], [34, 69, 45, 6A]]
!p04].$iFX2E8DOj
Answer from Hex Matrix: 
[[21, 5D, 46, 38], [70, 2E, 58, 44], [30, 24, 32, 4F], [34, 69, 45, 6A]]

63 38 42 31 
29 78 59 28 
4A 68 38 57 
7B 38 2E 51 
[[63, 38, 42, 31], [29, 78, 59, 28], [4A, 68, 38, 57], [7B, 38, 2E, 51]]
c)J{8xh8BY8.1(WQ
Answer from Hex Matrix: 
[[63, 38, 42, 31], [29, 78, 59, 28], [4A, 68, 38, 57], [7B, 38, 2E, 51]]

5D 65 5A 58 
3E 34 55 64 
54 29 5E 27 
47 60 2D 78 
[[5D, 65, 5A, 58], [3E, 34, 55, 64], [54, 29, 5E, 27], [47, 60, 2D, 78]]
]>TGe4)`ZU^-Xd'x
Answer from Hex Matrix: 
[[5D, 65, 5A, 58], [3E, 34, 55, 64], [54, 29, 5E, 27], [47, 60, 2D, 78]]

57 3C 2F 4D 
69 69 2C 41 
60 26 4C 70 
25 6A 28 67 
[[57, 3C, 2F, 4D], [69, 69, 2C, 41], [60, 26, 4C, 70], [25, 6A, 28, 67]]
Wi`%<i&j/,L(MApg
Answer from Hex Matrix: 
[[57, 3C, 2F, 4D], [69, 69, 2C, 41], [60, 26, 4C, 70], [25, 6A, 28, 67]]

66 54 6B 5E 
70 42 6C 71 
67 6C 66 25 
77 67 26 57 
[[66, 54, 6B, 5E], [70, 42, 6C, 71], [67, 6C, 66, 25], [77, 67, 26, 57]]
fpgwTBlgklf&^q%W
Answer from Hex Matrix: 
[[66, 54, 6B, 5E], [70, 42, 6C, 71], [67, 6C, 66, 25], [77, 67, 26, 57]]

46 69 38 74 
2B 57 62 4A 
47 70 26 23 
56 55 62 62 
[[46, 69, 38, 74], [2B, 57, 62, 4A], [47, 70, 26, 23], [56, 55, 62, 62]]
F+GViWpU8b&btJ#b
Answer from Hex Matrix: 
[[46, 69, 38, 74], [2B, 57, 62, 4A], [47, 70, 26, 23], [56, 55, 62, 62]]

43 78 30 7B 
3D 46 4C 56 
69 5C 51 57 
26 79 5B 77 
[[43, 78, 30, 7B], [3D, 46, 4C, 56], [69, 5C, 51, 57], [26, 79, 5B, 77]]
C=i&xF\y0LQ[{VWw
Answer from Hex Matrix: 
[[43, 78, 30, 7B], [3D, 46, 4C, 56], [69, 5C, 51, 57], [26, 79, 5B, 77]]

33 39 3F 7D 
3D 7A 59 5C 
5E 46 38 4B 
79 25 2D 6F 
[[33, 39, 3F, 7D], [3D, 7A, 59, 5C], [5E, 46, 38, 4B], [79, 25, 2D, 6F]]
3=^y9zF%?Y8-}\Ko
Answer from Hex Matrix: 
[[33, 39, 3F, 7D], [3D, 7A, 59, 5C], [5E, 46, 38, 4B], [79, 25, 2D, 6F]]

2C 7B 68 5C 
77 6D 29 31 
3D 5F 44 6B 
70 4C 57 46 
[[2C, 7B, 68, 5C], [77, 6D, 29, 31], [3D, 5F, 44, 6B], [70, 4C, 57, 46]]
,w=p{m_Lh)DW\1kF
Answer from Hex Matrix: 
[[2C, 7B, 68, 5C], [77, 6D, 29, 31], [3D, 5F, 44, 6B], [70, 4C, 57, 46]]

4D 2D 3A 5E 
59 4B 67 70 
38 56 35 72 
36 57 73 72 
[[4D, 2D, 3A, 5E], [59, 4B, 67, 70], [38, 56, 35, 72], [36, 57, 73, 72]]
MY86-KVW:g5s^prr
Answer from Hex Matrix: 
[[4D, 2D, 3A, 5E], [59, 4B, 67, 70], [38, 56, 35, 72], [36, 57, 73, 72]]

2E 51 2B 35 
3A 4A 4B 5E 
70 2B 25 70 
75 28 5F 79 
[[2E, 51, 2B, 35], [3A, 4A, 4B, 5E], [70, 2B, 25, 70], [75, 28, 5F, 79]]
.:puQJ+(+K%_5^py
Answer from Hex Matrix: 
[[2E, 51, 2B, 35], [3A, 4A, 4B, 5E], [70, 2B, 25, 70], [75, 28, 5F, 79]]

5B 35 3D 7A 
75 5F 4C 3A 
6E 7C 65 7A 
5A 55 4B 2F 
[[5B, 35, 3D, 7A], [75, 5F, 4C, 3A], [6E, 7C, 65, 7A], [5A, 55, 4B, 2F]]
[unZ5_|U=LeKz:z/
Answer from Hex Matrix: 
[[5B, 35, 3D, 7A], [75, 5F, 4C, 3A], [6E, 7C, 65, 7A], [5A, 55, 4B, 2F]]

56 73 62 46 
30 37 49 58 
32 34 40 29 
57 41 58 5A 
[[56, 73, 62, 46], [30, 37, 49, 58], [32, 34, 40, 29], [57, 41, 58, 5A]]
V02Ws74AbI@XFX)Z
Answer from Hex Matrix: 
[[56, 73, 62, 46], [30, 37, 49, 58], [32, 34, 40, 29], [57, 41, 58, 5A]]

73 22 61 35 
35 34 45 3F 
60 5F 49 44 
63 42 21 7B 
[[73, 22, 61, 35], [35, 34, 45, 3F], [60, 5F, 49, 44], [63, 42, 21, 7B]]
s5`c"4_BaEI!5?D{
Answer from Hex Matrix: 
[[73, 22, 61, 35], [35, 34, 45, 3F], [60, 5F, 49, 44], [63, 42, 21, 7B]]

3F 4F 67 54 
4A 62 2E 69 
37 6F 54 60 
44 6D 58 6B 
[[3F, 4F, 67, 54], [4A, 62, 2E, 69], [37, 6F, 54, 60], [44, 6D, 58, 6B]]
?J7DObomg.TXTi`k
Answer from Hex Matrix: 
[[3F, 4F, 67, 54], [4A, 62, 2E, 69], [37, 6F, 54, 60], [44, 6D, 58, 6B]]

4F 3B 3C 3F 
7C 57 5E 70 
77 47 59 57 
47 23 5D 31 
[[4F, 3B, 3C, 3F], [7C, 57, 5E, 70], [77, 47, 59, 57], [47, 23, 5D, 31]]
O|wG;WG#<^Y]?pW1
Answer from Hex Matrix: 
[[4F, 3B, 3C, 3F], [7C, 57, 5E, 70], [77, 47, 59, 57], [47, 23, 5D, 31]]

3A 4D 69 7C 
28 5A 52 55 
26 26 3B 6B 
63 23 7B 24 
[[3A, 4D, 69, 7C], [28, 5A, 52, 55], [26, 26, 3B, 6B], [63, 23, 7B, 24]]
:(&cMZ&#iR;{|Uk$
Answer from Hex Matrix: 
[[3A, 4D, 69, 7C], [28, 5A, 52, 55], [26, 26, 3B, 6B], [63, 23, 7B, 24]]

2E 76 5C 51 
32 63 5D 6D 
66 29 41 6D 
45 7C 23 34 
[[2E, 76, 5C, 51], [32, 63, 5D, 6D], [66, 29, 41, 6D], [45, 7C, 23, 34]]
.2fEvc)|\]A#Qmm4
Answer from Hex Matrix: 
[[2E, 76, 5C, 51], [32, 63, 5D, 6D], [66, 29, 41, 6D], [45, 7C, 23, 34]]

7A 5A 63 7C 
3C 4C 7C 75 
74 72 42 7A 
4F 34 4D 5C 
[[7A, 5A, 63, 7C], [3C, 4C, 7C, 75], [74, 72, 42, 7A], [4F, 34, 4D, 5C]]
z<tOZLr4c|BM|uz\
Answer from Hex Matrix: 
[[7A, 5A, 63, 7C], [3C, 4C, 7C, 75], [74, 72, 42, 7A], [4F, 34, 4D, 5C]]

71 3D 47 33 
33 40 32 57 
78 69 60 4E 
52 35 5B 26 
[[71, 3D, 47, 33], [33, 40, 32, 57], [78, 69, 60, 4E], [52, 35, 5B, 26]]
q3xR=@i5G2`[3WN&
Answer from Hex Matrix: 
[[71, 3D, 47, 33], [33, 40, 32, 57], [78, 69, 60, 4E], [52, 35, 5B, 26]]

3A 31 5D 67 
62 44 47 64 
23 4B 3B 4D 
43 5B 48 39 
[[3A, 31, 5D, 67], [62, 44, 47, 64], [23, 4B, 3B, 4D], [43, 5B, 48, 39]]
:b#C1DK[]G;HgdM9
Answer from Hex Matrix: 
[[3A, 31, 5D, 67], [62, 44, 47, 64], [23, 4B, 3B, 4D], [43, 5B, 48, 39]]

7C 2F 32 62 
3D 2B 21 35 
23 3B 4E 75 
74 54 30 4C 
[[7C, 2F, 32, 62], [3D, 2B, 21, 35], [23, 3B, 4E, 75], [74, 54, 30, 4C]]
|=#t/+;T2!N0b5uL
Answer from Hex Matrix: 
[[7C, 2F, 32, 62], [3D, 2B, 21, 35], [23, 3B, 4E, 75], [74, 54, 30, 4C]]

44 58 4C 65 
50 65 5A 5C 
5C 2D 74 6B 
70 69 4C 79 
[[44, 58, 4C, 65], [50, 65, 5A, 5C], [5C, 2D, 74, 6B], [70, 69, 4C, 79]]
DP\pXe-iLZtLe\ky
Answer from Hex Matrix: 
[[44, 58, 4C, 65], [50, 65, 5A, 5C], [5C, 2D, 74, 6B], [70, 69, 4C, 79]]

52 6C 61 4D 
2D 58 26 31 
27 6E 22 30 
52 55 5D 31 
[[52, 6C, 61, 4D], [2D, 58, 26, 31], [27, 6E, 22, 30], [52, 55, 5D, 31]]
R-'RlXnUa&"]M101
Answer from Hex Matrix: 
[[52, 6C, 61, 4D], [2D, 58, 26, 31], [27, 6E, 22, 30], [52, 55, 5D, 31]]

7C 41 2F 5D 
39 2E 27 2D 
5E 52 79 70 
52 34 3F 65 
[[7C, 41, 2F, 5D], [39, 2E, 27, 2D], [5E, 52, 79, 70], [52, 34, 3F, 65]]
|9^RA.R4/'y?]-pe
Answer from Hex Matrix: 
[[7C, 41, 2F, 5D], [39, 2E, 27, 2D], [5E, 52, 79, 70], [52, 34, 3F, 65]]

67 74 59 27 
50 30 6D 3D 
79 6A 51 45 
73 42 46 32 
[[67, 74, 59, 27], [50, 30, 6D, 3D], [79, 6A, 51, 45], [73, 42, 46, 32]]
gPyst0jBYmQF'=E2
Answer from Hex Matrix: 
[[67, 74, 59, 27], [50, 30, 6D, 3D], [79, 6A, 51, 45], [73, 42, 46, 32]]

38 38 4F 54 
2B 2F 32 2D 
43 24 6E 66 
6A 23 2E 25 
[[38, 38, 4F, 54], [2B, 2F, 32, 2D], [43, 24, 6E, 66], [6A, 23, 2E, 25]]
8+Cj8/$#O2n.T-f%
Answer from Hex Matrix: 
[[38, 38, 4F, 54], [2B, 2F, 32, 2D], [43, 24, 6E, 66], [6A, 23, 2E, 25]]

31 45 66 33 
56 52 57 68 
5E 21 23 77 
6B 61 23 5D 
[[31, 45, 66, 33], [56, 52, 57, 68], [5E, 21, 23, 77], [6B, 61, 23, 5D]]
1V^kER!afW##3hw]
Answer from Hex Matrix: 
[[31, 45, 66, 33], [56, 52, 57, 68], [5E, 21, 23, 77], [6B, 61, 23, 5D]]

35 3D 79 34 
42 5A 62 47 
4A 32 61 24 
63 53 24 6A 
[[35, 3D, 79, 34], [42, 5A, 62, 47], [4A, 32, 61, 24], [63, 53, 24, 6A]]
5BJc=Z2Syba$4G$j
Answer from Hex Matrix: 
[[35, 3D, 79, 34], [42, 5A, 62, 47], [4A, 32, 61, 24], [63, 53, 24, 6A]]

79 73 31 27 
3F 3B 43 5B 
40 7B 58 3E 
2F 79 59 52 
[[79, 73, 31, 27], [3F, 3B, 43, 5B], [40, 7B, 58, 3E], [2F, 79, 59, 52]]
y?@/s;{y1CXY'[>R
Answer from Hex Matrix: 
[[79, 73, 31, 27], [3F, 3B, 43, 5B], [40, 7B, 58, 3E], [2F, 79, 59, 52]]

30 58 6F 7C 
5A 64 78 3D 
67 4B 38 2E 
3D 54 5C 6E 
[[30, 58, 6F, 7C], [5A, 64, 78, 3D], [67, 4B, 38, 2E], [3D, 54, 5C, 6E]]
0Zg=XdKTox8\|=.n
Answer from Hex Matrix: 
[[30, 58, 6F, 7C], [5A, 64, 78, 3D], [67, 4B, 38, 2E], [3D, 54, 5C, 6E]]

7B 4C 64 45 
44 53 65 30 
6F 4E 2B 25 
25 50 37 5E 
[[7B, 4C, 64, 45], [44, 53, 65, 30], [6F, 4E, 2B, 25], [25, 50, 37, 5E]]
{Do%LSNPde+7E0%^
Answer from Hex Matrix: 
[[7B, 4C, 64, 45], [44, 53, 65, 30], [6F, 4E, 2B, 25], [25, 50, 37, 5E]]

7D 32 79 2B 
48 66 5B 53 
48 3F 68 28 
2A 43 55 6C 
[[7D, 32, 79, 2B], [48, 66, 5B, 53], [48, 3F, 68, 28], [2A, 43, 55, 6C]]
}HH*2f?Cy[hU+S(l
Answer from Hex Matrix: 
[[7D, 32, 79, 2B], [48, 66, 5B, 53], [48, 3F, 68, 28], [2A, 43, 55, 6C]]

5A 3E 5B 35 
70 33 72 2D 
64 5E 53 38 
6F 4D 5E 5D 
[[5A, 3E, 5B, 35], [70, 33, 72, 2D], [64, 5E, 53, 38], [6F, 4D, 5E, 5D]]
Zpdo>3^M[rS^5-8]
Answer from Hex Matrix: 
[[5A, 3E, 5B, 35], [70, 33, 72, 2D], [64, 5E, 53, 38], [6F, 4D, 5E, 5D]]

5C 41 35 50 
59 3D 55 3D 
28 5B 54 25 
40 2F 76 26 
[[5C, 41, 35, 50], [59, 3D, 55, 3D], [28, 5B, 54, 25], [40, 2F, 76, 26]]
\Y(@A=[/5UTvP=%&
Answer from Hex Matrix: 
[[5C, 41, 35, 50], [59, 3D, 55, 3D], [28, 5B, 54, 25], [40, 2F, 76, 26]]

7A 63 67 28 
57 7A 2B 50 
49 71 42 44 
4C 5D 40 49 
[[7A, 63, 67, 28], [57, 7A, 2B, 50], [49, 71, 42, 44], [4C, 5D, 40, 49]]
zWILczq]g+B@(PDI
Answer from Hex Matrix: 
[[7A, 63, 67, 28], [57, 7A, 2B, 50], [49, 71, 42, 44], [4C, 5D, 40, 49]]

75 26 37 56 
67 4D 55 78 
75 2E 33 3D 
40 26 6C 41 
[[75, 26, 37, 56], [67, 4D, 55, 78], [75, 2E, 33, 3D], [40, 26, 6C, 41]]
ugu@&M.&7U3lVx=A
Answer from Hex Matrix: 
[[75, 26, 37, 56], [67, 4D, 55, 78], [75, 2E, 33, 3D], [40, 26, 6C, 41]]

69 26 32 4F 
36 62 29 69 
50 69 6A 66 
55 3A 23 59 
[[69, 26, 32, 4F], [36, 62, 29, 69], [50, 69, 6A, 66], [55, 3A, 23, 59]]
i6PU&bi:2)j#OifY
Answer from Hex Matrix: 
[[69, 26, 32, 4F], [36, 62, 29, 69], [50, 69, 6A, 66], [55, 3A, 23, 59]]

7C 6D 2D 79 
25 75 73 60 
37 61 6C 69 
6C 56 27 48 
[[7C, 6D, 2D, 79], [25, 75, 73, 60], [37, 61, 6C, 69], [6C, 56, 27, 48]]
|%7lmuaV-sl'y`iH
Answer from Hex Matrix: 
[[7C, 6D, 2D, 79], [25, 75, 73, 60], [37, 61, 6C, 69], [6C, 56, 27, 48]]

66 31 73 32 
65 3E 30 2C 
69 25 2D 27 
63 5B 64 76 
[[66, 31, 73, 32], [65, 3E, 30, 2C], [69, 25, 2D, 27], [63, 5B, 64, 76]]
feic1>%[s0-d2,'v
Answer from Hex Matrix: 
[[66, 31, 73, 32], [65, 3E, 30, 2C], [69, 25, 2D, 27], [63, 5B, 64, 76]]

47 2A 62 4A 
5C 58 33 36 
61 35 54 79 
5B 74 2F 25 
[[47, 2A, 62, 4A], [5C, 58, 33, 36], [61, 35, 54, 79], [5B, 74, 2F, 25]]
G\a[*X5tb3T/J6y%
Answer from Hex Matrix: 
[[47, 2A, 62, 4A], [5C, 58, 33, 36], [61, 35, 54, 79], [5B, 74, 2F, 25]]

44 52 45 6B 
22 62 52 3A 
48 59 4B 3B 
26 3B 5F 27 
[[44, 52, 45, 6B], [22, 62, 52, 3A], [48, 59, 4B, 3B], [26, 3B, 5F, 27]]
D"H&RbY;ERK_k:;'
Answer from Hex Matrix: 
[[44, 52, 45, 6B], [22, 62, 52, 3A], [48, 59, 4B, 3B], [26, 3B, 5F, 27]]

6F 78 6C 38 
3A 79 6C 36 
3B 7C 53 66 
62 5E 23 6B 
[[6F, 78, 6C, 38], [3A, 79, 6C, 36], [3B, 7C, 53, 66], [62, 5E, 23, 6B]]
o:;bxy|^llS#86fk
Answer from Hex Matrix: 
[[6F, 78, 6C, 38], [3A, 79, 6C, 36], [3B, 7C, 53, 66], [62, 5E, 23, 6B]]

54 37 50 62 
74 77 67 40 
70 3D 2F 33 
58 5E 63 6B 
[[54, 37, 50, 62], [74, 77, 67, 40], [70, 3D, 2F, 33], [58, 5E, 63, 6B]]
TtpX7w=^Pg/cb@3k
Answer from Hex Matrix: 
[[54, 37, 50, 62], [74, 77, 67, 40], [70, 3D, 2F, 33], [58, 5E, 63, 6B]]

25 7C 52 75 
6C 32 57 6D 
26 75 3E 55 
49 22 31 21 
[[25, 7C, 52, 75], [6C, 32, 57, 6D], [26, 75, 3E, 55], [49, 22, 31, 21]]
%l&I|2u"RW>1umU!
Answer from Hex Matrix: 
[[25, 7C, 52, 75], [6C, 32, 57, 6D], [26, 75, 3E, 55], [49, 22, 31, 21]]

72 4A 5D 67 
3E 68 69 2E 
72 78 47 48 
33 7D 6A 3B 
[[72, 4A, 5D, 67], [3E, 68, 69, 2E], [72, 78, 47, 48], [33, 7D, 6A, 3B]]
r>r3Jhx}]iGjg.H;
Answer from Hex Matrix: 
[[72, 4A, 5D, 67], [3E, 68, 69, 2E], [72, 78, 47, 48], [33, 7D, 6A, 3B]]

7B 46 23 67 
79 41 2C 79 
31 58 3A 57 
4C 75 50 2E 
[[7B, 46, 23, 67], [79, 41, 2C, 79], [31, 58, 3A, 57], [4C, 75, 50, 2E]]
{y1LFAXu#,:PgyW.
Answer from Hex Matrix: 
[[7B, 46, 23, 67], [79, 41, 2C, 79], [31, 58, 3A, 57], [4C, 75, 50, 2E]]

5B 75 4F 2C 
55 6C 21 21 
29 2F 6B 70 
7C 39 47 47 
[[5B, 75, 4F, 2C], [55, 6C, 21, 21], [29, 2F, 6B, 70], [7C, 39, 47, 47]]
[U)|ul/9O!kG,!pG
Answer from Hex Matrix: 
[[5B, 75, 4F, 2C], [55, 6C, 21, 21], [29, 2F, 6B, 70], [7C, 39, 47, 47]]

5B 70 46 34 
4E 62 25 6C 
51 31 7B 55 
40 5E 78 23 
[[5B, 70, 46, 34], [4E, 62, 25, 6C], [51, 31, 7B, 55], [40, 5E, 78, 23]]
[NQ@pb1^F%{x4lU#
Answer from Hex Matrix: 
[[5B, 70, 46, 34], [4E, 62, 25, 6C], [51, 31, 7B, 55], [40, 5E, 78, 23]]

47 43 5E 55 
37 2A 61 39 
4E 2C 50 3D 
6B 27 7D 2F 
[[47, 43, 5E, 55], [37, 2A, 61, 39], [4E, 2C, 50, 3D], [6B, 27, 7D, 2F]]
G7NkC*,'^aP}U9=/
Answer from Hex Matrix: 
[[47, 43, 5E, 55], [37, 2A, 61, 39], [4E, 2C, 50, 3D], [6B, 27, 7D, 2F]]

33 5E 35 5C 
4E 70 25 62 
66 70 27 60 
70 44 7C 24 
[[33, 5E, 35, 5C], [4E, 70, 25, 62], [66, 70, 27, 60], [70, 44, 7C, 24]]
3Nfp^ppD5%'|\b`$
Answer from Hex Matrix: 
[[33, 5E, 35, 5C], [4E, 70, 25, 62], [66, 70, 27, 60], [70, 44, 7C, 24]]

4E 73 53 26 
65 6C 2B 32 
7C 2F 23 25 
6B 21 55 67 
[[4E, 73, 53, 26], [65, 6C, 2B, 32], [7C, 2F, 23, 25], [6B, 21, 55, 67]]
Ne|ksl/!S+#U&2%g
Answer from Hex Matrix: 
[[4E, 73, 53, 26], [65, 6C, 2B, 32], [7C, 2F, 23, 25], [6B, 21, 55, 67]]

3C 6B 33 3E 
27 78 2C 73 
36 79 55 62 
7B 51 7A 33 
[[3C, 6B, 33, 3E], [27, 78, 2C, 73], [36, 79, 55, 62], [7B, 51, 7A, 33]]
<'6{kxyQ3,Uz>sb3
Answer from Hex Matrix: 
[[3C, 6B, 33, 3E], [27, 78, 2C, 73], [36, 79, 55, 62], [7B, 51, 7A, 33]]

79 68 47 44 
61 46 39 74 
63 70 70 26 
6C 71 3C 59 
[[79, 68, 47, 44], [61, 46, 39, 74], [63, 70, 70, 26], [6C, 71, 3C, 59]]
yaclhFpqG9p<Dt&Y
Answer from Hex Matrix: 
[[79, 68, 47, 44], [61, 46, 39, 74], [63, 70, 70, 26], [6C, 71, 3C, 59]]

48 37 3A 27 
4A 5C 27 40 
24 30 60 64 
2F 39 5E 5C 
[[48, 37, 3A, 27], [4A, 5C, 27, 40], [24, 30, 60, 64], [2F, 39, 5E, 5C]]
HJ$/7\09:'`^'@d\
Answer from Hex Matrix: 
[[48, 37, 3A, 27], [4A, 5C, 27, 40], [24, 30, 60, 64], [2F, 39, 5E, 5C]]

57 22 29 6B 
4D 28 53 50 
34 73 31 3C 
4D 6D 25 2D 
[[57, 22, 29, 6B], [4D, 28, 53, 50], [34, 73, 31, 3C], [4D, 6D, 25, 2D]]
WM4M"(sm)S1%kP<-
Answer from Hex Matrix: 
[[57, 22, 29, 6B], [4D, 28, 53, 50], [34, 73, 31, 3C], [4D, 6D, 25, 2D]]

36 6E 35 2B 
64 33 58 72 
5A 67 28 44 
54 79 4A 6B 
[[36, 6E, 35, 2B], [64, 33, 58, 72], [5A, 67, 28, 44], [54, 79, 4A, 6B]]
6dZTn3gy5X(J+rDk
Answer from Hex Matrix: 
[[36, 6E, 35, 2B], [64, 33, 58, 72], [5A, 67, 28, 44], [54, 79, 4A, 6B]]

67 6B 3B 60 
74 76 67 34 
33 21 52 39 
5E 5E 5E 48 
[[67, 6B, 3B, 60], [74, 76, 67, 34], [33, 21, 52, 39], [5E, 5E, 5E, 48]]
gt3^kv!^;gR^`49H
Answer from Hex Matrix: 
[[67, 6B, 3B, 60], [74, 76, 67, 34], [33, 21, 52, 39], [5E, 5E, 5E, 48]]

38 41 78 3A 
77 3E 24 6B 
60 34 3F 56 
33 65 3A 7C 
[[38, 41, 78, 3A], [77, 3E, 24, 6B], [60, 34, 3F, 56], [33, 65, 3A, 7C]]
8w`3A>4ex$?::kV|
Answer from Hex Matrix: 
[[38, 41, 78, 3A], [77, 3E, 24, 6B], [60, 34, 3F, 56], [33, 65, 3A, 7C]]

3A 72 4A 3E 
23 47 54 4B 
27 66 32 3D 
5B 69 27 44 
[[3A, 72, 4A, 3E], [23, 47, 54, 4B], [27, 66, 32, 3D], [5B, 69, 27, 44]]
:#'[rGfiJT2'>K=D
Answer from Hex Matrix: 
[[3A, 72, 4A, 3E], [23, 47, 54, 4B], [27, 66, 32, 3D], [5B, 69, 27, 44]]

30 2C 64 57 
4B 73 27 32 
30 30 54 27 
6B 30 31 60 
[[30, 2C, 64, 57], [4B, 73, 27, 32], [30, 30, 54, 27], [6B, 30, 31, 60]]
0K0k,s00d'T1W2'`
Answer from Hex Matrix: 
[[30, 2C, 64, 57], [4B, 73, 27, 32], [30, 30, 54, 27], [6B, 30, 31, 60]]

74 30 79 25 
7A 21 52 44 
57 50 28 7C 
27 44 7B 54 
[[74, 30, 79, 25], [7A, 21, 52, 44], [57, 50, 28, 7C], [27, 44, 7B, 54]]
tzW'0!PDyR({%D|T
Answer from Hex Matrix: 
[[74, 30, 79, 25], [7A, 21, 52, 44], [57, 50, 28, 7C], [27, 44, 7B, 54]]

30 63 5B 48 
55 53 4C 50 
3E 4A 23 73 
47 32 22 6F 
[[30, 63, 5B, 48], [55, 53, 4C, 50], [3E, 4A, 23, 73], [47, 32, 22, 6F]]
0U>GcSJ2[L#"HPso
Answer from Hex Matrix: 
[[30, 63, 5B, 48], [55, 53, 4C, 50], [3E, 4A, 23, 73], [47, 32, 22, 6F]]

32 76 76 41 
6E 44 26 5B 
33 45 59 7D 
7B 21 2A 2F 
[[32, 76, 76, 41], [6E, 44, 26, 5B], [33, 45, 59, 7D], [7B, 21, 2A, 2F]]
2n3{vDE!v&Y*A[}/
Answer from Hex Matrix: 
[[32, 76, 76, 41], [6E, 44, 26, 5B], [33, 45, 59, 7D], [7B, 21, 2A, 2F]]

4B 3B 3C 5D 
22 56 71 6D 
71 5D 52 73 
69 49 6C 30 
[[4B, 3B, 3C, 5D], [22, 56, 71, 6D], [71, 5D, 52, 73], [69, 49, 6C, 30]]
K"qi;V]I<qRl]ms0
Answer from Hex Matrix: 
[[4B, 3B, 3C, 5D], [22, 56, 71, 6D], [71, 5D, 52, 73], [69, 49, 6C, 30]]

79 3C 29 59 
5F 5D 22 4E 
5D 4D 7D 6A 
38 78 62 4B 
[[79, 3C, 29, 59], [5F, 5D, 22, 4E], [5D, 4D, 7D, 6A], [38, 78, 62, 4B]]
y_]8<]Mx)"}bYNjK
Answer from Hex Matrix: 
[[79, 3C, 29, 59], [5F, 5D, 22, 4E], [5D, 4D, 7D, 6A], [38, 78, 62, 4B]]

66 7B 28 3B 
51 31 76 6E 
4C 30 6F 5E 
5B 2A 7D 42 
[[66, 7B, 28, 3B], [51, 31, 76, 6E], [4C, 30, 6F, 5E], [5B, 2A, 7D, 42]]
fQL[{10*(vo};n^B
Answer from Hex Matrix: 
[[66, 7B, 28, 3B], [51, 31, 76, 6E], [4C, 30, 6F, 5E], [5B, 2A, 7D, 42]]

30 5A 55 6D 
6A 3F 5D 6C 
4C 68 76 74 
7C 53 32 4F 
[[30, 5A, 55, 6D], [6A, 3F, 5D, 6C], [4C, 68, 76, 74], [7C, 53, 32, 4F]]
0jL|Z?hSU]v2mltO
Answer from Hex Matrix: 
[[30, 5A, 55, 6D], [6A, 3F, 5D, 6C], [4C, 68, 76, 74], [7C, 53, 32, 4F]]

28 7D 26 68 
46 58 43 5E 
3C 57 68 7B 
34 64 65 31 
[[28, 7D, 26, 68], [46, 58, 43, 5E], [3C, 57, 68, 7B], [34, 64, 65, 31]]
(F<4}XWd&Cheh^{1
Answer from Hex Matrix: 
[[28, 7D, 26, 68], [46, 58, 43, 5E], [3C, 57, 68, 7B], [34, 64, 65, 31]]

3A 45 29 47 
39 34 78 79 
6A 77 34 4D 
77 5D 5F 50 
[[3A, 45, 29, 47], [39, 34, 78, 79], [6A, 77, 34, 4D], [77, 5D, 5F, 50]]
:9jwE4w])x4_GyMP
Answer from Hex Matrix: 
[[3A, 45, 29, 47], [39, 34, 78, 79], [6A, 77, 34, 4D], [77, 5D, 5F, 50]]

2D 44 40 65 
48 22 6E 22 
46 4D 33 72 
71 38 24 2C 
[[2D, 44, 40, 65], [48, 22, 6E, 22], [46, 4D, 33, 72], [71, 38, 24, 2C]]
-HFqD"M8@n3$e"r,
Answer from Hex Matrix: 
[[2D, 44, 40, 65], [48, 22, 6E, 22], [46, 4D, 33, 72], [71, 38, 24, 2C]]

23 5B 63 41 
3A 7B 31 2E 
25 38 59 76 
61 3A 24 5B 
[[23, 5B, 63, 41], [3A, 7B, 31, 2E], [25, 38, 59, 76], [61, 3A, 24, 5B]]
#:%a[{8:c1Y$A.v[
Answer from Hex Matrix: 
[[23, 5B, 63, 41], [3A, 7B, 31, 2E], [25, 38, 59, 76], [61, 3A, 24, 5B]]

4B 63 54 34 
41 52 70 31 
4E 3D 36 22 
7A 3E 2F 71 
[[4B, 63, 54, 34], [41, 52, 70, 31], [4E, 3D, 36, 22], [7A, 3E, 2F, 71]]
KANzcR=>Tp6/41"q
Answer from Hex Matrix: 
[[4B, 63, 54, 34], [41, 52, 70, 31], [4E, 3D, 36, 22], [7A, 3E, 2F, 71]]

53 42 7A 7D 
3D 35 35 50 
28 54 52 26 
69 23 2D 4D 
[[53, 42, 7A, 7D], [3D, 35, 35, 50], [28, 54, 52, 26], [69, 23, 2D, 4D]]
S=(iB5T#z5R-}P&M
Answer from Hex Matrix: 
[[53, 42, 7A, 7D], [3D, 35, 35, 50], [28, 54, 52, 26], [69, 23, 2D, 4D]]

79 4D 4D 71 
2D 26 7C 3C 
72 32 21 55 
57 42 68 54 
[[79, 4D, 4D, 71], [2D, 26, 7C, 3C], [72, 32, 21, 55], [57, 42, 68, 54]]
y-rWM&2BM|!hq<UT
Answer from Hex Matrix: 
[[79, 4D, 4D, 71], [2D, 26, 7C, 3C], [72, 32, 21, 55], [57, 42, 68, 54]]

59 59 5A 49 
40 73 34 5B 
3D 7B 37 62 
4A 6D 43 3B 
[[59, 59, 5A, 49], [40, 73, 34, 5B], [3D, 7B, 37, 62], [4A, 6D, 43, 3B]]
Y@=JYs{mZ47CI[b;
Answer from Hex Matrix: 
[[59, 59, 5A, 49], [40, 73, 34, 5B], [3D, 7B, 37, 62], [4A, 6D, 43, 3B]]

66 63 22 39 
44 41 67 41 
35 4F 2B 2B 
6A 60 60 32 
[[66, 63, 22, 39], [44, 41, 67, 41], [35, 4F, 2B, 2B], [6A, 60, 60, 32]]
fD5jcAO`"g+`9A+2
Answer from Hex Matrix: 
[[66, 63, 22, 39], [44, 41, 67, 41], [35, 4F, 2B, 2B], [6A, 60, 60, 32]]

67 29 67 72 
50 5C 30 27 
2C 54 4E 72 
3C 75 48 5A 
[[67, 29, 67, 72], [50, 5C, 30, 27], [2C, 54, 4E, 72], [3C, 75, 48, 5A]]
gP,<)\Tug0NHr'rZ
Answer from Hex Matrix: 
[[67, 29, 67, 72], [50, 5C, 30, 27], [2C, 54, 4E, 72], [3C, 75, 48, 5A]]

75 5C 42 7A 
4A 2D 4A 4D 
5E 36 67 7D 
3D 4D 4F 44 
[[75, 5C, 42, 7A], [4A, 2D, 4A, 4D], [5E, 36, 67, 7D], [3D, 4D, 4F, 44]]
uJ^=\-6MBJgOzM}D
Answer from Hex Matrix: 
[[75, 5C, 42, 7A], [4A, 2D, 4A, 4D], [5E, 36, 67, 7D], [3D, 4D, 4F, 44]]

46 29 51 6D 
26 65 2A 52 
73 34 6A 67 
53 75 33 65 
[[46, 29, 51, 6D], [26, 65, 2A, 52], [73, 34, 6A, 67], [53, 75, 33, 65]]
F&sS)e4uQ*j3mRge
Answer from Hex Matrix: 
[[46, 29, 51, 6D], [26, 65, 2A, 52], [73, 34, 6A, 67], [53, 75, 33, 65]]

52 66 4E 28 
30 78 28 55 
35 64 6F 73 
69 64 59 56 
[[52, 66, 4E, 28], [30, 78, 28, 55], [35, 64, 6F, 73], [69, 64, 59, 56]]
R05ifxddN(oY(UsV
Answer from Hex Matrix: 
[[52, 66, 4E, 28], [30, 78, 28, 55], [35, 64, 6F, 73], [69, 64, 59, 56]]

6E 79 25 6D 
66 3D 3C 5B 
40 49 74 4A 
7B 26 49 64 
[[6E, 79, 25, 6D], [66, 3D, 3C, 5B], [40, 49, 74, 4A], [7B, 26, 49, 64]]
nf@{y=I&%<tIm[Jd
Answer from Hex Matrix: 
[[6E, 79, 25, 6D], [66, 3D, 3C, 5B], [40, 49, 74, 4A], [7B, 26, 49, 64]]

5F 27 54 6F 
5A 7C 23 45 
26 59 3F 2B 
41 37 49 2F 
[[5F, 27, 54, 6F], [5A, 7C, 23, 45], [26, 59, 3F, 2B], [41, 37, 49, 2F]]
_Z&A'|Y7T#?IoE+/
Answer from Hex Matrix: 
[[5F, 27, 54, 6F], [5A, 7C, 23, 45], [26, 59, 3F, 2B], [41, 37, 49, 2F]]

68 7C 7C 38 
5A 2C 79 62 
3E 5D 62 2F 
72 78 65 48 
[[68, 7C, 7C, 38], [5A, 2C, 79, 62], [3E, 5D, 62, 2F], [72, 78, 65, 48]]
hZ>r|,]x|ybe8b/H
Answer from Hex Matrix: 
[[68, 7C, 7C, 38], [5A, 2C, 79, 62], [3E, 5D, 62, 2F], [72, 78, 65, 48]]

38 43 49 52 
33 51 42 7B 
3E 7D 70 53 
6C 3C 47 67 
[[38, 43, 49, 52], [33, 51, 42, 7B], [3E, 7D, 70, 53], [6C, 3C, 47, 67]]
83>lCQ}<IBpGR{Sg
Answer from Hex Matrix: 
[[38, 43, 49, 52], [33, 51, 42, 7B], [3E, 7D, 70, 53], [6C, 3C, 47, 67]]

21 4C 40 48 
74 53 57 4B 
2B 75 4F 41 
50 4F 4B 70 
[[21, 4C, 40, 48], [74, 53, 57, 4B], [2B, 75, 4F, 41], [50, 4F, 4B, 70]]
!t+PLSuO@WOKHKAp
Answer from Hex Matrix: 
[[21, 4C, 40, 48], [74, 53, 57, 4B], [2B, 75, 4F, 41], [50, 4F, 4B, 70]]

70 4C 25 72 
6F 4B 42 35 
6C 51 74 4A 
35 5D 53 49 
[[70, 4C, 25, 72], [6F, 4B, 42, 35], [6C, 51, 74, 4A], [35, 5D, 53, 49]]
pol5LKQ]%BtSr5JI
Answer from Hex Matrix: 
[[70, 4C, 25, 72], [6F, 4B, 42, 35], [6C, 51, 74, 4A], [35, 5D, 53, 49]]

21 5F 3B 35 
6B 61 68 6E 
64 5A 2C 65 
4E 3B 72 7C 
[[21, 5F, 3B, 35], [6B, 61, 68, 6E], [64, 5A, 2C, 65], [4E, 3B, 72, 7C]]
!kdN_aZ;;h,r5ne|
Answer from Hex Matrix: 
[[21, 5F, 3B, 35], [6B, 61, 68, 6E], [64, 5A, 2C, 65], [4E, 3B, 72, 7C]]

53 42 6A 30 
21 68 48 35 
60 35 3B 3F 
29 3B 4B 26 
[[53, 42, 6A, 30], [21, 68, 48, 35], [60, 35, 3B, 3F], [29, 3B, 4B, 26]]
S!`)Bh5;jH;K05?&
Answer from Hex Matrix: 
[[53, 42, 6A, 30], [21, 68, 48, 35], [60, 35, 3B, 3F], [29, 3B, 4B, 26]]

2F 5C 4E 77 
42 36 74 54 
2E 28 72 2B 
24 3C 55 6A 
[[2F, 5C, 4E, 77], [42, 36, 74, 54], [2E, 28, 72, 2B], [24, 3C, 55, 6A]]
/B.$\6(<NtrUwT+j
Answer from Hex Matrix: 
[[2F, 5C, 4E, 77], [42, 36, 74, 54], [2E, 28, 72, 2B], [24, 3C, 55, 6A]]

3E 6F 3A 72 
43 59 68 49 
50 6F 74 2B 
46 70 50 4E 
[[3E, 6F, 3A, 72], [43, 59, 68, 49], [50, 6F, 74, 2B], [46, 70, 50, 4E]]
>CPFoYop:htPrI+N
Answer from Hex Matrix: 
[[3E, 6F, 3A, 72], [43, 59, 68, 49], [50, 6F, 74, 2B], [46, 70, 50, 4E]]

72 43 75 3D 
24 66 5D 33 
62 48 5A 6B 
39 5A 52 58 
[[72, 43, 75, 3D], [24, 66, 5D, 33], [62, 48, 5A, 6B], [39, 5A, 52, 58]]
r$b9CfHZu]ZR=3kX
Answer from Hex Matrix: 
[[72, 43, 75, 3D], [24, 66, 5D, 33], [62, 48, 5A, 6B], [39, 5A, 52, 58]]

4D 37 7B 4C 
57 56 4A 6D 
3F 65 2A 6F 
4C 6D 4E 4A 
[[4D, 37, 7B, 4C], [57, 56, 4A, 6D], [3F, 65, 2A, 6F], [4C, 6D, 4E, 4A]]
MW?L7Vem{J*NLmoJ
Answer from Hex Matrix: 
[[4D, 37, 7B, 4C], [57, 56, 4A, 6D], [3F, 65, 2A, 6F], [4C, 6D, 4E, 4A]]

35 7B 77 60 
2C 56 2D 76 
77 50 78 79 
26 70 4B 2D 
[[35, 7B, 77, 60], [2C, 56, 2D, 76], [77, 50, 78, 79], [26, 70, 4B, 2D]]
5,w&{VPpw-xK`vy-
Answer from Hex Matrix: 
[[35, 7B, 77, 60], [2C, 56, 2D, 76], [77, 50, 78, 79], [26, 70, 4B, 2D]]

64 32 77 35 
5B 3F 41 4C 
22 3D 5D 79 
5A 5A 34 4D 
[[64, 32, 77, 35], [5B, 3F, 41, 4C], [22, 3D, 5D, 79], [5A, 5A, 34, 4D]]
d["Z2?=ZwA]45LyM
Answer from Hex Matrix: 
[[64, 32, 77, 35], [5B, 3F, 41, 4C], [22, 3D, 5D, 79], [5A, 5A, 34, 4D]]

37 7B 4F 38 
2C 6A 5F 31 
58 69 33 7C 
74 7B 3F 77 
[[37, 7B, 4F, 38], [2C, 6A, 5F, 31], [58, 69, 33, 7C], [74, 7B, 3F, 77]]
7,Xt{ji{O_3?81|w
Answer from Hex Matrix: 
[[37, 7B, 4F, 38], [2C, 6A, 5F, 31], [58, 69, 33, 7C], [74, 7B, 3F, 77]]

37 2B 49 46 
5A 76 51 4D 
54 69 37 7A 
44 58 59 6F 
[[37, 2B, 49, 46], [5A, 76, 51, 4D], [54, 69, 37, 7A], [44, 58, 59, 6F]]
7ZTD+viXIQ7YFMzo
Answer from Hex Matrix: 
[[37, 2B, 49, 46], [5A, 76, 51, 4D], [54, 69, 37, 7A], [44, 58, 59, 6F]]

46 29 61 2F 
51 55 4A 77 
34 4B 6E 49 
2E 42 3C 5D 
[[46, 29, 61, 2F], [51, 55, 4A, 77], [34, 4B, 6E, 49], [2E, 42, 3C, 5D]]
FQ4.)UKBaJn</wI]
Answer from Hex Matrix: 
[[46, 29, 61, 2F], [51, 55, 4A, 77], [34, 4B, 6E, 49], [2E, 42, 3C, 5D]]

45 33 4E 42 
5B 6E 71 3E 
38 2F 3F 5A 
6D 69 70 4D 
[[45, 33, 4E, 42], [5B, 6E, 71, 3E], [38, 2F, 3F, 5A], [6D, 69, 70, 4D]]
E[8m3n/iNq?pB>ZM
Answer from Hex Matrix: 
[[45, 33, 4E, 42], [5B, 6E, 71, 3E], [38, 2F, 3F, 5A], [6D, 69, 70, 4D]]

22 59 40 30 
68 75 27 26 
2A 46 53 5E 
46 41 6C 40 
[[22, 59, 40, 30], [68, 75, 27, 26], [2A, 46, 53, 5E], [46, 41, 6C, 40]]
"h*FYuFA@'Sl0&^@
Answer from Hex Matrix: 
[[22, 59, 40, 30], [68, 75, 27, 26], [2A, 46, 53, 5E], [46, 41, 6C, 40]]

22 67 7C 3A 
3E 6A 6B 37 
3F 79 46 7C 
64 71 53 73 
[[22, 67, 7C, 3A], [3E, 6A, 6B, 37], [3F, 79, 46, 7C], [64, 71, 53, 73]]
">?dgjyq|kFS:7|s
Answer from Hex Matrix: 
[[22, 67, 7C, 3A], [3E, 6A, 6B, 37], [3F, 79, 46, 7C], [64, 71, 53, 73]]

43 77 4C 52 
32 6A 61 7B 
69 29 5A 73 
79 76 21 38 
[[43, 77, 4C, 52], [32, 6A, 61, 7B], [69, 29, 5A, 73], [79, 76, 21, 38]]
C2iywj)vLaZ!R{s8
Answer from Hex Matrix: 
[[43, 77, 4C, 52], [32, 6A, 61, 7B], [69, 29, 5A, 73], [79, 76, 21, 38]]

53 45 64 78 
2B 7A 5E 4F 
3F 65 47 6C 
6F 22 68 4F 
[[53, 45, 64, 78], [2B, 7A, 5E, 4F], [3F, 65, 47, 6C], [6F, 22, 68, 4F]]
S+?oEze"d^GhxOlO
Answer from Hex Matrix: 
[[53, 45, 64, 78], [2B, 7A, 5E, 4F], [3F, 65, 47, 6C], [6F, 22, 68, 4F]]

33 5F 3A 60 
6F 25 56 6E 
75 74 3F 38 
33 78 79 21 
[[33, 5F, 3A, 60], [6F, 25, 56, 6E], [75, 74, 3F, 38], [33, 78, 79, 21]]
3ou3_%tx:V?y`n8!
Answer from Hex Matrix: 
[[33, 5F, 3A, 60], [6F, 25, 56, 6E], [75, 74, 3F, 38], [33, 78, 79, 21]]

26 23 59 38 
65 5F 35 45 
3A 62 21 73 
49 4E 5A 51 
[[26, 23, 59, 38], [65, 5F, 35, 45], [3A, 62, 21, 73], [49, 4E, 5A, 51]]
&e:I#_bNY5!Z8EsQ
Answer from Hex Matrix: 
[[26, 23, 59, 38], [65, 5F, 35, 45], [3A, 62, 21, 73], [49, 4E, 5A, 51]]

6C 2D 5C 4B 
43 74 3E 45 
46 2D 5E 37 
27 68 40 4F 
[[6C, 2D, 5C, 4B], [43, 74, 3E, 45], [46, 2D, 5E, 37], [27, 68, 40, 4F]]
lCF'-t-h\>^@KE7O
Answer from Hex Matrix: 
[[6C, 2D, 5C, 4B], [43, 74, 3E, 45], [46, 2D, 5E, 37], [27, 68, 40, 4F]]

69 2F 48 56 
52 7B 37 6A 
67 49 75 70 
6D 57 56 2F 
[[69, 2F, 48, 56], [52, 7B, 37, 6A], [67, 49, 75, 70], [6D, 57, 56, 2F]]
iRgm/{IWH7uVVjp/
Answer from Hex Matrix: 
[[69, 2F, 48, 56], [52, 7B, 37, 6A], [67, 49, 75, 70], [6D, 57, 56, 2F]]

28 73 36 28 
64 24 26 65 
65 45 72 3D 
34 33 68 22 
[[28, 73, 36, 28], [64, 24, 26, 65], [65, 45, 72, 3D], [34, 33, 68, 22]]
(de4s$E36&rh(e="
Answer from Hex Matrix: 
[[28, 73, 36, 28], [64, 24, 26, 65], [65, 45, 72, 3D], [34, 33, 68, 22]]

44 42 52 68 
78 71 6F 49 
2F 70 38 3A 
4C 6A 5C 3A 
[[44, 42, 52, 68], [78, 71, 6F, 49], [2F, 70, 38, 3A], [4C, 6A, 5C, 3A]]
Dx/LBqpjRo8\hI::
Answer from Hex Matrix: 
[[44, 42, 52, 68], [78, 71, 6F, 49], [2F, 70, 38, 3A], [4C, 6A, 5C, 3A]]

54 48 3B 6B 
79 2B 7D 24 
54 6B 48 41 
60 25 3F 5D 
[[54, 48, 3B, 6B], [79, 2B, 7D, 24], [54, 6B, 48, 41], [60, 25, 3F, 5D]]
TyT`H+k%;}H?k$A]
Answer from Hex Matrix: 
[[54, 48, 3B, 6B], [79, 2B, 7D, 24], [54, 6B, 48, 41], [60, 25, 3F, 5D]]

5A 2D 67 69 
50 43 51 34 
25 7D 6C 28 
69 33 4E 4B 
[[5A, 2D, 67, 69], [50, 43, 51, 34], [25, 7D, 6C, 28], [69, 33, 4E, 4B]]
ZP%i-C}3gQlNi4(K
Answer from Hex Matrix: 
[[5A, 2D, 67, 69], [50, 43, 51, 34], [25, 7D, 6C, 28], [69, 33, 4E, 4B]]

70 42 4A 2E 
5A 21 41 7A 
5C 2F 6E 41 
29 37 2C 6E 
[[70, 42, 4A, 2E], [5A, 21, 41, 7A], [5C, 2F, 6E, 41], [29, 37, 2C, 6E]]
pZ\)B!/7JAn,.zAn
Answer from Hex Matrix: 
[[70, 42, 4A, 2E], [5A, 21, 41, 7A], [5C, 2F, 6E, 41], [29, 37, 2C, 6E]]

78 6C 2C 37 
31 26 3A 22 
3A 4C 42 79 
46 41 73 2F 
[[78, 6C, 2C, 37], [31, 26, 3A, 22], [3A, 4C, 42, 79], [46, 41, 73, 2F]]
x1:Fl&LA,:Bs7"y/
Answer from Hex Matrix: 
[[78, 6C, 2C, 37], [31, 26, 3A, 22], [3A, 4C, 42, 79], [46, 41, 73, 2F]]

68 25 28 71 
51 42 24 52 
39 6D 38 55 
59 4E 4A 6F 
[[68, 25, 28, 71], [51, 42, 24, 52], [39, 6D, 38, 55], [59, 4E, 4A, 6F]]
hQ9Y%BmN($8JqRUo
Answer from Hex Matrix: 
[[68, 25, 28, 71], [51, 42, 24, 52], [39, 6D, 38, 55], [59, 4E, 4A, 6F]]

55 36 3E 47 
48 37 32 5E 
2F 6C 25 48 
56 46 22 48 
[[55, 36, 3E, 47], [48, 37, 32, 5E], [2F, 6C, 25, 48], [56, 46, 22, 48]]
UH/V67lF>2%"G^HH
Answer from Hex Matrix: 
[[55, 36, 3E, 47], [48, 37, 32, 5E], [2F, 6C, 25, 48], [56, 46, 22, 48]]

4B 4A 71 6B 
26 7A 60 26 
7D 4E 63 5E 
4D 7B 37 28 
[[4B, 4A, 71, 6B], [26, 7A, 60, 26], [7D, 4E, 63, 5E], [4D, 7B, 37, 28]]
K&}MJzN{q`c7k&^(
Answer from Hex Matrix: 
[[4B, 4A, 71, 6B], [26, 7A, 60, 26], [7D, 4E, 63, 5E], [4D, 7B, 37, 28]]

45 73 22 31 
72 55 34 76 
32 44 6D 64 
5D 3E 30 66 
[[45, 73, 22, 31], [72, 55, 34, 76], [32, 44, 6D, 64], [5D, 3E, 30, 66]]
Er2]sUD>"4m01vdf
Answer from Hex Matrix: 
[[45, 73, 22, 31], [72, 55, 34, 76], [32, 44, 6D, 64], [5D, 3E, 30, 66]]

7A 43 71 28 
75 42 67 41 
2E 6E 49 52 
46 2D 66 66 
[[7A, 43, 71, 28], [75, 42, 67, 41], [2E, 6E, 49, 52], [46, 2D, 66, 66]]
zu.FCBn-qgIf(ARf
Answer from Hex Matrix: 
[[7A, 43, 71, 28], [75, 42, 67, 41], [2E, 6E, 49, 52], [46, 2D, 66, 66]]

64 25 64 54 
29 39 68 23 
66 3E 76 6E 
70 23 5E 78 
[[64, 25, 64, 54], [29, 39, 68, 23], [66, 3E, 76, 6E], [70, 23, 5E, 78]]
d)fp%9>#dhv^T#nx
Answer from Hex Matrix: 
[[64, 25, 64, 54], [29, 39, 68, 23], [66, 3E, 76, 6E], [70, 23, 5E, 78]]

64 29 66 48 
7C 68 45 51 
56 52 37 4C 
35 3C 5D 30 
[[64, 29, 66, 48], [7C, 68, 45, 51], [56, 52, 37, 4C], [35, 3C, 5D, 30]]
d|V5)hR<fE7]HQL0
Answer from Hex Matrix: 
[[64, 29, 66, 48], [7C, 68, 45, 51], [56, 52, 37, 4C], [35, 3C, 5D, 30]]

28 4E 59 57 
53 59 41 6E 
64 37 65 3E 
23 56 5F 3E 
[[28, 4E, 59, 57], [53, 59, 41, 6E], [64, 37, 65, 3E], [23, 56, 5F, 3E]]
(Sd#NY7VYAe_Wn>>
Answer from Hex Matrix: 
[[28, 4E, 59, 57], [53, 59, 41, 6E], [64, 37, 65, 3E], [23, 56, 5F, 3E]]

78 23 24 52 
60 73 42 43 
36 3D 65 63 
39 61 4C 3D 
[[78, 23, 24, 52], [60, 73, 42, 43], [36, 3D, 65, 63], [39, 61, 4C, 3D]]
x`69#s=a$BeLRCc=
Answer from Hex Matrix: 
[[78, 23, 24, 52], [60, 73, 42, 43], [36, 3D, 65, 63], [39, 61, 4C, 3D]]

77 2B 43 51 
4B 22 2A 27 
33 64 64 3C 
49 2A 2B 48 
[[77, 2B, 43, 51], [4B, 22, 2A, 27], [33, 64, 64, 3C], [49, 2A, 2B, 48]]
wK3I+"d*C*d+Q'<H
Answer from Hex Matrix: 
[[77, 2B, 43, 51], [4B, 22, 2A, 27], [33, 64, 64, 3C], [49, 2A, 2B, 48]]

70 6A 64 71 
45 6E 76 46 
6B 59 56 62 
55 4B 4D 27 
[[70, 6A, 64, 71], [45, 6E, 76, 46], [6B, 59, 56, 62], [55, 4B, 4D, 27]]
pEkUjnYKdvVMqFb'
Answer from Hex Matrix: 
[[70, 6A, 64, 71], [45, 6E, 76, 46], [6B, 59, 56, 62], [55, 4B, 4D, 27]]

6B 7D 34 2A 
40 45 45 5E 
65 77 71 49 
75 50 25 27 
[[6B, 7D, 34, 2A], [40, 45, 45, 5E], [65, 77, 71, 49], [75, 50, 25, 27]]
k@eu}EwP4Eq%*^I'
Answer from Hex Matrix: 
[[6B, 7D, 34, 2A], [40, 45, 45, 5E], [65, 77, 71, 49], [75, 50, 25, 27]]

41 58 46 3A 
40 24 52 2D 
4F 58 70 4C 
4B 70 64 6B 
[[41, 58, 46, 3A], [40, 24, 52, 2D], [4F, 58, 70, 4C], [4B, 70, 64, 6B]]
A@OKX$XpFRpd:-Lk
Answer from Hex Matrix: 
[[41, 58, 46, 3A], [40, 24, 52, 2D], [4F, 58, 70, 4C], [4B, 70, 64, 6B]]

74 61 47 79 
6E 47 60 3F 
3F 24 33 24 
4D 3C 3D 26 
[[74, 61, 47, 79], [6E, 47, 60, 3F], [3F, 24, 33, 24], [4D, 3C, 3D, 26]]
tn?MaG$<G`3=y?$&
Answer from Hex Matrix: 
[[74, 61, 47, 79], [6E, 47, 60, 3F], [3F, 24, 33, 24], [4D, 3C, 3D, 26]]

54 2A 42 6F 
5D 4E 67 40 
34 68 37 60 
33 26 35 77 
[[54, 2A, 42, 6F], [5D, 4E, 67, 40], [34, 68, 37, 60], [33, 26, 35, 77]]
T]43*Nh&Bg75o@`w
Answer from Hex Matrix: 
[[54, 2A, 42, 6F], [5D, 4E, 67, 40], [34, 68, 37, 60], [33, 26, 35, 77]]

31 5D 37 4B 
2D 76 52 55 
6E 7D 7D 26 
40 56 5C 38 
[[31, 5D, 37, 4B], [2D, 76, 52, 55], [6E, 7D, 7D, 26], [40, 56, 5C, 38]]
1-n@]v}V7R}\KU&8
Answer from Hex Matrix: 
[[31, 5D, 37, 4B], [2D, 76, 52, 55], [6E, 7D, 7D, 26], [40, 56, 5C, 38]]

51 3C 6A 4D 
32 7A 3D 57 
79 66 60 39 
25 28 4A 6F 
[[51, 3C, 6A, 4D], [32, 7A, 3D, 57], [79, 66, 60, 39], [25, 28, 4A, 6F]]
Q2y%<zf(j=`JMW9o
Answer from Hex Matrix: 
[[51, 3C, 6A, 4D], [32, 7A, 3D, 57], [79, 66, 60, 39], [25, 28, 4A, 6F]]

48 3B 31 3E 
44 75 3C 26 
34 75 53 5F 
6D 79 39 51 
[[48, 3B, 31, 3E], [44, 75, 3C, 26], [34, 75, 53, 5F], [6D, 79, 39, 51]]
HD4m;uuy1<S9>&_Q
Answer from Hex Matrix: 
[[48, 3B, 31, 3E], [44, 75, 3C, 26], [34, 75, 53, 5F], [6D, 79, 39, 51]]

74 5A 3F 5A 
43 68 58 2B 
72 56 67 38 
61 4E 52 61 
[[74, 5A, 3F, 5A], [43, 68, 58, 2B], [72, 56, 67, 38], [61, 4E, 52, 61]]
tCraZhVN?XgRZ+8a
Answer from Hex Matrix: 
[[74, 5A, 3F, 5A], [43, 68, 58, 2B], [72, 56, 67, 38], [61, 4E, 52, 61]]

2A 60 4D 6A 
4D 7C 7C 4A 
28 2D 5A 79 
43 69 37 2F 
[[2A, 60, 4D, 6A], [4D, 7C, 7C, 4A], [28, 2D, 5A, 79], [43, 69, 37, 2F]]
*M(C`|-iM|Z7jJy/
Answer from Hex Matrix: 
[[2A, 60, 4D, 6A], [4D, 7C, 7C, 4A], [28, 2D, 5A, 79], [43, 69, 37, 2F]]

3E 3C 5F 6B 
2C 74 33 4E 
53 43 4B 77 
70 66 55 53 
[[3E, 3C, 5F, 6B], [2C, 74, 33, 4E], [53, 43, 4B, 77], [70, 66, 55, 53]]
>,Sp<tCf_3KUkNwS
Answer from Hex Matrix: 
[[3E, 3C, 5F, 6B], [2C, 74, 33, 4E], [53, 43, 4B, 77], [70, 66, 55, 53]]

3A 7D 4A 63 
4B 67 24 79 
67 6C 7C 29 
2B 36 6E 76 
[[3A, 7D, 4A, 63], [4B, 67, 24, 79], [67, 6C, 7C, 29], [2B, 36, 6E, 76]]
:Kg+}gl6J$|ncy)v
Answer from Hex Matrix: 
[[3A, 7D, 4A, 63], [4B, 67, 24, 79], [67, 6C, 7C, 29], [2B, 36, 6E, 76]]

46 32 7B 2B 
70 36 34 38 
3F 49 24 65 
4C 4B 6D 71 
[[46, 32, 7B, 2B], [70, 36, 34, 38], [3F, 49, 24, 65], [4C, 4B, 6D, 71]]
Fp?L26IK{4$m+8eq
Answer from Hex Matrix: 
[[46, 32, 7B, 2B], [70, 36, 34, 38], [3F, 49, 24, 65], [4C, 4B, 6D, 71]]

4B 2F 74 74 
2C 56 43 77 
33 7B 39 65 
53 57 39 4D 
[[4B, 2F, 74, 74], [2C, 56, 43, 77], [33, 7B, 39, 65], [53, 57, 39, 4D]]
K,3S/V{WtC99tweM
Answer from Hex Matrix: 
[[4B, 2F, 74, 74], [2C, 56, 43, 77], [33, 7B, 39, 65], [53, 57, 39, 4D]]

4D 7D 55 24 
79 4F 4E 33 
64 53 21 63 
60 76 7D 73 
[[4D, 7D, 55, 24], [79, 4F, 4E, 33], [64, 53, 21, 63], [60, 76, 7D, 73]]
Myd`}OSvUN!}$3cs
Answer from Hex Matrix: 
[[4D, 7D, 55, 24], [79, 4F, 4E, 33], [64, 53, 21, 63], [60, 76, 7D, 73]]

5C 6B 77 4F 
22 38 7C 41 
55 32 54 49 
49 45 78 61 
[[5C, 6B, 77, 4F], [22, 38, 7C, 41], [55, 32, 54, 49], [49, 45, 78, 61]]
\"UIk82Ew|TxOAIa
Answer from Hex Matrix: 
[[5C, 6B, 77, 4F], [22, 38, 7C, 41], [55, 32, 54, 49], [49, 45, 78, 61]]

60 55 34 2C 
67 69 58 5C 
41 70 6E 6E 
7B 54 31 5F 
[[60, 55, 34, 2C], [67, 69, 58, 5C], [41, 70, 6E, 6E], [7B, 54, 31, 5F]]
`gA{UipT4Xn1,\n_
Answer from Hex Matrix: 
[[60, 55, 34, 2C], [67, 69, 58, 5C], [41, 70, 6E, 6E], [7B, 54, 31, 5F]]

25 37 31 6C 
30 59 27 67 
4B 73 4A 23 
42 5C 6A 27 
[[25, 37, 31, 6C], [30, 59, 27, 67], [4B, 73, 4A, 23], [42, 5C, 6A, 27]]
%0KB7Ys\1'Jjlg#'
Answer from Hex Matrix: 
[[25, 37, 31, 6C], [30, 59, 27, 67], [4B, 73, 4A, 23], [42, 5C, 6A, 27]]

66 44 4E 50 
56 57 3F 3C 
5E 30 53 27 
4D 21 37 5C 
[[66, 44, 4E, 50], [56, 57, 3F, 3C], [5E, 30, 53, 27], [4D, 21, 37, 5C]]
fV^MDW0!N?S7P<'\
Answer from Hex Matrix: 
[[66, 44, 4E, 50], [56, 57, 3F, 3C], [5E, 30, 53, 27], [4D, 21, 37, 5C]]

34 6A 33 5A 
52 7A 21 69 
4C 61 4C 55 
52 42 4F 4E 
[[34, 6A, 33, 5A], [52, 7A, 21, 69], [4C, 61, 4C, 55], [52, 42, 4F, 4E]]
4RLRjzaB3!LOZiUN
Answer from Hex Matrix: 
[[34, 6A, 33, 5A], [52, 7A, 21, 69], [4C, 61, 4C, 55], [52, 42, 4F, 4E]]

21 2F 52 48 
3B 79 53 23 
32 6B 35 74 
64 60 26 60 
[[21, 2F, 52, 48], [3B, 79, 53, 23], [32, 6B, 35, 74], [64, 60, 26, 60]]
!;2d/yk`RS5&H#t`
Answer from Hex Matrix: 
[[21, 2F, 52, 48], [3B, 79, 53, 23], [32, 6B, 35, 74], [64, 60, 26, 60]]

39 51 48 70 
3C 4D 5A 6C 
77 4E 5A 77 
58 29 26 46 
[[39, 51, 48, 70], [3C, 4D, 5A, 6C], [77, 4E, 5A, 77], [58, 29, 26, 46]]
9<wXQMN)HZZ&plwF
Answer from Hex Matrix: 
[[39, 51, 48, 70], [3C, 4D, 5A, 6C], [77, 4E, 5A, 77], [58, 29, 26, 46]]

38 64 5B 69 
61 3D 68 56 
54 39 76 74 
5B 64 7B 2D 
[[38, 64, 5B, 69], [61, 3D, 68, 56], [54, 39, 76, 74], [5B, 64, 7B, 2D]]
8aT[d=9d[hv{iVt-
Answer from Hex Matrix: 
[[38, 64, 5B, 69], [61, 3D, 68, 56], [54, 39, 76, 74], [5B, 64, 7B, 2D]]

59 7C 6D 33 
37 4F 59 78 
34 38 63 75 
60 23 3B 67 
[[59, 7C, 6D, 33], [37, 4F, 59, 78], [34, 38, 63, 75], [60, 23, 3B, 67]]
Y74`|O8#mYc;3xug
Answer from Hex Matrix: 
[[59, 7C, 6D, 33], [37, 4F, 59, 78], [34, 38, 63, 75], [60, 23, 3B, 67]]

62 6C 2A 68 
45 2F 25 3F 
3B 2A 48 77 
4D 30 23 75 
[[62, 6C, 2A, 68], [45, 2F, 25, 3F], [3B, 2A, 48, 77], [4D, 30, 23, 75]]
bE;Ml/*0*%H#h?wu
Answer from Hex Matrix: 
[[62, 6C, 2A, 68], [45, 2F, 25, 3F], [3B, 2A, 48, 77], [4D, 30, 23, 75]]

71 75 3F 31 
4F 6F 61 24 
2F 5E 23 3B 
4F 22 50 64 
[[71, 75, 3F, 31], [4F, 6F, 61, 24], [2F, 5E, 23, 3B], [4F, 22, 50, 64]]
qO/Ouo^"?a#P1$;d
Answer from Hex Matrix: 
[[71, 75, 3F, 31], [4F, 6F, 61, 24], [2F, 5E, 23, 3B], [4F, 22, 50, 64]]

5C 37 78 38 
73 3D 57 63 
70 72 57 28 
2F 69 42 47 
[[5C, 37, 78, 38], [73, 3D, 57, 63], [70, 72, 57, 28], [2F, 69, 42, 47]]
\sp/7=rixWWB8c(G
Answer from Hex Matrix: 
[[5C, 37, 78, 38], [73, 3D, 57, 63], [70, 72, 57, 28], [2F, 69, 42, 47]]

30 4D 6C 2A 
45 28 7C 47 
4E 58 6C 34 
4F 64 5E 6F 
[[30, 4D, 6C, 2A], [45, 28, 7C, 47], [4E, 58, 6C, 34], [4F, 64, 5E, 6F]]
0ENOM(Xdl|l^*G4o
Answer from Hex Matrix: 
[[30, 4D, 6C, 2A], [45, 28, 7C, 47], [4E, 58, 6C, 34], [4F, 64, 5E, 6F]]

6F 2B 35 59 
6C 48 46 5C 
60 5A 4B 3C 
34 64 32 51 
[[6F, 2B, 35, 59], [6C, 48, 46, 5C], [60, 5A, 4B, 3C], [34, 64, 32, 51]]
ol`4+HZd5FK2Y\<Q
Answer from Hex Matrix: 
[[6F, 2B, 35, 59], [6C, 48, 46, 5C], [60, 5A, 4B, 3C], [34, 64, 32, 51]]

62 6D 2A 48 
76 43 5E 47 
66 3A 6F 60 
41 2E 54 67 
[[62, 6D, 2A, 48], [76, 43, 5E, 47], [66, 3A, 6F, 60], [41, 2E, 54, 67]]
bvfAmC:.*^oTHG`g
Answer from Hex Matrix: 
[[62, 6D, 2A, 48], [76, 43, 5E, 47], [66, 3A, 6F, 60], [41, 2E, 54, 67]]

7C 55 4E 22 
75 50 45 53 
32 5C 70 5C 
28 2B 4D 42 
[[7C, 55, 4E, 22], [75, 50, 45, 53], [32, 5C, 70, 5C], [28, 2B, 4D, 42]]
|u2(UP\+NEpM"S\B
Answer from Hex Matrix: 
[[7C, 55, 4E, 22], [75, 50, 45, 53], [32, 5C, 70, 5C], [28, 2B, 4D, 42]]

59 31 21 62 
27 2B 27 65 
7A 47 6A 34 
53 6B 53 76 
[[59, 31, 21, 62], [27, 2B, 27, 65], [7A, 47, 6A, 34], [53, 6B, 53, 76]]
Y'zS1+Gk!'jSbe4v
Answer from Hex Matrix: 
[[59, 31, 21, 62], [27, 2B, 27, 65], [7A, 47, 6A, 34], [53, 6B, 53, 76]]

3F 47 4D 29 
72 79 57 3B 
5D 25 59 69 
6A 46 3F 30 
[[3F, 47, 4D, 29], [72, 79, 57, 3B], [5D, 25, 59, 69], [6A, 46, 3F, 30]]
?r]jGy%FMWY?);i0
Answer from Hex Matrix: 
[[3F, 47, 4D, 29], [72, 79, 57, 3B], [5D, 25, 59, 69], [6A, 46, 3F, 30]]

2A 25 42 21 
6D 76 34 33 
26 40 78 67 
25 49 69 5B 
[[2A, 25, 42, 21], [6D, 76, 34, 33], [26, 40, 78, 67], [25, 49, 69, 5B]]
*m&%%v@IB4xi!3g[
Answer from Hex Matrix: 
[[2A, 25, 42, 21], [6D, 76, 34, 33], [26, 40, 78, 67], [25, 49, 69, 5B]]

6F 3C 69 48 
28 45 44 27 
2F 48 5D 2E 
3B 60 58 28 
[[6F, 3C, 69, 48], [28, 45, 44, 27], [2F, 48, 5D, 2E], [3B, 60, 58, 28]]
o(/;<EH`iD]XH'.(
Answer from Hex Matrix: 
[[6F, 3C, 69, 48], [28, 45, 44, 27], [2F, 48, 5D, 2E], [3B, 60, 58, 28]]

43 78 77 6F 
6A 5F 36 5B 
37 3F 54 46 
65 60 5A 25 
[[43, 78, 77, 6F], [6A, 5F, 36, 5B], [37, 3F, 54, 46], [65, 60, 5A, 25]]
Cj7ex_?`w6TZo[F%
Answer from Hex Matrix: 
[[43, 78, 77, 6F], [6A, 5F, 36, 5B], [37, 3F, 54, 46], [65, 60, 5A, 25]]

24 5E 4B 5B 
22 52 22 64 
69 33 4E 3B 
32 60 65 36 
[[24, 5E, 4B, 5B], [22, 52, 22, 64], [69, 33, 4E, 3B], [32, 60, 65, 36]]
$"i2^R3`K"Ne[d;6
Answer from Hex Matrix: 
[[24, 5E, 4B, 5B], [22, 52, 22, 64], [69, 33, 4E, 3B], [32, 60, 65, 36]]

44 36 5B 52 
2B 6D 4C 53 
51 49 63 54 
66 65 2A 49 
[[44, 36, 5B, 52], [2B, 6D, 4C, 53], [51, 49, 63, 54], [66, 65, 2A, 49]]
D+Qf6mIe[Lc*RSTI
Answer from Hex Matrix: 
[[44, 36, 5B, 52], [2B, 6D, 4C, 53], [51, 49, 63, 54], [66, 65, 2A, 49]]

69 36 22 21 
6C 31 22 30 
45 47 4E 6B 
51 7A 34 3E 
[[69, 36, 22, 21], [6C, 31, 22, 30], [45, 47, 4E, 6B], [51, 7A, 34, 3E]]
ilEQ61Gz""N4!0k>
Answer from Hex Matrix: 
[[69, 36, 22, 21], [6C, 31, 22, 30], [45, 47, 4E, 6B], [51, 7A, 34, 3E]]

30 7C 6C 63 
3B 60 69 39 
79 37 79 34 
69 2A 25 71 
[[30, 7C, 6C, 63], [3B, 60, 69, 39], [79, 37, 79, 34], [69, 2A, 25, 71]]
0;yi|`7*liy%c94q
Answer from Hex Matrix: 
[[30, 7C, 6C, 63], [3B, 60, 69, 39], [79, 37, 79, 34], [69, 2A, 25, 71]]

2F 37 30 25 
46 4A 3F 7C 
4D 28 7B 58 
4A 4A 6A 2F 
[[2F, 37, 30, 25], [46, 4A, 3F, 7C], [4D, 28, 7B, 58], [4A, 4A, 6A, 2F]]
/FMJ7J(J0?{j%|X/
Answer from Hex Matrix: 
[[2F, 37, 30, 25], [46, 4A, 3F, 7C], [4D, 28, 7B, 58], [4A, 4A, 6A, 2F]]

5A 67 66 41 
67 2F 40 29 
39 28 55 7A 
24 63 46 37 
[[5A, 67, 66, 41], [67, 2F, 40, 29], [39, 28, 55, 7A], [24, 63, 46, 37]]
Zg9$g/(cf@UFA)z7
Answer from Hex Matrix: 
[[5A, 67, 66, 41], [67, 2F, 40, 29], [39, 28, 55, 7A], [24, 63, 46, 37]]

5E 32 35 3F 
4A 70 31 24 
58 46 28 2F 
63 6D 52 55 
[[5E, 32, 35, 3F], [4A, 70, 31, 24], [58, 46, 28, 2F], [63, 6D, 52, 55]]
^JXc2pFm51(R?$/U
Answer from Hex Matrix: 
[[5E, 32, 35, 3F], [4A, 70, 31, 24], [58, 46, 28, 2F], [63, 6D, 52, 55]]

54 6D 66 79 
7B 72 61 59 
56 25 7D 69 
39 3E 77 70 
[[54, 6D, 66, 79], [7B, 72, 61, 59], [56, 25, 7D, 69], [39, 3E, 77, 70]]
T{V9mr%>fa}wyYip
Answer from Hex Matrix: 
[[54, 6D, 66, 79], [7B, 72, 61, 59], [56, 25, 7D, 69], [39, 3E, 77, 70]]

71 73 77 7D 
37 3C 3B 6F 
6A 40 3F 7B 
33 33 5C 2D 
[[71, 73, 77, 7D], [37, 3C, 3B, 6F], [6A, 40, 3F, 7B], [33, 33, 5C, 2D]]
q7j3s<@3w;?\}o{-
Answer from Hex Matrix: 
[[71, 73, 77, 7D], [37, 3C, 3B, 6F], [6A, 40, 3F, 7B], [33, 33, 5C, 2D]]

48 58 5C 75 
66 70 35 27 
33 55 38 55 
59 7C 6E 56 
[[48, 58, 5C, 75], [66, 70, 35, 27], [33, 55, 38, 55], [59, 7C, 6E, 56]]
Hf3YXpU|\58nu'UV
Answer from Hex Matrix: 
[[48, 58, 5C, 75], [66, 70, 35, 27], [33, 55, 38, 55], [59, 7C, 6E, 56]]

5A 3D 61 4C 
6D 21 3A 63 
59 48 2D 64 
7B 7D 77 21 
[[5A, 3D, 61, 4C], [6D, 21, 3A, 63], [59, 48, 2D, 64], [7B, 7D, 77, 21]]
ZmY{=!H}a:-wLcd!
Answer from Hex Matrix: 
[[5A, 3D, 61, 4C], [6D, 21, 3A, 63], [59, 48, 2D, 64], [7B, 7D, 77, 21]]

36 22 4A 51 
59 4A 66 6E 
37 32 5E 5E 
24 48 2F 38 
[[36, 22, 4A, 51], [59, 4A, 66, 6E], [37, 32, 5E, 5E], [24, 48, 2F, 38]]
6Y7$"J2HJf^/Qn^8
Answer from Hex Matrix: 
[[36, 22, 4A, 51], [59, 4A, 66, 6E], [37, 32, 5E, 5E], [24, 48, 2F, 38]]

74 46 5D 29 
39 29 5A 42 
2F 5A 69 48 
3C 23 35 22 
[[74, 46, 5D, 29], [39, 29, 5A, 42], [2F, 5A, 69, 48], [3C, 23, 35, 22]]
t9/<F)Z#]Zi5)BH"
Answer from Hex Matrix: 
[[74, 46, 5D, 29], [39, 29, 5A, 42], [2F, 5A, 69, 48], [3C, 23, 35, 22]]

68 5E 68 79 
29 6C 22 55 
75 4B 6E 6C 
49 32 32 33 
[[68, 5E, 68, 79], [29, 6C, 22, 55], [75, 4B, 6E, 6C], [49, 32, 32, 33]]
h)uI^lK2h"n2yUl3
Answer from Hex Matrix: 
[[68, 5E, 68, 79], [29, 6C, 22, 55], [75, 4B, 6E, 6C], [49, 32, 32, 33]]

64 72 3B 77 
43 67 37 73 
5E 4B 7B 55 
46 22 22 44 
[[64, 72, 3B, 77], [43, 67, 37, 73], [5E, 4B, 7B, 55], [46, 22, 22, 44]]
dC^FrgK";7{"wsUD
Answer from Hex Matrix: 
[[64, 72, 3B, 77], [43, 67, 37, 73], [5E, 4B, 7B, 55], [46, 22, 22, 44]]

5B 33 47 2F 
6E 5F 41 6B 
70 34 3B 51 
72 4D 69 33 
[[5B, 33, 47, 2F], [6E, 5F, 41, 6B], [70, 34, 3B, 51], [72, 4D, 69, 33]]
[npr3_4MGA;i/kQ3
Answer from Hex Matrix: 
[[5B, 33, 47, 2F], [6E, 5F, 41, 6B], [70, 34, 3B, 51], [72, 4D, 69, 33]]

4E 4A 5D 21 
40 65 7D 65 
4D 72 55 69 
41 33 5C 77 
[[4E, 4A, 5D, 21], [40, 65, 7D, 65], [4D, 72, 55, 69], [41, 33, 5C, 77]]
N@MAJer3]}U\!eiw
Answer from Hex Matrix: 
[[4E, 4A, 5D, 21], [40, 65, 7D, 65], [4D, 72, 55, 69], [41, 33, 5C, 77]]

3E 59 28 22 
2A 41 55 28 
78 41 4C 74 
71 46 4E 24 
[[3E, 59, 28, 22], [2A, 41, 55, 28], [78, 41, 4C, 74], [71, 46, 4E, 24]]
>*xqYAAF(ULN"(t$
Answer from Hex Matrix: 
[[3E, 59, 28, 22], [2A, 41, 55, 28], [78, 41, 4C, 74], [71, 46, 4E, 24]]

61 7D 57 79 
4A 61 4A 42 
6A 6E 6E 4A 
55 54 3B 47 
[[61, 7D, 57, 79], [4A, 61, 4A, 42], [6A, 6E, 6E, 4A], [55, 54, 3B, 47]]
aJjU}anTWJn;yBJG
Answer from Hex Matrix: 
[[61, 7D, 57, 79], [4A, 61, 4A, 42], [6A, 6E, 6E, 4A], [55, 54, 3B, 47]]

7A 72 5B 22 
72 60 79 6F 
62 41 76 3F 
38 60 4E 25 
[[7A, 72, 5B, 22], [72, 60, 79, 6F], [62, 41, 76, 3F], [38, 60, 4E, 25]]
zrb8r`A`[yvN"o?%
Answer from Hex Matrix: 
[[7A, 72, 5B, 22], [72, 60, 79, 6F], [62, 41, 76, 3F], [38, 60, 4E, 25]]

49 56 35 7A 
7A 29 2A 3A 
42 4E 5A 29 
72 5B 3A 73 
[[49, 56, 35, 7A], [7A, 29, 2A, 3A], [42, 4E, 5A, 29], [72, 5B, 3A, 73]]
IzBrV)N[5*Z:z:)s
Answer from Hex Matrix: 
[[49, 56, 35, 7A], [7A, 29, 2A, 3A], [42, 4E, 5A, 29], [72, 5B, 3A, 73]]

3B 24 4A 3A 
35 3E 76 22 
23 74 24 65 
42 5B 5A 6A 
[[3B, 24, 4A, 3A], [35, 3E, 76, 22], [23, 74, 24, 65], [42, 5B, 5A, 6A]]
;5#B$>t[Jv$Z:"ej
Answer from Hex Matrix: 
[[3B, 24, 4A, 3A], [35, 3E, 76, 22], [23, 74, 24, 65], [42, 5B, 5A, 6A]]

67 6D 66 5D 
22 6A 5A 3A 
5C 27 23 38 
5F 46 5E 36 
[[67, 6D, 66, 5D], [22, 6A, 5A, 3A], [5C, 27, 23, 38], [5F, 46, 5E, 36]]
g"\_mj'FfZ#^]:86
Answer from Hex Matrix: 
[[67, 6D, 66, 5D], [22, 6A, 5A, 3A], [5C, 27, 23, 38], [5F, 46, 5E, 36]]

6E 73 4D 4C 
59 6F 69 56 
4A 23 7C 33 
36 74 5D 25 
[[6E, 73, 4D, 4C], [59, 6F, 69, 56], [4A, 23, 7C, 33], [36, 74, 5D, 25]]
nYJ6so#tMi|]LV3%
Answer from Hex Matrix: 
[[6E, 73, 4D, 4C], [59, 6F, 69, 56], [4A, 23, 7C, 33], [36, 74, 5D, 25]]

75 54 76 2C 
4A 5D 32 40 
4A 6A 6C 5F 
5C 4F 6D 46 
[[75, 54, 76, 2C], [4A, 5D, 32, 40], [4A, 6A, 6C, 5F], [5C, 4F, 6D, 46]]
uJJ\T]jOv2lm,@_F
Answer from Hex Matrix: 
[[75, 54, 76, 2C], [4A, 5D, 32, 40], [4A, 6A, 6C, 5F], [5C, 4F, 6D, 46]]

3D 62 28 6B 
3C 4D 40 6B 
41 76 6B 34 
30 68 56 29 
[[3D, 62, 28, 6B], [3C, 4D, 40, 6B], [41, 76, 6B, 34], [30, 68, 56, 29]]
=<A0bMvh(@kVkk4)
Answer from Hex Matrix: 
[[3D, 62, 28, 6B], [3C, 4D, 40, 6B], [41, 76, 6B, 34], [30, 68, 56, 29]]

57 37 23 77 
4F 3C 2A 5E 
46 67 54 2D 
48 2F 40 43 
[[57, 37, 23, 77], [4F, 3C, 2A, 5E], [46, 67, 54, 2D], [48, 2F, 40, 43]]
WOFH7<g/#*T@w^-C
Answer from Hex Matrix: 
[[57, 37, 23, 77], [4F, 3C, 2A, 5E], [46, 67, 54, 2D], [48, 2F, 40, 43]]

75 53 61 5E 
4B 6A 60 5A 
42 5C 3A 22 
5E 2A 77 46 
[[75, 53, 61, 5E], [4B, 6A, 60, 5A], [42, 5C, 3A, 22], [5E, 2A, 77, 46]]
uKB^Sj\*a`:w^Z"F
Answer from Hex Matrix: 
[[75, 53, 61, 5E], [4B, 6A, 60, 5A], [42, 5C, 3A, 22], [5E, 2A, 77, 46]]

50 5A 32 70 
67 4C 61 7D 
24 6C 3B 60 
33 4C 74 29 
[[50, 5A, 32, 70], [67, 4C, 61, 7D], [24, 6C, 3B, 60], [33, 4C, 74, 29]]
Pg$3ZLlL2a;tp}`)
Answer from Hex Matrix: 
[[50, 5A, 32, 70], [67, 4C, 61, 7D], [24, 6C, 3B, 60], [33, 4C, 74, 29]]

3B 4F 73 43 
74 4C 24 76 
57 4E 64 74 
27 4E 7D 2B 
[[3B, 4F, 73, 43], [74, 4C, 24, 76], [57, 4E, 64, 74], [27, 4E, 7D, 2B]]
;tW'OLNNs$d}Cvt+
Answer from Hex Matrix: 
[[3B, 4F, 73, 43], [74, 4C, 24, 76], [57, 4E, 64, 74], [27, 4E, 7D, 2B]]

23 47 2D 52 
3D 73 7A 39 
21 60 61 79 
2F 49 4A 4B 
[[23, 47, 2D, 52], [3D, 73, 7A, 39], [21, 60, 61, 79], [2F, 49, 4A, 4B]]
#=!/Gs`I-zaJR9yK
Answer from Hex Matrix: 
[[23, 47, 2D, 52], [3D, 73, 7A, 39], [21, 60, 61, 79], [2F, 49, 4A, 4B]]

6F 77 7D 53 
25 55 47 49 
40 47 74 24 
36 7A 78 61 
[[6F, 77, 7D, 53], [25, 55, 47, 49], [40, 47, 74, 24], [36, 7A, 78, 61]]
o%@6wUGz}GtxSI$a
Answer from Hex Matrix: 
[[6F, 77, 7D, 53], [25, 55, 47, 49], [40, 47, 74, 24], [36, 7A, 78, 61]]

69 4A 63 5D 
25 78 64 45 
61 5E 6D 61 
4F 65 65 7A 
[[69, 4A, 63, 5D], [25, 78, 64, 45], [61, 5E, 6D, 61], [4F, 65, 65, 7A]]
i%aOJx^ecdme]Eaz
Answer from Hex Matrix: 
[[69, 4A, 63, 5D], [25, 78, 64, 45], [61, 5E, 6D, 61], [4F, 65, 65, 7A]]

69 55 40 64 
50 36 77 47 
2C 53 6E 46 
55 7A 4A 54 
[[69, 55, 40, 64], [50, 36, 77, 47], [2C, 53, 6E, 46], [55, 7A, 4A, 54]]
iP,UU6Sz@wnJdGFT
Answer from Hex Matrix: 
[[69, 55, 40, 64], [50, 36, 77, 47], [2C, 53, 6E, 46], [55, 7A, 4A, 54]]

3D 56 5E 5D 
30 27 40 62 
5F 2F 5E 76 
33 27 65 58 
[[3D, 56, 5E, 5D], [30, 27, 40, 62], [5F, 2F, 5E, 76], [33, 27, 65, 58]]
=0_3V'/'^@^e]bvX
Answer from Hex Matrix: 
[[3D, 56, 5E, 5D], [30, 27, 40, 62], [5F, 2F, 5E, 76], [33, 27, 65, 58]]

48 7C 3E 23 
66 49 40 75 
5B 53 2B 5E 
6C 62 29 79 
[[48, 7C, 3E, 23], [66, 49, 40, 75], [5B, 53, 2B, 5E], [6C, 62, 29, 79]]
Hf[l|ISb>@+)#u^y
Answer from Hex Matrix: 
[[48, 7C, 3E, 23], [66, 49, 40, 75], [5B, 53, 2B, 5E], [6C, 62, 29, 79]]

24 7B 61 32 
62 69 72 75 
6F 7D 56 23 
28 34 23 5E 
[[24, 7B, 61, 32], [62, 69, 72, 75], [6F, 7D, 56, 23], [28, 34, 23, 5E]]
$bo({i}4arV#2u#^
Answer from Hex Matrix: 
[[24, 7B, 61, 32], [62, 69, 72, 75], [6F, 7D, 56, 23], [28, 34, 23, 5E]]

7C 48 7B 70 
32 6F 6A 37 
67 34 6D 5B 
77 2C 54 6A 
[[7C, 48, 7B, 70], [32, 6F, 6A, 37], [67, 34, 6D, 5B], [77, 2C, 54, 6A]]
|2gwHo4,{jmTp7[j
Answer from Hex Matrix: 
[[7C, 48, 7B, 70], [32, 6F, 6A, 37], [67, 34, 6D, 5B], [77, 2C, 54, 6A]]

71 63 2D 79 
3F 49 39 24 
3C 34 68 4E 
57 6C 24 5C 
[[71, 63, 2D, 79], [3F, 49, 39, 24], [3C, 34, 68, 4E], [57, 6C, 24, 5C]]
q?<WcI4l-9h$y$N\
Answer from Hex Matrix: 
[[71, 63, 2D, 79], [3F, 49, 39, 24], [3C, 34, 68, 4E], [57, 6C, 24, 5C]]

50 62 25 3E 
58 5B 7A 66 
46 2D 62 66 
34 4B 36 35 
[[50, 62, 25, 3E], [58, 5B, 7A, 66], [46, 2D, 62, 66], [34, 4B, 36, 35]]
PXF4b[-K%zb6>ff5
Answer from Hex Matrix: 
[[50, 62, 25, 3E], [58, 5B, 7A, 66], [46, 2D, 62, 66], [34, 4B, 36, 35]]

4D 7C 23 59 
44 21 66 3B 
29 56 75 31 
6B 6E 2B 6E 
[[4D, 7C, 23, 59], [44, 21, 66, 3B], [29, 56, 75, 31], [6B, 6E, 2B, 6E]]
MD)k|!Vn#fu+Y;1n
Answer from Hex Matrix: 
[[4D, 7C, 23, 59], [44, 21, 66, 3B], [29, 56, 75, 31], [6B, 6E, 2B, 6E]]

25 32 2B 6B 
34 5F 62 42 
5B 37 62 27 
45 33 46 6F 
[[25, 32, 2B, 6B], [34, 5F, 62, 42], [5B, 37, 62, 27], [45, 33, 46, 6F]]
%4[E2_73+bbFkB'o
Answer from Hex Matrix: 
[[25, 32, 2B, 6B], [34, 5F, 62, 42], [5B, 37, 62, 27], [45, 33, 46, 6F]]

42 26 37 6B 
2E 6C 7C 70 
53 6E 64 4F 
6A 52 4B 4E 
[[42, 26, 37, 6B], [2E, 6C, 7C, 70], [53, 6E, 64, 4F], [6A, 52, 4B, 4E]]
B.Sj&lnR7|dKkpON
Answer from Hex Matrix: 
[[42, 26, 37, 6B], [2E, 6C, 7C, 70], [53, 6E, 64, 4F], [6A, 52, 4B, 4E]]

66 63 58 23 
7A 29 4F 39 
4C 21 3F 60 
4C 6D 4A 30 
[[66, 63, 58, 23], [7A, 29, 4F, 39], [4C, 21, 3F, 60], [4C, 6D, 4A, 30]]
fzLLc)!mXO?J#9`0
Answer from Hex Matrix: 
[[66, 63, 58, 23], [7A, 29, 4F, 39], [4C, 21, 3F, 60], [4C, 6D, 4A, 30]]

76 56 4B 28 
4C 58 77 63 
3D 2C 44 63 
2D 62 38 37 
[[76, 56, 4B, 28], [4C, 58, 77, 63], [3D, 2C, 44, 63], [2D, 62, 38, 37]]
vL=-VX,bKwD8(cc7
Answer from Hex Matrix: 
[[76, 56, 4B, 28], [4C, 58, 77, 63], [3D, 2C, 44, 63], [2D, 62, 38, 37]]

24 31 74 54 
45 4B 3C 49 
36 4E 5A 25 
24 6A 32 33 
[[24, 31, 74, 54], [45, 4B, 3C, 49], [36, 4E, 5A, 25], [24, 6A, 32, 33]]
$E6$1KNjt<Z2TI%3
Answer from Hex Matrix: 
[[24, 31, 74, 54], [45, 4B, 3C, 49], [36, 4E, 5A, 25], [24, 6A, 32, 33]]

48 26 57 64 
3D 2E 4E 5E 
67 29 5F 70 
56 57 6E 54 
[[48, 26, 57, 64], [3D, 2E, 4E, 5E], [67, 29, 5F, 70], [56, 57, 6E, 54]]
H=gV&.)WWN_nd^pT
Answer from Hex Matrix: 
[[48, 26, 57, 64], [3D, 2E, 4E, 5E], [67, 29, 5F, 70], [56, 57, 6E, 54]]

59 20 65 75 
6F 4E 20 72 
75 61 59 20 
72 6D 6F 41 
[[59, 20, 65, 75], [6F, 4E, 20, 72], [75, 61, 59, 20], [72, 6D, 6F, 41]]
Your Name Your A
Answer from Hex Matrix: 
[[59, 20, 65, 75], [6F, 4E, 20, 72], [75, 61, 59, 20], [72, 6D, 6F, 41]]

64 73 6F 43 
64 73 75 69 
72 20 72 74 
65 59 20 79 
[[64, 73, 6F, 43], [64, 73, 75, 69], [72, 20, 72, 74], [65, 59, 20, 79]]
ddress Your City
Answer from Hex Matrix: 
[[64, 73, 6F, 43], [64, 73, 75, 69], [72, 20, 72, 74], [65, 59, 20, 79]]

2C 61 20 20 
20 74 5A 43 
53 65 49 6F 
74 2C 50 64 
[[2C, 61, 20, 20], [20, 74, 5A, 43], [53, 65, 49, 6F], [74, 2C, 50, 64]]
, State, ZIP Cod
Answer from Hex Matrix: 
[[2C, 61, 20, 20], [20, 74, 5A, 43], [53, 65, 49, 6F], [74, 2C, 50, 64]]

65 75 68 20 
20 72 6F 4E 
59 20 6E 75 
6F 50 65 6D 
[[65, 75, 68, 20], [20, 72, 6F, 4E], [59, 20, 6E, 75], [6F, 50, 65, 6D]]
e Your Phone Num
Answer from Hex Matrix: 
[[65, 75, 68, 20], [20, 72, 6F, 4E], [59, 20, 6E, 75], [6F, 50, 65, 6D]]

62 44 20 65 
65 61 53 72 
72 74 75 76 
20 65 70 69 
[[62, 44, 20, 65], [65, 61, 53, 72], [72, 74, 75, 76], [20, 65, 70, 69]]
ber Date Supervi
Answer from Hex Matrix: 
[[62, 44, 20, 65], [65, 61, 53, 72], [72, 74, 75, 76], [20, 65, 70, 69]]

73 73 6D 69 
6F 20 65 74 
72 4E 20 6C 
27 61 54 65 
[[73, 73, 6D, 69], [6F, 20, 65, 74], [72, 4E, 20, 6C], [27, 61, 54, 65]]
sor's Name Title
Answer from Hex Matrix: 
[[73, 73, 6D, 69], [6F, 20, 65, 74], [72, 4E, 20, 6C], [27, 61, 54, 65]]

20 61 61 6E 
4F 6E 74 20 
72 69 69 41 
67 7A 6F 64 
[[20, 61, 61, 6E], [4F, 6E, 74, 20], [72, 69, 69, 41], [67, 7A, 6F, 64]]
 Organization Ad
Answer from Hex Matrix: 
[[20, 61, 61, 6E], [4F, 6E, 74, 20], [72, 69, 69, 41], [67, 7A, 6F, 64]]

64 73 74 53 
72 20 79 74 
65 43 2C 61 
73 69 20 74 
[[64, 73, 74, 53], [72, 20, 79, 74], [65, 43, 2C, 61], [73, 69, 20, 74]]
dress City, Stat
Answer from Hex Matrix: 
[[64, 73, 74, 53], [72, 20, 79, 74], [65, 43, 2C, 61], [73, 69, 20, 74]]

65 49 6F 44 
2C 50 64 65 
20 20 65 61 
5A 43 20 72 
[[65, 49, 6F, 44], [2C, 50, 64, 65], [20, 20, 65, 61], [5A, 43, 20, 72]]
e, ZIP Code Dear
Answer from Hex Matrix: 
[[65, 49, 6F, 44], [2C, 50, 64, 65], [20, 20, 65, 61], [5A, 43, 20, 72]]

20 2F 20 74 
4D 4D 4C 20 
72 73 61 4E 
2E 2E 73 61 
[[20, 2F, 20, 74], [4D, 4D, 4C, 20], [72, 73, 61, 4E], [2E, 2E, 73, 61]]
 Mr./Ms. Last Na
Answer from Hex Matrix: 
[[20, 2F, 20, 74], [4D, 4D, 4C, 20], [72, 73, 61, 4E], [2E, 2E, 73, 61]]

6D 54 20 74 
65 68 6C 65 
3A 69 65 72 
20 73 74 20 
[[6D, 54, 20, 74], [65, 68, 6C, 65], [3A, 69, 65, 72], [20, 73, 74, 20]]
me: This letter 
Answer from Hex Matrix: 
[[6D, 54, 20, 74], [65, 68, 6C, 65], [3A, 69, 65, 72], [20, 73, 74, 20]]

69 20 6D 72 
73 66 61 65 
20 6F 6C 71 
61 72 20 75 
[[69, 20, 6D, 72], [73, 66, 61, 65], [20, 6F, 6C, 71], [61, 72, 20, 75]]
is a formal requ
Answer from Hex Matrix: 
[[69, 20, 6D, 72], [73, 66, 61, 65], [20, 6F, 6C, 71], [61, 72, 20, 75]]

65 66 61 61 
73 6F 20 76 
74 72 6C 65 
20 20 65 20 
[[65, 66, 61, 61], [73, 6F, 20, 76], [74, 72, 6C, 65], [20, 20, 65, 20]]
est for a leave 
Answer from Hex Matrix: 
[[65, 66, 61, 61], [73, 6F, 20, 76], [74, 72, 6C, 65], [20, 20, 65, 20]]

6F 62 63 74 
66 73 65 6F 
20 65 2C 20 
61 6E 20 66 
[[6F, 62, 63, 74], [66, 73, 65, 6F], [20, 65, 2C, 20], [61, 6E, 20, 66]]
of absence, to f
Answer from Hex Matrix: 
[[6F, 62, 63, 74], [66, 73, 65, 6F], [20, 65, 2C, 20], [61, 6E, 20, 66]]

6F 77 20 6F 
6C 20 6F 75 
6C 75 6E 72 
6F 70 20 20 
[[6F, 77, 20, 6F], [6C, 20, 6F, 75], [6C, 75, 6E, 72], [6F, 70, 20, 20]]
ollow up on our 
Answer from Hex Matrix: 
[[6F, 77, 20, 6F], [6C, 20, 6F, 75], [6C, 75, 6E, 72], [6F, 70, 20, 20]]

6D 69 79 65 
65 6E 65 72 
65 67 73 64 
74 20 74 61 
[[6D, 69, 79, 65], [65, 6E, 65, 72], [65, 67, 73, 64], [74, 20, 74, 61]]
meeting yesterda
Answer from Hex Matrix: 
[[6D, 69, 79, 65], [65, 6E, 65, 72], [65, 67, 73, 64], [74, 20, 74, 61]]

79 20 64 75 
2E 77 69 73 
41 65 73 73 
73 20 63 65 
[[79, 20, 64, 75], [2E, 77, 69, 73], [41, 65, 73, 73], [73, 20, 63, 65]]
y.As we discusse
Answer from Hex Matrix: 
[[79, 20, 64, 75], [2E, 77, 69, 73], [41, 65, 73, 73], [73, 20, 63, 65]]

64 20 6C 69 
2C 77 64 6B 
20 6F 20 65 
49 75 6C 20 
[[64, 20, 6C, 69], [2C, 77, 64, 6B], [20, 6F, 20, 65], [49, 75, 6C, 20]]
d, I would like 
Answer from Hex Matrix: 
[[64, 20, 6C, 69], [2C, 77, 64, 6B], [20, 6F, 20, 65], [49, 75, 6C, 20]]

74 65 73 20 
6F 71 74 6C 
20 75 20 65 
72 65 61 61 
[[74, 65, 73, 20], [6F, 71, 74, 6C], [20, 75, 20, 65], [72, 65, 61, 61]]
to request a lea
Answer from Hex Matrix: 
[[74, 65, 73, 20], [6F, 71, 74, 6C], [20, 75, 20, 65], [72, 65, 61, 61]]

76 66 73 65 
65 20 65 20 
20 61 6E 66 
6F 62 63 72 
[[76, 66, 73, 65], [65, 20, 65, 20], [20, 61, 6E, 66], [6F, 62, 63, 72]]
ve of absence fr
Answer from Hex Matrix: 
[[76, 66, 73, 65], [65, 20, 65, 20], [20, 61, 6E, 66], [6F, 62, 63, 72]]

6F 70 20 68 
6D 72 31 72 
20 69 20 6F 
41 6C 74 75 
[[6F, 70, 20, 68], [6D, 72, 31, 72], [20, 69, 20, 6F], [41, 6C, 74, 75]]
om April 1 throu
Answer from Hex Matrix: 
[[6F, 70, 20, 68], [6D, 72, 31, 72], [20, 69, 20, 6F], [41, 6C, 74, 75]]

67 75 33 32 
68 6E 30 30 
20 65 2C 58 
4A 20 20 58 
[[67, 75, 33, 32], [68, 6E, 30, 30], [20, 65, 2C, 58], [4A, 20, 20, 58]]
gh June 30, 20XX
Answer from Hex Matrix: 
[[67, 75, 33, 32], [68, 6E, 30, 30], [20, 65, 2C, 58], [4A, 20, 20, 58]]

2E 77 20 75 
20 69 72 72 
49 6C 65 6E 
20 6C 74 20 
[[2E, 77, 20, 75], [20, 69, 72, 72], [49, 6C, 65, 6E], [20, 6C, 74, 20]]
. I will return 
Answer from Hex Matrix: 
[[2E, 77, 20, 75], [20, 69, 72, 72], [49, 6C, 65, 6E], [20, 6C, 74, 20]]

74 6F 6F 75 
6F 72 6E 6C 
20 6B 20 79 
77 20 4A 20 
[[74, 6F, 6F, 75], [6F, 72, 6E, 6C], [20, 6B, 20, 79], [77, 20, 4A, 20]]
to work on July 
Answer from Hex Matrix: 
[[74, 6F, 6F, 75], [6F, 72, 6E, 6C], [20, 6B, 20, 79], [77, 20, 4A, 20]]

31 30 50 73 
2C 58 6C 65 
20 58 65 20 
32 2E 61 6C 
[[31, 30, 50, 73], [2C, 58, 6C, 65], [20, 58, 65, 20], [32, 2E, 61, 6C]]
1, 20XX.Please l
Answer from Hex Matrix: 
[[31, 30, 50, 73], [2C, 58, 6C, 65], [20, 58, 65, 20], [32, 2E, 61, 6C]]

65 65 6F 66 
74 20 77 20 
20 6B 20 49 
6D 6E 69 20 
[[65, 65, 6F, 66], [74, 20, 77, 20], [20, 6B, 20, 49], [6D, 6E, 69, 20]]
et me know if I 
Answer from Hex Matrix: 
[[65, 65, 6F, 66], [74, 20, 77, 20], [20, 6B, 20, 49], [6D, 6E, 69, 20]]

63 70 69 66 
61 72 64 75 
6E 6F 65 72 
20 76 20 74 
[[63, 70, 69, 66], [61, 72, 64, 75], [6E, 6F, 65, 72], [20, 76, 20, 74]]
can provide furt
Answer from Hex Matrix: 
[[63, 70, 69, 66], [61, 72, 64, 75], [6E, 6F, 65, 72], [20, 76, 20, 74]]

68 69 72 69 
65 6E 6D 6F 
72 66 61 6E 
20 6F 74 20 
[[68, 69, 72, 69], [65, 6E, 6D, 6F], [72, 66, 61, 6E], [20, 6F, 74, 20]]
her information 
Answer from Hex Matrix: 
[[68, 69, 72, 69], [65, 6E, 6D, 6F], [72, 66, 61, 6E], [20, 6F, 74, 20]]

6F 66 75 76 
72 20 20 65 
20 79 68 20 
69 6F 61 61 
[[6F, 66, 75, 76], [72, 20, 20, 65], [20, 79, 68, 20], [69, 6F, 61, 61]]
or if you have a
Answer from Hex Matrix: 
[[6F, 66, 75, 76], [72, 20, 20, 65], [20, 79, 68, 20], [69, 6F, 61, 61]]

6E 75 69 2E 
79 65 6F 20 
20 73 6E 54 
71 74 73 68 
[[6E, 75, 69, 2E], [79, 65, 6F, 20], [20, 73, 6E, 54], [71, 74, 73, 68]]
ny questions. Th
Answer from Hex Matrix: 
[[6E, 75, 69, 2E], [79, 65, 6F, 20], [20, 73, 6E, 54], [71, 74, 73, 68]]

61 79 76 20 
6E 6F 65 6D 
6B 75 72 75 
20 20 79 63 
[[61, 79, 76, 20], [6E, 6F, 65, 6D], [6B, 75, 72, 75], [20, 20, 79, 63]]
ank you very muc
Answer from Hex Matrix: 
[[61, 79, 76, 20], [6E, 6F, 65, 6D], [6B, 75, 72, 75], [20, 20, 79, 63]]

68 72 75 6F 
20 20 72 6E 
66 79 20 73 
6F 6F 63 69 
[[68, 72, 75, 6F], [20, 20, 72, 6E], [66, 79, 20, 73], [6F, 6F, 63, 69]]
h for your consi
Answer from Hex Matrix: 
[[68, 72, 75, 6F], [20, 20, 72, 6E], [66, 79, 20, 73], [6F, 6F, 63, 69]]

64 74 20 70 
65 69 69 72 
72 6F 6E 6F 
61 6E 20 76 
[[64, 74, 20, 70], [65, 69, 69, 72], [72, 6F, 6E, 6F], [61, 6E, 20, 76]]
deration in prov
Answer from Hex Matrix: 
[[64, 74, 20, 70], [65, 69, 69, 72], [72, 6F, 6E, 6F], [61, 6E, 20, 76]]

69 67 20 68 
64 20 77 20 
69 6D 69 74 
6E 65 74 68 
[[69, 67, 20, 68], [64, 20, 77, 20], [69, 6D, 69, 74], [6E, 65, 74, 68]]
iding me with th
Answer from Hex Matrix: 
[[69, 67, 20, 68], [64, 20, 77, 20], [69, 6D, 69, 74], [6E, 65, 74, 68]]

69 70 74 74 
73 70 75 79 
20 6F 6E 20 
6F 72 69 66 
[[69, 70, 74, 74], [73, 70, 75, 79], [20, 6F, 6E, 20], [6F, 72, 69, 66]]
is opportunity f
Answer from Hex Matrix: 
[[69, 70, 74, 74], [73, 70, 75, 79], [20, 6F, 6E, 20], [6F, 72, 69, 66]]

6F 65 6E 6C 
72 72 61 65 
20 73 6C 61 
70 6F 20 76 
[[6F, 65, 6E, 6C], [72, 72, 61, 65], [20, 73, 6C, 61], [70, 6F, 20, 76]]
or personal leav
Answer from Hex Matrix: 
[[6F, 65, 6E, 6C], [72, 72, 61, 65], [20, 73, 6C, 61], [70, 6F, 20, 76]]

65 69 72 2C 
2E 6E 65 20 
20 63 6C 59 
53 65 79 6F 
[[65, 69, 72, 2C], [2E, 6E, 65, 20], [20, 63, 6C, 59], [53, 65, 79, 6F]]
e. Sincerely, Yo
Answer from Hex Matrix: 
[[65, 69, 72, 2C], [2E, 6E, 65, 20], [20, 63, 6C, 59], [53, 65, 79, 6F]]

75 69 74 20 
72 67 75 28 
20 6E 72 68 
53 61 65 61 
[[75, 69, 74, 20], [72, 67, 75, 28], [20, 6E, 72, 68], [53, 61, 65, 61]]
ur Signature (ha
Answer from Hex Matrix: 
[[75, 69, 74, 20], [72, 67, 75, 28], [20, 6E, 72, 68], [53, 61, 65, 61]]

72 6F 6C 65 
64 70 65 72 
20 79 74 29 
63 20 74 20 
[[72, 6F, 6C, 65], [64, 70, 65, 72], [20, 79, 74, 29], [63, 20, 74, 20]]
rd copy letter) 
Answer from Hex Matrix: 
[[72, 6F, 6C, 65], [64, 70, 65, 72], [20, 79, 74, 29], [63, 20, 74, 20]]

40 73 65 20 
4D 50 6E 41 
61 68 69 72 
72 6F 78 65 
[[40, 73, 65, 20], [4D, 50, 6E, 41], [61, 68, 69, 72], [72, 6F, 78, 65]]
@MarsPhoenix Are
Answer from Hex Matrix: 
[[40, 73, 65, 20], [4D, 50, 6E, 41], [61, 68, 69, 72], [72, 6F, 78, 65]]

20 20 64 6F 
79 72 79 20 
6F 65 20 63 
75 61 74 65 
[[20, 20, 64, 6F], [79, 72, 79, 20], [6F, 65, 20, 63], [75, 61, 74, 65]]
 you ready to ce
Answer from Hex Matrix: 
[[20, 20, 64, 6F], [79, 72, 79, 20], [6F, 65, 20, 63], [75, 61, 74, 65]]

6C 61 20 6C 
65 74 57 2C 
62 65 65 20 
72 3F 6C 67 
[[6C, 61, 20, 6C], [65, 74, 57, 2C], [62, 65, 65, 20], [72, 3F, 6C, 67]]
lebrate? Well, g
Answer from Hex Matrix: 
[[6C, 61, 20, 6C], [65, 74, 57, 2C], [62, 65, 65, 20], [72, 3F, 6C, 67]]

65 65 3A 20 
74 61 20 68 
20 64 57 61 
72 79 65 76 
[[65, 65, 3A, 20], [74, 61, 20, 68], [20, 64, 57, 61], [72, 79, 65, 76]]
et ready: We hav
Answer from Hex Matrix: 
[[65, 65, 3A, 20], [74, 61, 20, 68], [20, 64, 57, 61], [72, 79, 65, 76]]

65 45 21 65 
20 21 21 73 
49 21 20 2C 
43 21 59 20 
[[65, 45, 21, 65], [20, 21, 21, 73], [49, 21, 20, 2C], [43, 21, 59, 20]]
e ICE!!!!! Yes, 
Answer from Hex Matrix: 
[[65, 45, 21, 65], [20, 21, 21, 73], [49, 21, 20, 2C], [43, 21, 59, 20]]

49 20 54 43 
43 2A 45 45 
45 57 52 2A 
2C 41 49 20 
[[49, 20, 54, 43], [43, 2A, 45, 45], [45, 57, 52, 2A], [2C, 41, 49, 20]]
ICE, *WATERICE* 
Answer from Hex Matrix: 
[[49, 20, 54, 43], [43, 2A, 45, 45], [45, 57, 52, 2A], [2C, 41, 49, 20]]

6F 61 20 74 
6E 72 77 21 
20 73 30 21 
4D 21 30 21 
[[6F, 61, 20, 74], [6E, 72, 77, 21], [20, 73, 30, 21], [4D, 21, 30, 21]]
on Mars! w00t!!!
Answer from Hex Matrix: 
[[6F, 61, 20, 74], [6E, 72, 77, 21], [20, 73, 30, 21], [4D, 21, 30, 21]]

20 74 79 65 
42 20 20 72 
65 64 65 21 
73 61 76 20 
[[20, 74, 79, 65], [42, 20, 20, 72], [65, 64, 65, 21], [73, 61, 76, 20]]
 Best day ever! 
Answer from Hex Matrix: 
[[20, 74, 79, 65], [42, 20, 20, 72], [65, 64, 65, 21], [73, 61, 76, 20]]

38 50 75 2C 
3A 4D 6E 32 
31 2D 31 30 
34 4A 39 30 
[[38, 50, 75, 2C], [3A, 4D, 6E, 32], [31, 2D, 31, 30], [34, 4A, 39, 30]]
8:14PM-Jun19,200
Answer from Hex Matrix: 
[[38, 50, 75, 2C], [3A, 4D, 6E, 32], [31, 2D, 31, 30], [34, 4A, 39, 30]]

53 20 67 20 
74 48 72 53 
61 75 79 74 
79 6E 2C 61 
[[53, 20, 67, 20], [74, 48, 72, 53], [61, 75, 79, 74], [79, 6E, 2C, 61]]
Stay Hungry, Sta
Answer from Hex Matrix: 
[[53, 20, 67, 20], [74, 48, 72, 53], [61, 75, 79, 74], [79, 6E, 2C, 61]]

48 70 74 6D 
6F 6F 69 61 
79 72 2C F1 
20 20 20 61 
[[48, 70, 74, 6D], [6F, 6F, 69, 61], [79, 72, 2C, F1], [20, 20, 20, 61]]
Hoy por ti, maña
Answer from Hex Matrix: 
[[48, 70, 74, 6D], [6F, 6F, 69, 61], [79, 72, 2C, F1], [20, 20, 20, 61]]

41 42 54 4F 
55 55 45 20 
52 53 4E 4C 
49 20 45 55 
[[41, 42, 54, 4F], [55, 55, 45, 20], [52, 53, 4E, 4C], [49, 20, 45, 55]]
AURIBUS TENEO LU
Answer from Hex Matrix: 
[[41, 42, 54, 4F], [55, 55, 45, 20], [52, 53, 4E, 4C], [49, 20, 45, 55]]

4E 20 72 42 
61 41 61 65 
67 6E 67 65 
61 75 20 72 
[[4E, 20, 72, 42], [61, 41, 61, 65], [67, 6E, 67, 65], [61, 75, 20, 72]]
Naga Anurag Beer
Answer from Hex Matrix: 
[[4E, 20, 72, 42], [61, 41, 61, 65], [67, 6E, 67, 65], [61, 75, 20, 72]]

]]></system-out>
  <system-err><![CDATA[]]></system-err>
</testsuite>
